#------------------------------------------------------------------------------
# irace: An implementation in R of (Elitist) Iterated Racing
# Version: 3.4.1.9fcaeaf
# Copyright (C) 2010-2020
# Manuel Lopez-Ibanez     <manuel.lopez-ibanez@manchester.ac.uk>
# Jeremie Dubois-Lacoste  
# Leslie Perez Caceres    <leslie.perez.caceres@ulb.ac.be>
#
# This is free software, and you are welcome to redistribute it under certain
# conditions.  See the GNU General Public License for details. There is NO
# WARRANTY; not even for MERCHANTABILITY or FITNESS FOR A PARTICULAR PURPOSE.
#
# irace builds upon previous code from the race package:
#     race: Racing methods for the selection of the best
#     Copyright (C) 2003 Mauro Birattari
#------------------------------------------------------------------------------
# installed at: /home/asion/r_libs/irace
# called with: --exec-dir=./ --parallel 60 --mpi 1 --scenario scenario.txt
# 3 expression(s) specifying forbidden configurations read from '/home/asion/swarm_aggregation/tuning2/forbidden.txt'
# 2022-11-23 09:51:00 CET: Initialization
# Elitist race
# Elitist new instances: 1
# Elitist limit: 2
# nbIterations: 4
# minNbSurvival: 4
# nbParameters: 7
# seed: 418297070
# confidence level: 0.95
# budget: 1e+05
# mu: 5
# deterministic: FALSE

# 2022-11-23 09:51:00 CET: Iteration 1 of 4
# experimentsUsedSoFar: 0
# remainingBudget: 1e+05
# currentBudget: 25000
# nbConfigurations: 1024
# Markers:
     x No test is performed.
     c Configurations are discarded only due to capping.
     - The test is performed and some configurations are discarded.
     = The test is performed but no configuration is discarded.
     ! The test is performed and configurations could be discarded but elite configurations are preserved.
     . All alive configurations are elite and nothing is discarded

+-+-----------+-----------+-----------+---------------+-----------+--------+-----+----+------+
| |   Instance|      Alive|       Best|      Mean best| Exp so far|  W time|  rho|KenW|  Qvar|
+-+-----------+-----------+-----------+---------------+-----------+--------+-----+----+------+
|x|          1|       1024|        388|  -0.4000000000|       1024|00:11:52|   NA|  NA|    NA|
|x|          2|       1024|        878|  -0.3200000000|       2048|00:11:52|+0.03|0.52|0.9697|
|x|          3|       1024|       1006|  -0.2400000000|       3072|00:11:51|+0.03|0.35|0.9796|
|x|          4|       1024|       1006|  -0.2300000000|       4096|00:11:51|+0.03|0.27|0.9708|
|-|          5|        352|        511|  -0.2240000000|       5120|00:11:52|-0.13|0.09|1.1176|
|=|          6|        352|        511|  -0.2200000000|       5472|00:04:03|-0.08|0.10|1.0768|
|=|          7|        352|        511|  -0.2114285714|       5824|00:04:02|-0.07|0.09|1.0621|
+-+-----------+-----------+-----------+---------------+-----------+--------+-----+----+------+
Best-so-far configuration:         511    mean value:   -0.2114285714
Description of the best-so-far configuration:
    .ID. t0 t1   a0   a1   r0   r1 std .PARENT.
511  511  9  2 1.72 1.55 0.88 0.93  15       NA

# 2022-11-23 10:58:28 CET: Elite configurations (first number is the configuration ID; listed from best to worst according to the sum of ranks):
    t0 t1   a0   a1   r0   r1 std
511  9  2 1.72 1.55 0.88 0.93  15
941  7  6 1.19 1.24 0.91 0.52  17
878  6  1 1.98 1.00 0.39 0.32   3
250 10  6 1.77 1.99 0.45 0.45  13
# 2022-11-23 10:58:28 CET: Iteration 2 of 4
# experimentsUsedSoFar: 5824
# remainingBudget: 94176
# currentBudget: 31392
# nbConfigurations: 1024
# Markers:
     x No test is performed.
     c Configurations are discarded only due to capping.
     - The test is performed and some configurations are discarded.
     = The test is performed but no configuration is discarded.
     ! The test is performed and configurations could be discarded but elite configurations are preserved.
     . All alive configurations are elite and nothing is discarded

+-+-----------+-----------+-----------+---------------+-----------+--------+-----+----+------+
| |   Instance|      Alive|       Best|      Mean best| Exp so far|  W time|  rho|KenW|  Qvar|
+-+-----------+-----------+-----------+---------------+-----------+--------+-----+----+------+
|x|          8|       1024|       1666|  -0.4000000000|       1024|00:11:52|   NA|  NA|    NA|
|x|          6|       1024|       1303|  -0.2800000000|       2044|00:11:36|+0.02|0.51|0.9860|
|x|          2|       1024|       1863|  -0.2133333333|       3064|00:11:45|+0.01|0.34|0.9966|
|x|          7|       1024|       1105|  -0.2300000000|       4084|00:11:49|+0.01|0.26|0.9921|
|=|          4|       1024|        941|  -0.2080000000|       5104|00:11:39|+0.01|0.21|0.9995|
|=|          5|       1024|        941|  -0.2066666667|       6124|00:11:44|+0.01|0.17|0.9939|
|=|          3|       1024|        941|  -0.2000000000|       7144|00:11:50|+0.00|0.14|0.9973|
|=|          1|       1024|        941|  -0.2000000000|       8164|00:11:32|-0.00|0.12|0.9985|
|=|          9|       1024|        878|  -0.2266666667|       9188|00:11:52|+0.00|0.11|0.9954|
+-+-----------+-----------+-----------+---------------+-----------+--------+-----+----+------+
Best-so-far configuration:         878    mean value:   -0.2266666667
Description of the best-so-far configuration:
    .ID. t0 t1   a0 a1   r0   r1 std .PARENT.
878  878  6  1 1.98  1 0.39 0.32   3       NA

# 2022-11-23 12:44:17 CET: Elite configurations (first number is the configuration ID; listed from best to worst according to the sum of ranks):
     t0 t1   a0   a1   r0   r1 std
878   6  1 1.98 1.00 0.39 0.32   3
2018  7  3 1.54 1.43 0.76 0.88  16
511   9  2 1.72 1.55 0.88 0.93  15
941   7  6 1.19 1.24 0.91 0.52  17
# 2022-11-23 12:44:17 CET: Iteration 3 of 4
# experimentsUsedSoFar: 15012
# remainingBudget: 84988
# currentBudget: 42494
# nbConfigurations: 1024
# Markers:
     x No test is performed.
     c Configurations are discarded only due to capping.
     - The test is performed and some configurations are discarded.
     = The test is performed but no configuration is discarded.
     ! The test is performed and configurations could be discarded but elite configurations are preserved.
     . All alive configurations are elite and nothing is discarded

+-+-----------+-----------+-----------+---------------+-----------+--------+-----+----+------+
| |   Instance|      Alive|       Best|      Mean best| Exp so far|  W time|  rho|KenW|  Qvar|
+-+-----------+-----------+-----------+---------------+-----------+--------+-----+----+------+
|x|         10|       1024|       2305|  -0.4400000000|       1024|00:11:57|   NA|  NA|    NA|
|x|          5|       1024|       2214|  -0.2800000000|       2044|00:11:52|+0.03|0.52|0.9473|
|x|          8|       1024|       2086|  -0.3066666667|       3064|00:11:46|+0.01|0.34|0.9781|
|x|          9|       1024|       2045|  -0.2300000000|       4084|00:11:49|+0.01|0.26|0.9852|
|=|          2|       1024|       2086|  -0.2720000000|       5104|00:11:44|+0.00|0.20|0.9873|
|=|          4|       1024|        878|  -0.2266666667|       6124|00:11:38|+0.01|0.17|0.9845|
|=|          6|       1024|       2503|  -0.2114285714|       7144|00:11:47|+0.00|0.14|0.9965|
|=|          3|       1024|       2503|  -0.2250000000|       8164|00:11:47|+0.01|0.13|0.9950|
|=|          7|       1024|       2503|  -0.2177777778|       9184|00:11:42|+0.01|0.12|0.9944|
|-|          1|        207|       2503|  -0.2120000000|      10204|00:11:48|-0.07|0.03|1.0610|
|=|         11|        207|        878|  -0.2181818182|      10411|00:02:36|-0.06|0.04|1.0477|
|=|         12|        207|       2503|  -0.2066666667|      10618|00:02:36|-0.05|0.04|1.0378|
+-+-----------+-----------+-----------+---------------+-----------+--------+-----+----+------+
Best-so-far configuration:        2503    mean value:   -0.2066666667
Description of the best-so-far configuration:
     .ID. t0 t1   a0  a1   r0   r1 std .PARENT.
2503 2503  9  2 1.69 1.6 0.85 0.91  16      511

# 2022-11-23 14:47:30 CET: Elite configurations (first number is the configuration ID; listed from best to worst according to the sum of ranks):
     t0 t1   a0   a1   r0   r1 std
2503  9  2 1.69 1.60 0.85 0.91  16
2720 10  2 1.71 1.61 0.90 0.98  13
878   6  1 1.98 1.00 0.39 0.32   3
2244  8  3 1.45 1.46 0.69 0.75  17
# 2022-11-23 14:47:30 CET: Iteration 4 of 4
# experimentsUsedSoFar: 25630
# remainingBudget: 74370
# currentBudget: 74370
# nbConfigurations: 1024
# Markers:
     x No test is performed.
     c Configurations are discarded only due to capping.
     - The test is performed and some configurations are discarded.
     = The test is performed but no configuration is discarded.
     ! The test is performed and configurations could be discarded but elite configurations are preserved.
     . All alive configurations are elite and nothing is discarded

+-+-----------+-----------+-----------+---------------+-----------+--------+-----+----+------+
| |   Instance|      Alive|       Best|      Mean best| Exp so far|  W time|  rho|KenW|  Qvar|
+-+-----------+-----------+-----------+---------------+-----------+--------+-----+----+------+
|x|         13|       1024|       4069|  -0.4400000000|       1024|00:11:51|   NA|  NA|    NA|
|x|          5|       1024|       3736|  -0.3000000000|       2044|00:11:42|+0.01|0.50|0.9988|
|x|         12|       1024|       3125|  -0.2800000000|       3064|00:11:34|+0.01|0.34|0.9921|
|x|          8|       1024|       3090|  -0.2200000000|       4084|00:11:50|+0.01|0.26|0.9918|
|=|         11|       1024|       3090|  -0.2160000000|       5104|00:11:45|+0.00|0.20|1.0006|
|=|          7|       1024|       3388|  -0.2200000000|       6124|00:11:44|+0.00|0.17|1.0002|
|=|          1|       1024|       3388|  -0.2285714286|       7144|00:11:42|+0.00|0.15|0.9946|
|=|         10|       1024|       3388|  -0.2200000000|       8164|00:11:46|+0.01|0.13|0.9927|
|=|          3|       1024|       2720|  -0.2177777778|       9184|00:11:35|+0.01|0.12|0.9901|
|-|          9|        222|       2720|  -0.2160000000|      10204|00:11:49|-0.08|0.03|1.0650|
|=|          2|        222|        878|  -0.2181818182|      10422|00:02:38|-0.06|0.03|1.0505|
|=|          6|        222|        878|  -0.2133333333|      10640|00:02:39|-0.05|0.04|1.0425|
|=|          4|        222|        878|  -0.2123076923|      10858|00:02:39|-0.04|0.04|1.0335|
|=|         14|        222|        878|  -0.2085714286|      11080|00:02:38|-0.04|0.04|1.0257|
+-+-----------+-----------+-----------+---------------+-----------+--------+-----+----+------+
Best-so-far configuration:         878    mean value:   -0.2085714286
Description of the best-so-far configuration:
    .ID. t0 t1   a0 a1   r0   r1 std .PARENT.
878  878  6  1 1.98  1 0.39 0.32   3       NA

# 2022-11-23 16:55:37 CET: Elite configurations (first number is the configuration ID; listed from best to worst according to the sum of ranks):
     t0 t1   a0   a1   r0   r1 std
878   6  1 1.98 1.00 0.39 0.32   3
2244  8  3 1.45 1.46 0.69 0.75  17
3242  4  2 1.57 1.73 0.45 0.86  14
2720 10  2 1.71 1.61 0.90 0.98  13
# 2022-11-23 16:55:37 CET: Iteration 5 of 5
# experimentsUsedSoFar: 36710
# remainingBudget: 63290
# currentBudget: 63290
# nbConfigurations: 1024
# Markers:
     x No test is performed.
     c Configurations are discarded only due to capping.
     - The test is performed and some configurations are discarded.
     = The test is performed but no configuration is discarded.
     ! The test is performed and configurations could be discarded but elite configurations are preserved.
     . All alive configurations are elite and nothing is discarded

+-+-----------+-----------+-----------+---------------+-----------+--------+-----+----+------+
| |   Instance|      Alive|       Best|      Mean best| Exp so far|  W time|  rho|KenW|  Qvar|
+-+-----------+-----------+-----------+---------------+-----------+--------+-----+----+------+
|x|         15|       1024|       4112|  -0.3600000000|       1024|00:11:55|   NA|  NA|    NA|
|x|          7|       1024|       4422|  -0.2800000000|       2044|00:11:50|+0.01|0.50|0.9974|
|x|          6|       1024|       4283|  -0.2266666667|       3064|00:11:44|+0.01|0.34|0.9892|
|x|          1|       1024|       4283|  -0.2300000000|       4084|00:11:48|+0.02|0.27|0.9755|
|=|          5|       1024|       4649|  -0.2400000000|       5104|00:11:44|+0.01|0.21|0.9871|
|=|          9|       1024|       4422|  -0.2266666667|       6124|00:11:51|+0.00|0.17|0.9951|
|=|         14|       1024|       5059|  -0.2228571429|       7144|00:11:53|+0.01|0.15|0.9878|
|=|          3|       1024|       4747|  -0.2200000000|       8164|00:11:54|+0.01|0.13|0.9875|
|=|         12|       1024|       5059|  -0.2133333333|       9184|00:11:52|+0.01|0.12|0.9874|
|=|         10|       1024|       4747|  -0.2120000000|      10204|00:11:54|+0.01|0.11|0.9893|
|-|         11|        137|       4747|  -0.2145454545|      11224|00:11:51|-0.07|0.03|1.0495|
|=|          4|        137|       2720|  -0.2066666667|      11357|00:01:53|-0.05|0.03|1.0369|
|=|         13|        137|       4848|  -0.2123076923|      11490|00:01:53|-0.04|0.04|1.0279|
|=|          8|        137|       4848|  -0.2142857143|      11623|00:01:53|-0.03|0.04|1.0184|
|=|          2|        137|       4848|  -0.2106666667|      11756|00:01:53|-0.03|0.04|1.0127|
|=|         16|        137|       4848|  -0.2050000000|      11893|00:01:53|-0.02|0.04|1.0094|
+-+-----------+-----------+-----------+---------------+-----------+--------+-----+----+------+
Best-so-far configuration:        4848    mean value:   -0.2050000000
Description of the best-so-far configuration:
     .ID. t0 t1   a0   a1   r0   r1 std .PARENT.
4848 4848  6  1 1.93 1.07 0.47 0.24   3      878

# 2022-11-23 19:15:31 CET: Elite configurations (first number is the configuration ID; listed from best to worst according to the sum of ranks):
     t0 t1   a0   a1   r0   r1 std
4848  6  1 1.93 1.07 0.47 0.24   3
878   6  1 1.98 1.00 0.39 0.32   3
2244  8  3 1.45 1.46 0.69 0.75  17
2720 10  2 1.71 1.61 0.90 0.98  13
# 2022-11-23 19:15:31 CET: Iteration 6 of 6
# experimentsUsedSoFar: 48603
# remainingBudget: 51397
# currentBudget: 51397
# nbConfigurations: 1024
# Markers:
     x No test is performed.
     c Configurations are discarded only due to capping.
     - The test is performed and some configurations are discarded.
     = The test is performed but no configuration is discarded.
     ! The test is performed and configurations could be discarded but elite configurations are preserved.
     . All alive configurations are elite and nothing is discarded

+-+-----------+-----------+-----------+---------------+-----------+--------+-----+----+------+
| |   Instance|      Alive|       Best|      Mean best| Exp so far|  W time|  rho|KenW|  Qvar|
+-+-----------+-----------+-----------+---------------+-----------+--------+-----+----+------+
|x|         17|       1024|       5512|  -0.3600000000|       1024|00:11:59|   NA|  NA|    NA|
|x|         14|       1024|       5345|  -0.3200000000|       2044|00:11:53|-0.01|0.49|1.0228|
|x|         12|       1024|       5871|  -0.2666666667|       3064|00:11:48|-0.00|0.33|0.9970|
|x|          8|       1024|       5871|  -0.2600000000|       4084|00:11:58|-0.00|0.25|0.9959|
|=|          5|       1024|       5871|  -0.2720000000|       5104|00:11:49|+0.01|0.21|0.9791|
|=|         15|       1024|       5426|  -0.2400000000|       6124|00:11:51|+0.01|0.18|0.9846|
|=|          6|       1024|       5426|  -0.2342857143|       7144|00:11:53|+0.01|0.15|0.9827|
|-|         11|        174|       5426|  -0.2250000000|       8164|00:11:50|-0.10|0.04|1.0726|
|=|          2|        174|       5871|  -0.2311111111|       8334|00:02:02|-0.08|0.04|1.0577|
|=|         13|        174|       5871|  -0.2240000000|       8504|00:02:02|-0.06|0.05|1.0428|
|=|          4|        174|       5871|  -0.2218181818|       8674|00:02:01|-0.04|0.05|1.0283|
|=|          7|        174|       5871|  -0.2166666667|       8844|00:02:12|-0.03|0.05|1.0187|
|=|          9|        174|       5871|  -0.2092307692|       9014|00:02:09|-0.03|0.05|1.0148|
|=|          1|        174|       4848|  -0.2057142857|       9184|00:02:03|-0.03|0.05|1.0147|
|=|          3|        174|       4848|  -0.2106666667|       9354|00:02:02|-0.02|0.05|1.0085|
|=|         10|        174|       4848|  -0.2050000000|       9524|00:02:02|-0.02|0.05|1.0064|
|=|         16|        174|       5701|  -0.2023529412|       9694|00:02:01|-0.01|0.05|1.0022|
|=|         18|        174|       5701|  -0.2000000000|       9868|00:02:02|-0.01|0.04|1.0034|
+-+-----------+-----------+-----------+---------------+-----------+--------+-----+----+------+
Best-so-far configuration:        5701    mean value:   -0.2000000000
Description of the best-so-far configuration:
     .ID. t0 t1   a0   a1   r0   r1 std .PARENT.
5701 5701  6  3 1.78 1.08 0.32 0.44   7      878

# 2022-11-23 21:11:23 CET: Elite configurations (first number is the configuration ID; listed from best to worst according to the sum of ranks):
     t0 t1   a0   a1   r0   r1 std
5701  6  3 1.78 1.08 0.32 0.44   7
5156  8  3 1.33 1.40 0.90 0.60  19
4848  6  1 1.93 1.07 0.47 0.24   3
5426  7  4 1.84 1.24 0.42 0.40   3
# 2022-11-23 21:11:23 CET: Iteration 7 of 7
# experimentsUsedSoFar: 58471
# remainingBudget: 41529
# currentBudget: 41529
# nbConfigurations: 1024
# Markers:
     x No test is performed.
     c Configurations are discarded only due to capping.
     - The test is performed and some configurations are discarded.
     = The test is performed but no configuration is discarded.
     ! The test is performed and configurations could be discarded but elite configurations are preserved.
     . All alive configurations are elite and nothing is discarded

+-+-----------+-----------+-----------+---------------+-----------+--------+-----+----+------+
| |   Instance|      Alive|       Best|      Mean best| Exp so far|  W time|  rho|KenW|  Qvar|
+-+-----------+-----------+-----------+---------------+-----------+--------+-----+----+------+
|x|         19|       1024|       6542|  -0.4000000000|       1024|00:11:57|   NA|  NA|    NA|
|x|          5|       1024|       6456|  -0.2800000000|       2044|00:11:49|-0.04|0.48|1.0369|
|x|          9|       1024|       6471|  -0.2666666667|       3064|00:11:50|-0.04|0.31|1.0175|
|x|          6|       1024|       6471|  -0.2500000000|       4084|00:11:52|-0.02|0.23|1.0122|
|=|         17|       1024|       6571|  -0.2400000000|       5104|00:11:45|-0.01|0.19|1.0034|
|=|         18|       1024|       6611|  -0.2066666667|       6124|00:11:54|-0.00|0.16|1.0041|
|=|         16|       1024|       5701|  -0.2228571429|       7144|00:11:49|+0.00|0.14|0.9999|
|=|         14|       1024|       6699|  -0.1950000000|       8164|00:11:46|-0.00|0.12|1.0021|
|=|          3|       1024|       5701|  -0.2177777778|       9184|00:11:52|+0.00|0.11|0.9983|
|=|         11|       1024|       5701|  -0.2120000000|      10204|00:11:47|+0.00|0.10|0.9956|
|=|          8|       1024|       5701|  -0.2036363636|      11224|00:11:43|+0.00|0.09|0.9977|
|=|         10|       1024|       5701|  -0.2033333333|      12244|00:11:49|+0.00|0.09|0.9981|
|=|          7|       1024|       5701|  -0.2092307692|      13264|00:11:52|+0.00|0.08|0.9983|
|=|         15|       1024|       5701|  -0.2085714286|      14284|00:11:40|+0.00|0.07|0.9964|
|=|         12|       1024|       5701|  -0.2053333333|      15304|00:11:38|+0.00|0.07|0.9968|
|=|          1|       1024|       5701|  -0.2000000000|      16324|00:11:46|+0.00|0.06|0.9981|
|=|         13|       1024|       5701|  -0.2000000000|      17344|00:11:38|+0.00|0.06|0.9967|
|=|          2|       1024|       5701|  -0.2000000000|      18364|00:11:51|+0.00|0.06|0.9984|
|=|          4|       1024|       5701|  -0.1978947368|      19384|00:11:49|-0.00|0.05|0.9986|
|=|         20|       1024|       5701|  -0.1940000000|      20408|00:11:56|-0.00|0.05|0.9994|
+-+-----------+-----------+-----------+---------------+-----------+--------+-----+----+------+
Best-so-far configuration:        5701    mean value:   -0.1940000000
Description of the best-so-far configuration:
     .ID. t0 t1   a0   a1   r0   r1 std .PARENT.
5701 5701  6  3 1.78 1.08 0.32 0.44   7      878

# 2022-11-24 01:07:41 CET: Elite configurations (first number is the configuration ID; listed from best to worst according to the sum of ranks):
     t0 t1   a0   a1   r0   r1 std
5701  6  3 1.78 1.08 0.32 0.44   7
5156  8  3 1.33 1.40 0.90 0.60  19
6637  8  3 1.33 1.42 0.90 0.59  19
4848  6  1 1.93 1.07 0.47 0.24   3
# 2022-11-24 01:07:41 CET: Iteration 8 of 8
# experimentsUsedSoFar: 78879
# remainingBudget: 21121
# currentBudget: 21121
# nbConfigurations: 1009
# Markers:
     x No test is performed.
     c Configurations are discarded only due to capping.
     - The test is performed and some configurations are discarded.
     = The test is performed but no configuration is discarded.
     ! The test is performed and configurations could be discarded but elite configurations are preserved.
     . All alive configurations are elite and nothing is discarded

+-+-----------+-----------+-----------+---------------+-----------+--------+-----+----+------+
| |   Instance|      Alive|       Best|      Mean best| Exp so far|  W time|  rho|KenW|  Qvar|
+-+-----------+-----------+-----------+---------------+-----------+--------+-----+----+------+
|x|         21|       1009|       7552|  -0.3600000000|       1009|00:11:26|   NA|  NA|    NA|
|x|         20|       1009|       7588|  -0.3000000000|       2014|00:11:34|+0.00|0.50|1.0063|
|x|         18|       1009|       7588|  -0.2666666667|       3019|00:11:25|-0.01|0.33|1.0043|
|x|          6|       1009|       7606|  -0.2500000000|       4024|00:11:26|+0.01|0.26|0.9852|
|=|         10|       1009|       7606|  -0.2320000000|       5029|00:11:29|+0.01|0.21|0.9862|
|=|         14|       1009|       7675|  -0.2000000000|       6034|00:11:24|+0.01|0.17|0.9918|
|=|          4|       1009|       7675|  -0.2228571429|       7039|00:11:27|+0.01|0.15|0.9944|
|=|          9|       1009|       7675|  -0.2300000000|       8044|00:11:24|+0.00|0.13|0.9978|
|=|         15|       1009|       7675|  -0.2222222222|       9049|00:11:26|+0.00|0.11|0.9992|
|=|          7|       1009|       7675|  -0.2120000000|      10054|00:11:26|+0.01|0.10|0.9954|
|=|          2|       1009|       7777|  -0.1963636364|      11059|00:11:26|+0.01|0.10|0.9951|
|=|          5|       1009|       7519|  -0.1933333333|      12064|00:11:24|+0.01|0.09|0.9964|
|-|          3|        422|       7777|  -0.1938461538|      13069|00:11:26|-0.06|0.03|1.0454|
|=|         17|        422|       5701|  -0.2000000000|      13487|00:04:46|-0.05|0.03|1.0373|
|=|          1|        422|       5701|  -0.1946666667|      13905|00:04:55|-0.04|0.03|1.0317|
|=|         11|        422|       7625|  -0.1900000000|      14323|00:04:54|-0.04|0.03|1.0273|
|=|         13|        422|       5701|  -0.1929411765|      14741|00:04:45|-0.03|0.03|1.0225|
|=|         12|        422|       5701|  -0.1911111111|      15159|00:04:52|-0.02|0.03|1.0179|
|=|         19|        422|       5701|  -0.1894736842|      15577|00:04:45|-0.02|0.03|1.0147|
|=|         16|        422|       5701|  -0.1940000000|      15995|00:04:45|-0.02|0.03|1.0121|
|=|          8|        422|       7242|  -0.1885714286|      16413|00:04:45|-0.02|0.03|1.0103|
|=|         22|        422|       5701|  -0.1890909091|      16835|00:05:12|-0.01|0.03|1.0090|
+-+-----------+-----------+-----------+---------------+-----------+--------+-----+----+------+
Best-so-far configuration:        5701    mean value:   -0.1890909091
Description of the best-so-far configuration:
     .ID. t0 t1   a0   a1   r0   r1 std .PARENT.
5701 5701  6  3 1.78 1.08 0.32 0.44   7      878

# 2022-11-24 04:20:24 CET: Elite configurations (first number is the configuration ID; listed from best to worst according to the sum of ranks):
     t0 t1   a0   a1   r0   r1 std
5701  6  3 1.78 1.08 0.32 0.44   7
7242  6  6 1.23 1.59 0.98 0.40  14
4848  6  1 1.93 1.07 0.47 0.24   3
5156  8  3 1.33 1.40 0.90 0.60  19
# 2022-11-24 04:20:24 CET: Iteration 9 of 9
# experimentsUsedSoFar: 95714
# remainingBudget: 4286
# currentBudget: 4286
# nbConfigurations: 190
# Markers:
     x No test is performed.
     c Configurations are discarded only due to capping.
     - The test is performed and some configurations are discarded.
     = The test is performed but no configuration is discarded.
     ! The test is performed and configurations could be discarded but elite configurations are preserved.
     . All alive configurations are elite and nothing is discarded

+-+-----------+-----------+-----------+---------------+-----------+--------+-----+----+------+
| |   Instance|      Alive|       Best|      Mean best| Exp so far|  W time|  rho|KenW|  Qvar|
+-+-----------+-----------+-----------+---------------+-----------+--------+-----+----+------+
|x|         23|        190|       8272|  -0.3200000000|        190|00:02:34|   NA|  NA|    NA|
|x|         18|        190|       8196|  -0.2800000000|        376|00:02:34|+0.01|0.51|0.9263|
|x|         17|        190|       8229|  -0.2266666667|        562|00:02:34|+0.01|0.34|0.9952|
|x|         14|        190|       8240|  -0.2100000000|        748|00:02:34|+0.03|0.28|0.9864|
|=|          6|        190|       8229|  -0.2080000000|        934|00:02:34|+0.03|0.22|0.9812|
|=|          1|        190|       8229|  -0.2000000000|       1120|00:02:34|+0.03|0.19|0.9803|
|=|         10|        190|       8249|  -0.2000000000|       1306|00:02:34|+0.02|0.16|0.9778|
|=|          3|        190|       8249|  -0.1950000000|       1492|00:02:34|+0.02|0.14|0.9838|
|=|         22|        190|       8249|  -0.1911111111|       1678|00:02:34|+0.02|0.13|0.9847|
|=|          5|        190|       8249|  -0.1880000000|       1864|00:02:34|+0.01|0.11|0.9898|
|=|         12|        190|       5701|  -0.1927272727|       2050|00:02:33|+0.01|0.10|0.9926|
|=|          7|        190|       5701|  -0.2000000000|       2236|00:02:34|+0.01|0.10|0.9883|
|-|          2|         61|       5701|  -0.2000000000|       2422|00:02:34|-0.05|0.03|1.0257|
|=|         16|         61|       5701|  -0.2057142857|       2479|00:00:41|-0.03|0.04|1.0091|
|=|         19|         61|       5701|  -0.2026666667|       2536|00:00:42|-0.03|0.04|1.0020|
|=|         13|         61|       5701|  -0.2025000000|       2593|00:00:42|-0.03|0.04|1.0015|
|=|         20|         61|       5701|  -0.1976470588|       2650|00:00:42|-0.02|0.04|0.9955|
|=|          9|         61|       5701|  -0.2000000000|       2707|00:00:41|-0.01|0.04|0.9897|
|=|         21|         61|       5701|  -0.1957894737|       2764|00:00:42|-0.02|0.04|0.9936|
|=|          8|         61|       5701|  -0.1920000000|       2821|00:00:41|-0.02|0.04|0.9935|
|=|         15|         61|       5701|  -0.1923809524|       2878|00:00:41|-0.02|0.03|0.9953|
|=|          4|         61|       5701|  -0.1909090909|       2935|00:00:50|-0.01|0.04|0.9886|
|=|         11|         61|       5701|  -0.1895652174|       2992|00:00:42|-0.01|0.04|0.9852|
|=|         24|         61|       5701|  -0.1883333333|       3053|00:01:11|-0.00|0.04|0.9854|
+-+-----------+-----------+-----------+---------------+-----------+--------+-----+----+------+
Best-so-far configuration:        5701    mean value:   -0.1883333333
Description of the best-so-far configuration:
     .ID. t0 t1   a0   a1   r0   r1 std .PARENT.
5701 5701  6  3 1.78 1.08 0.32 0.44   7      878

# 2022-11-24 05:02:12 CET: Elite configurations (first number is the configuration ID; listed from best to worst according to the sum of ranks):
     t0 t1   a0   a1   r0   r1 std
5701  6  3 1.78 1.08 0.32 0.44   7
7242  6  6 1.23 1.59 0.98 0.40  14
8257  5  2 1.75 1.01 0.21 0.37   7
4848  6  1 1.93 1.07 0.47 0.24   3
# 2022-11-24 05:02:12 CET: Iteration 10 of 10
# experimentsUsedSoFar: 98767
# remainingBudget: 1233
# currentBudget: 1233
# nbConfigurations: 53
# Markers:
     x No test is performed.
     c Configurations are discarded only due to capping.
     - The test is performed and some configurations are discarded.
     = The test is performed but no configuration is discarded.
     ! The test is performed and configurations could be discarded but elite configurations are preserved.
     . All alive configurations are elite and nothing is discarded

+-+-----------+-----------+-----------+---------------+-----------+--------+-----+----+------+
| |   Instance|      Alive|       Best|      Mean best| Exp so far|  W time|  rho|KenW|  Qvar|
+-+-----------+-----------+-----------+---------------+-----------+--------+-----+----+------+
|x|         25|         53|       8363|  -0.3200000000|         53|00:00:39|   NA|  NA|    NA|
|x|         13|         53|       8376|  -0.2400000000|        102|00:00:38|-0.03|0.48|1.0564|
|x|         23|         53|       8379|  -0.2266666667|        151|00:00:38|-0.13|0.25|1.1179|
|x|         19|         53|       8379|  -0.2100000000|        200|00:00:38|-0.03|0.23|1.0232|
|=|          1|         53|       8339|  -0.2000000000|        249|00:00:38|-0.01|0.20|0.9885|
|=|          9|         53|       8339|  -0.1933333333|        298|00:00:38|-0.00|0.16|0.9841|
|=|         18|         53|       8376|  -0.1828571429|        347|00:00:38|+0.03|0.16|0.9643|
|=|         11|         53|       8376|  -0.1850000000|        396|00:00:38|+0.02|0.14|0.9694|
|=|          6|         53|       8339|  -0.2000000000|        445|00:00:38|+0.03|0.14|0.9536|
|=|         24|         53|       8339|  -0.1960000000|        494|00:00:38|+0.03|0.13|0.9594|
|=|          2|         53|       7242|  -0.1854545455|        543|00:00:38|+0.03|0.12|0.9597|
|=|         22|         53|       8376|  -0.1833333333|        592|00:00:51|+0.03|0.11|0.9586|
|-|         10|         24|       8376|  -0.1846153846|        641|00:00:38|-0.04|0.04|1.0052|
|=|          8|         24|       8376|  -0.1800000000|        661|00:00:33|-0.03|0.04|0.9926|
|=|          4|         24|       8376|  -0.1813333333|        681|00:00:33|-0.02|0.05|0.9778|
|=|          5|         24|       4848|  -0.1875000000|        701|00:00:33|-0.01|0.06|0.9687|
|=|         21|         24|       8257|  -0.1764705882|        721|00:00:33|-0.01|0.05|0.9723|
|=|         15|         24|       4848|  -0.1888888889|        741|00:00:33|-0.00|0.05|0.9638|
|=|          3|         24|       4848|  -0.1936842105|        761|00:00:33|+0.00|0.05|0.9586|
|=|         17|         24|       4848|  -0.1900000000|        781|00:00:33|-0.00|0.05|0.9622|
|=|         20|         24|       4848|  -0.1866666667|        801|00:00:34|-0.01|0.04|0.9657|
|=|         16|         24|       5701|  -0.1854545455|        821|00:00:33|-0.00|0.04|0.9592|
|=|          7|         24|       5701|  -0.1895652174|        841|00:00:34|+0.01|0.05|0.9489|
|=|         12|         24|       5701|  -0.1883333333|        861|00:00:34|+0.02|0.06|0.9390|
|=|         14|         24|       7242|  -0.1840000000|        881|00:00:33|+0.02|0.06|0.9399|
|=|         26|         24|       7242|  -0.1830769231|        905|00:00:34|+0.02|0.06|0.9388|
+-+-----------+-----------+-----------+---------------+-----------+--------+-----+----+------+
Best-so-far configuration:        7242    mean value:   -0.1830769231
Description of the best-so-far configuration:
     .ID. t0 t1   a0   a1   r0  r1 std .PARENT.
7242 7242  6  6 1.23 1.59 0.98 0.4  14     5156

# 2022-11-24 05:18:08 CET: Elite configurations (first number is the configuration ID; listed from best to worst according to the sum of ranks):
     t0 t1   a0   a1   r0   r1 std
7242  6  6 1.23 1.59 0.98 0.40  14
4848  6  1 1.93 1.07 0.47 0.24   3
8257  5  2 1.75 1.01 0.21 0.37   7
5701  6  3 1.78 1.08 0.32 0.44   7
# 2022-11-24 05:18:08 CET: Iteration 11 of 11
# experimentsUsedSoFar: 99672
# remainingBudget: 328
# currentBudget: 328
# nbConfigurations: 16
# Markers:
     x No test is performed.
     c Configurations are discarded only due to capping.
     - The test is performed and some configurations are discarded.
     = The test is performed but no configuration is discarded.
     ! The test is performed and configurations could be discarded but elite configurations are preserved.
     . All alive configurations are elite and nothing is discarded

+-+-----------+-----------+-----------+---------------+-----------+--------+-----+----+------+
| |   Instance|      Alive|       Best|      Mean best| Exp so far|  W time|  rho|KenW|  Qvar|
+-+-----------+-----------+-----------+---------------+-----------+--------+-----+----+------+
|x|         27|         16|       7242|  -0.2000000000|         16|00:00:33|   NA|  NA|    NA|
|x|          7|         16|       5701|  -0.2200000000|         28|00:00:33|-0.10|0.45|0.9820|
|x|          6|         16|       5701|  -0.2400000000|         40|00:00:33|+0.06|0.38|0.7964|
|x|         13|         16|       5701|  -0.2300000000|         52|00:00:33|+0.13|0.35|0.7760|
|=|          8|         16|       4848|  -0.2160000000|         64|00:00:33|+0.13|0.30|0.7973|
|=|         18|         16|       5701|  -0.2000000000|         76|00:00:33|+0.04|0.20|0.8757|
|=|         21|         16|       4848|  -0.1942857143|         88|00:00:32|-0.02|0.13|0.9390|
|=|         20|         16|       4848|  -0.1850000000|        100|00:00:33|-0.02|0.11|0.9463|
|=|         17|         16|       5701|  -0.1822222222|        112|00:00:32|-0.04|0.07|0.9663|
|=|         14|         16|       8257|  -0.1720000000|        124|00:00:32|-0.04|0.07|0.9641|
|=|         24|         16|       8257|  -0.1709090909|        136|00:00:33|-0.03|0.06|0.9604|
|=|         11|         16|       4848|  -0.1833333333|        148|00:00:32|-0.02|0.07|0.9467|
|=|         26|         16|       4848|  -0.1876923077|        160|00:00:33|+0.01|0.09|0.9210|
|=|         12|         16|       4848|  -0.1885714286|        172|00:00:33|+0.04|0.10|0.9038|
|=|          2|         16|       4848|  -0.1866666667|        184|00:00:32|+0.03|0.10|0.9045|
|=|         25|         16|       7242|  -0.1725000000|        196|00:00:33|+0.02|0.08|0.9216|
|=|          5|         16|       7242|  -0.1764705882|        208|00:00:33|+0.03|0.08|0.9149|
|=|          1|         16|       7242|  -0.1777777778|        220|00:00:33|+0.03|0.08|0.9133|
|=|         10|         16|       7242|  -0.1747368421|        232|00:00:33|+0.03|0.08|0.9135|
|=|         15|         16|       7242|  -0.1740000000|        244|00:00:32|+0.03|0.08|0.9072|
|-|          3|          8|       4848|  -0.1885714286|        256|00:00:33|-0.01|0.04|0.8877|
|=|         19|          8|       4848|  -0.1872727273|        260|00:00:32|-0.01|0.04|0.8883|
|=|          4|          8|       4848|  -0.1913043478|        264|00:00:32|+0.00|0.05|0.8761|
|=|          9|          8|       4848|  -0.1900000000|        268|00:00:32|+0.01|0.05|0.8708|
|=|         23|          8|       7242|  -0.1824000000|        272|00:00:32|+0.01|0.05|0.8702|
|=|         22|          8|       4848|  -0.1876923077|        276|00:00:32|+0.01|0.05|0.8670|
|=|         16|          8|       7242|  -0.1837037037|        280|00:00:33|+0.02|0.05|0.8634|
|=|         28|          8|       7242|  -0.1800000000|        288|00:00:33|+0.01|0.04|0.8702|
+-+-----------+-----------+-----------+---------------+-----------+--------+-----+----+------+
Best-so-far configuration:        7242    mean value:   -0.1800000000
Description of the best-so-far configuration:
     .ID. t0 t1   a0   a1   r0  r1 std .PARENT.
7242 7242  6  6 1.23 1.59 0.98 0.4  14     5156

# 2022-11-24 05:33:33 CET: Elite configurations (first number is the configuration ID; listed from best to worst according to the sum of ranks):
     t0 t1   a0   a1   r0   r1 std
7242  6  6 1.23 1.59 0.98 0.40  14
4848  6  1 1.93 1.07 0.47 0.24   3
5701  6  3 1.78 1.08 0.32 0.44   7
8257  5  2 1.75 1.01 0.21 0.37   7
# 2022-11-24 05:33:33 CET: Iteration 12 of 12
# experimentsUsedSoFar: 99960
# remainingBudget: 40
# currentBudget: 40
# nbConfigurations: 5
# Markers:
     x No test is performed.
     c Configurations are discarded only due to capping.
     - The test is performed and some configurations are discarded.
     = The test is performed but no configuration is discarded.
     ! The test is performed and configurations could be discarded but elite configurations are preserved.
     . All alive configurations are elite and nothing is discarded

+-+-----------+-----------+-----------+---------------+-----------+--------+-----+----+------+
| |   Instance|      Alive|       Best|      Mean best| Exp so far|  W time|  rho|KenW|  Qvar|
+-+-----------+-----------+-----------+---------------+-----------+--------+-----+----+------+
|x|         29|          5|       7242|  -0.1600000000|          5|00:00:33|   NA|  NA|    NA|
|x|         21|          5|       8257|  -0.1800000000|          6|00:00:32|+0.00|0.50|0.7184|
|x|         10|          5|       8257|  -0.1733333333|          7|00:00:32|-0.12|0.25|0.8473|
|x|          8|          5|       8257|  -0.1700000000|          8|00:00:32|-0.18|0.11|0.9395|
|=|          3|          5|       4848|  -0.1760000000|          9|00:00:32|-0.12|0.11|0.8931|
|=|         16|          5|       5701|  -0.1933333333|         10|00:00:32|-0.08|0.10|0.8548|
|=|          5|          5|       5701|  -0.2000000000|         11|00:00:32|+0.01|0.15|0.7896|
|=|         22|          5|       5701|  -0.1950000000|         12|00:00:31|+0.04|0.16|0.7698|
|=|         12|          5|       7242|  -0.1866666667|         13|00:00:31|+0.08|0.18|0.7355|
|=|          6|          5|       5701|  -0.2000000000|         14|00:00:32|+0.12|0.21|0.7087|
|=|         18|          5|       5701|  -0.1963636364|         15|00:00:32|+0.08|0.16|0.7405|
|=|         14|          5|       5701|  -0.1900000000|         16|00:00:32|+0.09|0.16|0.7350|
|=|         25|          5|       7242|  -0.1815384615|         17|00:00:32|+0.05|0.12|0.7727|
|=|         28|          5|       8257|  -0.1771428571|         18|00:00:31|+0.03|0.10|0.7834|
|=|          2|          5|       5701|  -0.1813333333|         19|00:00:32|+0.04|0.10|0.7715|
|=|          1|          5|       8257|  -0.1775000000|         20|00:00:32|+0.05|0.11|0.7688|
|=|          4|          5|       8257|  -0.1811764706|         21|00:00:31|+0.01|0.07|0.7977|
|=|         27|          5|       8257|  -0.1777777778|         22|00:00:32|-0.02|0.04|0.8184|
|=|         20|          5|       8257|  -0.1768421053|         23|00:00:32|-0.02|0.04|0.8198|
|=|         11|          5|       7242|  -0.1780000000|         24|00:00:31|-0.01|0.04|0.8171|
|=|         17|          5|       7242|  -0.1771428571|         25|00:00:32|-0.00|0.05|0.8113|
|=|         13|          5|       7242|  -0.1763636364|         26|00:00:32|-0.00|0.04|0.8106|
|=|          7|          5|       5701|  -0.1791304348|         27|00:00:32|+0.01|0.05|0.8008|
|=|          9|          5|       7242|  -0.1816666667|         28|00:00:32|+0.02|0.06|0.7942|
|=|         15|          5|       5701|  -0.1824000000|         29|00:00:32|+0.03|0.07|0.7881|
|=|         24|          5|       5701|  -0.1815384615|         30|00:00:31|+0.01|0.05|0.7982|
|=|         23|          5|       5701|  -0.1822222222|         31|00:00:32|+0.02|0.06|0.7943|
|=|         26|          5|       7242|  -0.1800000000|         32|00:00:32|+0.01|0.05|0.7955|
|=|         19|          5|       7242|  -0.1793103448|         33|00:00:32|+0.02|0.06|0.7897|
|=|         30|          5|       5701|  -0.1826666667|         38|00:00:32|+0.03|0.07|0.7834|
+-+-----------+-----------+-----------+---------------+-----------+--------+-----+----+------+
Best-so-far configuration:        5701    mean value:   -0.1826666667
Description of the best-so-far configuration:
     .ID. t0 t1   a0   a1   r0   r1 std .PARENT.
5701 5701  6  3 1.78 1.08 0.32 0.44   7      878

# 2022-11-24 05:49:39 CET: Elite configurations (first number is the configuration ID; listed from best to worst according to the sum of ranks):
     t0 t1   a0   a1   r0   r1 std
5701  6  3 1.78 1.08 0.32 0.44   7
7242  6  6 1.23 1.59 0.98 0.40  14
4848  6  1 1.93 1.07 0.47 0.24   3
8257  5  2 1.75 1.01 0.21 0.37   7
# 2022-11-24 05:49:39 CET: Stopped because there is not enough budget left to race more than the minimum (4)
# You may either increase the budget or set 'minNbSurvival' to a lower value
# Iteration: 13
# nbIterations: 13
# experimentsUsedSoFar: 99998
# timeUsed: 0
# remainingBudget: 2
# currentBudget: 2
# number of elites: 4
# nbConfigurations: 3
# Best configurations (first number is the configuration ID; listed from best to worst according to the sum of ranks):
     t0 t1   a0   a1   r0   r1 std
5701  6  3 1.78 1.08 0.32 0.44   7
7242  6  6 1.23 1.59 0.98 0.40  14
4848  6  1 1.93 1.07 0.47 0.24   3
8257  5  2 1.75 1.01 0.21 0.37   7
# Best configurations as commandlines (first number is the configuration ID; same order as above):
5701  --t0 6 --t1 3 --a0 1.78 --a1 1.08 --r0 0.32 --r1 0.44 --std 7
7242  --t0 6 --t1 6 --a0 1.23 --a1 1.59 --r0 0.98 --r1 0.4 --std 14
4848  --t0 6 --t1 1 --a0 1.93 --a1 1.07 --r0 0.47 --r1 0.24 --std 3
8257  --t0 5 --t1 2 --a0 1.75 --a1 1.01 --r0 0.21 --r1 0.37 --std 7
