#------------------------------------------------------------------------------
# irace: An implementation in R of (Elitist) Iterated Racing
# Version: 3.4.1.9fcaeaf
# Copyright (C) 2010-2020
# Manuel Lopez-Ibanez     <manuel.lopez-ibanez@manchester.ac.uk>
# Jeremie Dubois-Lacoste  
# Leslie Perez Caceres    <leslie.perez.caceres@ulb.ac.be>
#
# This is free software, and you are welcome to redistribute it under certain
# conditions.  See the GNU General Public License for details. There is NO
# WARRANTY; not even for MERCHANTABILITY or FITNESS FOR A PARTICULAR PURPOSE.
#
# irace builds upon previous code from the race package:
#     race: Racing methods for the selection of the best
#     Copyright (C) 2003 Mauro Birattari
#------------------------------------------------------------------------------
# installed at: /home/asion/r_libs/irace
# called with: --exec-dir=./ --parallel 19 --mpi 1 --scenario scenario.txt
# 6 expression(s) specifying forbidden configurations read from '/home/asion/swarm_aggregation_heterogeneous/swarm_aggregation/tuning_het_soc_5_grad_20/forbidden.txt'
# 2022-12-22 14:45:59 CET: Initialization
# Elitist race
# Elitist new instances: 1
# Elitist limit: 2
# nbIterations: 5
# minNbSurvival: 5
# nbParameters: 14
# seed: 1120183230
# confidence level: 0.95
# budget: 2e+05
# mu: 5
# deterministic: FALSE

# 2022-12-22 14:45:59 CET: Iteration 1 of 5
# experimentsUsedSoFar: 0
# remainingBudget: 2e+05
# currentBudget: 40000
# nbConfigurations: 1024
# Markers:
     x No test is performed.
     c Configurations are discarded only due to capping.
     - The test is performed and some configurations are discarded.
     = The test is performed but no configuration is discarded.
     ! The test is performed and configurations could be discarded but elite configurations are preserved.
     . All alive configurations are elite and nothing is discarded

+-+-----------+-----------+-----------+---------------+-----------+--------+-----+----+------+
| |   Instance|      Alive|       Best|      Mean best| Exp so far|  W time|  rho|KenW|  Qvar|
+-+-----------+-----------+-----------+---------------+-----------+--------+-----+----+------+
|x|          1|       1024|        312|   0.2429013048|       1024|00:37:17|   NA|  NA|    NA|
|x|          2|       1024|        400|   0.2300957858|       2048|00:37:22|+0.39|0.69|0.5962|
|x|          3|       1024|        400|   0.2014924213|       3072|00:37:23|+0.40|0.60|0.5878|
|x|          4|       1024|        400|   0.2044576273|       4096|00:37:22|+0.41|0.56|0.5806|
|-|          5|        155|        400|   0.1909541239|       5120|00:37:19|+0.09|0.27|0.7925|
|-|          6|         18|        400|   0.1890417785|       5275|00:05:48|+0.11|0.26|0.5546|
|-|          7|          2|        400|   0.1969582446|       5293|00:00:45|+1.00|1.00|0.0000|
+-+-----------+-----------+-----------+---------------+-----------+--------+-----+----+------+
Best-so-far configuration:         400    mean value:    0.1969582446
Description of the best-so-far configuration:
    .ID.  a0g  a1g  a2g  r0g  r1g  r2g stdg  a0s  a1s  r0s  r1s stds t0 t1 .PARENT.
400  400 1.93 1.93 1.02 0.76 0.26 0.69    1 1.52 1.92 0.37 0.88    4  9  2       NA

# 2022-12-22 17:59:26 CET: Elite configurations (first number is the configuration ID; listed from best to worst according to the sum of ranks):
     a0g  a1g  a2g  r0g  r1g  r2g stdg  a0s  a1s  r0s  r1s stds t0 t1
400 1.93 1.93 1.02 0.76 0.26 0.69    1 1.52 1.92 0.37 0.88    4  9  2
561 1.77 1.79 1.17 0.64 0.09 0.22    1 1.73 1.42 0.09 0.11    2  1  1
# 2022-12-22 17:59:26 CET: Iteration 2 of 5
# experimentsUsedSoFar: 5293
# remainingBudget: 194707
# currentBudget: 48676
# nbConfigurations: 1024
# Markers:
     x No test is performed.
     c Configurations are discarded only due to capping.
     - The test is performed and some configurations are discarded.
     = The test is performed but no configuration is discarded.
     ! The test is performed and configurations could be discarded but elite configurations are preserved.
     . All alive configurations are elite and nothing is discarded

+-+-----------+-----------+-----------+---------------+-----------+--------+-----+----+------+
| |   Instance|      Alive|       Best|      Mean best| Exp so far|  W time|  rho|KenW|  Qvar|
+-+-----------+-----------+-----------+---------------+-----------+--------+-----+----+------+
|x|          8|       1024|       1405|  0.03790318800|       1024|00:38:03|   NA|  NA|    NA|
|x|          2|       1024|        400|   0.2074594200|       2046|00:37:52|+0.43|0.71|0.5953|
|x|          4|       1024|        400|   0.2094240284|       3068|00:37:51|+0.45|0.64|0.5731|
|x|          3|       1024|        400|   0.1931394444|       4090|00:38:01|+0.46|0.59|0.5567|
|-|          5|        175|        400|   0.1818995776|       5112|00:37:56|+0.01|0.20|0.9172|
|=|          1|        175|        400|   0.2016974295|       5285|00:06:44|+0.03|0.19|0.9088|
|-|          6|         24|        400|   0.1985235183|       5458|00:06:35|+0.01|0.16|0.9247|
|=|          7|         24|        400|   0.2042652086|       5480|00:01:18|+0.04|0.16|0.9016|
|=|          9|         24|        400|   0.2020197468|       5504|00:01:18|+0.06|0.16|0.8817|
+-+-----------+-----------+-----------+---------------+-----------+--------+-----+----+------+
Best-so-far configuration:         400    mean value:    0.2020197468
Description of the best-so-far configuration:
    .ID.  a0g  a1g  a2g  r0g  r1g  r2g stdg  a0s  a1s  r0s  r1s stds t0 t1 .PARENT.
400  400 1.93 1.93 1.02 0.76 0.26 0.69    1 1.52 1.92 0.37 0.88    4  9  2       NA

# 2022-12-22 21:25:21 CET: Elite configurations (first number is the configuration ID; listed from best to worst according to the sum of ranks):
      a0g  a1g  a2g  r0g  r1g  r2g stdg  a0s  a1s  r0s  r1s stds t0 t1
400  1.93 1.93 1.02 0.76 0.26 0.69    1 1.52 1.92 0.37 0.88    4  9  2
1780 1.94 1.92 1.01 0.85 0.15 0.66    1 1.78 1.91 0.25 0.86    1  8  1
1437 1.99 1.99 1.02 0.60 0.28 0.71    1 1.11 1.67 0.11 0.89    4  8  2
1804 1.88 1.89 1.05 0.78 0.21 0.94    1 1.09 1.59 0.44 0.67    3  6  5
1702 1.90 1.97 1.04 0.35 0.21 0.44    3 1.15 1.42 0.57 0.65    9  7  3
# 2022-12-22 21:25:21 CET: Iteration 3 of 5
# experimentsUsedSoFar: 10797
# remainingBudget: 189203
# currentBudget: 63067
# nbConfigurations: 1024
# Markers:
     x No test is performed.
     c Configurations are discarded only due to capping.
     - The test is performed and some configurations are discarded.
     = The test is performed but no configuration is discarded.
     ! The test is performed and configurations could be discarded but elite configurations are preserved.
     . All alive configurations are elite and nothing is discarded

+-+-----------+-----------+-----------+---------------+-----------+--------+-----+----+------+
| |   Instance|      Alive|       Best|      Mean best| Exp so far|  W time|  rho|KenW|  Qvar|
+-+-----------+-----------+-----------+---------------+-----------+--------+-----+----+------+
|x|         10|       1024|       2292|  -0.1591186504|       1024|00:38:22|   NA|  NA|    NA|
|x|          9|       1024|       2292| -0.08674087040|       2043|00:38:15|+0.34|0.67|0.6714|
|x|          8|       1024|       3057|   0.2108872763|       3062|00:38:10|+0.34|0.56|0.6720|
|x|          5|       1024|       2906|   0.2461118420|       4081|00:38:10|+0.33|0.49|0.6927|
|-|          7|        262|       1437|   0.2522015184|       5100|00:38:10|-0.05|0.16|1.0060|
|=|          2|        262|        400|   0.2309487281|       5357|00:10:04|+0.01|0.17|0.9664|
|-|          3|         90|        400|   0.2185682945|       5614|00:10:07|-0.08|0.08|1.0452|
|=|          4|         90|        400|   0.2179164133|       5699|00:03:37|-0.04|0.09|1.0112|
|=|          1|         90|        400|   0.2271131106|       5784|00:03:34|-0.03|0.09|1.0048|
|=|          6|         90|        400|   0.2223498046|       5869|00:03:28|-0.00|0.10|0.9816|
|=|         11|         90|        400|   0.2293161642|       5959|00:03:35|+0.01|0.10|0.9758|
+-+-----------+-----------+-----------+---------------+-----------+--------+-----+----+------+
Best-so-far configuration:         400    mean value:    0.2293161642
Description of the best-so-far configuration:
    .ID.  a0g  a1g  a2g  r0g  r1g  r2g stdg  a0s  a1s  r0s  r1s stds t0 t1 .PARENT.
400  400 1.93 1.93 1.02 0.76 0.26 0.69    1 1.52 1.92 0.37 0.88    4  9  2       NA

# 2022-12-23 01:11:09 CET: Elite configurations (first number is the configuration ID; listed from best to worst according to the sum of ranks):
      a0g  a1g  a2g  r0g  r1g  r2g stdg  a0s  a1s  r0s  r1s stds t0 t1
400  1.93 1.93 1.02 0.76 0.26 0.69    1 1.52 1.92 0.37 0.88    4  9  2
2645 1.92 1.92 1.04 0.71 0.07 0.21    1 1.70 1.66 0.47 0.61    3  9  1
1780 1.94 1.92 1.01 0.85 0.15 0.66    1 1.78 1.91 0.25 0.86    1  8  1
2995 1.84 1.97 1.02 0.67 0.12 0.67    1 1.35 1.92 0.06 0.83    2 10  4
2220 1.98 1.84 1.11 0.93 0.08 0.58    1 1.33 1.84 0.27 0.43    3 10  3
# 2022-12-23 01:11:09 CET: Iteration 4 of 5
# experimentsUsedSoFar: 16756
# remainingBudget: 183244
# currentBudget: 91622
# nbConfigurations: 1024
# Markers:
     x No test is performed.
     c Configurations are discarded only due to capping.
     - The test is performed and some configurations are discarded.
     = The test is performed but no configuration is discarded.
     ! The test is performed and configurations could be discarded but elite configurations are preserved.
     . All alive configurations are elite and nothing is discarded

+-+-----------+-----------+-----------+---------------+-----------+--------+-----+----+------+
| |   Instance|      Alive|       Best|      Mean best| Exp so far|  W time|  rho|KenW|  Qvar|
+-+-----------+-----------+-----------+---------------+-----------+--------+-----+----+------+
|x|         12|       1024|       3265|  -0.1837505000|       1024|00:38:59|   NA|  NA|    NA|
|x|          9|       1024|       3083|  0.08559349660|       2043|00:39:01|+0.26|0.63|0.7685|
|x|          4|       1024|       3329|  0.08499813600|       3062|00:38:50|+0.22|0.48|0.7999|
|x|         11|       1024|       3905|   0.1924709081|       4081|00:38:57|+0.22|0.42|0.8014|
|-|          6|        350|       3122|   0.2434003604|       5100|00:38:54|-0.08|0.13|1.0584|
|=|          7|        350|       1780|   0.1510048225|       5445|00:13:24|-0.05|0.12|1.0294|
|=|          5|        350|       1780|   0.1354368670|       5790|00:13:30|-0.01|0.13|0.9932|
|=|          2|        350|       1780|   0.1527755607|       6135|00:13:29|+0.01|0.13|0.9797|
|=|          1|        350|        400|   0.2288615226|       6480|00:13:26|+0.01|0.12|0.9764|
|-|         10|        129|       1780|   0.1837081350|       6825|00:13:26|-0.05|0.05|1.0378|
|=|          3|        129|       1780|   0.2040360677|       6949|00:05:10|-0.04|0.06|1.0249|
|=|          8|        129|       4030|   0.2217749481|       7073|00:05:09|-0.03|0.06|1.0148|
|=|         13|        129|       4030|   0.2243313079|       7202|00:05:10|-0.03|0.05|1.0123|
+-+-----------+-----------+-----------+---------------+-----------+--------+-----+----+------+
Best-so-far configuration:        4030    mean value:    0.2243313079
Description of the best-so-far configuration:
     .ID.  a0g  a1g  a2g  r0g  r1g  r2g stdg  a0s  a1s  r0s  r1s stds t0 t1 .PARENT.
4030 4030 1.95 1.98 1.02 0.61 0.12 0.82    1 1.54 1.77 0.16 0.87    4  9  1      400

# 2022-12-23 05:48:51 CET: Elite configurations (first number is the configuration ID; listed from best to worst according to the sum of ranks):
      a0g  a1g  a2g  r0g  r1g  r2g stdg  a0s  a1s  r0s  r1s stds t0 t1
4030 1.95 1.98 1.02 0.61 0.12 0.82    1 1.54 1.77 0.16 0.87    4  9  1
1780 1.94 1.92 1.01 0.85 0.15 0.66    1 1.78 1.91 0.25 0.86    1  8  1
3347 1.95 1.94 1.01 0.83 0.02 0.80    1 1.37 1.95 0.01 0.77    2  9  4
3305 1.88 1.98 1.15 0.77 0.17 0.82    1 1.68 1.84 0.18 0.90    1  9  1
3660 1.92 1.82 1.01 0.46 0.24 0.64    1 1.52 1.84 0.42 0.88    4  9  2
# 2022-12-23 05:48:51 CET: Iteration 5 of 5
# experimentsUsedSoFar: 23958
# remainingBudget: 176042
# currentBudget: 176042
# nbConfigurations: 1024
# Markers:
     x No test is performed.
     c Configurations are discarded only due to capping.
     - The test is performed and some configurations are discarded.
     = The test is performed but no configuration is discarded.
     ! The test is performed and configurations could be discarded but elite configurations are preserved.
     . All alive configurations are elite and nothing is discarded

+-+-----------+-----------+-----------+---------------+-----------+--------+-----+----+------+
| |   Instance|      Alive|       Best|      Mean best| Exp so far|  W time|  rho|KenW|  Qvar|
+-+-----------+-----------+-----------+---------------+-----------+--------+-----+----+------+
|x|         14|       1024|       4880|  -0.3315924300|       1024|00:39:33|   NA|  NA|    NA|
|x|          5|       1024|       4880|  -0.1270498306|       2043|00:39:35|+0.14|0.57|0.8634|
|x|          6|       1024|       4606|  0.09315576200|       3062|00:39:31|+0.14|0.43|0.8792|
|x|         11|       1024|       4606|   0.1386658294|       4081|00:39:31|+0.13|0.35|0.8817|
|-|         13|        352|       4751|   0.1493935472|       5100|00:39:30|-0.12|0.11|1.0942|
|=|         12|        352|       4751|   0.1767623677|       5447|00:13:40|-0.08|0.10|1.0579|
|=|         10|        352|       1780|   0.1618008658|       5794|00:13:50|-0.05|0.10|1.0332|
|=|          8|        352|       4462|   0.1847882574|       6141|00:13:36|-0.03|0.10|1.0166|
|=|          7|        352|       1780|   0.1756299553|       6488|00:13:34|-0.01|0.10|1.0045|
|=|          1|        352|       4751|   0.2057667129|       6835|00:13:37|-0.00|0.10|0.9956|
|=|          4|        352|       4525|   0.2021593465|       7182|00:13:44|+0.00|0.09|0.9907|
|=|          2|        352|       1780|   0.1953413546|       7529|00:13:43|+0.00|0.09|0.9866|
|=|          9|        352|       4969|   0.2150075066|       7876|00:13:34|+0.01|0.08|0.9834|
|-|          3|        141|       4969|   0.2145757313|       8223|00:13:41|-0.04|0.03|1.0307|
|=|         15|        141|       4969|   0.2077334081|       8364|00:05:49|-0.04|0.03|1.0228|
|=|         16|        141|       5081|   0.2077286742|       8505|00:05:44|-0.03|0.04|1.0170|
+-+-----------+-----------+-----------+---------------+-----------+--------+-----+----+------+
Best-so-far configuration:        5081    mean value:    0.2077286742
Description of the best-so-far configuration:
     .ID.  a0g  a1g a2g  r0g  r1g r2g stdg  a0s  a1s  r0s  r1s stds t0 t1 .PARENT.
5081 5081 1.95 1.94   1 0.55 0.02 0.8    1 1.57 1.83 0.18 0.85    4  9  1     4030

# 2022-12-23 11:21:24 CET: Elite configurations (first number is the configuration ID; listed from best to worst according to the sum of ranks):
      a0g  a1g  a2g  r0g  r1g  r2g stdg  a0s  a1s  r0s  r1s stds t0 t1
5081 1.95 1.94 1.00 0.55 0.02 0.80    1 1.57 1.83 0.18 0.85    4  9  1
4969 1.96 1.92 1.00 0.80 0.06 0.76    1 1.74 1.94 0.09 0.85    1  9  1
4178 1.90 1.93 1.01 0.87 0.12 0.68    1 1.77 1.98 0.26 0.88    1  8  1
5031 1.94 1.99 1.04 0.51 0.05 0.81    1 1.46 1.79 0.13 0.87    4  9  1
5005 1.89 1.95 1.03 0.88 0.12 0.64    1 1.78 1.91 0.33 0.81    2  8  1
# 2022-12-23 11:21:24 CET: Iteration 6 of 6
# experimentsUsedSoFar: 32463
# remainingBudget: 167537
# currentBudget: 167537
# nbConfigurations: 1024
# Markers:
     x No test is performed.
     c Configurations are discarded only due to capping.
     - The test is performed and some configurations are discarded.
     = The test is performed but no configuration is discarded.
     ! The test is performed and configurations could be discarded but elite configurations are preserved.
     . All alive configurations are elite and nothing is discarded

+-+-----------+-----------+-----------+---------------+-----------+--------+-----+----+------+
| |   Instance|      Alive|       Best|      Mean best| Exp so far|  W time|  rho|KenW|  Qvar|
+-+-----------+-----------+-----------+---------------+-----------+--------+-----+----+------+
|x|         17|       1024|       6066|  -0.2307534708|       1024|00:39:44|   NA|  NA|    NA|
|x|          3|       1024|       5490|-0.004761360200|       2043|00:39:58|+0.03|0.51|0.9898|
|x|         16|       1024|       5717|  0.05007233800|       3062|00:39:59|+0.05|0.37|0.9568|
|x|         10|       1024|       5343|  0.02495961260|       4081|00:40:03|+0.07|0.30|0.9468|
|-|         11|        301|       5343|  0.03593484272|       5100|00:39:55|-0.15|0.08|1.1296|
|=|         13|        301|       5343|  0.07445543587|       5396|00:12:02|-0.09|0.09|1.0760|
|=|          2|        301|       5343|  0.08787634823|       5692|00:11:59|-0.06|0.09|1.0499|
|=|          5|        301|       5343|   0.1168342479|       5988|00:11:59|-0.05|0.08|1.0326|
|=|          7|        301|       5343|   0.1489691099|       6284|00:11:53|-0.03|0.08|1.0220|
|=|          4|        301|       5518|   0.1694967353|       6580|00:11:56|-0.02|0.08|1.0136|
|=|         15|        301|       5668|   0.1720149826|       6876|00:11:55|-0.02|0.07|1.0095|
|=|         14|        301|       5668|   0.1721572278|       7172|00:12:02|-0.02|0.07|1.0099|
|=|          6|        301|       5668|   0.1849558887|       7468|00:11:55|-0.01|0.07|1.0046|
|=|          1|        301|       5119|   0.1972106965|       7764|00:11:56|-0.01|0.07|1.0014|
|=|          9|        301|       5152|   0.2053455055|       8060|00:11:59|-0.00|0.07|0.9977|
|=|         12|        301|       5119|   0.2127337760|       8356|00:11:55|-0.00|0.06|0.9970|
|=|          8|        301|       5119|   0.2111516893|       8652|00:12:00|-0.00|0.06|0.9985|
|=|         18|        301|       5119|   0.2177597278|       8953|00:12:08|+0.00|0.06|0.9960|
+-+-----------+-----------+-----------+---------------+-----------+--------+-----+----+------+
Best-so-far configuration:        5119    mean value:    0.2177597278
Description of the best-so-far configuration:
     .ID.  a0g  a1g  a2g  r0g  r1g  r2g stdg  a0s  a1s  r0s  r1s stds t0 t1 .PARENT.
5119 5119 1.97 1.93 1.03 0.82 0.06 0.81    1 1.74 1.94 0.13 0.87    1  9  1     4969

# 2022-12-23 17:17:03 CET: Elite configurations (first number is the configuration ID; listed from best to worst according to the sum of ranks):
      a0g  a1g  a2g  r0g  r1g  r2g stdg  a0s  a1s  r0s  r1s stds t0 t1
5119 1.97 1.93 1.03 0.82 0.06 0.81    1 1.74 1.94 0.13 0.87    1  9  1
5395 1.96 1.91 1.03 0.56 0.04 0.82    1 1.56 1.84 0.18 0.89    3  8  1
5663 1.92 1.97 1.00 0.57 0.03 0.78    1 1.58 1.87 0.11 0.88    4  8  1
5152 1.99 1.91 1.05 0.58 0.00 0.76    1 1.57 1.88 0.12 0.85    4  9  1
5401 1.93 1.96 1.03 0.54 0.01 0.83    1 1.59 1.79 0.18 0.87    4  9  2
# 2022-12-23 17:17:03 CET: Iteration 7 of 7
# experimentsUsedSoFar: 41416
# remainingBudget: 158584
# currentBudget: 158584
# nbConfigurations: 1024
# Markers:
     x No test is performed.
     c Configurations are discarded only due to capping.
     - The test is performed and some configurations are discarded.
     = The test is performed but no configuration is discarded.
     ! The test is performed and configurations could be discarded but elite configurations are preserved.
     . All alive configurations are elite and nothing is discarded

+-+-----------+-----------+-----------+---------------+-----------+--------+-----+----+------+
| |   Instance|      Alive|       Best|      Mean best| Exp so far|  W time|  rho|KenW|  Qvar|
+-+-----------+-----------+-----------+---------------+-----------+--------+-----+----+------+
|x|         19|       1024|       6462|  -0.1483900924|       1024|00:40:14|   NA|  NA|    NA|
|x|          3|       1024|       6598|  -0.1089913772|       2043|00:39:49|+0.06|0.53|0.9581|
|x|          4|       1024|       6782|  0.03452985893|       3062|00:40:06|+0.03|0.35|0.9895|
|x|          9|       1024|       5152|   0.1365826184|       4081|00:40:04|+0.02|0.26|0.9942|
|=|         12|       1024|       6598|  0.05953435864|       5100|00:39:59|+0.01|0.21|0.9938|
|=|          6|       1024|       6669|   0.1388550942|       6119|00:40:03|+0.01|0.17|0.9968|
|=|         11|       1024|       6669|   0.1633390359|       7138|00:40:02|+0.01|0.15|0.9917|
|=|         14|       1024|       6598|   0.1022647054|       8157|00:39:48|+0.01|0.13|0.9934|
|-|          2|        275|       6598|  0.09419490551|       9176|00:39:51|-0.08|0.04|1.0671|
|=|         16|        275|       6598|   0.1066139117|       9446|00:10:44|-0.07|0.04|1.0548|
|=|         18|        275|       6598|   0.1131275103|       9716|00:10:40|-0.05|0.04|1.0446|
|=|          1|        275|       6598|   0.1375298573|       9986|00:10:44|-0.04|0.04|1.0359|
|=|         10|        275|       6598|   0.1332587439|      10256|00:10:46|-0.04|0.04|1.0304|
|=|          5|        275|       6598|   0.1409934956|      10526|00:10:43|-0.03|0.04|1.0245|
|=|          8|        275|       6598|   0.1465398065|      10796|00:10:46|-0.02|0.04|1.0164|
|=|          7|        275|       6598|   0.1521582972|      11066|00:10:34|-0.02|0.04|1.0130|
|=|         15|        275|       6598|   0.1394553732|      11336|00:10:39|-0.02|0.04|1.0101|
|=|         13|        275|       6598|   0.1423793940|      11606|00:10:40|-0.02|0.04|1.0078|
|=|         17|        275|       6598|   0.1521996368|      11876|00:10:46|-0.01|0.04|1.0069|
|=|         20|        275|       6598|   0.1552593742|      12151|00:10:51|-0.01|0.04|1.0055|
+-+-----------+-----------+-----------+---------------+-----------+--------+-----+----+------+
Best-so-far configuration:        6598    mean value:    0.1552593742
Description of the best-so-far configuration:
     .ID.  a0g  a1g  a2g r0g  r1g  r2g stdg  a0s  a1s  r0s  r1s stds t0 t1 .PARENT.
6598 6598 1.99 1.94 1.01 0.8 0.01 0.78    1 1.82 1.98 0.14 0.89    1  8  1     5119

# 2022-12-24 01:15:14 CET: Elite configurations (first number is the configuration ID; listed from best to worst according to the sum of ranks):
      a0g  a1g  a2g  r0g  r1g  r2g stdg  a0s  a1s  r0s  r1s stds t0 t1
6598 1.99 1.94 1.01 0.80 0.01 0.78    1 1.82 1.98 0.14 0.89    1  8  1
6669 1.97 1.89 1.01 0.58 0.02 0.75    1 1.57 1.89 0.15 0.85    4  9  1
5401 1.93 1.96 1.03 0.54 0.01 0.83    1 1.59 1.79 0.18 0.87    4  9  2
6281 1.97 1.96 1.04 0.80 0.10 0.80    1 1.70 1.92 0.14 0.89    1  9  1
6755 1.95 1.97 1.03 0.55 0.02 0.80    1 1.57 1.87 0.11 0.88    4  7  1
# 2022-12-24 01:15:15 CET: Iteration 8 of 8
# experimentsUsedSoFar: 53567
# remainingBudget: 146433
# currentBudget: 146433
# nbConfigurations: 1024
# Markers:
     x No test is performed.
     c Configurations are discarded only due to capping.
     - The test is performed and some configurations are discarded.
     = The test is performed but no configuration is discarded.
     ! The test is performed and configurations could be discarded but elite configurations are preserved.
     . All alive configurations are elite and nothing is discarded

+-+-----------+-----------+-----------+---------------+-----------+--------+-----+----+------+
| |   Instance|      Alive|       Best|      Mean best| Exp so far|  W time|  rho|KenW|  Qvar|
+-+-----------+-----------+-----------+---------------+-----------+--------+-----+----+------+
|x|         21|       1024|       8059|  -0.2515763668|       1024|00:40:29|   NA|  NA|    NA|
|x|         17|       1024|       7876|  -0.1429568540|       2043|00:40:02|+0.01|0.51|0.9994|
|x|         18|       1024|       7876| -0.05274333907|       3062|00:40:09|+0.04|0.36|0.9584|
|x|          3|       1024|       7457|  0.02854028160|       4081|00:40:13|+0.03|0.27|0.9663|
|-|         14|        367|       7509|  0.08192343512|       5100|00:40:13|-0.14|0.09|1.1221|
|=|         13|        367|       7804|   0.1294762430|       5462|00:14:25|-0.08|0.10|1.0709|
|=|          1|        367|       7804|   0.1393901675|       5824|00:14:21|-0.05|0.10|1.0395|
|=|         11|        367|       7804|   0.1485101677|       6186|00:14:23|-0.03|0.10|1.0230|
|=|         12|        367|       7804|   0.1443729029|       6548|00:14:24|-0.02|0.09|1.0175|
|=|          8|        367|       7804|   0.1545926198|       6910|00:14:22|-0.01|0.09|1.0052|
|=|          7|        367|       7804|   0.1724466319|       7272|00:14:25|-0.01|0.08|1.0041|
|=|         20|        367|       7804|   0.1683980479|       7634|00:14:26|-0.01|0.08|1.0013|
|=|          6|        367|       7962|   0.1584295090|       7996|00:14:19|-0.01|0.07|1.0017|
|=|         15|        367|       7962|   0.1606908643|       8358|00:14:20|-0.00|0.07|0.9996|
|=|          4|        367|       7962|   0.1702242587|       8720|00:14:24|+0.00|0.07|0.9943|
|=|          9|        367|       7962|   0.1759638150|       9082|00:14:24|+0.00|0.07|0.9914|
|=|          2|        367|       7962|   0.1822599948|       9444|00:14:28|+0.01|0.06|0.9902|
|=|         19|        367|       6598|   0.1582440321|       9806|00:14:27|+0.00|0.06|0.9909|
|=|         16|        367|       6598|   0.1614093445|      10168|00:14:15|+0.01|0.06|0.9905|
|=|          5|        367|       6598|   0.1654161406|      10530|00:14:12|+0.01|0.05|0.9908|
|-|         10|        113|       6598|   0.1614441998|      10892|00:14:20|-0.03|0.02|1.0207|
|=|         22|        113|       6598|   0.1766770839|      11005|00:04:35|-0.03|0.02|1.0194|
|=|         23|        113|       6598|   0.1778847058|      11118|00:04:37|-0.03|0.02|1.0165|
+-+-----------+-----------+-----------+---------------+-----------+--------+-----+----+------+
Best-so-far configuration:        6598    mean value:    0.1778847058
Description of the best-so-far configuration:
     .ID.  a0g  a1g  a2g r0g  r1g  r2g stdg  a0s  a1s  r0s  r1s stds t0 t1 .PARENT.
6598 6598 1.99 1.94 1.01 0.8 0.01 0.78    1 1.82 1.98 0.14 0.89    1  8  1     5119

# 2022-12-24 08:35:54 CET: Elite configurations (first number is the configuration ID; listed from best to worst according to the sum of ranks):
      a0g  a1g  a2g  r0g  r1g  r2g stdg  a0s  a1s  r0s  r1s stds t0 t1
6598 1.99 1.94 1.01 0.80 0.01 0.78    1 1.82 1.98 0.14 0.89    1  8  1
7962 1.98 1.93 1.06 0.80 0.10 0.81    1 1.70 1.93 0.13 0.85    1  9  1
8092 1.97 1.93 1.01 0.81 0.01 0.81    1 1.84 1.99 0.15 0.86    1  8  1
8107 1.98 1.93 1.01 0.80 0.00 0.78    1 1.81 1.97 0.14 0.87    1  8  1
8041 1.97 1.93 1.02 0.77 0.02 0.77    1 1.82 1.97 0.13 0.90    1  8  1
# 2022-12-24 08:35:54 CET: Iteration 9 of 9
# experimentsUsedSoFar: 64685
# remainingBudget: 135315
# currentBudget: 135315
# nbConfigurations: 1024
# Markers:
     x No test is performed.
     c Configurations are discarded only due to capping.
     - The test is performed and some configurations are discarded.
     = The test is performed but no configuration is discarded.
     ! The test is performed and configurations could be discarded but elite configurations are preserved.
     . All alive configurations are elite and nothing is discarded

+-+-----------+-----------+-----------+---------------+-----------+--------+-----+----+------+
| |   Instance|      Alive|       Best|      Mean best| Exp so far|  W time|  rho|KenW|  Qvar|
+-+-----------+-----------+-----------+---------------+-----------+--------+-----+----+------+
|x|         24|       1024|       8720|  -0.2264624580|       1024|00:40:25|   NA|  NA|    NA|
|x|         13|       1024|       9151| -0.02989239260|       2043|00:40:27|-0.01|0.50|1.0260|
|x|          4|       1024|       8839|  0.01039763253|       3062|00:40:32|+0.02|0.34|0.9832|
|x|          8|       1024|       8839|  0.03537750330|       4081|00:40:34|+0.01|0.26|0.9939|
|-|         15|        444|       8466|  0.07572719256|       5100|00:40:23|-0.14|0.09|1.1056|
|=|         16|        444|       8466|  0.08073520733|       5539|00:17:40|-0.09|0.09|1.0650|
|=|         12|        444|       8466|  0.09953600743|       5978|00:17:40|-0.06|0.09|1.0464|
|=|          3|        444|       8466|   0.1172593017|       6417|00:17:31|-0.04|0.09|1.0340|
|=|         23|        444|       8466|   0.1190170211|       6856|00:17:40|-0.03|0.08|1.0282|
|=|          1|        444|       8466|   0.1306461085|       7295|00:17:30|-0.03|0.07|1.0245|
|=|         14|        444|       8466|   0.1321451374|       7734|00:17:35|-0.03|0.07|1.0208|
|=|         10|        444|       8466|   0.1377618316|       8173|00:17:27|-0.02|0.07|1.0134|
|=|         21|        444|       8466|   0.1552156190|       8612|00:17:39|-0.01|0.06|1.0108|
|=|          5|        444|       8691|   0.1611190174|       9051|00:17:33|-0.01|0.06|1.0079|
|=|          2|        444|       6598|   0.1568153331|       9490|00:17:32|-0.01|0.06|1.0045|
|=|         22|        444|       8984|   0.1845841785|       9929|00:17:36|-0.00|0.06|1.0030|
|=|         20|        444|       8691|   0.1762955811|      10368|00:17:28|-0.00|0.06|1.0007|
|=|         11|        444|       8092|   0.1706743534|      10807|00:17:30|-0.00|0.05|1.0012|
|=|         17|        444|       8092|   0.1764538371|      11246|00:17:24|-0.00|0.05|1.0010|
|=|          7|        444|       6598|   0.1831516200|      11685|00:17:21|-0.00|0.05|1.0008|
|=|          9|        444|       6598|   0.1823321530|      12124|00:17:35|-0.00|0.05|1.0002|
|=|          6|        444|       7962|   0.2123235821|      12563|00:17:29|-0.00|0.04|0.9992|
|=|         18|        444|       7962|   0.1960815087|      13002|00:17:28|+0.00|0.04|0.9969|
|=|         19|        444|       6598|   0.1779297239|      13441|00:17:23|+0.00|0.04|0.9958|
|=|         25|        444|       6598|   0.1824886681|      13885|00:17:44|+0.00|0.04|0.9962|
+-+-----------+-----------+-----------+---------------+-----------+--------+-----+----+------+
Best-so-far configuration:        6598    mean value:    0.1824886681
Description of the best-so-far configuration:
     .ID.  a0g  a1g  a2g r0g  r1g  r2g stdg  a0s  a1s  r0s  r1s stds t0 t1 .PARENT.
6598 6598 1.99 1.94 1.01 0.8 0.01 0.78    1 1.82 1.98 0.14 0.89    1  8  1     5119

# 2022-12-24 17:49:33 CET: Elite configurations (first number is the configuration ID; listed from best to worst according to the sum of ranks):
      a0g  a1g  a2g  r0g  r1g  r2g stdg  a0s  a1s  r0s  r1s stds t0 t1
6598 1.99 1.94 1.01 0.80 0.01 0.78    1 1.82 1.98 0.14 0.89    1  8  1
8092 1.97 1.93 1.01 0.81 0.01 0.81    1 1.84 1.99 0.15 0.86    1  8  1
8691 1.98 1.92 1.00 0.80 0.00 0.81    1 1.84 1.99 0.16 0.85    1  8  1
7962 1.98 1.93 1.06 0.80 0.10 0.81    1 1.70 1.93 0.13 0.85    1  9  1
8606 1.98 1.93 1.01 0.80 0.01 0.80    1 1.84 1.99 0.16 0.87    1  8  1
# 2022-12-24 17:49:33 CET: Iteration 10 of 10
# experimentsUsedSoFar: 78570
# remainingBudget: 121430
# currentBudget: 121430
# nbConfigurations: 1024
# Markers:
     x No test is performed.
     c Configurations are discarded only due to capping.
     - The test is performed and some configurations are discarded.
     = The test is performed but no configuration is discarded.
     ! The test is performed and configurations could be discarded but elite configurations are preserved.
     . All alive configurations are elite and nothing is discarded

+-+-----------+-----------+-----------+---------------+-----------+--------+-----+----+------+
| |   Instance|      Alive|       Best|      Mean best| Exp so far|  W time|  rho|KenW|  Qvar|
+-+-----------+-----------+-----------+---------------+-----------+--------+-----+----+------+
|x|         26|       1024|       9436|  -0.1818083836|       1024|00:40:23|   NA|  NA|    NA|
|x|         11|       1024|       9395| 0.006316191000|       2043|00:40:33|+0.00|0.50|0.9835|
|x|         20|       1024|       9527|  0.05957089987|       3062|00:40:27|+0.02|0.35|0.9806|
|x|          1|       1024|       9284|  0.07521024730|       4081|00:40:35|+0.00|0.25|0.9937|
|=|          9|       1024|       9284|  0.05403548672|       5100|00:40:40|+0.01|0.20|0.9895|
|=|         22|       1024|       9284|  0.09134149407|       6119|00:40:34|+0.00|0.17|0.9948|
|=|         17|       1024|      10188|   0.1547359483|       7138|00:40:27|+0.01|0.15|0.9938|
|=|         18|       1024|       9284|  0.09808017640|       8157|00:40:31|+0.00|0.13|0.9947|
|=|         12|       1024|       9489|   0.1624084075|       9176|00:40:29|+0.01|0.12|0.9928|
|=|         21|       1024|       9489|   0.1619823364|      10195|00:40:41|+0.01|0.11|0.9933|
|=|         24|       1024|       9489|   0.1636411342|      11214|00:40:33|+0.01|0.10|0.9941|
|=|         10|       1024|       7962|   0.1674373062|      12233|00:40:39|+0.01|0.09|0.9946|
|-|          7|        407|       7962|   0.1737181194|      13252|00:40:23|-0.05|0.03|1.0445|
|=|         25|        407|       9489|   0.1873658988|      13654|00:16:06|-0.04|0.03|1.0383|
|=|          8|        407|       9489|   0.1933746373|      14056|00:16:01|-0.04|0.03|1.0336|
|=|         16|        407|       9489|   0.1939152721|      14458|00:16:06|-0.03|0.03|1.0260|
|=|          4|        407|       9489|   0.1888125320|      14860|00:16:05|-0.03|0.03|1.0222|
|=|         19|        407|       9489|   0.1950337665|      15262|00:16:07|-0.02|0.03|1.0180|
|=|         23|        407|       9489|   0.1980518267|      15664|00:16:08|-0.02|0.04|1.0142|
|=|         15|        407|       9489|   0.1961138951|      16066|00:16:03|-0.02|0.03|1.0122|
|=|         13|        407|       9489|   0.1959357182|      16468|00:16:08|-0.01|0.04|1.0095|
|=|          3|        407|       9489|   0.2059904253|      16870|00:16:05|-0.01|0.03|1.0077|
|=|         14|        407|       8691|   0.1980228037|      17272|00:16:07|-0.01|0.03|1.0061|
|=|          5|        407|       8691|   0.1990828421|      17674|00:16:11|-0.01|0.03|1.0066|
|=|          6|        407|       8691|   0.2026200395|      18076|00:15:56|-0.01|0.03|1.0044|
|=|          2|        407|       6598|   0.1890759663|      18478|00:16:03|-0.01|0.03|1.0038|
|=|         27|        407|       9284|   0.1934842259|      18885|00:16:24|-0.01|0.03|1.0034|
+-+-----------+-----------+-----------+---------------+-----------+--------+-----+----+------+
Best-so-far configuration:        9284    mean value:    0.1934842259
Description of the best-so-far configuration:
     .ID.  a0g  a1g  a2g  r0g r1g  r2g stdg  a0s a1s  r0s  r1s stds t0 t1 .PARENT.
9284 9284 1.96 1.91 1.02 0.81   0 0.82    1 1.84   2 0.15 0.86    1  8  1     8092

# 2022-12-25 06:22:33 CET: Elite configurations (first number is the configuration ID; listed from best to worst according to the sum of ranks):
      a0g  a1g  a2g  r0g  r1g  r2g stdg  a0s  a1s  r0s  r1s stds t0 t1
9284 1.96 1.91 1.02 0.81 0.00 0.82    1 1.84 2.00 0.15 0.86    1  8  1
8691 1.98 1.92 1.00 0.80 0.00 0.81    1 1.84 1.99 0.16 0.85    1  8  1
8092 1.97 1.93 1.01 0.81 0.01 0.81    1 1.84 1.99 0.15 0.86    1  8  1
9778 1.99 1.96 1.01 0.80 0.02 0.77    1 1.81 1.95 0.15 0.88    1  8  1
9796 1.99 1.94 1.02 0.81 0.01 0.78    1 1.83 1.97 0.14 0.89    1  8  1
# 2022-12-25 06:22:34 CET: Iteration 11 of 11
# experimentsUsedSoFar: 97455
# remainingBudget: 102545
# currentBudget: 102545
# nbConfigurations: 1024
# Markers:
     x No test is performed.
     c Configurations are discarded only due to capping.
     - The test is performed and some configurations are discarded.
     = The test is performed but no configuration is discarded.
     ! The test is performed and configurations could be discarded but elite configurations are preserved.
     . All alive configurations are elite and nothing is discarded

+-+-----------+-----------+-----------+---------------+-----------+--------+-----+----+------+
| |   Instance|      Alive|       Best|      Mean best| Exp so far|  W time|  rho|KenW|  Qvar|
+-+-----------+-----------+-----------+---------------+-----------+--------+-----+----+------+
|x|         28|       1024|      10997|  -0.2237262992|       1024|00:40:16|   NA|  NA|    NA|
|x|         23|       1024|      10229|  0.02632961460|       2043|00:40:28|+0.03|0.51|0.9903|
|x|         21|       1024|      10755|  0.09413902987|       3062|00:40:40|+0.02|0.35|0.9930|
|x|         20|       1024|      11096|  0.04466639400|       4081|00:40:30|+0.03|0.27|0.9852|
|=|          2|       1024|      10373|   0.1213128942|       5100|00:40:32|+0.01|0.21|0.9940|
|=|          4|       1024|      10610|   0.1222328457|       6119|00:40:33|+0.01|0.18|0.9945|
|=|         26|       1024|      10345|   0.1380061331|       7138|00:40:22|+0.01|0.15|0.9910|
|-|          8|        422|      10643|  0.09596537175|       8157|00:40:32|-0.09|0.05|1.0732|
|=|          3|        422|      10777|   0.1524380627|       8574|00:16:48|-0.07|0.05|1.0550|
|=|         14|        422|      10610|   0.1519332744|       8991|00:16:49|-0.05|0.05|1.0410|
|=|          6|        422|      10271|   0.1318814425|       9408|00:16:45|-0.04|0.06|1.0301|
|=|         18|        422|      10777|   0.1705005237|       9825|00:16:42|-0.03|0.05|1.0254|
|=|         11|        422|      10271|   0.1551849405|      10242|00:16:44|-0.02|0.06|1.0157|
|=|          5|        422|      10510|   0.1504320828|      10659|00:16:44|-0.02|0.05|1.0118|
|=|         27|        422|      10510|   0.1567512251|      11076|00:16:45|-0.02|0.05|1.0112|
|=|          9|        422|      10777|   0.1822216244|      11493|00:16:49|-0.02|0.05|1.0096|
|=|         22|        422|      11063|   0.1831184468|      11910|00:16:44|-0.01|0.05|1.0092|
|=|         15|        422|      11063|   0.1842463768|      12327|00:16:44|-0.01|0.05|1.0056|
|=|         25|        422|       8092|   0.1804262164|      12744|00:16:43|-0.01|0.05|1.0022|
|=|          1|        422|       8092|   0.1704618454|      13161|00:16:44|-0.01|0.04|1.0001|
|=|         24|        422|       8092|   0.1732396019|      13578|00:16:41|-0.00|0.04|0.9981|
|=|          7|        422|       8092|   0.1849792558|      13995|00:16:37|-0.00|0.04|0.9967|
|=|         17|        422|      10643|   0.1736383265|      14412|00:16:35|-0.00|0.04|0.9965|
|=|         16|        422|      10643|   0.1719754722|      14829|00:16:41|+0.00|0.04|0.9940|
|=|         12|        422|      10643|   0.1686874132|      15246|00:16:47|+0.00|0.04|0.9938|
|=|         13|        422|      10643|   0.1701372303|      15663|00:16:42|+0.00|0.04|0.9939|
|=|         19|        422|      10643|   0.1806473597|      16080|00:16:36|+0.00|0.04|0.9934|
|=|         10|        422|      10643|   0.1842793165|      16497|00:16:41|+0.00|0.04|0.9928|
|=|         29|        422|      10643|   0.1889709585|      16919|00:16:36|+0.00|0.04|0.9937|
+-+-----------+-----------+-----------+---------------+-----------+--------+-----+----+------+
Best-so-far configuration:       10643    mean value:    0.1889709585
Description of the best-so-far configuration:
       .ID.  a0g  a1g  a2g  r0g  r1g  r2g stdg  a0s  a1s  r0s  r1s stds t0 t1 .PARENT.
10643 10643 1.95 1.93 1.01 0.84 0.01 0.81    1 1.82 1.96 0.14 0.88    1  8  1     9284

# 2022-12-25 17:37:59 CET: Elite configurations (first number is the configuration ID; listed from best to worst according to the sum of ranks):
       a0g  a1g  a2g  r0g  r1g  r2g stdg  a0s  a1s  r0s  r1s stds t0 t1
10643 1.95 1.93 1.01 0.84 0.01 0.81    1 1.82 1.96 0.14 0.88    1  8  1
10777 1.96 1.91 1.03 0.79 0.02 0.80    1 1.80 1.98 0.16 0.86    1  8  1
8691  1.98 1.92 1.00 0.80 0.00 0.81    1 1.84 1.99 0.16 0.85    1  8  1
9796  1.99 1.94 1.02 0.81 0.01 0.78    1 1.83 1.97 0.14 0.89    1  8  1
11078 1.97 1.90 1.00 0.80 0.02 0.81    1 1.86 1.99 0.20 0.86    1  8  1
# 2022-12-25 17:38:00 CET: Iteration 12 of 12
# experimentsUsedSoFar: 114374
# remainingBudget: 85626
# currentBudget: 85626
# nbConfigurations: 1024
# Markers:
     x No test is performed.
     c Configurations are discarded only due to capping.
     - The test is performed and some configurations are discarded.
     = The test is performed but no configuration is discarded.
     ! The test is performed and configurations could be discarded but elite configurations are preserved.
     . All alive configurations are elite and nothing is discarded

+-+-----------+-----------+-----------+---------------+-----------+--------+-----+----+------+
| |   Instance|      Alive|       Best|      Mean best| Exp so far|  W time|  rho|KenW|  Qvar|
+-+-----------+-----------+-----------+---------------+-----------+--------+-----+----+------+
|x|         30|       1024|      11306|  -0.1463842132|       1024|00:40:47|   NA|  NA|    NA|
|x|         22|       1024|      11590| -0.03839586620|       2043|00:40:35|+0.01|0.50|0.9767|
|x|         18|       1024|      11451|-0.002235322533|       3062|00:40:29|-0.01|0.33|1.0040|
|x|          5|       1024|      11535|  0.07687815180|       4081|00:40:29|+0.01|0.26|0.9941|
|=|          6|       1024|      11535|  0.09302227056|       5100|00:40:40|+0.01|0.21|0.9935|
|=|          7|       1024|      11535|   0.1009768599|       6119|00:40:26|+0.01|0.18|0.9934|
|=|         10|       1024|      11535|   0.1106526971|       7138|00:40:39|+0.01|0.15|0.9924|
|-|         17|        205|      11535|   0.1179433354|       8157|00:40:28|-0.10|0.04|1.0834|
|=|         11|        205|      11535|   0.1402530507|       8357|00:08:14|-0.08|0.04|1.0608|
|=|         13|        205|      11535|   0.1405946704|       8557|00:08:19|-0.06|0.05|1.0512|
|=|         19|        205|      11535|   0.1428501655|       8757|00:08:13|-0.06|0.04|1.0483|
|=|         26|        205|      11535|   0.1566211405|       8957|00:08:08|-0.05|0.04|1.0385|
|=|         24|        205|      11535|   0.1708941743|       9157|00:08:18|-0.04|0.04|1.0320|
|=|         27|        205|      11535|   0.1777861217|       9357|00:08:07|-0.04|0.04|1.0277|
|=|          2|        205|      11535|   0.1808013369|       9557|00:08:08|-0.03|0.04|1.0202|
|=|          3|        205|      12149|   0.1746241739|       9757|00:08:14|-0.03|0.04|1.0176|
|=|          9|        205|      12149|   0.1777388015|       9957|00:08:11|-0.02|0.04|1.0138|
|=|         12|        205|      12149|   0.1816614420|      10157|00:08:07|-0.02|0.04|1.0146|
|=|         15|        205|      12149|   0.1805526136|      10357|00:08:12|-0.02|0.04|1.0116|
|=|          8|        205|      11791|   0.1877600456|      10557|00:08:05|-0.01|0.04|1.0069|
|=|         28|        205|      11791|   0.1845090546|      10757|00:08:03|-0.01|0.04|1.0050|
|=|         20|        205|      12149|   0.1847528409|      10957|00:08:10|-0.01|0.04|1.0033|
|=|         21|        205|      12149|   0.1806167723|      11157|00:08:06|-0.01|0.04|1.0009|
|=|          1|        205|      11791|   0.1931145964|      11357|00:08:05|-0.01|0.04|0.9994|
|=|         29|        205|      11791|   0.1965071852|      11557|00:08:12|-0.00|0.04|0.9980|
|=|         16|        205|      10643|   0.1645020301|      11757|00:08:09|-0.00|0.04|0.9965|
|=|         23|        205|      10643|   0.1662638842|      11957|00:08:11|-0.00|0.04|0.9968|
|=|         25|        205|      10643|   0.1739573095|      12157|00:08:09|-0.00|0.03|0.9966|
|=|          4|        205|      10643|   0.1720172797|      12357|00:08:08|-0.00|0.03|0.9970|
|=|         14|        205|      11791|   0.2068028001|      12557|00:08:09|-0.00|0.03|0.9967|
|=|         31|        205|      10643|   0.1766330819|      12762|00:08:29|-0.00|0.03|0.9981|
+-+-----------+-----------+-----------+---------------+-----------+--------+-----+----+------+
Best-so-far configuration:       10643    mean value:    0.1766330819
Description of the best-so-far configuration:
       .ID.  a0g  a1g  a2g  r0g  r1g  r2g stdg  a0s  a1s  r0s  r1s stds t0 t1 .PARENT.
10643 10643 1.95 1.93 1.01 0.84 0.01 0.81    1 1.82 1.96 0.14 0.88    1  8  1     9284

# 2022-12-26 02:11:17 CET: Elite configurations (first number is the configuration ID; listed from best to worst according to the sum of ranks):
       a0g  a1g  a2g  r0g  r1g  r2g stdg  a0s  a1s  r0s  r1s stds t0 t1
10643 1.95 1.93 1.01 0.84 0.01 0.81    1 1.82 1.96 0.14 0.88    1  8  1
11791 1.99 1.97 1.01 0.80 0.01 0.79    1 1.85 1.96 0.18 0.89    1  8  1
11276 1.98 1.92 1.01 0.82 0.00 0.79    1 1.87 1.99 0.16 0.87    1  8  1
11713 1.96 1.89 1.02 0.79 0.00 0.82    1 1.88 1.99 0.22 0.86    1  8  1
11078 1.97 1.90 1.00 0.80 0.02 0.81    1 1.86 1.99 0.20 0.86    1  8  1
# 2022-12-26 02:11:18 CET: Iteration 13 of 13
# experimentsUsedSoFar: 127136
# remainingBudget: 72864
# currentBudget: 72864
# nbConfigurations: 1024
# Markers:
     x No test is performed.
     c Configurations are discarded only due to capping.
     - The test is performed and some configurations are discarded.
     = The test is performed but no configuration is discarded.
     ! The test is performed and configurations could be discarded but elite configurations are preserved.
     . All alive configurations are elite and nothing is discarded

+-+-----------+-----------+-----------+---------------+-----------+--------+-----+----+------+
| |   Instance|      Alive|       Best|      Mean best| Exp so far|  W time|  rho|KenW|  Qvar|
+-+-----------+-----------+-----------+---------------+-----------+--------+-----+----+------+
|x|         32|       1024|      13185|  -0.2255357888|       1024|00:40:26|   NA|  NA|    NA|
|x|         24|       1024|      12514|  -0.1774295766|       2043|00:40:15|+0.01|0.50|0.9896|
|x|         26|       1024|      12514| -0.05756271000|       3062|00:40:20|+0.05|0.36|0.9495|
|x|         25|       1024|      13056|  0.07316472950|       4081|00:40:33|+0.06|0.29|0.9436|
|-|         15|        433|      13195|  0.05061467568|       5100|00:40:23|-0.13|0.09|1.1068|
|=|          1|        433|      13195|  0.06776662373|       5528|00:17:13|-0.09|0.09|1.0730|
|=|          3|        433|      13195|  0.08398502526|       5956|00:17:15|-0.07|0.09|1.0536|
|=|         29|        433|      13195|  0.08200708510|       6384|00:17:13|-0.05|0.08|1.0394|
|=|          5|        433|      13195|   0.1092065995|       6812|00:17:15|-0.03|0.08|1.0235|
|=|         28|        433|      13195|   0.1353717454|       7240|00:17:19|-0.02|0.08|1.0155|
|=|          2|        433|      13111|   0.1242757336|       7668|00:17:16|-0.02|0.08|1.0087|
|=|         19|        433|      13195|   0.1619736928|       8096|00:17:19|-0.01|0.07|1.0060|
|=|         27|        433|      13195|   0.1645858714|       8524|00:17:17|-0.01|0.07|1.0038|
|=|         30|        433|      13195|   0.1666932103|       8952|00:17:16|-0.01|0.06|1.0028|
|=|          9|        433|      12993|   0.1761170555|       9380|00:17:20|-0.01|0.06|1.0000|
|=|          8|        433|      11791|   0.1713875128|       9808|00:17:14|-0.01|0.06|0.9990|
|=|         21|        433|      11791|   0.1760782550|      10236|00:17:15|-0.00|0.06|0.9966|
|=|          4|        433|      11791|   0.1759551131|      10664|00:17:18|-0.00|0.05|0.9954|
|=|         10|        433|      11791|   0.1746884617|      11092|00:17:17|-0.00|0.05|0.9961|
|=|         17|        433|      11791|   0.1745603643|      11520|00:17:16|-0.00|0.05|0.9945|
|=|         11|        433|      11791|   0.1720581698|      11948|00:17:08|+0.00|0.05|0.9940|
|=|         16|        433|      11791|   0.1837033399|      12376|00:17:13|-0.00|0.04|0.9952|
|=|          7|        433|      10643|   0.1679403887|      12804|00:17:11|+0.00|0.04|0.9941|
|=|          6|        433|      10643|   0.1701361067|      13232|00:17:18|+0.00|0.04|0.9928|
|=|         23|        433|      11791|   0.1888689371|      13660|00:17:15|+0.00|0.04|0.9922|
|=|         13|        433|      11791|   0.1876871346|      14088|00:17:14|+0.00|0.04|0.9928|
|=|         22|        433|      11791|   0.1886885729|      14516|00:17:10|+0.00|0.04|0.9936|
|=|         18|        433|      11791|   0.1911646497|      14944|00:17:10|+0.00|0.04|0.9945|
|=|         12|        433|      10643|   0.1742085942|      15372|00:17:16|+0.00|0.04|0.9944|
|=|         20|        433|      10643|   0.1801092694|      15800|00:17:09|+0.00|0.04|0.9933|
|=|         14|        433|      11791|   0.1998406353|      16228|00:17:18|+0.00|0.03|0.9936|
|=|         31|        433|      10643|   0.1840750784|      16656|00:17:14|+0.00|0.03|0.9933|
|-|         33|        104|      10643|   0.1835371984|      17089|00:17:17|-0.02|0.01|1.0054|
|=|         34|        104|      10643|   0.1854032076|      17193|00:04:24|-0.02|0.01|1.0049|
|=|         35|        104|      10643|   0.1863745106|      17297|00:04:23|-0.02|0.01|1.0026|
+-+-----------+-----------+-----------+---------------+-----------+--------+-----+----+------+
Best-so-far configuration:       10643    mean value:    0.1863745106
Description of the best-so-far configuration:
       .ID.  a0g  a1g  a2g  r0g  r1g  r2g stdg  a0s  a1s  r0s  r1s stds t0 t1 .PARENT.
10643 10643 1.95 1.93 1.01 0.84 0.01 0.81    1 1.82 1.96 0.14 0.88    1  8  1     9284

# 2022-12-26 13:45:36 CET: Elite configurations (first number is the configuration ID; listed from best to worst according to the sum of ranks):
       a0g  a1g  a2g  r0g  r1g  r2g stdg  a0s  a1s  r0s  r1s stds t0 t1
10643 1.95 1.93 1.01 0.84 0.01 0.81    1 1.82 1.96 0.14 0.88    1  8  1
12731 1.98 1.95 1.01 0.82 0.05 0.81    1 1.87 1.93 0.24 0.85    1  8  1
11791 1.99 1.97 1.01 0.80 0.01 0.79    1 1.85 1.96 0.18 0.89    1  8  1
11713 1.96 1.89 1.02 0.79 0.00 0.82    1 1.88 1.99 0.22 0.86    1  8  1
12956 1.97 1.94 1.00 0.85 0.02 0.76    1 1.86 1.98 0.14 0.87    1  8  1
# 2022-12-26 13:45:36 CET: Iteration 14 of 14
# experimentsUsedSoFar: 144433
# remainingBudget: 55567
# currentBudget: 55567
# nbConfigurations: 1024
# Markers:
     x No test is performed.
     c Configurations are discarded only due to capping.
     - The test is performed and some configurations are discarded.
     = The test is performed but no configuration is discarded.
     ! The test is performed and configurations could be discarded but elite configurations are preserved.
     . All alive configurations are elite and nothing is discarded

+-+-----------+-----------+-----------+---------------+-----------+--------+-----+----+------+
| |   Instance|      Alive|       Best|      Mean best| Exp so far|  W time|  rho|KenW|  Qvar|
+-+-----------+-----------+-----------+---------------+-----------+--------+-----+----+------+
|x|         36|       1024|      13450|  -0.2341048436|       1024|00:40:41|   NA|  NA|    NA|
|x|         23|       1024|      13848| -0.07444680640|       2043|00:40:31|+0.03|0.51|0.9559|
|x|         15|       1024|      13599| -0.02727861547|       3062|00:40:18|-0.02|0.32|1.0023|
|x|         16|       1024|      14227|  0.05481594010|       4081|00:40:40|-0.01|0.24|0.9974|
|=|          4|       1024|      13599|  0.03615324280|       5100|00:40:34|+0.00|0.20|0.9860|
|=|         22|       1024|      14023|   0.1681349489|       6119|00:40:33|-0.00|0.17|0.9941|
|=|         10|       1024|      13262|   0.1281808211|       7138|00:40:45|+0.00|0.14|0.9944|
|=|          5|       1024|      13262|   0.1218428832|       8157|00:40:38|+0.01|0.13|0.9923|
|=|         27|       1024|      13262|   0.1284921908|       9176|00:40:29|+0.00|0.11|0.9949|
|=|         32|       1024|      13262|   0.1214795597|      10195|00:40:28|+0.00|0.10|0.9927|
|=|          1|       1024|      13262|   0.1227418855|      11214|00:40:37|+0.01|0.10|0.9889|
|=|         24|       1024|      13262|   0.1338200288|      12233|00:40:32|+0.01|0.09|0.9907|
|-|         18|        230|      13262|   0.1445883213|      13252|00:40:33|-0.06|0.02|1.0490|
|=|         29|        230|      13262|   0.1604439690|      13477|00:09:10|-0.05|0.02|1.0451|
|=|          2|        230|      11791|   0.1893670288|      13702|00:09:13|-0.05|0.02|1.0386|
|=|         11|        230|      11791|   0.1851574820|      13927|00:09:16|-0.04|0.02|1.0353|
|=|         17|        230|      11791|   0.1843909545|      14152|00:09:17|-0.03|0.03|1.0290|
|=|         12|        230|      11791|   0.1888113426|      14377|00:09:20|-0.03|0.03|1.0268|
|=|          7|        230|      14180|   0.1859785251|      14602|00:09:17|-0.03|0.03|1.0241|
|=|         14|        230|      13262|   0.1850157505|      14827|00:09:12|-0.02|0.03|1.0213|
|=|         26|        230|      13262|   0.1807798299|      15052|00:09:16|-0.02|0.03|1.0173|
|=|         33|        230|      13262|   0.1873568588|      15277|00:09:15|-0.02|0.03|1.0142|
|=|          6|        230|      13262|   0.1792402207|      15502|00:09:16|-0.01|0.03|1.0101|
|=|         34|        230|      13262|   0.1863931486|      15727|00:09:09|-0.01|0.03|1.0085|
|=|         31|        230|      13262|   0.1933438618|      15952|00:09:12|-0.01|0.03|1.0073|
|=|          3|        230|      13262|   0.1947108618|      16177|00:09:13|-0.01|0.03|1.0050|
|=|         30|        230|      13978|   0.1880500558|      16402|00:09:14|-0.01|0.03|1.0045|
|=|          9|        230|      13978|   0.1898834017|      16627|00:09:09|-0.01|0.03|1.0036|
|=|         19|        230|      13978|   0.1940407594|      16852|00:09:19|-0.00|0.03|1.0022|
|=|         20|        230|      14018|   0.2077121869|      17077|00:09:14|-0.00|0.03|1.0009|
|=|         21|        230|      14018|   0.2119853577|      17302|00:09:11|-0.00|0.03|0.9996|
|=|         35|        230|      14180|   0.1990272494|      17527|00:09:15|-0.00|0.03|0.9993|
|=|         13|        230|      14180|   0.2012942474|      17752|00:09:10|-0.00|0.03|0.9986|
|=|         28|        230|      14018|   0.2141637515|      17977|00:09:15|-0.00|0.03|0.9976|
|=|          8|        230|      10643|   0.1880287420|      18202|00:09:11|-0.00|0.03|0.9965|
|=|         25|        230|      10643|   0.1934079378|      18427|00:09:17|-0.00|0.03|0.9960|
|=|         37|        230|      13978|   0.2012308416|      18657|00:09:16|+0.00|0.03|0.9948|
+-+-----------+-----------+-----------+---------------+-----------+--------+-----+----+------+
Best-so-far configuration:       13978    mean value:    0.2012308416
Description of the best-so-far configuration:
       .ID.  a0g  a1g a2g  r0g  r1g  r2g stdg  a0s  a1s  r0s  r1s stds t0 t1 .PARENT.
13978 13978 1.99 1.98   1 0.81 0.01 0.78    1 1.84 1.97 0.18 0.88    1  8  1    11791

# 2022-12-27 02:15:03 CET: Elite configurations (first number is the configuration ID; listed from best to worst according to the sum of ranks):
       a0g  a1g  a2g  r0g  r1g  r2g stdg  a0s  a1s  r0s  r1s stds t0 t1
13978 1.99 1.98 1.00 0.81 0.01 0.78    1 1.84 1.97 0.18 0.88    1  8  1
11791 1.99 1.97 1.01 0.80 0.01 0.79    1 1.85 1.96 0.18 0.89    1  8  1
10643 1.95 1.93 1.01 0.84 0.01 0.81    1 1.82 1.96 0.14 0.88    1  8  1
12731 1.98 1.95 1.01 0.82 0.05 0.81    1 1.87 1.93 0.24 0.85    1  8  1
14018 1.98 1.94 1.00 0.88 0.03 0.75    1 1.88 1.99 0.15 0.86    1  8  1
# 2022-12-27 02:15:04 CET: Iteration 15 of 15
# experimentsUsedSoFar: 163090
# remainingBudget: 36910
# currentBudget: 36910
# nbConfigurations: 976
# Markers:
     x No test is performed.
     c Configurations are discarded only due to capping.
     - The test is performed and some configurations are discarded.
     = The test is performed but no configuration is discarded.
     ! The test is performed and configurations could be discarded but elite configurations are preserved.
     . All alive configurations are elite and nothing is discarded

+-+-----------+-----------+-----------+---------------+-----------+--------+-----+----+------+
| |   Instance|      Alive|       Best|      Mean best| Exp so far|  W time|  rho|KenW|  Qvar|
+-+-----------+-----------+-----------+---------------+-----------+--------+-----+----+------+
|x|         38|        976|      14393|  -0.1720995200|        976|00:38:43|   NA|  NA|    NA|
|x|         30|        976|      14945|  -0.1068146792|       1947|00:38:43|+0.04|0.52|0.9560|
|x|         27|        976|      14831|-0.0002872520001|       2918|00:38:16|+0.02|0.35|0.9806|
|x|         22|        976|      14831|  0.07160414630|       3889|00:38:23|+0.02|0.27|0.9794|
|-|         18|        407|      14459|   0.1318530602|       4860|00:38:21|-0.13|0.09|1.1115|
|=|         13|        407|      14831|  0.07948914947|       5262|00:15:55|-0.09|0.09|1.0740|
|=|         20|        407|      14831|  0.09567844423|       5664|00:16:09|-0.07|0.09|1.0537|
|=|         15|        407|      14459|   0.1538216832|       6066|00:16:03|-0.05|0.09|1.0315|
|=|         26|        407|      14459|   0.1803824249|       6468|00:16:07|-0.04|0.08|1.0249|
|=|         17|        407|      14459|   0.1845679497|       6870|00:16:07|-0.03|0.08|1.0176|
|=|          6|        407|      14789|   0.1892196203|       7272|00:16:12|-0.02|0.07|1.0140|
|=|          1|        407|      14789|   0.1980870141|       7674|00:16:04|-0.02|0.06|1.0127|
|=|         36|        407|      14789|   0.2037913097|       8076|00:16:09|-0.02|0.06|1.0093|
|=|         10|        407|      14662|   0.2034395723|       8478|00:16:06|-0.01|0.06|1.0068|
|=|          2|        407|      15035|   0.1951548621|       8880|00:16:12|-0.01|0.05|1.0076|
|=|          7|        407|      14662|   0.2093858686|       9282|00:16:05|-0.01|0.05|1.0082|
|=|         23|        407|      14662|   0.2082425256|       9684|00:16:02|-0.01|0.05|1.0042|
|=|         37|        407|      13978|   0.1901700877|      10086|00:16:12|-0.01|0.05|1.0023|
|=|         19|        407|      13978|   0.1965004396|      10488|00:16:03|-0.00|0.05|1.0004|
|=|         14|        407|      11791|   0.2154198697|      10890|00:16:16|-0.00|0.05|1.0007|
|=|          9|        407|      11791|   0.2083602054|      11292|00:16:08|-0.00|0.04|1.0015|
|=|         16|        407|      14789|   0.2015419419|      11694|00:16:13|-0.00|0.04|1.0013|
|=|         34|        407|      11791|   0.2118953418|      12096|00:16:00|-0.00|0.04|1.0005|
|=|         12|        407|      11791|   0.2140646167|      12498|00:16:05|-0.00|0.04|1.0004|
|=|         31|        407|      12731|   0.1884213537|      12900|00:16:01|-0.00|0.04|0.9992|
|=|         35|        407|      12731|   0.1837434946|      13302|00:16:11|-0.00|0.04|0.9993|
|=|         33|        407|      12731|   0.1835673092|      13704|00:16:07|-0.00|0.04|0.9982|
|=|         32|        407|      12731|   0.1887400574|      14106|00:16:06|-0.00|0.04|0.9975|
|=|         24|        407|      13978|   0.2060995531|      14508|00:15:51|-0.00|0.03|0.9973|
|=|         29|        407|      13978|   0.2067425355|      14910|00:15:54|-0.00|0.03|0.9968|
|=|          8|        407|      13978|   0.2084110335|      15312|00:15:43|+0.00|0.03|0.9964|
|=|          3|        407|      13978|   0.1965324075|      15714|00:15:53|+0.00|0.03|0.9956|
|=|         11|        407|      13978|   0.1926714775|      16116|00:15:45|+0.00|0.03|0.9954|
|=|         28|        407|      13978|   0.1962019975|      16518|00:15:50|+0.00|0.03|0.9955|
|=|         25|        407|      13978|   0.1961921576|      16920|00:15:48|+0.00|0.03|0.9948|
|=|         21|        407|      13978|   0.1964827839|      17322|00:16:14|+0.00|0.03|0.9939|
|-|          4|         67|      13978|   0.1963119266|      17724|00:16:06|-0.02|0.01|0.9997|
|=|          5|         67|      11791|   0.2073091076|      17786|00:02:50|-0.02|0.01|0.9994|
|=|         39|         67|      10643|   0.1961847745|      17853|00:02:55|-0.02|0.01|0.9980|
+-+-----------+-----------+-----------+---------------+-----------+--------+-----+----+------+
Best-so-far configuration:       10643    mean value:    0.1961847745
Description of the best-so-far configuration:
       .ID.  a0g  a1g  a2g  r0g  r1g  r2g stdg  a0s  a1s  r0s  r1s stds t0 t1 .PARENT.
10643 10643 1.95 1.93 1.01 0.84 0.01 0.81    1 1.82 1.96 0.14 0.88    1  8  1     9284

# 2022-12-27 14:07:31 CET: Elite configurations (first number is the configuration ID; listed from best to worst according to the sum of ranks):
       a0g  a1g  a2g  r0g  r1g  r2g stdg  a0s  a1s  r0s  r1s stds t0 t1
10643 1.95 1.93 1.01 0.84 0.01 0.81    1 1.82 1.96 0.14 0.88    1  8  1
13978 1.99 1.98 1.00 0.81 0.01 0.78    1 1.84 1.97 0.18 0.88    1  8  1
11791 1.99 1.97 1.01 0.80 0.01 0.79    1 1.85 1.96 0.18 0.89    1  8  1
12731 1.98 1.95 1.01 0.82 0.05 0.81    1 1.87 1.93 0.24 0.85    1  8  1
14018 1.98 1.94 1.00 0.88 0.03 0.75    1 1.88 1.99 0.15 0.86    1  8  1
# 2022-12-27 14:07:32 CET: Iteration 16 of 16
# experimentsUsedSoFar: 180943
# remainingBudget: 19057
# currentBudget: 19057
# nbConfigurations: 481
# Markers:
     x No test is performed.
     c Configurations are discarded only due to capping.
     - The test is performed and some configurations are discarded.
     = The test is performed but no configuration is discarded.
     ! The test is performed and configurations could be discarded but elite configurations are preserved.
     . All alive configurations are elite and nothing is discarded

+-+-----------+-----------+-----------+---------------+-----------+--------+-----+----+------+
| |   Instance|      Alive|       Best|      Mean best| Exp so far|  W time|  rho|KenW|  Qvar|
+-+-----------+-----------+-----------+---------------+-----------+--------+-----+----+------+
|x|         40|        481|      15400|  -0.2552865228|        481|00:19:15|   NA|  NA|    NA|
|x|         26|        481|      15380|  0.08690053840|        957|00:18:59|-0.04|0.48|1.0518|
|x|          5|        481|      15299|  0.05545894720|       1433|00:19:03|-0.04|0.31|1.0354|
|x|          4|        481|      15324|  0.08970816150|       1909|00:18:59|-0.01|0.24|1.0093|
|=|         32|        481|      15324|   0.1082823527|       2385|00:18:58|-0.00|0.20|1.0024|
|=|         10|        481|      15324|   0.1146874741|       2861|00:19:06|+0.01|0.17|0.9915|
|=|         39|        481|      15324|   0.1045462275|       3337|00:19:00|+0.01|0.15|0.9869|
|=|         17|        481|      15324|   0.1423577246|       3813|00:19:04|+0.01|0.13|0.9868|
|=|          8|        481|      15324|   0.1357873625|       4289|00:19:02|+0.01|0.12|0.9825|
|=|         31|        481|      15600|   0.1184276391|       4765|00:19:03|+0.01|0.11|0.9855|
|=|         37|        481|      15600|   0.1300724697|       5241|00:19:06|+0.01|0.10|0.9870|
|=|         29|        481|      15600|   0.1232297513|       5717|00:19:10|+0.01|0.09|0.9889|
|=|         33|        481|      15378|   0.1712782921|       6193|00:19:00|+0.01|0.08|0.9906|
|=|         24|        481|      15378|   0.1774407607|       6669|00:19:02|+0.01|0.08|0.9930|
|=|         27|        481|      15585|   0.1919733861|       7145|00:19:04|+0.00|0.07|0.9946|
|=|         34|        481|      15585|   0.1871842391|       7621|00:18:57|+0.00|0.06|0.9960|
|=|         20|        481|      15585|   0.1895037550|       8097|00:18:45|+0.00|0.06|0.9932|
|=|         13|        481|      15585|   0.2033441733|       8573|00:18:46|+0.00|0.06|0.9945|
|=|         18|        481|      15585|   0.2007482717|       9049|00:18:51|+0.00|0.06|0.9935|
|=|         16|        481|      15585|   0.2074438567|       9525|00:18:46|+0.01|0.05|0.9922|
|=|         36|        481|      15585|   0.2132859386|      10001|00:18:53|+0.01|0.05|0.9923|
|-|          1|        223|      10643|   0.1893897197|      10477|00:18:59|-0.03|0.02|1.0189|
|=|         28|        223|      10643|   0.1907050371|      10695|00:08:45|-0.02|0.02|1.0148|
|=|          9|        223|      10643|   0.1851676154|      10913|00:08:51|-0.02|0.02|1.0130|
|=|         12|        223|      10643|   0.1813518707|      11131|00:08:49|-0.02|0.02|1.0107|
|=|         23|        223|      10643|   0.1825334176|      11349|00:08:50|-0.02|0.02|1.0093|
|=|         11|        223|      10643|   0.1872380275|      11567|00:08:51|-0.01|0.02|1.0068|
|=|         21|        223|      10643|   0.1828994353|      11785|00:08:51|-0.01|0.02|1.0067|
|=|          2|        223|      10643|   0.1737437170|      12003|00:08:47|-0.01|0.02|1.0068|
|=|         15|        223|      10643|   0.1705998857|      12221|00:08:51|-0.01|0.02|1.0054|
|=|         38|        223|      10643|   0.1783404367|      12439|00:08:49|-0.01|0.02|1.0043|
|=|         19|        223|      10643|   0.1869520082|      12657|00:08:47|-0.01|0.02|1.0038|
|=|          7|        223|      10643|   0.1917776378|      12875|00:08:46|-0.01|0.02|1.0022|
|=|         25|        223|      13978|   0.2151413651|      13093|00:08:54|-0.01|0.02|1.0018|
|=|          3|        223|      13978|   0.2040886118|      13311|00:08:53|-0.01|0.02|1.0012|
|=|         22|        223|      13978|   0.2023849976|      13529|00:08:51|-0.01|0.02|1.0013|
|=|         14|        223|      13978|   0.2066798215|      13747|00:08:47|-0.01|0.02|1.0008|
|=|         30|        223|      13978|   0.1994926791|      13965|00:08:43|-0.01|0.02|1.0000|
|=|          6|        223|      13978|   0.2001884071|      14183|00:08:46|-0.01|0.02|1.0000|
|=|         35|        223|      13978|   0.2053844410|      14401|00:08:45|-0.01|0.02|1.0000|
|=|         41|        223|      10643|   0.1911959160|      14624|00:08:46|-0.01|0.02|0.9994|
+-+-----------+-----------+-----------+---------------+-----------+--------+-----+----+------+
Best-so-far configuration:       10643    mean value:    0.1911959160
Description of the best-so-far configuration:
       .ID.  a0g  a1g  a2g  r0g  r1g  r2g stdg  a0s  a1s  r0s  r1s stds t0 t1 .PARENT.
10643 10643 1.95 1.93 1.01 0.84 0.01 0.81    1 1.82 1.96 0.14 0.88    1  8  1     9284

# 2022-12-27 23:53:13 CET: Elite configurations (first number is the configuration ID; listed from best to worst according to the sum of ranks):
       a0g  a1g  a2g  r0g  r1g  r2g stdg  a0s  a1s  r0s  r1s stds t0 t1
10643 1.95 1.93 1.01 0.84 0.01 0.81    1 1.82 1.96 0.14 0.88    1  8  1
11791 1.99 1.97 1.01 0.80 0.01 0.79    1 1.85 1.96 0.18 0.89    1  8  1
13978 1.99 1.98 1.00 0.81 0.01 0.78    1 1.84 1.97 0.18 0.88    1  8  1
12731 1.98 1.95 1.01 0.82 0.05 0.81    1 1.87 1.93 0.24 0.85    1  8  1
14018 1.98 1.94 1.00 0.88 0.03 0.75    1 1.88 1.99 0.15 0.86    1  8  1
# 2022-12-27 23:53:13 CET: Iteration 17 of 17
# experimentsUsedSoFar: 195567
# remainingBudget: 4433
# currentBudget: 4433
# nbConfigurations: 110
# Markers:
     x No test is performed.
     c Configurations are discarded only due to capping.
     - The test is performed and some configurations are discarded.
     = The test is performed but no configuration is discarded.
     ! The test is performed and configurations could be discarded but elite configurations are preserved.
     . All alive configurations are elite and nothing is discarded

+-+-----------+-----------+-----------+---------------+-----------+--------+-----+----+------+
| |   Instance|      Alive|       Best|      Mean best| Exp so far|  W time|  rho|KenW|  Qvar|
+-+-----------+-----------+-----------+---------------+-----------+--------+-----+----+------+
|x|         42|        110|      15733|  -0.1110267372|        110|00:04:29|   NA|  NA|    NA|
|x|         39|        110|      15758|  0.07667147400|        215|00:04:20|+0.06|0.53|0.9976|
|x|          5|        110|      15758| -0.01896239280|        320|00:04:17|+0.11|0.40|0.8617|
|x|         14|        110|      15774|  0.09670490710|        425|00:04:10|+0.07|0.30|0.9204|
|=|          7|        110|      15733|   0.1209383846|        530|00:04:11|+0.03|0.23|0.9589|
|=|         38|        110|      15756|   0.1804091572|        635|00:04:11|+0.03|0.19|0.9702|
|=|         18|        110|      14018|   0.1777348558|        740|00:04:12|+0.01|0.16|0.9836|
|=|         16|        110|      15758|   0.1598644590|        845|00:04:09|-0.01|0.12|0.9981|
|=|         29|        110|      15790|   0.2035796032|        950|00:03:49|-0.00|0.11|0.9898|
|=|         10|        110|      14018|   0.2043940694|       1055|00:03:51|-0.00|0.10|0.9880|
|=|         35|        110|      15793|   0.2222086963|       1160|00:03:54|-0.01|0.09|0.9900|
|=|         36|        110|      15766|   0.1919129088|       1265|00:04:16|-0.00|0.08|0.9872|
|=|         33|        110|      15766|   0.1951293147|       1370|00:04:08|+0.00|0.08|0.9838|
|=|         34|        110|      15783|   0.1773285547|       1475|00:04:09|+0.01|0.08|0.9800|
|=|         11|        110|      15783|   0.1635411175|       1580|00:04:10|+0.01|0.07|0.9819|
|=|         12|        110|      15783|   0.1685485608|       1685|00:04:10|+0.01|0.07|0.9809|
|=|         17|        110|      15783|   0.1624094916|       1790|00:04:12|+0.01|0.07|0.9771|
|=|         25|        110|      15783|   0.1764954491|       1895|00:04:11|+0.01|0.06|0.9778|
|-|         28|         60|      14018|   0.2179644390|       2000|00:04:04|-0.03|0.03|0.9970|
|=|         26|         60|      14018|   0.2198033304|       2055|00:02:06|-0.02|0.03|0.9973|
|=|         41|         60|      14018|   0.2273633970|       2110|00:02:01|-0.02|0.03|0.9965|
|=|          6|         60|      12731|   0.2208771340|       2165|00:01:57|-0.02|0.03|0.9951|
|=|         27|         60|      12731|   0.2202772720|       2220|00:01:59|-0.02|0.03|0.9928|
|=|          8|         60|      12731|   0.2228326128|       2275|00:01:58|-0.01|0.03|0.9860|
|=|         13|         60|      12731|   0.2209025313|       2330|00:02:01|-0.01|0.03|0.9878|
|=|          4|         60|      15783|   0.2043250673|       2385|00:02:03|-0.01|0.03|0.9866|
|=|         32|         60|      11791|   0.2140134953|       2440|00:02:03|-0.01|0.03|0.9830|
|=|          3|         60|      11791|   0.2124827511|       2495|00:02:05|-0.01|0.03|0.9823|
|=|         15|         60|      14018|   0.2193508695|       2550|00:02:02|-0.00|0.03|0.9812|
|=|         22|         60|      14018|   0.2218156583|       2605|00:02:02|-0.00|0.03|0.9774|
|=|         31|         60|      14018|   0.2184264282|       2660|00:01:58|+0.00|0.03|0.9772|
|=|         37|         60|      14018|   0.2215412161|       2715|00:01:59|+0.00|0.03|0.9766|
|=|         24|         60|      14018|   0.2190050524|       2770|00:01:59|+0.00|0.03|0.9744|
|=|         21|         60|      10643|   0.2052804366|       2825|00:02:00|+0.01|0.03|0.9716|
|=|          1|         60|      10643|   0.1966146394|       2880|00:01:58|+0.01|0.03|0.9701|
|=|         40|         60|      10643|   0.1991552852|       2935|00:01:59|+0.01|0.03|0.9695|
|=|         20|         60|      11791|   0.2154292882|       2990|00:01:58|+0.01|0.03|0.9709|
|=|         19|         60|      11791|   0.2166962747|       3045|00:01:58|+0.00|0.03|0.9724|
|=|         23|         60|      11791|   0.2128406332|       3100|00:01:56|+0.01|0.03|0.9722|
|=|          2|         60|      11791|   0.2134153290|       3155|00:01:54|+0.01|0.03|0.9707|
|-|          9|         23|      11791|   0.2098482946|       3210|00:02:00|-0.01|0.02|0.9651|
|=|         30|         23|      11791|   0.2071174576|       3228|00:00:41|-0.00|0.02|0.9613|
|=|         43|         23|      11791|   0.2037376504|       3251|00:01:08|-0.00|0.02|0.9625|
+-+-----------+-----------+-----------+---------------+-----------+--------+-----+----+------+
Best-so-far configuration:       11791    mean value:    0.2037376504
Description of the best-so-far configuration:
       .ID.  a0g  a1g  a2g r0g  r1g  r2g stdg  a0s  a1s  r0s  r1s stds t0 t1 .PARENT.
11791 11791 1.99 1.97 1.01 0.8 0.01 0.79    1 1.85 1.96 0.18 0.89    1  8  1     9796

# 2022-12-28 01:58:15 CET: Elite configurations (first number is the configuration ID; listed from best to worst according to the sum of ranks):
       a0g  a1g  a2g  r0g  r1g  r2g stdg  a0s  a1s  r0s  r1s stds t0 t1
11791 1.99 1.97 1.01 0.80 0.01 0.79    1 1.85 1.96 0.18 0.89    1  8  1
10643 1.95 1.93 1.01 0.84 0.01 0.81    1 1.82 1.96 0.14 0.88    1  8  1
13978 1.99 1.98 1.00 0.81 0.01 0.78    1 1.84 1.97 0.18 0.88    1  8  1
12731 1.98 1.95 1.01 0.82 0.05 0.81    1 1.87 1.93 0.24 0.85    1  8  1
15789 1.98 1.95 1.02 0.87 0.05 0.75    1 1.87 1.97 0.15 0.86    1  8  1
# 2022-12-28 01:58:15 CET: Iteration 18 of 18
# experimentsUsedSoFar: 198818
# remainingBudget: 1182
# currentBudget: 1182
# nbConfigurations: 31
# Markers:
     x No test is performed.
     c Configurations are discarded only due to capping.
     - The test is performed and some configurations are discarded.
     = The test is performed but no configuration is discarded.
     ! The test is performed and configurations could be discarded but elite configurations are preserved.
     . All alive configurations are elite and nothing is discarded

+-+-----------+-----------+-----------+---------------+-----------+--------+-----+----+------+
| |   Instance|      Alive|       Best|      Mean best| Exp so far|  W time|  rho|KenW|  Qvar|
+-+-----------+-----------+-----------+---------------+-----------+--------+-----+----+------+
|x|         44|         31|      15839|  -0.2969632680|         31|00:01:14|   NA|  NA|    NA|
|x|         42|         31|      15842|   0.1714418956|         57|00:01:11|-0.20|0.40|1.3065|
|x|         23|         31|      15827|   0.1145817497|         83|00:01:10|-0.02|0.32|1.0610|
|x|         31|         31|      12731|   0.1135976103|        109|00:01:10|-0.09|0.18|1.0707|
|=|         29|         31|      15843|   0.1930882563|        135|00:01:10|-0.06|0.15|1.0650|
|=|         11|         31|      12731|   0.1404098119|        161|00:01:13|-0.03|0.14|1.0206|
|=|          1|         31|      15827|   0.1990879135|        187|00:01:09|-0.02|0.13|1.0055|
|=|         34|         31|      11791|   0.1885778204|        213|00:01:08|-0.02|0.11|0.9969|
|=|          8|         31|      11791|   0.1577419591|        239|00:01:09|-0.01|0.10|0.9862|
|=|         36|         31|      11791|   0.1645266820|        265|00:01:13|-0.00|0.10|0.9756|
|=|         28|         31|      11791|   0.1604323687|        291|00:01:13|+0.01|0.10|0.9695|
|=|         15|         31|      11791|   0.1677084017|        317|00:01:12|+0.01|0.09|0.9617|
|=|          9|         31|      11791|   0.1599744415|        343|00:01:14|+0.02|0.10|0.9446|
|=|         35|         31|      12731|   0.1630476257|        369|00:01:09|+0.03|0.10|0.9416|
|=|         18|         31|      11791|   0.1759558724|        395|00:01:09|+0.02|0.08|0.9565|
|=|         21|         31|      12731|   0.1648216895|        421|00:01:09|+0.03|0.09|0.9388|
|=|         14|         31|      11791|   0.1844912615|        447|00:01:10|+0.01|0.07|0.9548|
|=|          4|         31|      11791|   0.1839007304|        473|00:01:09|+0.01|0.06|0.9592|
|=|         10|         31|      11791|   0.1822158885|        499|00:01:13|+0.01|0.06|0.9537|
|=|         26|         31|      11791|   0.1938893035|        525|00:01:09|+0.01|0.06|0.9540|
|=|         12|         31|      11791|   0.1972259053|        551|00:01:09|+0.02|0.07|0.9458|
|=|         19|         31|      11791|   0.2002417631|        577|00:01:08|+0.02|0.06|0.9480|
|=|         38|         31|      11791|   0.1988906743|        603|00:01:13|+0.02|0.06|0.9516|
|-|         40|         11|      11791|   0.1933155053|        629|00:01:13|-0.01|0.03|0.9240|
|=|         32|         11|      11791|   0.1852219127|        635|00:00:31|-0.01|0.03|0.9205|
|=|         39|         11|      11791|   0.1925144542|        641|00:00:32|-0.01|0.03|0.9187|
|=|          7|         11|      11791|   0.2007170405|        647|00:00:32|-0.02|0.02|0.9240|
|=|         33|         11|      12731|   0.2023112371|        653|00:00:31|-0.01|0.02|0.9234|
|=|          5|         11|      11791|   0.2020646332|        659|00:00:31|-0.01|0.02|0.9187|
|=|         43|         11|      11791|   0.1973886702|        665|00:00:31|-0.02|0.02|0.9211|
|=|         13|         11|      11791|   0.1961226509|        671|00:00:31|-0.01|0.02|0.9169|
|=|         30|         11|      11791|   0.1929673538|        677|00:00:31|-0.00|0.03|0.9094|
|=|          3|         11|      11791|   0.1923063023|        683|00:00:32|-0.00|0.03|0.9101|
|=|         22|         11|      11791|   0.1929657042|        689|00:00:32|+0.00|0.03|0.9073|
|=|          6|         11|      11791|   0.1931649529|        695|00:00:31|+0.01|0.03|0.9031|
|=|         24|         11|      11791|   0.1954195161|        701|00:00:31|+0.01|0.04|0.9013|
|=|         25|         11|      13978|   0.2083453200|        707|00:00:31|+0.01|0.03|0.9011|
|=|         41|         11|      11791|   0.2013317853|        713|00:00:31|+0.01|0.03|0.8998|
|=|         16|         11|      11791|   0.2071502501|        719|00:00:31|+0.01|0.03|0.8991|
|=|          2|         11|      10643|   0.1932455552|        725|00:00:31|+0.01|0.04|0.8961|
|=|         17|         11|      10643|   0.1898162607|        731|00:00:31|+0.01|0.04|0.8959|
|=|         27|         11|      10643|   0.1936448171|        737|00:00:31|+0.02|0.04|0.8940|
|=|         37|         11|      13978|   0.2107751313|        743|00:00:32|+0.02|0.04|0.8931|
|=|         20|         11|      11791|   0.2064798632|        749|00:00:32|+0.01|0.04|0.8948|
|=|         45|         11|      11791|   0.2087181836|        760|00:00:36|+0.01|0.03|0.8972|
+-+-----------+-----------+-----------+---------------+-----------+--------+-----+----+------+
Best-so-far configuration:       11791    mean value:    0.2087181836
Description of the best-so-far configuration:
       .ID.  a0g  a1g  a2g r0g  r1g  r2g stdg  a0s  a1s  r0s  r1s stds t0 t1 .PARENT.
11791 11791 1.99 1.97 1.01 0.8 0.01 0.79    1 1.85 1.96 0.18 0.89    1  8  1     9796

# 2022-12-28 02:38:00 CET: Elite configurations (first number is the configuration ID; listed from best to worst according to the sum of ranks):
       a0g  a1g  a2g  r0g  r1g  r2g stdg  a0s  a1s  r0s  r1s stds t0 t1
11791 1.99 1.97 1.01 0.80 0.01 0.79    1 1.85 1.96 0.18 0.89    1  8  1
10643 1.95 1.93 1.01 0.84 0.01 0.81    1 1.82 1.96 0.14 0.88    1  8  1
13978 1.99 1.98 1.00 0.81 0.01 0.78    1 1.84 1.97 0.18 0.88    1  8  1
12731 1.98 1.95 1.01 0.82 0.05 0.81    1 1.87 1.93 0.24 0.85    1  8  1
15789 1.98 1.95 1.02 0.87 0.05 0.75    1 1.87 1.97 0.15 0.86    1  8  1
# 2022-12-28 02:38:00 CET: Iteration 19 of 19
# experimentsUsedSoFar: 199578
# remainingBudget: 422
# currentBudget: 422
# nbConfigurations: 14
# Markers:
     x No test is performed.
     c Configurations are discarded only due to capping.
     - The test is performed and some configurations are discarded.
     = The test is performed but no configuration is discarded.
     ! The test is performed and configurations could be discarded but elite configurations are preserved.
     . All alive configurations are elite and nothing is discarded

+-+-----------+-----------+-----------+---------------+-----------+--------+-----+----+------+
| |   Instance|      Alive|       Best|      Mean best| Exp so far|  W time|  rho|KenW|  Qvar|
+-+-----------+-----------+-----------+---------------+-----------+--------+-----+----+------+
|x|         46|         14|      15855|  0.05648613920|         14|00:00:36|   NA|  NA|    NA|
|x|          2|         14|      15860|  0.07460499480|         23|00:00:33|+0.35|0.67|0.6576|
|x|         29|         14|      15860|  0.04722132227|         32|00:00:33|+0.13|0.42|0.6763|
|x|          3|         14|      15860|  0.07920707580|         41|00:00:31|+0.27|0.45|0.6655|
|-|         32|          7|      15860|   0.1021785999|         50|00:00:35|+0.06|0.25|0.8405|
|=|         37|          7|      13978|   0.1201006689|         52|00:00:30|+0.03|0.19|0.8466|
|=|          7|          7|      13978|   0.1431777477|         54|00:00:32|-0.04|0.11|0.8936|
|=|         15|          7|      13978|   0.1581666593|         56|00:00:29|-0.06|0.07|0.9096|
|=|         16|          7|      13978|   0.1805646620|         58|00:00:29|-0.09|0.03|0.9240|
|=|         20|          7|      13978|   0.1982279886|         60|00:00:29|-0.10|0.01|0.9206|
|=|          9|          7|      13978|   0.2019694207|         62|00:00:31|-0.09|0.01|0.9184|
|=|         33|          7|      13978|   0.2046254740|         64|00:00:28|-0.07|0.02|0.9004|
|=|          6|          7|      12731|   0.2167119402|         66|00:00:28|-0.06|0.02|0.8934|
|=|         23|          7|      12731|   0.1787494312|         68|00:00:32|-0.05|0.02|0.8862|
|=|         40|          7|      13978|   0.1996137489|         70|00:00:28|-0.05|0.02|0.8926|
|=|         10|          7|      13978|   0.1970088419|         72|00:00:28|-0.04|0.03|0.8830|
|=|         11|          7|      13978|   0.1894860700|         74|00:00:29|-0.02|0.04|0.8685|
|=|         25|          7|      13978|   0.1898400440|         76|00:00:28|-0.01|0.05|0.8574|
|=|         27|          7|      13978|   0.1787044216|         78|00:00:28|-0.00|0.05|0.8553|
|=|         38|          7|      13978|   0.1818104634|         80|00:00:29|+0.01|0.06|0.8513|
|=|         45|          7|      12731|   0.1844166955|         82|00:00:28|+0.01|0.06|0.8454|
|=|         28|          7|      11791|   0.2176976922|         84|00:00:33|+0.01|0.05|0.8452|
|=|         24|          7|      13978|   0.1908487822|         86|00:00:28|+0.00|0.05|0.8484|
|=|         12|          7|      13978|   0.1872616018|         88|00:00:28|+0.01|0.05|0.8421|
|=|          4|          7|      13978|   0.1873775803|         90|00:00:28|-0.00|0.04|0.8493|
|=|          8|          7|      13978|   0.1901117493|         92|00:00:27|-0.00|0.04|0.8524|
|=|         19|          7|      11791|   0.2102269608|         94|00:00:29|+0.00|0.04|0.8449|
|=|         42|          7|      11791|   0.2078205884|         96|00:00:28|+0.00|0.04|0.8462|
|=|         22|          7|      11791|   0.2080587049|         98|00:00:28|+0.00|0.04|0.8489|
|=|         13|          7|      13978|   0.1930860451|        100|00:00:28|+0.01|0.05|0.8391|
|=|         31|          7|      13978|   0.1885356258|        102|00:00:28|+0.02|0.05|0.8377|
|=|         41|          7|      13978|   0.1974582773|        104|00:00:28|+0.00|0.04|0.8469|
|=|         39|          7|      13978|   0.2015697824|        106|00:00:28|+0.00|0.03|0.8474|
|=|         18|          7|      13978|   0.2045979963|        108|00:00:28|+0.01|0.03|0.8443|
|=|         35|          7|      13978|   0.2104103325|        110|00:00:28|+0.00|0.03|0.8450|
|=|         17|          7|      11791|   0.2184973381|        112|00:00:28|-0.00|0.03|0.8474|
|=|         26|          7|      13978|   0.2133135666|        114|00:00:28|+0.00|0.03|0.8423|
|=|         30|          7|      13978|   0.2059518520|        116|00:00:29|+0.01|0.04|0.8360|
|=|         34|          7|      11791|   0.2165773882|        118|00:00:28|+0.01|0.03|0.8421|
|=|         21|          7|      10643|   0.1946618279|        120|00:00:28|+0.01|0.04|0.8366|
|=|          5|          7|      10643|   0.1938955149|        122|00:00:28|+0.01|0.04|0.8383|
|=|         14|          7|      11791|   0.2125467482|        124|00:00:28|+0.01|0.03|0.8440|
|=|         43|          7|      11791|   0.2090406784|        126|00:00:28|+0.01|0.03|0.8416|
|=|         44|          7|      11791|   0.2116623679|        128|00:00:28|+0.01|0.03|0.8438|
|=|          1|          7|      11791|   0.2108770198|        130|00:00:28|+0.02|0.04|0.8403|
|=|         36|          7|      11791|   0.2111968496|        132|00:00:28|+0.01|0.04|0.8401|
|=|         47|          7|      11791|   0.2155247113|        139|00:00:32|+0.02|0.04|0.8370|
+-+-----------+-----------+-----------+---------------+-----------+--------+-----+----+------+
Best-so-far configuration:       11791    mean value:    0.2155247113
Description of the best-so-far configuration:
       .ID.  a0g  a1g  a2g r0g  r1g  r2g stdg  a0s  a1s  r0s  r1s stds t0 t1 .PARENT.
11791 11791 1.99 1.97 1.01 0.8 0.01 0.79    1 1.85 1.96 0.18 0.89    1  8  1     9796

# 2022-12-28 03:01:17 CET: Elite configurations (first number is the configuration ID; listed from best to worst according to the sum of ranks):
       a0g  a1g  a2g  r0g  r1g  r2g stdg  a0s  a1s  r0s  r1s stds t0 t1
11791 1.99 1.97 1.01 0.80 0.01 0.79    1 1.85 1.96 0.18 0.89    1  8  1
10643 1.95 1.93 1.01 0.84 0.01 0.81    1 1.82 1.96 0.14 0.88    1  8  1
12731 1.98 1.95 1.01 0.82 0.05 0.81    1 1.87 1.93 0.24 0.85    1  8  1
13978 1.99 1.98 1.00 0.81 0.01 0.78    1 1.84 1.97 0.18 0.88    1  8  1
15789 1.98 1.95 1.02 0.87 0.05 0.75    1 1.87 1.97 0.15 0.86    1  8  1
# 2022-12-28 03:01:17 CET: Iteration 20 of 20
# experimentsUsedSoFar: 199717
# remainingBudget: 283
# currentBudget: 283
# nbConfigurations: 10
# Markers:
     x No test is performed.
     c Configurations are discarded only due to capping.
     - The test is performed and some configurations are discarded.
     = The test is performed but no configuration is discarded.
     ! The test is performed and configurations could be discarded but elite configurations are preserved.
     . All alive configurations are elite and nothing is discarded

+-+-----------+-----------+-----------+---------------+-----------+--------+-----+----+------+
| |   Instance|      Alive|       Best|      Mean best| Exp so far|  W time|  rho|KenW|  Qvar|
+-+-----------+-----------+-----------+---------------+-----------+--------+-----+----+------+
|x|         48|         10|      15865|  0.09699613000|         10|00:00:32|   NA|  NA|    NA|
|x|         30|         10|      12731|   0.1326577386|         15|00:00:33|-0.67|0.16|1.4741|
|x|         35|         10|      12731|   0.1107041651|         20|00:00:30|-0.20|0.20|1.1150|
|x|          8|         10|      10643|  0.09519125150|         25|00:00:31|-0.12|0.16|1.0163|
|=|         23|         10|      12731|  0.05979095200|         30|00:00:31|-0.07|0.14|0.9224|
|=|         42|         10|      15863|   0.1657035151|         35|00:00:30|-0.05|0.13|0.9290|
|=|         19|         10|      11791|   0.1612205800|         40|00:00:30|-0.05|0.10|0.9335|
|=|         11|         10|      11791|   0.1563197926|         45|00:00:30|-0.06|0.08|0.9479|
|=|         18|         10|      11791|   0.1676196738|         50|00:00:30|-0.04|0.08|0.9267|
|=|         29|         10|      11791|   0.1786506382|         55|00:00:33|-0.02|0.09|0.9122|
|=|          9|         10|      11791|   0.1685157547|         60|00:00:30|+0.01|0.10|0.8885|
|=|         16|         10|      11791|   0.1901604345|         65|00:00:30|+0.01|0.09|0.8979|
|=|          7|         10|      12731|   0.1591978482|         70|00:00:30|+0.02|0.10|0.8847|
|=|         41|         10|      12731|   0.1677955964|         75|00:00:30|+0.03|0.10|0.8842|
|=|         40|         10|      11791|   0.1999613406|         80|00:00:31|+0.03|0.09|0.8834|
|=|         21|         10|      12731|   0.1723691952|         85|00:00:31|+0.04|0.10|0.8683|
|=|         47|         10|      12731|   0.1802010754|         90|00:00:31|+0.03|0.09|0.8687|
|=|          1|         10|      10643|   0.1732949215|         95|00:00:31|+0.02|0.08|0.8725|
|=|         17|         10|      10643|   0.1669448981|        100|00:00:30|+0.04|0.09|0.8596|
|=|          5|         10|      10643|   0.1667598031|        105|00:00:30|+0.04|0.09|0.8586|
|=|         25|         10|      10643|   0.1769940883|        110|00:00:31|+0.03|0.07|0.8650|
|=|         28|         10|      10643|   0.1789326306|        115|00:00:31|+0.03|0.08|0.8605|
|=|         46|         10|      10643|   0.1827955157|        120|00:00:30|+0.03|0.07|0.8616|
|=|         45|         10|      11791|   0.2134811809|        125|00:00:30|+0.04|0.08|0.8606|
|=|          6|         10|      11791|   0.2129395099|        130|00:00:31|+0.04|0.07|0.8595|
|-|          4|          8|      10643|   0.1882995274|        135|00:00:30|+0.01|0.04|0.8617|
|=|         22|          8|      10643|   0.1884799855|        138|00:00:29|+0.01|0.04|0.8556|
|=|         14|          8|      11791|   0.2127842374|        141|00:00:30|+0.01|0.04|0.8526|
|=|          3|          8|      11791|   0.2113486656|        144|00:00:29|+0.00|0.04|0.8574|
|=|         38|          8|      11791|   0.2099426008|        147|00:00:30|+0.00|0.04|0.8601|
|=|         33|          8|      11791|   0.2179148505|        150|00:00:29|-0.00|0.03|0.8624|
|=|         44|          8|      11791|   0.2212423557|        153|00:00:29|+0.00|0.03|0.8576|
|=|         27|          8|      11791|   0.2186374920|        156|00:00:29|+0.00|0.03|0.8548|
|=|         15|          8|      11791|   0.2194935882|        159|00:00:30|+0.01|0.04|0.8505|
|=|         39|          8|      11791|   0.2239317140|        162|00:00:29|+0.01|0.04|0.8445|
|=|         36|          8|      11791|   0.2239777550|        165|00:00:29|+0.01|0.04|0.8474|
|=|         31|          8|      10643|   0.2063220174|        168|00:00:29|+0.01|0.04|0.8505|
|=|         43|          8|      15789|   0.2131614173|        171|00:00:30|+0.01|0.03|0.8531|
|=|         20|          8|      15789|   0.2047875485|        174|00:00:30|+0.01|0.04|0.8492|
|=|         37|          8|      15789|   0.2047420808|        177|00:00:30|+0.01|0.04|0.8499|
|=|          2|          8|      11791|   0.2232400392|        180|00:00:29|+0.01|0.03|0.8529|
|=|         26|          8|      10643|   0.2039244000|        183|00:00:30|+0.01|0.03|0.8553|
|=|         24|          8|      10643|   0.2042555009|        186|00:00:29|+0.01|0.03|0.8557|
|=|         32|          8|      11791|   0.2234961525|        189|00:00:29|+0.01|0.03|0.8534|
|=|         12|          8|      10643|   0.2063897224|        192|00:00:29|+0.01|0.03|0.8524|
|=|         34|          8|      10643|   0.2072721526|        195|00:00:29|+0.01|0.03|0.8581|
|=|         10|          8|      11791|   0.2195628515|        198|00:00:29|+0.01|0.03|0.8546|
|=|         13|          8|      11791|   0.2182832520|        201|00:00:29|+0.01|0.03|0.8529|
|=|         49|          8|      11791|   0.2127160972|        209|00:00:31|+0.02|0.04|0.8511|
+-+-----------+-----------+-----------+---------------+-----------+--------+-----+----+------+
Best-so-far configuration:       11791    mean value:    0.2127160972
Description of the best-so-far configuration:
       .ID.  a0g  a1g  a2g r0g  r1g  r2g stdg  a0s  a1s  r0s  r1s stds t0 t1 .PARENT.
11791 11791 1.99 1.97 1.01 0.8 0.01 0.79    1 1.85 1.96 0.18 0.89    1  8  1     9796

# 2022-12-28 03:26:17 CET: Elite configurations (first number is the configuration ID; listed from best to worst according to the sum of ranks):
       a0g  a1g  a2g  r0g  r1g  r2g stdg  a0s  a1s  r0s  r1s stds t0 t1
11791 1.99 1.97 1.01 0.80 0.01 0.79    1 1.85 1.96 0.18 0.89    1  8  1
10643 1.95 1.93 1.01 0.84 0.01 0.81    1 1.82 1.96 0.14 0.88    1  8  1
12731 1.98 1.95 1.01 0.82 0.05 0.81    1 1.87 1.93 0.24 0.85    1  8  1
15789 1.98 1.95 1.02 0.87 0.05 0.75    1 1.87 1.97 0.15 0.86    1  8  1
13978 1.99 1.98 1.00 0.81 0.01 0.78    1 1.84 1.97 0.18 0.88    1  8  1
# 2022-12-28 03:26:17 CET: Iteration 21 of 21
# experimentsUsedSoFar: 199926
# remainingBudget: 74
# currentBudget: 74
# nbConfigurations: 6
# Markers:
     x No test is performed.
     c Configurations are discarded only due to capping.
     - The test is performed and some configurations are discarded.
     = The test is performed but no configuration is discarded.
     ! The test is performed and configurations could be discarded but elite configurations are preserved.
     . All alive configurations are elite and nothing is discarded

+-+-----------+-----------+-----------+---------------+-----------+--------+-----+----+------+
| |   Instance|      Alive|       Best|      Mean best| Exp so far|  W time|  rho|KenW|  Qvar|
+-+-----------+-----------+-----------+---------------+-----------+--------+-----+----+------+
|x|         50|          6|      11791|   0.2202580524|          6|00:00:34|   NA|  NA|    NA|
|x|         36|          6|      11791|   0.2229236204|          7|00:00:28|+0.09|0.54|0.5974|
|x|         37|          6|      11791|   0.1920854364|          8|00:00:28|-0.01|0.33|0.8172|
|x|         34|          6|      11791|   0.1615082361|          9|00:00:28|-0.11|0.16|0.9112|
|=|         35|          6|      11791|   0.1895369133|         10|00:00:27|-0.05|0.16|0.8664|
|=|         16|          6|      15789|   0.1644048281|         11|00:00:28|-0.03|0.14|0.8468|
|=|         22|          6|      15789|   0.1626525808|         12|00:00:27|-0.04|0.11|0.8450|
|=|         15|          6|      15789|   0.2017130256|         13|00:00:28|-0.04|0.09|0.8692|
|=|         31|          6|      10643|   0.2073366768|         14|00:00:28|-0.02|0.10|0.8460|
|=|          3|          6|      15789|   0.1858280032|         15|00:00:28|+0.01|0.11|0.8300|
|=|         48|          6|      15789|   0.1968859383|         16|00:00:27|+0.02|0.11|0.8283|
|=|         43|          6|      15789|   0.1843624293|         17|00:00:27|+0.03|0.12|0.8093|
|=|         23|          6|      15789|   0.2002133062|         18|00:00:28|+0.03|0.11|0.8087|
|=|         19|          6|      11791|   0.2198708660|         19|00:00:27|+0.03|0.10|0.8062|
|=|         10|          6|      11791|   0.2153387239|         20|00:00:28|+0.03|0.10|0.8092|
|=|         21|          6|      12731|   0.1779785842|         21|00:00:28|+0.03|0.09|0.8047|
|=|          5|          6|      11791|   0.2038025244|         22|00:00:27|+0.01|0.07|0.8238|
|=|         32|          6|      11791|   0.1919788114|         23|00:00:28|+0.02|0.08|0.8139|
|=|         44|          6|      11791|   0.1989480854|         24|00:00:29|+0.00|0.06|0.8327|
|=|         38|          6|      11791|   0.1974590172|         25|00:00:27|+0.01|0.06|0.8281|
|=|         24|          6|      11791|   0.2011195034|         26|00:00:29|+0.01|0.06|0.8300|
|=|         46|          6|      11791|   0.2066475631|         27|00:00:28|+0.01|0.06|0.8260|
|=|         45|          6|      11791|   0.2110195943|         28|00:00:29|+0.03|0.07|0.8172|
|=|          7|          6|      11791|   0.2194764564|         29|00:00:28|+0.02|0.07|0.8165|
|=|         14|          6|      11791|   0.2205327274|         30|00:00:28|+0.03|0.07|0.8108|
|=|         17|          6|      11791|   0.2186709499|         31|00:00:28|+0.03|0.07|0.8099|
|=|         49|          6|      11791|   0.2085532359|         32|00:00:28|+0.04|0.08|0.8027|
|-|         27|          5|      11791|   0.2059364008|         33|00:00:28|-0.01|0.03|0.7971|
|.|         18|          5|      11791|   0.2077323430|         33|00:00:00|-0.01|0.03|0.8021|
|.|         40|          5|      11791|   0.2029774855|         33|00:00:00|+0.00|0.03|0.7971|
|.|         25|          5|      11791|   0.2085937367|         33|00:00:00|-0.00|0.03|0.7986|
|.|         29|          5|      11791|   0.2107604736|         33|00:00:00|+0.00|0.03|0.7993|
|.|         13|          5|      11791|   0.2091659766|         33|00:00:00|+0.01|0.04|0.7994|
|.|         41|          5|      11791|   0.2100265064|         33|00:00:00|+0.00|0.03|0.8057|
|.|         30|          5|      11791|   0.2067444103|         33|00:00:00|-0.01|0.02|0.8088|
|.|         33|          5|      11791|   0.2136982417|         33|00:00:00|-0.01|0.01|0.8123|
|.|         47|          5|      11791|   0.2191281906|         33|00:00:00|-0.02|0.01|0.8155|
|.|          8|          5|      11791|   0.2110210032|         33|00:00:00|-0.02|0.01|0.8166|
|.|         20|          5|      11791|   0.2141386270|         33|00:00:00|-0.02|0.01|0.8160|
|.|         26|          5|      11791|   0.2191772660|         33|00:00:00|-0.02|0.01|0.8181|
|.|         39|          5|      11791|   0.2229736252|         33|00:00:00|-0.02|0.00|0.8187|
|.|          4|          5|      11791|   0.2218042937|         33|00:00:00|-0.02|0.00|0.8186|
|.|         12|          5|      11791|   0.2227846110|         33|00:00:00|-0.02|0.00|0.8182|
|.|          6|          5|      11791|   0.2222654018|         33|00:00:00|-0.02|0.00|0.8164|
|.|         28|          5|      11791|   0.2199814870|         33|00:00:00|-0.02|0.01|0.8154|
|.|          9|          5|      11791|   0.2166594312|         33|00:00:00|-0.02|0.01|0.8147|
|.|          1|          5|      11791|   0.2158011817|         33|00:00:00|-0.01|0.01|0.8139|
|.|          2|          5|      11791|   0.2162184167|         33|00:00:00|-0.01|0.01|0.8123|
|.|         11|          5|      11791|   0.2142958834|         33|00:00:00|-0.01|0.01|0.8117|
|.|         42|          5|      11791|   0.2128669363|         33|00:00:00|-0.01|0.01|0.8122|
+-+-----------+-----------+-----------+---------------+-----------+--------+-----+----+------+
Best-so-far configuration:       11791    mean value:    0.2128669363
Description of the best-so-far configuration:
       .ID.  a0g  a1g  a2g r0g  r1g  r2g stdg  a0s  a1s  r0s  r1s stds t0 t1 .PARENT.
11791 11791 1.99 1.97 1.01 0.8 0.01 0.79    1 1.85 1.96 0.18 0.89    1  8  1     9796

# 2022-12-28 03:39:36 CET: Elite configurations (first number is the configuration ID; listed from best to worst according to the sum of ranks):
       a0g  a1g  a2g  r0g  r1g  r2g stdg  a0s  a1s  r0s  r1s stds t0 t1
11791 1.99 1.97 1.01 0.80 0.01 0.79    1 1.85 1.96 0.18 0.89    1  8  1
10643 1.95 1.93 1.01 0.84 0.01 0.81    1 1.82 1.96 0.14 0.88    1  8  1
12731 1.98 1.95 1.01 0.82 0.05 0.81    1 1.87 1.93 0.24 0.85    1  8  1
15789 1.98 1.95 1.02 0.87 0.05 0.75    1 1.87 1.97 0.15 0.86    1  8  1
13978 1.99 1.98 1.00 0.81 0.01 0.78    1 1.84 1.97 0.18 0.88    1  8  1
# 2022-12-28 03:39:36 CET: Stopped because there is not enough budget left to race more than the minimum (5)
# You may either increase the budget or set 'minNbSurvival' to a lower value
# Iteration: 22
# nbIterations: 22
# experimentsUsedSoFar: 199959
# timeUsed: 0
# remainingBudget: 41
# currentBudget: 41
# number of elites: 5
# nbConfigurations: 5
# Best configurations (first number is the configuration ID; listed from best to worst according to the sum of ranks):
       a0g  a1g  a2g  r0g  r1g  r2g stdg  a0s  a1s  r0s  r1s stds t0 t1
11791 1.99 1.97 1.01 0.80 0.01 0.79    1 1.85 1.96 0.18 0.89    1  8  1
10643 1.95 1.93 1.01 0.84 0.01 0.81    1 1.82 1.96 0.14 0.88    1  8  1
12731 1.98 1.95 1.01 0.82 0.05 0.81    1 1.87 1.93 0.24 0.85    1  8  1
15789 1.98 1.95 1.02 0.87 0.05 0.75    1 1.87 1.97 0.15 0.86    1  8  1
13978 1.99 1.98 1.00 0.81 0.01 0.78    1 1.84 1.97 0.18 0.88    1  8  1
# Best configurations as commandlines (first number is the configuration ID; same order as above):
11791  --a0g 1.99 --a1g 1.97 --a2g 1.01 --r0g 0.8 --r1g 0.01 --r2g 0.79 --stdg 1 --a0s 1.85 --a1s 1.96 --r0s 0.18 --r1s 0.89 --stds 1 --t0 8 --t1 1
10643  --a0g 1.95 --a1g 1.93 --a2g 1.01 --r0g 0.84 --r1g 0.01 --r2g 0.81 --stdg 1 --a0s 1.82 --a1s 1.96 --r0s 0.14 --r1s 0.88 --stds 1 --t0 8 --t1 1
12731  --a0g 1.98 --a1g 1.95 --a2g 1.01 --r0g 0.82 --r1g 0.05 --r2g 0.81 --stdg 1 --a0s 1.87 --a1s 1.93 --r0s 0.24 --r1s 0.85 --stds 1 --t0 8 --t1 1
15789  --a0g 1.98 --a1g 1.95 --a2g 1.02 --r0g 0.87 --r1g 0.05 --r2g 0.75 --stdg 1 --a0s 1.87 --a1s 1.97 --r0s 0.15 --r1s 0.86 --stds 1 --t0 8 --t1 1
13978  --a0g 1.99 --a1g 1.98 --a2g 1 --r0g 0.81 --r1g 0.01 --r2g 0.78 --stdg 1 --a0s 1.84 --a1s 1.97 --r0s 0.18 --r1s 0.88 --stds 1 --t0 8 --t1 1
