#------------------------------------------------------------------------------
# irace: An implementation in R of (Elitist) Iterated Racing
# Version: 3.4.1.9fcaeaf
# Copyright (C) 2010-2020
# Manuel Lopez-Ibanez     <manuel.lopez-ibanez@manchester.ac.uk>
# Jeremie Dubois-Lacoste  
# Leslie Perez Caceres    <leslie.perez.caceres@ulb.ac.be>
#
# This is free software, and you are welcome to redistribute it under certain
# conditions.  See the GNU General Public License for details. There is NO
# WARRANTY; not even for MERCHANTABILITY or FITNESS FOR A PARTICULAR PURPOSE.
#
# irace builds upon previous code from the race package:
#     race: Racing methods for the selection of the best
#     Copyright (C) 2003 Mauro Birattari
#------------------------------------------------------------------------------
# installed at: /home/asion/r_libs/irace
# called with: --exec-dir=./ --parallel 30 --mpi 1 --scenario scenario.txt
# 4 expression(s) specifying forbidden configurations read from '/home/asion/swarm_aggregation/tuning1/forbidden.txt'
# 2022-11-25 10:33:33 CET: Initialization
# Elitist race
# Elitist new instances: 1
# Elitist limit: 2
# nbIterations: 5
# minNbSurvival: 5
# nbParameters: 9
# seed: 1191099354
# confidence level: 0.95
# budget: 1e+05
# mu: 5
# deterministic: FALSE

# 2022-11-25 10:33:33 CET: Iteration 1 of 5
# experimentsUsedSoFar: 0
# remainingBudget: 1e+05
# currentBudget: 20000
# nbConfigurations: 1024
# Markers:
     x No test is performed.
     c Configurations are discarded only due to capping.
     - The test is performed and some configurations are discarded.
     = The test is performed but no configuration is discarded.
     ! The test is performed and configurations could be discarded but elite configurations are preserved.
     . All alive configurations are elite and nothing is discarded

+-+-----------+-----------+-----------+---------------+-----------+--------+-----+----+------+
| |   Instance|      Alive|       Best|      Mean best| Exp so far|  W time|  rho|KenW|  Qvar|
+-+-----------+-----------+-----------+---------------+-----------+--------+-----+----+------+
|x|          1|       1024|        285|  -0.4000000000|       1024|01:38:34|   NA|  NA|    NA|
|x|          2|       1024|        682|  -0.3000000000|       2048|01:38:39|+0.03|0.52|0.9807|
|x|          3|       1024|        300|  -0.3200000000|       3072|01:38:44|+0.03|0.35|0.9674|
|x|          4|       1024|        974|  -0.2700000000|       4096|01:38:21|+0.02|0.27|0.9673|
|-|          5|        381|        562|  -0.2320000000|       5120|01:38:31|-0.15|0.08|1.1080|
|=|          6|        381|        562|  -0.2266666667|       5501|00:37:24|-0.10|0.08|1.0684|
|=|          7|        381|        218|  -0.2514285714|       5882|00:37:27|-0.06|0.09|1.0352|
+-+-----------+-----------+-----------+---------------+-----------+--------+-----+----+------+
Best-so-far configuration:         218    mean value:   -0.2514285714
Description of the best-so-far configuration:
    .ID. t0 t1   a0   a1   a2  r0   r1   r2 std .PARENT.
218  218  1  7 1.14 1.97 1.22 0.1 0.37 0.19   7       NA

# 2022-11-25 20:01:27 CET: Elite configurations (first number is the configuration ID; listed from best to worst according to the sum of ranks):
    t0 t1   a0   a1   a2   r0   r1   r2 std
218  1  7 1.14 1.97 1.22 0.10 0.37 0.19   7
562  1  7 1.14 1.83 1.23 0.59 0.00 0.10   5
872  1  6 1.05 1.57 1.22 0.49 0.46 0.68   1
481  3  8 1.61 1.58 1.54 0.06 0.71 0.97  16
205  4  6 1.43 1.26 1.69 0.67 0.96 0.93  20
# 2022-11-25 20:01:27 CET: Iteration 2 of 5
# experimentsUsedSoFar: 5882
# remainingBudget: 94118
# currentBudget: 23529
# nbConfigurations: 1024
# Markers:
     x No test is performed.
     c Configurations are discarded only due to capping.
     - The test is performed and some configurations are discarded.
     = The test is performed but no configuration is discarded.
     ! The test is performed and configurations could be discarded but elite configurations are preserved.
     . All alive configurations are elite and nothing is discarded

+-+-----------+-----------+-----------+---------------+-----------+--------+-----+----+------+
| |   Instance|      Alive|       Best|      Mean best| Exp so far|  W time|  rho|KenW|  Qvar|
+-+-----------+-----------+-----------+---------------+-----------+--------+-----+----+------+
|x|          8|       1024|        872|  -0.4400000000|       1024|01:38:47|   NA|  NA|    NA|
|x|          4|       1024|       1686|  -0.4200000000|       2043|01:38:02|+0.06|0.53|0.8850|
|x|          7|       1024|       1861|  -0.3333333333|       3062|01:38:35|+0.06|0.38|0.9001|
|x|          1|       1024|       1861|  -0.3300000000|       4081|01:38:15|+0.09|0.32|0.8752|
|-|          3|        331|       1051|  -0.2640000000|       5100|01:38:27|-0.07|0.14|1.0273|
|=|          5|        331|       1861|  -0.3000000000|       5426|00:31:55|-0.01|0.15|0.9734|
|=|          2|        331|       1051|  -0.2685714286|       5752|00:32:00|+0.02|0.16|0.9524|
|-|          6|         99|       1525|  -0.2600000000|       6078|00:32:00|-0.04|0.09|1.0164|
|=|          9|         99|       1525|  -0.2888888889|       6177|00:10:50|-0.03|0.09|0.9960|
|=|         10|         99|       1992|  -0.2880000000|       6276|00:10:54|-0.00|0.10|0.9764|
+-+-----------+-----------+-----------+---------------+-----------+--------+-----+----+------+
Best-so-far configuration:        1992    mean value:   -0.2880000000
Description of the best-so-far configuration:
     .ID. t0 t1   a0   a1   a2   r0   r1   r2 std .PARENT.
1992 1992  1  8 1.02 1.94 1.23 0.51 0.03 0.03   4      562

# 2022-11-26 06:11:34 CET: Elite configurations (first number is the configuration ID; listed from best to worst according to the sum of ranks):
     t0 t1   a0   a1   a2   r0   r1   r2 std
1992  1  8 1.02 1.94 1.23 0.51 0.03 0.03   4
1861  2  7 1.03 1.69 1.29 0.00 0.38 0.91   2
1525  2  7 1.03 1.97 1.04 0.27 0.53 0.35   1
1988  2  9 1.01 1.88 1.41 0.50 0.15 0.78   2
1673  1  8 1.19 1.96 1.23 0.62 0.02 0.33   1
# 2022-11-26 06:11:34 CET: Iteration 3 of 5
# experimentsUsedSoFar: 12158
# remainingBudget: 87842
# currentBudget: 29280
# nbConfigurations: 1024
# Markers:
     x No test is performed.
     c Configurations are discarded only due to capping.
     - The test is performed and some configurations are discarded.
     = The test is performed but no configuration is discarded.
     ! The test is performed and configurations could be discarded but elite configurations are preserved.
     . All alive configurations are elite and nothing is discarded

+-+-----------+-----------+-----------+---------------+-----------+--------+-----+----+------+
| |   Instance|      Alive|       Best|      Mean best| Exp so far|  W time|  rho|KenW|  Qvar|
+-+-----------+-----------+-----------+---------------+-----------+--------+-----+----+------+
|x|         11|       1024|       2546|  -0.6000000000|       1024|01:39:36|   NA|  NA|    NA|
|x|          5|       1024|       2164|  -0.4800000000|       2043|01:39:16|+0.15|0.58|0.8412|
|x|          6|       1024|       2282|  -0.3600000000|       3062|01:39:04|+0.16|0.44|0.8505|
|x|          1|       1024|       2838|  -0.3600000000|       4081|01:39:09|+0.16|0.37|0.8526|
|-|          9|        238|       2838|  -0.3520000000|       5100|01:38:58|-0.09|0.13|1.0454|
|=|          3|        238|       2838|  -0.3533333333|       5333|00:23:29|-0.05|0.13|1.0118|
|=|          7|        238|       2838|  -0.3542857143|       5566|00:23:22|-0.02|0.13|0.9834|
|=|          4|        238|       2838|  -0.3350000000|       5799|00:23:19|-0.00|0.12|0.9674|
|=|          2|        238|       2838|  -0.3422222222|       6032|00:23:30|+0.01|0.12|0.9574|
|-|         10|         83|       2838|  -0.3240000000|       6265|00:23:28|-0.06|0.05|1.0185|
|=|          8|         83|       2919|  -0.3600000000|       6343|00:08:54|-0.04|0.05|0.9996|
|=|         12|         83|       2919|  -0.3566666667|       6426|00:08:52|-0.03|0.06|0.9810|
+-+-----------+-----------+-----------+---------------+-----------+--------+-----+----+------+
Best-so-far configuration:        2919    mean value:   -0.3566666667
Description of the best-so-far configuration:
     .ID. t0 t1   a0  a1   a2   r0   r1  r2 std .PARENT.
2919 2919  2  8 1.08 1.9 1.27 0.59 0.13 0.4   1     1673

# 2022-11-26 16:42:54 CET: Elite configurations (first number is the configuration ID; listed from best to worst according to the sum of ranks):
     t0 t1   a0   a1   a2   r0   r1   r2 std
2919  2  8 1.08 1.90 1.27 0.59 0.13 0.40   1
2552  2  9 1.03 1.89 1.34 0.43 0.07 0.13   1
2196  2  8 1.05 1.99 1.24 0.51 0.02 0.03   1
3061  1  9 1.01 1.96 1.31 0.44 0.02 0.09   2
2748  1  8 1.02 1.99 1.07 0.22 0.57 0.55   1
# 2022-11-26 16:42:54 CET: Iteration 4 of 5
# experimentsUsedSoFar: 18584
# remainingBudget: 81416
# currentBudget: 40708
# nbConfigurations: 1024
# Markers:
     x No test is performed.
     c Configurations are discarded only due to capping.
     - The test is performed and some configurations are discarded.
     = The test is performed but no configuration is discarded.
     ! The test is performed and configurations could be discarded but elite configurations are preserved.
     . All alive configurations are elite and nothing is discarded

+-+-----------+-----------+-----------+---------------+-----------+--------+-----+----+------+
| |   Instance|      Alive|       Best|      Mean best| Exp so far|  W time|  rho|KenW|  Qvar|
+-+-----------+-----------+-----------+---------------+-----------+--------+-----+----+------+
|x|         13|       1024|       3135|  -0.6800000000|       1024|01:41:09|   NA|  NA|    NA|
|x|          8|       1024|       3884|  -0.6200000000|       2043|01:40:37|+0.19|0.59|0.8447|
|x|          3|       1024|       3673|  -0.5066666667|       3062|01:40:30|+0.16|0.44|0.8599|
|x|         12|       1024|       3401|  -0.4500000000|       4081|01:40:41|+0.16|0.37|0.8543|
|-|          9|        389|       3331|  -0.3920000000|       5100|01:40:44|-0.11|0.11|1.0935|
|=|          4|        389|       3673|  -0.4200000000|       5484|00:38:45|-0.06|0.12|1.0457|
|=|          1|        389|       3763|  -0.4228571429|       5868|00:38:56|-0.02|0.13|1.0089|
|=|          6|        389|       3763|  -0.4200000000|       6252|00:38:49|-0.00|0.12|0.9944|
|=|          2|        389|       3797|  -0.4088888889|       6636|00:38:46|+0.01|0.12|0.9848|
|-|         11|        169|       3797|  -0.4040000000|       7020|00:38:38|-0.07|0.04|1.0518|
|=|          7|        169|       3261|  -0.4400000000|       7184|00:17:36|-0.05|0.04|1.0344|
|=|         10|        169|       3261|  -0.4266666667|       7348|00:17:33|-0.04|0.05|1.0214|
|=|          5|        169|       3261|  -0.4153846154|       7512|00:17:40|-0.03|0.05|1.0100|
|=|         14|        169|       3261|  -0.4085714286|       7681|00:17:40|-0.02|0.05|1.0058|
+-+-----------+-----------+-----------+---------------+-----------+--------+-----+----+------+
Best-so-far configuration:        3261    mean value:   -0.4085714286
Description of the best-so-far configuration:
     .ID. t0 t1   a0   a1   a2   r0   r1   r2 std .PARENT.
3261 3261  2  9 1.01 1.99 1.32 0.44 0.06 0.01   1     2196

# 2022-11-27 05:31:22 CET: Elite configurations (first number is the configuration ID; listed from best to worst according to the sum of ranks):
     t0 t1   a0   a1   a2   r0   r1   r2 std
3261  2  9 1.01 1.99 1.32 0.44 0.06 0.01   1
3797  2  9 1.02 1.88 1.33 0.46 0.07 0.14   1
3948  2  9 1.05 1.96 1.31 0.45 0.02 0.15   1
3503  2  9 1.05 1.84 1.31 0.38 0.09 0.14   1
3762  2 10 1.02 1.90 1.29 0.35 0.13 0.08   1
# 2022-11-27 05:31:23 CET: Iteration 5 of 5
# experimentsUsedSoFar: 26265
# remainingBudget: 73735
# currentBudget: 73735
# nbConfigurations: 1024
# Markers:
     x No test is performed.
     c Configurations are discarded only due to capping.
     - The test is performed and some configurations are discarded.
     = The test is performed but no configuration is discarded.
     ! The test is performed and configurations could be discarded but elite configurations are preserved.
     . All alive configurations are elite and nothing is discarded

+-+-----------+-----------+-----------+---------------+-----------+--------+-----+----+------+
| |   Instance|      Alive|       Best|      Mean best| Exp so far|  W time|  rho|KenW|  Qvar|
+-+-----------+-----------+-----------+---------------+-----------+--------+-----+----+------+
|x|         15|       1024|       4151|  -0.7200000000|       1024|01:41:15|   NA|  NA|    NA|
|x|          3|       1024|       4312|  -0.5600000000|       2043|01:40:38|+0.36|0.68|0.6820|
|x|          7|       1024|       4527|  -0.5333333333|       3062|01:40:22|+0.35|0.56|0.7046|
|x|          8|       1024|       4612|  -0.5100000000|       4081|01:40:20|+0.34|0.50|0.7145|
|-|         12|        276|       4527|  -0.4880000000|       5100|01:40:37|-0.11|0.11|1.0939|
|=|         10|        276|       4489|  -0.4733333333|       5371|00:27:17|-0.07|0.11|1.0520|
|=|          2|        276|       4489|  -0.4800000000|       5642|00:27:30|-0.04|0.10|1.0345|
|=|          6|        276|       4489|  -0.4450000000|       5913|00:27:17|-0.03|0.10|1.0245|
|=|          9|        276|       4184|  -0.4977777778|       6184|00:27:35|-0.02|0.09|1.0077|
|=|         13|        276|       4184|  -0.5120000000|       6455|00:27:38|-0.02|0.08|1.0050|
|=|         14|        276|       4184|  -0.5163636364|       6726|00:27:24|-0.01|0.08|0.9987|
|=|          5|        276|       4184|  -0.5166666667|       6997|00:27:11|-0.00|0.08|0.9900|
|=|          1|        276|       4184|  -0.4953846154|       7268|00:27:21|+0.00|0.08|0.9865|
|=|         11|        276|       4184|  -0.4857142857|       7539|00:27:51|+0.01|0.08|0.9841|
|-|          4|         93|       4608|  -0.4293333333|       7810|00:27:14|-0.05|0.02|1.0301|
|=|         16|         93|       4184|  -0.4650000000|       7903|00:10:43|-0.04|0.02|1.0245|
|=|         17|         93|       4184|  -0.4564705882|       7996|00:10:46|-0.04|0.03|1.0180|
+-+-----------+-----------+-----------+---------------+-----------+--------+-----+----+------+
Best-so-far configuration:        4184    mean value:   -0.4564705882
Description of the best-so-far configuration:
     .ID. t0 t1   a0   a1   a2   r0   r1   r2 std .PARENT.
4184 4184  2  9 1.04 1.99 1.32 0.44 0.01 0.14   1     3948

# 2022-11-27 18:51:03 CET: Elite configurations (first number is the configuration ID; listed from best to worst according to the sum of ranks):
     t0 t1   a0   a1   a2   r0   r1   r2 std
4184  2  9 1.04 1.99 1.32 0.44 0.01 0.14   1
4608  2  9 1.04 1.96 1.30 0.45 0.03 0.15   1
5031  2  9 1.04 1.96 1.32 0.45 0.03 0.20   1
4693  2  9 1.06 1.99 1.26 0.48 0.02 0.12   1
4812  2  9 1.05 1.98 1.30 0.49 0.04 0.12   1
# 2022-11-27 18:51:03 CET: Iteration 6 of 6
# experimentsUsedSoFar: 34261
# remainingBudget: 65739
# currentBudget: 65739
# nbConfigurations: 1024
# Markers:
     x No test is performed.
     c Configurations are discarded only due to capping.
     - The test is performed and some configurations are discarded.
     = The test is performed but no configuration is discarded.
     ! The test is performed and configurations could be discarded but elite configurations are preserved.
     . All alive configurations are elite and nothing is discarded

+-+-----------+-----------+-----------+---------------+-----------+--------+-----+----+------+
| |   Instance|      Alive|       Best|      Mean best| Exp so far|  W time|  rho|KenW|  Qvar|
+-+-----------+-----------+-----------+---------------+-----------+--------+-----+----+------+
|x|         18|       1024|       5529|  -0.7600000000|       1024|01:41:14|   NA|  NA|    NA|
|x|          2|       1024|       5963|  -0.6800000000|       2043|01:40:31|+0.16|0.58|0.8599|
|x|         15|       1024|       5102|  -0.4933333333|       3062|01:40:48|+0.19|0.46|0.8393|
|x|         13|       1024|       4184|  -0.5700000000|       4081|01:40:37|+0.19|0.39|0.8444|
|-|          7|        294|       4184|  -0.5440000000|       5100|01:40:39|-0.12|0.11|1.1095|
|=|          5|        294|       4184|  -0.5400000000|       5389|00:29:43|-0.06|0.11|1.0619|
|=|         16|        294|       4184|  -0.5142857143|       5678|00:29:43|-0.03|0.12|1.0307|
|=|          3|        294|       4184|  -0.5050000000|       5967|00:29:41|-0.02|0.11|1.0131|
|=|         12|        294|       4184|  -0.5111111111|       6256|00:29:47|-0.00|0.11|0.9992|
|=|         17|        294|       4184|  -0.4920000000|       6545|00:29:46|+0.01|0.11|0.9885|
|-|         14|         48|       4184|  -0.4981818182|       6834|00:29:32|-0.05|0.05|1.0145|
|=|          1|         48|       4184|  -0.4766666667|       6877|00:05:48|-0.04|0.05|1.0083|
|=|         10|         48|       5694|  -0.4615384615|       6920|00:05:43|-0.04|0.04|1.0118|
|=|          8|         48|       6118|  -0.4342857143|       6963|00:05:40|-0.04|0.03|1.0137|
|=|          6|         48|       5694|  -0.4400000000|       7006|00:05:14|-0.04|0.03|1.0120|
|=|          4|         48|       5694|  -0.4375000000|       7049|00:05:43|-0.03|0.03|1.0071|
|=|          9|         48|       5694|  -0.4352941176|       7092|00:05:44|-0.02|0.04|0.9956|
|=|         11|         48|       5694|  -0.4311111111|       7135|00:05:44|-0.02|0.04|0.9946|
|=|         19|         48|       5929|  -0.4168421053|       7183|00:05:47|-0.02|0.04|0.9975|
+-+-----------+-----------+-----------+---------------+-----------+--------+-----+----+------+
Best-so-far configuration:        5929    mean value:   -0.4168421053
Description of the best-so-far configuration:
     .ID. t0 t1   a0   a1   a2  r0   r1   r2 std .PARENT.
5929 5929  2  9 1.04 1.94 1.38 0.4 0.01 0.18   1     5031

# 2022-11-28 06:59:10 CET: Elite configurations (first number is the configuration ID; listed from best to worst according to the sum of ranks):
     t0 t1   a0   a1   a2   r0   r1   r2 std
5929  2  9 1.04 1.94 1.38 0.40 0.01 0.18   1
5694  2  9 1.07 1.96 1.29 0.48 0.02 0.07   1
5277  2  9 1.07 1.97 1.30 0.48 0.05 0.13   1
4184  2  9 1.04 1.99 1.32 0.44 0.01 0.14   1
6036  2  9 1.06 1.97 1.25 0.44 0.01 0.16   1
# 2022-11-28 06:59:10 CET: Iteration 7 of 7
# experimentsUsedSoFar: 41444
# remainingBudget: 58556
# currentBudget: 58556
# nbConfigurations: 1024
# Markers:
     x No test is performed.
     c Configurations are discarded only due to capping.
     - The test is performed and some configurations are discarded.
     = The test is performed but no configuration is discarded.
     ! The test is performed and configurations could be discarded but elite configurations are preserved.
     . All alive configurations are elite and nothing is discarded

+-+-----------+-----------+-----------+---------------+-----------+--------+-----+----+------+
| |   Instance|      Alive|       Best|      Mean best| Exp so far|  W time|  rho|KenW|  Qvar|
+-+-----------+-----------+-----------+---------------+-----------+--------+-----+----+------+
|x|         20|       1024|       7105|  -0.8400000000|       1024|01:42:14|   NA|  NA|    NA|
|x|          5|       1024|       6520|  -0.6600000000|       2043|01:41:16|+0.03|0.51|0.9727|
|x|          4|       1024|       6358|  -0.5866666667|       3062|01:41:20|+0.11|0.41|0.9027|
|x|         19|       1024|       6358|  -0.5900000000|       4081|01:41:40|+0.10|0.32|0.9141|
|-|          9|        257|       6820|  -0.5520000000|       5100|01:41:39|-0.14|0.09|1.1183|
|=|         13|        257|       6820|  -0.5266666667|       5352|00:26:25|-0.09|0.09|1.0781|
|=|         14|        257|       6178|  -0.4971428571|       5604|00:26:24|-0.06|0.09|1.0458|
|=|          3|        257|       6178|  -0.4900000000|       5856|00:26:33|-0.04|0.09|1.0361|
|=|         12|        257|       4184|  -0.5022222222|       6108|00:26:17|-0.03|0.08|1.0221|
|=|         10|        257|       6178|  -0.4720000000|       6360|00:26:27|-0.03|0.08|1.0175|
|=|         15|        257|       6520|  -0.4654545455|       6612|00:26:25|-0.02|0.07|1.0113|
|=|         17|        257|       6520|  -0.4666666667|       6864|00:26:34|-0.01|0.07|1.0048|
|=|          2|        257|       6520|  -0.4830769231|       7116|00:26:18|-0.00|0.07|0.9959|
|=|         11|        257|       6520|  -0.4657142857|       7368|00:26:29|-0.00|0.07|0.9953|
|=|          7|        257|       6951|  -0.4373333333|       7620|00:26:12|+0.00|0.07|0.9942|
|=|         16|        257|       6907|  -0.4500000000|       7872|00:26:20|+0.00|0.06|0.9921|
|=|          8|        257|       6951|  -0.4305882353|       8124|00:26:26|+0.00|0.06|0.9915|
|=|         18|        257|       6520|  -0.4466666667|       8376|00:26:22|+0.00|0.06|0.9904|
|=|          6|        257|       6520|  -0.4421052632|       8628|00:26:27|+0.00|0.05|0.9932|
|=|          1|        257|       5929|  -0.4140000000|       8880|00:26:27|+0.00|0.05|0.9915|
|=|         21|        257|       4184|  -0.4380952381|       9137|00:26:28|+0.00|0.05|0.9907|
+-+-----------+-----------+-----------+---------------+-----------+--------+-----+----+------+
Best-so-far configuration:        4184    mean value:   -0.4380952381
Description of the best-so-far configuration:
     .ID. t0 t1   a0   a1   a2   r0   r1   r2 std .PARENT.
4184 4184  2  9 1.04 1.99 1.32 0.44 0.01 0.14   1     3948

# 2022-11-28 22:30:39 CET: Elite configurations (first number is the configuration ID; listed from best to worst according to the sum of ranks):
     t0 t1   a0   a1   a2   r0   r1   r2 std
4184  2  9 1.04 1.99 1.32 0.44 0.01 0.14   1
6520  2  9 1.05 1.97 1.27 0.46 0.01 0.10   1
6746  2  9 1.03 1.95 1.41 0.38 0.03 0.21   1
5929  2  9 1.04 1.94 1.38 0.40 0.01 0.18   1
6836  2  9 1.02 1.94 1.38 0.42 0.01 0.18   1
# 2022-11-28 22:30:39 CET: Iteration 8 of 8
# experimentsUsedSoFar: 50581
# remainingBudget: 49419
# currentBudget: 49419
# nbConfigurations: 1024
# Markers:
     x No test is performed.
     c Configurations are discarded only due to capping.
     - The test is performed and some configurations are discarded.
     = The test is performed but no configuration is discarded.
     ! The test is performed and configurations could be discarded but elite configurations are preserved.
     . All alive configurations are elite and nothing is discarded

+-+-----------+-----------+-----------+---------------+-----------+--------+-----+----+------+
| |   Instance|      Alive|       Best|      Mean best| Exp so far|  W time|  rho|KenW|  Qvar|
+-+-----------+-----------+-----------+---------------+-----------+--------+-----+----+------+
|x|         22|       1024|       8054|  -0.8000000000|       1024|01:41:12|   NA|  NA|    NA|
|x|          8|       1024|       7216|  -0.6000000000|       2043|01:40:37|+0.17|0.58|0.8510|
|x|         10|       1024|       7401|  -0.6133333333|       3062|01:40:46|+0.18|0.45|0.8280|
|x|          1|       1024|       7584|  -0.5400000000|       4081|01:40:33|+0.18|0.39|0.8316|
|-|         16|        369|       7764|  -0.4640000000|       5100|01:40:49|-0.10|0.12|1.0685|
|=|         18|        369|       7674|  -0.4933333333|       5464|00:36:30|-0.06|0.12|1.0378|
|=|          7|        369|       7674|  -0.4742857143|       5828|00:36:35|-0.03|0.12|1.0096|
|=|          9|        369|       7674|  -0.4600000000|       6192|00:36:40|-0.01|0.12|0.9933|
|=|         12|        369|       7674|  -0.4711111111|       6556|00:36:50|+0.01|0.12|0.9861|
|-|          4|        103|       7674|  -0.4760000000|       6920|00:36:40|-0.06|0.04|1.0536|
|=|          5|        103|       7674|  -0.4654545455|       7018|00:11:23|-0.05|0.04|1.0430|
|=|         17|        103|       7674|  -0.4533333333|       7116|00:11:35|-0.05|0.04|1.0356|
|=|         20|        103|       7674|  -0.4338461538|       7214|00:11:09|-0.04|0.04|1.0285|
|=|         15|        103|       6836|  -0.4314285714|       7312|00:11:08|-0.04|0.04|1.0268|
|=|         14|        103|       7584|  -0.4346666667|       7410|00:11:07|-0.03|0.04|1.0181|
|=|         21|        103|       7584|  -0.4450000000|       7508|00:11:25|-0.02|0.04|1.0100|
|=|          3|        103|       7584|  -0.4376470588|       7606|00:11:23|-0.02|0.04|1.0067|
|=|         11|        103|       7584|  -0.4311111111|       7704|00:11:30|-0.01|0.04|1.0023|
|=|         19|        103|       7584|  -0.4252631579|       7802|00:11:37|-0.01|0.05|0.9984|
|=|          2|        103|       7674|  -0.4260000000|       7900|00:11:06|-0.00|0.05|0.9931|
|=|          6|        103|       7584|  -0.4190476190|       7998|00:11:28|-0.00|0.05|0.9914|
|=|         13|        103|       8076|  -0.4272727273|       8096|00:11:26|+0.00|0.05|0.9863|
|=|         23|        103|       8076|  -0.4330434783|       8199|00:11:42|+0.00|0.05|0.9859|
+-+-----------+-----------+-----------+---------------+-----------+--------+-----+----+------+
Best-so-far configuration:        8076    mean value:   -0.4330434783
Description of the best-so-far configuration:
     .ID. t0 t1   a0   a1   a2  r0   r1   r2 std .PARENT.
8076 8076  2  9 1.01 1.94 1.21 0.4 0.11 0.15   1     6520

# 2022-11-29 12:26:37 CET: Elite configurations (first number is the configuration ID; listed from best to worst according to the sum of ranks):
     t0 t1   a0   a1   a2   r0   r1   r2 std
8076  2  9 1.01 1.94 1.21 0.40 0.11 0.15   1
6836  2  9 1.02 1.94 1.38 0.42 0.01 0.18   1
5929  2  9 1.04 1.94 1.38 0.40 0.01 0.18   1
4184  2  9 1.04 1.99 1.32 0.44 0.01 0.14   1
6746  2  9 1.03 1.95 1.41 0.38 0.03 0.21   1
# 2022-11-29 12:26:38 CET: Iteration 9 of 9
# experimentsUsedSoFar: 58780
# remainingBudget: 41220
# currentBudget: 41220
# nbConfigurations: 1024
# Markers:
     x No test is performed.
     c Configurations are discarded only due to capping.
     - The test is performed and some configurations are discarded.
     = The test is performed but no configuration is discarded.
     ! The test is performed and configurations could be discarded but elite configurations are preserved.
     . All alive configurations are elite and nothing is discarded

+-+-----------+-----------+-----------+---------------+-----------+--------+-----+----+------+
| |   Instance|      Alive|       Best|      Mean best| Exp so far|  W time|  rho|KenW|  Qvar|
+-+-----------+-----------+-----------+---------------+-----------+--------+-----+----+------+
|x|         24|       1024|       8374|  -0.7600000000|       1024|01:40:34|   NA|  NA|    NA|
|x|          7|       1024|       8947|  -0.5800000000|       2043|01:40:21|+0.37|0.69|0.6684|
|x|          9|       1024|       8732|  -0.4933333333|       3062|01:39:56|+0.38|0.59|0.6403|
|x|         16|       1024|       8684|  -0.4700000000|       4081|01:40:14|+0.38|0.53|0.6418|
|-|         17|        254|       9046|  -0.5120000000|       5100|01:39:51|-0.06|0.15|1.0421|
|=|          8|        254|       8732|  -0.4466666667|       5349|00:26:04|-0.01|0.16|1.0005|
|-|         18|        133|       9046|  -0.4857142857|       5598|00:26:05|-0.08|0.07|1.0635|
|=|         11|        133|       8076|  -0.4550000000|       5726|00:14:05|-0.06|0.07|1.0477|
|=|          1|        133|       5929|  -0.4444444444|       5854|00:14:06|-0.04|0.07|1.0297|
|=|         15|        133|       8076|  -0.4400000000|       5982|00:14:23|-0.03|0.07|1.0210|
|=|         10|        133|       8076|  -0.4327272727|       6110|00:14:24|-0.02|0.08|1.0063|
|=|          5|        133|       8076|  -0.4566666667|       6238|00:14:14|-0.01|0.08|0.9956|
|=|         14|        133|       8076|  -0.4553846154|       6366|00:14:26|+0.01|0.08|0.9859|
|=|         22|        133|       8076|  -0.4485714286|       6494|00:14:07|+0.01|0.08|0.9855|
|=|          3|        133|       8076|  -0.4373333333|       6622|00:14:19|+0.01|0.07|0.9859|
|=|          6|        133|       8076|  -0.4400000000|       6750|00:14:09|+0.01|0.07|0.9823|
|-|         23|         55|       8076|  -0.4470588235|       6878|00:14:10|-0.04|0.03|1.0160|
|=|          4|         55|       8076|  -0.4422222222|       6928|00:06:00|-0.03|0.03|1.0096|
|=|          2|         55|       8076|  -0.4442105263|       6978|00:05:52|-0.02|0.03|1.0042|
|=|         19|         55|       8076|  -0.4380000000|       7028|00:05:49|-0.02|0.03|1.0043|
|=|         12|         55|       8076|  -0.4323809524|       7078|00:05:59|-0.02|0.02|1.0056|
|=|         13|         55|       8076|  -0.4345454545|       7128|00:05:52|-0.02|0.03|1.0018|
|=|         21|         55|       8076|  -0.4347826087|       7178|00:06:00|-0.02|0.03|0.9991|
|=|         20|         55|       8076|  -0.4266666667|       7228|00:05:50|-0.01|0.03|0.9958|
|=|         25|         55|       8076|  -0.4224000000|       7283|00:06:00|-0.01|0.03|0.9965|
+-+-----------+-----------+-----------+---------------+-----------+--------+-----+----+------+
Best-so-far configuration:        8076    mean value:   -0.4224000000
Description of the best-so-far configuration:
     .ID. t0 t1   a0   a1   a2  r0   r1   r2 std .PARENT.
8076 8076  2  9 1.01 1.94 1.21 0.4 0.11 0.15   1     6520

# 2022-11-30 00:50:11 CET: Elite configurations (first number is the configuration ID; listed from best to worst according to the sum of ranks):
     t0 t1   a0   a1   a2   r0   r1   r2 std
8076  2  9 1.01 1.94 1.21 0.40 0.11 0.15   1
5929  2  9 1.04 1.94 1.38 0.40 0.01 0.18   1
8603  2  9 1.02 1.96 1.28 0.42 0.02 0.15   1
4184  2  9 1.04 1.99 1.32 0.44 0.01 0.14   1
6746  2  9 1.03 1.95 1.41 0.38 0.03 0.21   1
# 2022-11-30 00:50:11 CET: Iteration 10 of 10
# experimentsUsedSoFar: 66063
# remainingBudget: 33937
# currentBudget: 33937
# nbConfigurations: 1024
# Markers:
     x No test is performed.
     c Configurations are discarded only due to capping.
     - The test is performed and some configurations are discarded.
     = The test is performed but no configuration is discarded.
     ! The test is performed and configurations could be discarded but elite configurations are preserved.
     . All alive configurations are elite and nothing is discarded

+-+-----------+-----------+-----------+---------------+-----------+--------+-----+----+------+
| |   Instance|      Alive|       Best|      Mean best| Exp so far|  W time|  rho|KenW|  Qvar|
+-+-----------+-----------+-----------+---------------+-----------+--------+-----+----+------+
|x|         26|       1024|       9930|  -0.8000000000|       1024|01:41:12|   NA|  NA|    NA|
|x|          5|       1024|       9977|  -0.5600000000|       2043|01:40:53|+0.25|0.63|0.7805|
|x|         11|       1024|       9977|  -0.5600000000|       3062|01:40:34|+0.23|0.49|0.7906|
|x|          2|       1024|       9810|  -0.5900000000|       4081|01:40:35|+0.23|0.42|0.7984|
|-|          8|        334|       9994|  -0.4880000000|       5100|01:40:50|-0.12|0.11|1.0980|
|=|         15|        334|       9994|  -0.5066666667|       5429|00:33:08|-0.07|0.11|1.0562|
|=|         25|        334|       9994|  -0.4914285714|       5758|00:33:11|-0.05|0.10|1.0369|
|=|          1|        334|       9994|  -0.4850000000|       6087|00:33:11|-0.02|0.10|1.0163|
|=|         24|        334|       9994|  -0.4933333333|       6416|00:33:06|-0.01|0.10|1.0055|
|=|          7|        334|       9994|  -0.4840000000|       6745|00:33:08|-0.00|0.10|0.9935|
|=|         23|        334|       9994|  -0.4800000000|       7074|00:33:08|+0.01|0.10|0.9829|
|-|          4|         76|       9994|  -0.4633333333|       7403|00:33:12|-0.06|0.03|1.0381|
|=|         14|         76|       9994|  -0.4492307692|       7474|00:08:52|-0.05|0.03|1.0363|
|=|         21|         76|       8076|  -0.4342857143|       7545|00:08:34|-0.05|0.03|1.0297|
|=|         17|         76|       9994|  -0.4506666667|       7616|00:08:11|-0.04|0.03|1.0199|
|=|          6|         76|       9994|  -0.4675000000|       7687|00:08:09|-0.03|0.04|1.0103|
|=|         22|         76|       8076|  -0.4376470588|       7758|00:08:31|-0.02|0.04|1.0062|
|=|         19|         76|       8076|  -0.4311111111|       7829|00:08:12|-0.02|0.04|1.0043|
|=|          9|         76|       9994|  -0.4484210526|       7900|00:08:46|-0.01|0.04|0.9989|
|=|         13|         76|       9994|  -0.4480000000|       7971|00:08:29|-0.01|0.04|0.9934|
|=|         10|         76|       8076|  -0.4247619048|       8042|00:08:51|-0.01|0.04|0.9931|
|=|          3|         76|       8076|  -0.4181818182|       8113|00:08:13|-0.01|0.04|0.9921|
|=|         20|         76|       8076|  -0.4104347826|       8184|00:08:32|-0.00|0.04|0.9876|
|=|         16|         76|       8076|  -0.4200000000|       8255|00:08:53|+0.00|0.04|0.9833|
|=|         12|         76|       8076|  -0.4160000000|       8326|00:08:10|-0.00|0.04|0.9845|
|=|         18|         76|      10020|  -0.4276923077|       8397|00:08:35|+0.00|0.04|0.9811|
|=|         27|         76|      10020|  -0.4281481481|       8473|00:08:50|+0.00|0.04|0.9800|
+-+-----------+-----------+-----------+---------------+-----------+--------+-----+----+------+
Best-so-far configuration:       10020    mean value:   -0.4281481481
Description of the best-so-far configuration:
       .ID. t0 t1   a0   a1   a2   r0   r1   r2 std .PARENT.
10020 10020  2  9 1.01 1.98 1.38 0.32 0.01 0.25   1     5929

# 2022-11-30 15:14:46 CET: Elite configurations (first number is the configuration ID; listed from best to worst according to the sum of ranks):
      t0 t1   a0   a1   a2   r0   r1   r2 std
10020  2  9 1.01 1.98 1.38 0.32 0.01 0.25   1
8076   2  9 1.01 1.94 1.21 0.40 0.11 0.15   1
9915   2  9 1.01 1.98 1.39 0.36 0.02 0.18   1
9614   2 10 1.06 1.97 1.36 0.39 0.02 0.18   1
9243   2  9 1.01 1.95 1.32 0.46 0.04 0.15   1
# 2022-11-30 15:14:46 CET: Iteration 11 of 11
# experimentsUsedSoFar: 74536
# remainingBudget: 25464
# currentBudget: 25464
# nbConfigurations: 914
# Markers:
     x No test is performed.
     c Configurations are discarded only due to capping.
     - The test is performed and some configurations are discarded.
     = The test is performed but no configuration is discarded.
     ! The test is performed and configurations could be discarded but elite configurations are preserved.
     . All alive configurations are elite and nothing is discarded

+-+-----------+-----------+-----------+---------------+-----------+--------+-----+----+------+
| |   Instance|      Alive|       Best|      Mean best| Exp so far|  W time|  rho|KenW|  Qvar|
+-+-----------+-----------+-----------+---------------+-----------+--------+-----+----+------+
|x|         28|        914|      10224|  -0.7200000000|        914|01:29:49|   NA|  NA|    NA|
|x|         16|        914|      10539|  -0.6800000000|       1823|01:29:13|+0.36|0.68|0.6565|
|x|         14|        914|      10351|  -0.5466666667|       2732|01:29:12|+0.38|0.59|0.6429|
|x|          4|        914|      10020|  -0.5200000000|       3641|01:29:08|+0.38|0.54|0.6479|
|-|         22|        201|      10020|  -0.5280000000|       4550|01:29:04|-0.06|0.16|1.0199|
|=|          3|        201|      10020|  -0.5200000000|       4746|00:20:35|-0.02|0.15|0.9919|
|=|          5|        201|      10020|  -0.5028571429|       4942|00:20:24|+0.00|0.15|0.9818|
|=|         17|        201|      10020|  -0.4800000000|       5138|00:20:42|+0.02|0.14|0.9677|
|-|         24|         42|      10020|  -0.4800000000|       5334|00:20:32|-0.04|0.07|1.0162|
|=|         20|         42|      10020|  -0.4800000000|       5371|00:05:11|-0.02|0.08|1.0036|
|=|          9|         42|      10020|  -0.4763636364|       5408|00:05:23|-0.01|0.09|0.9835|
|=|          6|         42|      10343|  -0.4900000000|       5445|00:05:11|-0.00|0.08|0.9810|
|=|         15|         42|      10343|  -0.4953846154|       5482|00:05:15|+0.02|0.09|0.9613|
|=|         10|         42|      10020|  -0.4714285714|       5519|00:05:11|+0.02|0.09|0.9556|
|=|         11|         42|      10343|  -0.4853333333|       5556|00:05:26|+0.02|0.09|0.9545|
|=|         25|         42|      10343|  -0.4750000000|       5593|00:05:13|+0.02|0.08|0.9583|
|-|          1|         19|      10343|  -0.4658823529|       5630|00:05:12|-0.01|0.05|0.9622|
|=|         21|         19|      10343|  -0.4622222222|       5644|00:02:12|-0.02|0.04|0.9658|
|=|         18|         19|      10343|  -0.4631578947|       5658|00:02:15|-0.02|0.04|0.9632|
|=|         19|         19|      10343|  -0.4620000000|       5672|00:02:13|-0.01|0.04|0.9567|
|=|         23|         19|      10343|  -0.4628571429|       5686|00:02:12|-0.00|0.05|0.9518|
|=|          8|         19|      10343|  -0.4527272727|       5700|00:02:11|-0.00|0.04|0.9513|
|=|         27|         19|      10020|  -0.4417391304|       5714|00:02:29|-0.00|0.04|0.9497|
|=|         26|         19|      10343|  -0.4516666667|       5728|00:02:13|+0.00|0.04|0.9465|
|=|         13|         19|      10343|  -0.4496000000|       5742|00:02:10|+0.00|0.04|0.9445|
|=|          2|         19|      10343|  -0.4446153846|       5756|00:02:13|+0.01|0.05|0.9409|
|=|          7|         19|      10343|  -0.4340740741|       5770|00:02:27|+0.00|0.04|0.9454|
|=|         12|         19|      10343|  -0.4385714286|       5784|00:02:13|+0.00|0.04|0.9411|
|=|         29|         19|      10343|  -0.4358620690|       5803|00:02:49|+0.01|0.04|0.9402|
+-+-----------+-----------+-----------+---------------+-----------+--------+-----+----+------+
Best-so-far configuration:       10343    mean value:   -0.4358620690
Description of the best-so-far configuration:
       .ID. t0 t1   a0   a1   a2   r0   r1  r2 std .PARENT.
10343 10343  2 10 1.02 1.97 1.38 0.37 0.01 0.2   1     9614

# 2022-12-01 01:13:48 CET: Elite configurations (first number is the configuration ID; listed from best to worst according to the sum of ranks):
      t0 t1   a0   a1   a2   r0   r1   r2 std
10343  2 10 1.02 1.97 1.38 0.37 0.01 0.20   1
10020  2  9 1.01 1.98 1.38 0.32 0.01 0.25   1
9614   2 10 1.06 1.97 1.36 0.39 0.02 0.18   1
9915   2  9 1.01 1.98 1.39 0.36 0.02 0.18   1
8076   2  9 1.01 1.94 1.21 0.40 0.11 0.15   1
# 2022-12-01 01:13:48 CET: Iteration 12 of 12
# experimentsUsedSoFar: 80339
# remainingBudget: 19661
# currentBudget: 19661
# nbConfigurations: 660
# Markers:
     x No test is performed.
     c Configurations are discarded only due to capping.
     - The test is performed and some configurations are discarded.
     = The test is performed but no configuration is discarded.
     ! The test is performed and configurations could be discarded but elite configurations are preserved.
     . All alive configurations are elite and nothing is discarded

+-+-----------+-----------+-----------+---------------+-----------+--------+-----+----+------+
| |   Instance|      Alive|       Best|      Mean best| Exp so far|  W time|  rho|KenW|  Qvar|
+-+-----------+-----------+-----------+---------------+-----------+--------+-----+----+------+
|x|         30|        660|      11130|  -0.6800000000|        660|01:05:26|   NA|  NA|    NA|
|x|          2|        660|      11408|  -0.6400000000|       1315|01:05:13|+0.20|0.60|0.8405|
|x|         25|        660|      11408|  -0.5733333333|       1970|01:05:15|+0.22|0.48|0.8138|
|x|          8|        660|      11583|  -0.4900000000|       2625|01:05:17|+0.21|0.41|0.8257|
|-|         18|        216|      11336|  -0.5120000000|       3280|01:05:02|-0.12|0.10|1.1146|
|=|         19|        216|      11336|  -0.5066666667|       3491|00:21:28|-0.08|0.10|1.0753|
|=|         29|        216|      11750|  -0.4628571429|       3702|00:21:49|-0.06|0.09|1.0596|
|=|         21|        216|      11336|  -0.4500000000|       3913|00:21:33|-0.04|0.09|1.0382|
|=|         10|        216|      11750|  -0.4355555556|       4124|00:21:15|-0.02|0.09|1.0194|
|=|         13|        216|      11336|  -0.4440000000|       4335|00:21:11|-0.01|0.09|1.0082|
|=|         27|        216|      11336|  -0.4472727273|       4546|00:21:56|+0.00|0.09|0.9955|
|=|         17|        216|      11336|  -0.4333333333|       4757|00:21:41|+0.01|0.09|0.9918|
|=|         22|        216|      11583|  -0.4307692308|       4968|00:21:43|+0.01|0.09|0.9895|
|-|          5|        100|       8076|  -0.4457142857|       5179|00:21:45|-0.05|0.03|1.0338|
|=|          3|        100|       8076|  -0.4346666667|       5274|00:10:55|-0.04|0.03|1.0275|
|=|         16|        100|       8076|  -0.4475000000|       5369|00:11:01|-0.03|0.03|1.0166|
|=|         26|        100|       9915|  -0.4117647059|       5464|00:10:52|-0.02|0.04|1.0099|
|=|         20|        100|       9915|  -0.4133333333|       5559|00:10:54|-0.02|0.04|1.0068|
|=|         14|        100|       9915|  -0.4231578947|       5654|00:11:05|-0.01|0.04|1.0019|
|=|         23|        100|       9915|  -0.4340000000|       5749|00:10:55|-0.00|0.05|0.9955|
|=|          1|        100|      10343|  -0.4342857143|       5844|00:11:06|-0.00|0.04|0.9943|
|=|         24|        100|       9915|  -0.4236363636|       5939|00:10:56|+0.00|0.05|0.9905|
|=|         12|        100|      10343|  -0.4347826087|       6034|00:11:02|+0.00|0.05|0.9887|
|=|         11|        100|      10343|  -0.4383333333|       6129|00:10:52|+0.00|0.05|0.9888|
|=|         28|        100|      10343|  -0.4368000000|       6224|00:10:54|+0.00|0.04|0.9888|
|=|          9|        100|      10343|  -0.4507692308|       6319|00:10:56|+0.00|0.04|0.9878|
|=|          4|        100|      10343|  -0.4444444444|       6414|00:11:06|+0.01|0.04|0.9861|
|=|         15|        100|      10343|  -0.4485714286|       6509|00:11:21|+0.01|0.04|0.9833|
|-|          6|         26|      10343|  -0.4468965517|       6604|00:10:56|-0.01|0.02|0.9751|
|=|          7|         26|      10343|  -0.4373333333|       6625|00:02:46|-0.02|0.02|0.9762|
|=|         31|         26|      10020|  -0.4232258065|       6651|00:02:56|-0.01|0.02|0.9748|
+-+-----------+-----------+-----------+---------------+-----------+--------+-----+----+------+
Best-so-far configuration:       10020    mean value:   -0.4232258065
Description of the best-so-far configuration:
       .ID. t0 t1   a0   a1   a2   r0   r1   r2 std .PARENT.
10020 10020  2  9 1.01 1.98 1.38 0.32 0.01 0.25   1     5929

# 2022-12-01 12:45:25 CET: Elite configurations (first number is the configuration ID; listed from best to worst according to the sum of ranks):
      t0 t1   a0   a1   a2   r0   r1   r2 std
10020  2  9 1.01 1.98 1.38 0.32 0.01 0.25   1
10343  2 10 1.02 1.97 1.38 0.37 0.01 0.20   1
9915   2  9 1.01 1.98 1.39 0.36 0.02 0.18   1
11754  2 10 1.00 1.95 1.41 0.37 0.04 0.17   1
11590  2 10 1.01 1.94 1.34 0.26 0.07 0.26   1
# 2022-12-01 12:45:25 CET: Iteration 13 of 13
# experimentsUsedSoFar: 86990
# remainingBudget: 13010
# currentBudget: 13010
# nbConfigurations: 411
# Markers:
     x No test is performed.
     c Configurations are discarded only due to capping.
     - The test is performed and some configurations are discarded.
     = The test is performed but no configuration is discarded.
     ! The test is performed and configurations could be discarded but elite configurations are preserved.
     . All alive configurations are elite and nothing is discarded

+-+-----------+-----------+-----------+---------------+-----------+--------+-----+----+------+
| |   Instance|      Alive|       Best|      Mean best| Exp so far|  W time|  rho|KenW|  Qvar|
+-+-----------+-----------+-----------+---------------+-----------+--------+-----+----+------+
|x|         32|        411|      11899|  -0.7200000000|        411|00:41:35|   NA|  NA|    NA|
|x|         15|        411|      11876|  -0.6400000000|        817|00:41:31|+0.08|0.54|0.9533|
|x|         14|        411|      12115|  -0.6000000000|       1223|00:41:23|+0.08|0.39|0.9338|
|x|         27|        411|      11800|  -0.5300000000|       1629|00:41:22|+0.06|0.30|0.9462|
|-|         29|        237|      12157|  -0.4880000000|       2035|00:41:19|-0.11|0.11|1.1009|
|=|         28|        237|      12157|  -0.4933333333|       2267|00:23:44|-0.07|0.11|1.0552|
|=|          4|        237|      10020|  -0.4628571429|       2499|00:23:53|-0.05|0.10|1.0372|
|=|          3|        237|      10020|  -0.4650000000|       2731|00:23:47|-0.03|0.10|1.0200|
|=|          1|        237|      11826|  -0.4666666667|       2963|00:23:47|-0.02|0.09|1.0151|
|=|         22|        237|      11826|  -0.4640000000|       3195|00:23:45|-0.01|0.09|1.0058|
|=|         24|        237|      11826|  -0.4618181818|       3427|00:23:52|-0.01|0.09|1.0004|
|=|         30|        237|      11800|  -0.4700000000|       3659|00:23:48|-0.01|0.08|1.0023|
|=|         25|        237|      11800|  -0.4676923077|       3891|00:23:49|+0.00|0.08|0.9962|
|=|          7|        237|      11800|  -0.4685714286|       4123|00:23:50|+0.00|0.07|0.9926|
|=|         17|        237|      11800|  -0.4666666667|       4355|00:23:45|+0.01|0.07|0.9875|
|-|         23|         65|      11800|  -0.4725000000|       4587|00:24:01|-0.04|0.03|1.0191|
|=|          2|         65|      11800|  -0.4635294118|       4647|00:06:06|-0.03|0.03|1.0149|
|=|         18|         65|      11800|  -0.4555555556|       4707|00:06:06|-0.03|0.03|1.0132|
|=|         20|         65|      11800|  -0.4505263158|       4767|00:06:10|-0.03|0.03|1.0088|
|=|          6|         65|      11826|  -0.4400000000|       4827|00:06:09|-0.02|0.03|1.0062|
|=|         11|         65|      12154|  -0.4438095238|       4887|00:06:06|-0.02|0.03|1.0072|
|=|         16|         65|      11800|  -0.4436363636|       4947|00:06:04|-0.02|0.03|1.0020|
|=|         26|         65|      11826|  -0.4347826087|       5007|00:06:08|-0.02|0.03|1.0018|
|=|         13|         65|      12154|  -0.4333333333|       5067|00:06:06|-0.02|0.03|1.0015|
|=|          9|         65|      11955|  -0.4336000000|       5127|00:06:06|-0.01|0.03|0.9990|
|=|          5|         65|      11955|  -0.4338461538|       5187|00:06:09|-0.01|0.03|0.9953|
|=|          8|         65|      11874|  -0.4325925926|       5247|00:06:07|-0.01|0.03|0.9966|
|=|         10|         65|      11874|  -0.4328571429|       5307|00:06:05|-0.01|0.03|0.9955|
|=|         12|         65|      10020|  -0.4262068966|       5367|00:06:04|-0.01|0.03|0.9959|
|=|         31|         65|      10020|  -0.4266666667|       5427|00:06:07|-0.01|0.03|0.9957|
|=|         19|         65|      10020|  -0.4258064516|       5487|00:06:06|-0.01|0.02|0.9965|
|=|         21|         65|      11874|  -0.4300000000|       5547|00:06:03|-0.01|0.02|0.9974|
|=|         33|         65|      11874|  -0.4327272727|       5612|00:08:03|-0.01|0.02|0.9968|
+-+-----------+-----------+-----------+---------------+-----------+--------+-----+----+------+
Best-so-far configuration:       11874    mean value:   -0.4327272727
Description of the best-so-far configuration:
       .ID. t0 t1   a0   a1   a2   r0   r1   r2 std .PARENT.
11874 11874  2  9 1.03 1.97 1.35 0.41 0.01 0.19   1     9915

# 2022-12-01 22:20:45 CET: Elite configurations (first number is the configuration ID; listed from best to worst according to the sum of ranks):
      t0 t1   a0   a1   a2   r0   r1   r2 std
11874  2  9 1.03 1.97 1.35 0.41 0.01 0.19   1
10020  2  9 1.01 1.98 1.38 0.32 0.01 0.25   1
10343  2 10 1.02 1.97 1.38 0.37 0.01 0.20   1
11800  2 10 1.02 1.97 1.41 0.36 0.08 0.19   1
9915   2  9 1.01 1.98 1.39 0.36 0.02 0.18   1
# 2022-12-01 22:20:46 CET: Iteration 14 of 14
# experimentsUsedSoFar: 92602
# remainingBudget: 7398
# currentBudget: 7398
# nbConfigurations: 222
# Markers:
     x No test is performed.
     c Configurations are discarded only due to capping.
     - The test is performed and some configurations are discarded.
     = The test is performed but no configuration is discarded.
     ! The test is performed and configurations could be discarded but elite configurations are preserved.
     . All alive configurations are elite and nothing is discarded

+-+-----------+-----------+-----------+---------------+-----------+--------+-----+----+------+
| |   Instance|      Alive|       Best|      Mean best| Exp so far|  W time|  rho|KenW|  Qvar|
+-+-----------+-----------+-----------+---------------+-----------+--------+-----+----+------+
|x|         34|        222|      12174|  -0.8000000000|        222|00:23:32|   NA|  NA|    NA|
|x|         21|        222|      12321|  -0.5800000000|        439|00:22:45|+0.22|0.61|0.7954|
|x|          3|        222|      12300|  -0.5466666667|        656|00:22:32|+0.23|0.49|0.7829|
|x|         15|        222|      10343|  -0.5200000000|        873|00:22:57|+0.23|0.42|0.7843|
|-|         24|         89|      11800|  -0.4960000000|       1090|00:22:48|-0.08|0.14|1.0376|
|=|         16|         89|      11800|  -0.5066666667|       1174|00:08:51|-0.03|0.14|0.9942|
|=|         27|         89|      11800|  -0.5085714286|       1258|00:08:52|+0.01|0.15|0.9654|
|=|         31|         89|      11800|  -0.4950000000|       1342|00:08:57|+0.01|0.13|0.9712|
|=|         30|         89|      11800|  -0.5155555556|       1426|00:08:52|+0.02|0.13|0.9618|
|=|         26|         89|      11800|  -0.5000000000|       1510|00:09:01|+0.02|0.12|0.9603|
|-|         14|         18|      11800|  -0.5054545455|       1594|00:08:57|-0.04|0.05|0.9878|
|=|         13|         18|      11800|  -0.4833333333|       1607|00:02:12|-0.04|0.04|0.9868|
|=|         22|         18|      11800|  -0.4800000000|       1620|00:02:14|-0.02|0.06|0.9662|
|=|         25|         18|      11800|  -0.4771428571|       1633|00:02:30|-0.01|0.06|0.9595|
|=|         11|         18|      10343|  -0.4746666667|       1646|00:02:14|-0.00|0.06|0.9481|
|=|         17|         18|      10343|  -0.4725000000|       1659|00:02:28|+0.01|0.07|0.9373|
|=|          9|         18|      10343|  -0.4917647059|       1672|00:02:29|+0.02|0.08|0.9276|
|=|         33|         18|      10343|  -0.4844444444|       1685|00:02:28|+0.02|0.07|0.9340|
|=|          6|         18|      10343|  -0.4800000000|       1698|00:02:28|+0.03|0.08|0.9303|
|=|         20|         18|      10343|  -0.4760000000|       1711|00:02:28|+0.02|0.06|0.9392|
|=|         29|         18|       9915|  -0.4514285714|       1724|00:02:12|+0.01|0.06|0.9415|
|=|          1|         18|      10343|  -0.4636363636|       1737|00:02:28|+0.01|0.05|0.9418|
|=|          4|         18|      11874|  -0.4365217391|       1750|00:02:31|+0.01|0.05|0.9391|
|=|         28|         18|      11874|  -0.4383333333|       1763|00:02:14|+0.01|0.05|0.9387|
|=|         32|         18|      11874|  -0.4336000000|       1776|00:02:12|+0.01|0.05|0.9443|
|=|         12|         18|      10343|  -0.4507692308|       1789|00:02:14|+0.00|0.04|0.9471|
|=|         19|         18|      10343|  -0.4503703704|       1802|00:02:30|+0.01|0.05|0.9411|
|=|          5|         18|      10343|  -0.4500000000|       1815|00:02:13|+0.01|0.05|0.9399|
|=|         10|         18|      10343|  -0.4455172414|       1828|00:02:14|+0.01|0.05|0.9380|
|=|          8|         18|      11874|  -0.4240000000|       1841|00:02:28|+0.01|0.04|0.9397|
|=|         23|         18|      11874|  -0.4283870968|       1854|00:02:12|+0.02|0.05|0.9357|
|=|          2|         18|      11874|  -0.4387500000|       1867|00:02:13|+0.02|0.05|0.9352|
|=|         18|         18|      11874|  -0.4375757576|       1880|00:02:16|+0.01|0.04|0.9369|
|=|          7|         18|      11874|  -0.4329411765|       1893|00:02:13|+0.01|0.04|0.9370|
|=|         35|         18|      11874|  -0.4308571429|       1911|00:02:43|+0.01|0.04|0.9393|
+-+-----------+-----------+-----------+---------------+-----------+--------+-----+----+------+
Best-so-far configuration:       11874    mean value:   -0.4308571429
Description of the best-so-far configuration:
       .ID. t0 t1   a0   a1   a2   r0   r1   r2 std .PARENT.
11874 11874  2  9 1.03 1.97 1.35 0.41 0.01 0.19   1     9915

# 2022-12-02 02:05:39 CET: Elite configurations (first number is the configuration ID; listed from best to worst according to the sum of ranks):
      t0 t1   a0   a1   a2   r0   r1   r2 std
11874  2  9 1.03 1.97 1.35 0.41 0.01 0.19   1
11800  2 10 1.02 1.97 1.41 0.36 0.08 0.19   1
10343  2 10 1.02 1.97 1.38 0.37 0.01 0.20   1
10020  2  9 1.01 1.98 1.38 0.32 0.01 0.25   1
12232  2  9 1.03 1.97 1.41 0.41 0.01 0.19   1
# 2022-12-02 02:05:40 CET: Iteration 15 of 15
# experimentsUsedSoFar: 94513
# remainingBudget: 5487
# currentBudget: 5487
# nbConfigurations: 157
# Markers:
     x No test is performed.
     c Configurations are discarded only due to capping.
     - The test is performed and some configurations are discarded.
     = The test is performed but no configuration is discarded.
     ! The test is performed and configurations could be discarded but elite configurations are preserved.
     . All alive configurations are elite and nothing is discarded

+-+-----------+-----------+-----------+---------------+-----------+--------+-----+----+------+
| |   Instance|      Alive|       Best|      Mean best| Exp so far|  W time|  rho|KenW|  Qvar|
+-+-----------+-----------+-----------+---------------+-----------+--------+-----+----+------+
|x|         36|        157|      12414|  -0.7200000000|        157|00:16:50|   NA|  NA|    NA|
|x|         34|        157|      12513|  -0.5400000000|        309|00:16:07|-0.02|0.49|0.9870|
|x|          2|        157|      12461|  -0.5466666667|        461|00:16:25|+0.07|0.38|0.9267|
|x|         28|        157|      12461|  -0.5500000000|        613|00:16:26|+0.07|0.30|0.9221|
|-|         27|         46|      12461|  -0.5680000000|        765|00:16:20|-0.14|0.09|1.1016|
|=|         20|         46|      12461|  -0.5200000000|        806|00:05:31|-0.11|0.08|1.0675|
|=|         10|         46|      12461|  -0.4857142857|        847|00:05:28|-0.09|0.07|1.0565|
|=|         13|         46|      12398|  -0.4450000000|        888|00:05:38|-0.09|0.05|1.0625|
|=|         35|         46|      12398|  -0.4488888889|        929|00:05:40|-0.07|0.05|1.0475|
|=|         11|         46|      12398|  -0.4400000000|        970|00:05:40|-0.06|0.05|1.0350|
|=|         31|         46|      11874|  -0.4218181818|       1011|00:05:35|-0.05|0.04|1.0330|
|=|         22|         46|      11874|  -0.4266666667|       1052|00:05:11|-0.04|0.04|1.0251|
|=|         15|         46|      12398|  -0.4338461538|       1093|00:05:43|-0.03|0.05|1.0113|
|=|         32|         46|      12398|  -0.4285714286|       1134|00:05:39|-0.03|0.05|1.0074|
|=|         19|         46|      12398|  -0.4400000000|       1175|00:05:27|-0.02|0.05|0.9961|
|=|          8|         46|      12398|  -0.4375000000|       1216|00:05:49|-0.01|0.05|0.9912|
|=|         26|         46|      12398|  -0.4305882353|       1257|00:05:37|-0.01|0.05|0.9894|
|=|          5|         46|      12398|  -0.4333333333|       1298|00:05:26|-0.00|0.05|0.9854|
|=|         14|         46|      12398|  -0.4273684211|       1339|00:05:28|+0.00|0.05|0.9815|
|=|         12|         46|      10020|  -0.4260000000|       1380|00:05:41|+0.00|0.05|0.9807|
|=|          6|         46|      10020|  -0.4190476190|       1421|00:05:26|+0.00|0.05|0.9781|
|=|          4|         46|      10020|  -0.4218181818|       1462|00:05:24|+0.01|0.05|0.9770|
|=|         25|         46|      10020|  -0.4208695652|       1503|00:05:12|+0.01|0.05|0.9737|
|=|          1|         46|      11874|  -0.4133333333|       1544|00:05:15|+0.01|0.05|0.9745|
|=|         17|         46|      11874|  -0.4176000000|       1585|00:05:12|+0.01|0.05|0.9738|
|=|         23|         46|      11874|  -0.4230769231|       1626|00:05:12|+0.01|0.05|0.9700|
|-|          3|         27|      11874|  -0.4237037037|       1667|00:05:39|-0.01|0.02|0.9774|
|=|         16|         27|      11874|  -0.4271428571|       1689|00:02:47|-0.01|0.03|0.9718|
|=|         33|         27|      11874|  -0.4303448276|       1711|00:02:46|-0.01|0.03|0.9718|
|=|          9|         27|      11874|  -0.4306666667|       1733|00:02:50|-0.00|0.03|0.9712|
|=|         29|         27|      11874|  -0.4232258065|       1755|00:02:51|-0.01|0.03|0.9716|
|=|         24|         27|      11874|  -0.4312500000|       1777|00:02:47|-0.00|0.03|0.9678|
|=|         21|         27|      11874|  -0.4363636364|       1799|00:02:48|+0.00|0.03|0.9660|
|=|         18|         27|      11874|  -0.4352941176|       1821|00:02:46|+0.00|0.03|0.9637|
|=|         30|         27|      11874|  -0.4320000000|       1843|00:02:49|+0.01|0.03|0.9618|
|=|          7|         27|      11874|  -0.4277777778|       1865|00:02:45|+0.01|0.03|0.9614|
|=|         37|         27|      11874|  -0.4259459459|       1892|00:03:02|+0.00|0.03|0.9642|
+-+-----------+-----------+-----------+---------------+-----------+--------+-----+----+------+
Best-so-far configuration:       11874    mean value:   -0.4259459459
Description of the best-so-far configuration:
       .ID. t0 t1   a0   a1   a2   r0   r1   r2 std .PARENT.
11874 11874  2  9 1.03 1.97 1.35 0.41 0.01 0.19   1     9915

# 2022-12-02 05:57:15 CET: Elite configurations (first number is the configuration ID; listed from best to worst according to the sum of ranks):
      t0 t1   a0   a1   a2   r0   r1   r2 std
11874  2  9 1.03 1.97 1.35 0.41 0.01 0.19   1
10343  2 10 1.02 1.97 1.38 0.37 0.01 0.20   1
11800  2 10 1.02 1.97 1.41 0.36 0.08 0.19   1
10020  2  9 1.01 1.98 1.38 0.32 0.01 0.25   1
12481  2  9 1.03 1.98 1.41 0.41 0.00 0.18   1
# 2022-12-02 05:57:16 CET: Iteration 16 of 16
# experimentsUsedSoFar: 96405
# remainingBudget: 3595
# currentBudget: 3595
# nbConfigurations: 99
# Markers:
     x No test is performed.
     c Configurations are discarded only due to capping.
     - The test is performed and some configurations are discarded.
     = The test is performed but no configuration is discarded.
     ! The test is performed and configurations could be discarded but elite configurations are preserved.
     . All alive configurations are elite and nothing is discarded

+-+-----------+-----------+-----------+---------------+-----------+--------+-----+----+------+
| |   Instance|      Alive|       Best|      Mean best| Exp so far|  W time|  rho|KenW|  Qvar|
+-+-----------+-----------+-----------+---------------+-----------+--------+-----+----+------+
|x|         38|         99|      10343|  -0.7200000000|         99|00:11:35|   NA|  NA|    NA|
|x|         32|         99|      12542|  -0.5000000000|        193|00:10:54|+0.08|0.54|0.9650|
|x|          3|         99|      12549|  -0.4800000000|        287|00:10:45|+0.18|0.45|0.8446|
|x|         18|         99|      12561|  -0.4600000000|        381|00:10:45|+0.14|0.36|0.8620|
|-|         15|         50|      10020|  -0.4960000000|        475|00:11:09|-0.09|0.12|1.0745|
|=|          8|         50|      10020|  -0.5000000000|        520|00:05:42|-0.06|0.12|1.0471|
|=|          2|         50|      10020|  -0.4857142857|        565|00:05:50|-0.03|0.12|1.0165|
|=|         27|         50|      10020|  -0.4800000000|        610|00:05:34|-0.02|0.11|1.0125|
|=|         22|         50|      10020|  -0.4888888889|        655|00:05:45|+0.00|0.11|0.9879|
|=|          1|         50|      10020|  -0.4680000000|        700|00:05:46|-0.01|0.09|0.9943|
|=|          4|         50|      10020|  -0.4690909091|        745|00:05:44|-0.00|0.09|0.9806|
|=|         10|         50|      10020|  -0.4700000000|        790|00:05:43|+0.01|0.09|0.9727|
|=|          5|         50|      10020|  -0.4646153846|        835|00:05:44|+0.02|0.09|0.9635|
|-|         19|         21|      10020|  -0.4600000000|        880|00:05:46|-0.04|0.04|0.9964|
|=|          9|         21|      10020|  -0.4586666667|        896|00:02:35|-0.03|0.04|0.9855|
|=|          7|         21|      10020|  -0.4500000000|        912|00:02:41|-0.03|0.04|0.9846|
|=|         20|         21|      10020|  -0.4517647059|        928|00:02:33|-0.02|0.04|0.9809|
|=|         28|         21|      10020|  -0.4533333333|        944|00:02:29|-0.02|0.04|0.9762|
|=|         29|         21|      10020|  -0.4484210526|        960|00:02:40|-0.02|0.04|0.9758|
|=|         25|         21|      10020|  -0.4460000000|        976|00:02:33|-0.01|0.04|0.9678|
|=|         33|         21|      10020|  -0.4361904762|        992|00:02:35|-0.01|0.04|0.9684|
|=|         30|         21|      10020|  -0.4290909091|       1008|00:02:31|-0.01|0.04|0.9665|
|=|          6|         21|      10020|  -0.4226086957|       1024|00:02:29|+0.00|0.04|0.9590|
|=|         26|         21|      10020|  -0.4183333333|       1040|00:02:41|-0.00|0.04|0.9598|
|=|         35|         21|      10020|  -0.4096000000|       1056|00:02:29|-0.01|0.03|0.9666|
|=|         11|         21|      10020|  -0.4030769231|       1072|00:02:32|-0.00|0.03|0.9632|
|=|         14|         21|      10343|  -0.4207407407|       1088|00:02:45|-0.00|0.04|0.9597|
|=|         24|         21|      11800|  -0.4157142857|       1104|00:02:29|+0.00|0.04|0.9545|
|=|         21|         21|      11874|  -0.4248275862|       1120|00:02:41|+0.00|0.04|0.9545|
|=|         13|         21|      11874|  -0.4226666667|       1136|00:02:32|+0.00|0.03|0.9550|
|=|         34|         21|      11874|  -0.4232258065|       1152|00:02:30|+0.00|0.04|0.9506|
|=|         23|         21|      11874|  -0.4275000000|       1168|00:02:31|+0.01|0.04|0.9471|
|=|         17|         21|      11874|  -0.4303030303|       1184|00:02:32|+0.01|0.04|0.9450|
|=|         31|         21|      11874|  -0.4294117647|       1200|00:02:31|+0.01|0.04|0.9443|
|=|         12|         21|      11874|  -0.4240000000|       1216|00:02:32|+0.01|0.04|0.9431|
|-|         16|         14|      11874|  -0.4266666667|       1232|00:02:28|-0.00|0.03|0.9347|
|=|         37|         14|      11874|  -0.4248648649|       1241|00:02:12|-0.00|0.02|0.9359|
|=|         36|         14|      11874|  -0.4221052632|       1250|00:02:30|-0.00|0.02|0.9355|
|=|         39|         14|      11874|  -0.4174358974|       1264|00:02:13|-0.00|0.02|0.9358|
+-+-----------+-----------+-----------+---------------+-----------+--------+-----+----+------+
Best-so-far configuration:       11874    mean value:   -0.4174358974
Description of the best-so-far configuration:
       .ID. t0 t1   a0   a1   a2   r0   r1   r2 std .PARENT.
11874 11874  2  9 1.03 1.97 1.35 0.41 0.01 0.19   1     9915

# 2022-12-02 08:47:33 CET: Elite configurations (first number is the configuration ID; listed from best to worst according to the sum of ranks):
      t0 t1   a0   a1   a2   r0   r1   r2 std
11874  2  9 1.03 1.97 1.35 0.41 0.01 0.19   1
10343  2 10 1.02 1.97 1.38 0.37 0.01 0.20   1
12481  2  9 1.03 1.98 1.41 0.41 0.00 0.18   1
10020  2  9 1.01 1.98 1.38 0.32 0.01 0.25   1
12581  2 10 1.01 1.97 1.40 0.38 0.02 0.19   1
# 2022-12-02 08:47:33 CET: Iteration 17 of 17
# experimentsUsedSoFar: 97669
# remainingBudget: 2331
# currentBudget: 2331
# nbConfigurations: 63
# Markers:
     x No test is performed.
     c Configurations are discarded only due to capping.
     - The test is performed and some configurations are discarded.
     = The test is performed but no configuration is discarded.
     ! The test is performed and configurations could be discarded but elite configurations are preserved.
     . All alive configurations are elite and nothing is discarded

+-+-----------+-----------+-----------+---------------+-----------+--------+-----+----+------+
| |   Instance|      Alive|       Best|      Mean best| Exp so far|  W time|  rho|KenW|  Qvar|
+-+-----------+-----------+-----------+---------------+-----------+--------+-----+----+------+
|x|         40|         63|      12666|  -0.7600000000|         63|00:08:14|   NA|  NA|    NA|
|x|         19|         63|      12680|  -0.5400000000|        121|00:06:02|+0.16|0.58|0.8296|
|x|          1|         63|      12680|  -0.5200000000|        179|00:06:05|+0.17|0.45|0.8317|
|x|         32|         63|      12682|  -0.4500000000|        237|00:06:01|+0.07|0.30|0.9331|
|=|          3|         63|      12682|  -0.4400000000|        295|00:05:59|+0.06|0.25|0.9493|
|=|          9|         63|      12677|  -0.4666666667|        353|00:05:59|+0.05|0.21|0.9647|
|-|         22|         43|      12682|  -0.4457142857|        411|00:06:02|-0.06|0.09|1.0419|
|=|         34|         43|      12682|  -0.4800000000|        449|00:05:11|-0.03|0.10|1.0153|
|=|          2|         43|      12682|  -0.4800000000|        487|00:05:36|-0.01|0.10|0.9893|
|=|         39|         43|      12682|  -0.4760000000|        525|00:05:13|-0.01|0.09|0.9863|
|=|          6|         43|      12682|  -0.4581818182|        563|00:05:35|-0.01|0.09|0.9768|
|=|          8|         43|      12682|  -0.4600000000|        601|00:05:41|-0.00|0.08|0.9825|
|=|         12|         43|      12682|  -0.4523076923|        639|00:05:27|-0.00|0.08|0.9777|
|=|         13|         43|      12682|  -0.4457142857|        677|00:05:11|+0.01|0.08|0.9675|
|=|         11|         43|      12682|  -0.4453333333|        715|00:05:26|+0.02|0.08|0.9619|
|=|         38|         43|      10343|  -0.4725000000|        753|00:05:21|+0.02|0.08|0.9537|
|-|         23|         23|      10343|  -0.4729411765|        791|00:05:10|-0.02|0.04|0.9705|
|=|         35|         23|      10343|  -0.4555555556|        809|00:02:45|-0.02|0.03|0.9756|
|=|         28|         23|      10343|  -0.4526315789|        827|00:02:42|-0.02|0.04|0.9697|
