#------------------------------------------------------------------------------
# irace: An implementation in R of (Elitist) Iterated Racing
# Version: 3.5.6863679
# Copyright (C) 2010-2020
# Manuel Lopez-Ibanez     <manuel.lopez-ibanez@manchester.ac.uk>
# Jeremie Dubois-Lacoste  
# Leslie Perez Caceres    <leslie.perez.caceres@ulb.ac.be>
#
# This is free software, and you are welcome to redistribute it under certain
# conditions.  See the GNU General Public License for details. There is NO
# WARRANTY; not even for MERCHANTABILITY or FITNESS FOR A PARTICULAR PURPOSE.
#
# irace builds upon previous code from the race package:
#     race: Racing methods for the selection of the best
#     Copyright (C) 2003 Mauro Birattari
#------------------------------------------------------------------------------
# installed at: /home/asion/swarm_aggregation/tuning1/r_libs/irace
# called with: --exec-dir=./ --parallel 20 --mpi 1 --scenario scenario.txt
# 2022-11-22 16:22:44 CET: 4 expression(s) specifying forbidden configurations read from '/home/asion/swarm_aggregation/tuning1/forbidden.txt'
# 2022-11-22 16:22:45 CET: Initialization
# Elitist race
# Elitist new instances: 1
# Elitist limit: 2
# nbIterations: 5
# minNbSurvival: 5
# nbParameters: 9
# seed: 1810113768
# confidence level: 0.95
# budget: 1e+05
# mu: 5
# deterministic: FALSE

# 2022-11-22 16:22:45 CET: Iteration 1 of 5
# experimentsUsedSoFar: 0
# remainingBudget: 1e+05
# currentBudget: 20000
# nbConfigurations: 1024
# Markers:
     x No test is performed.
     c Configurations are discarded only due to capping.
     - The test is performed and some configurations are discarded.
     = The test is performed but no configuration is discarded.
     ! The test is performed and configurations could be discarded but elite configurations are preserved.
     . All alive configurations are elite and nothing is discarded

+-+-----------+-----------+-----------+----------------+-----------+--------+-----+----+------+
| |   Instance|      Alive|       Best|       Mean best| Exp so far|  W time|  rho|KenW|  Qvar|
+-+-----------+-----------+-----------+----------------+-----------+--------+-----+----+------+
|x|          1|       1024|         98|   -0.4400000000|       1024|00:35:21|   NA|  NA|    NA|
|x|          2|       1024|        129|   -0.3000000000|       2048|00:35:24|+0.04|0.52|0.9478|
|x|          3|       1024|        650|   -0.2800000000|       3072|00:35:23|+0.02|0.35|0.9614|
|x|          4|       1024|        824|   -0.2300000000|       4096|00:35:23|+0.01|0.26|0.9788|
|=|          5|       1024|        561|   -0.2320000000|       5120|00:35:24|+0.01|0.21|0.9800|
|-|          6|        325|        824|   -0.2333333333|       6144|00:35:18|-0.13|0.06|1.0971|
|=|          7|        325|        824|   -0.2571428571|       6469|00:11:27|-0.09|0.07|1.0627|
|=|          8|        325|        824|   -0.2650000000|       6794|00:11:30|-0.06|0.07|1.0335|
+-+-----------+-----------+-----------+----------------+-----------+--------+-----+----+------+
Best-so-far configuration:         824    mean value:    -0.2650000000
Description of the best-so-far configuration:
    .ID. t0 t1  a0   a1   a2   r0   r1  r2 std .PARENT.
824  824  3  4 1.1 1.86 1.99 0.21 0.26 0.3   1       NA

# 2022-11-22 20:18:04 CET: Elite configurations (first number is the configuration ID; listed from best to worst according to the sum of ranks):
    t0 t1   a0   a1   a2   r0   r1   r2 std
824  3  4 1.10 1.86 1.99 0.21 0.26 0.30   1
513  2  9 1.75 1.54 1.28 0.69 0.96 0.82   4
650  1  3 1.34 1.55 1.52 0.13 0.01 0.93  18
560  1  9 1.20 1.98 1.89 0.24 0.59 0.06   6
567  2 10 1.38 1.70 1.07 0.27 0.09 0.90   1
# 2022-11-22 20:18:04 CET: Iteration 2 of 5
# experimentsUsedSoFar: 6794
# remainingBudget: 93206
# currentBudget: 23301
# nbConfigurations: 1024
# Markers:
     x No test is performed.
     c Configurations are discarded only due to capping.
     - The test is performed and some configurations are discarded.
     = The test is performed but no configuration is discarded.
     ! The test is performed and configurations could be discarded but elite configurations are preserved.
     . All alive configurations are elite and nothing is discarded

+-+-----------+-----------+-----------+----------------+-----------+--------+-----+----+------+
| |   Instance|      Alive|       Best|       Mean best| Exp so far|  W time|  rho|KenW|  Qvar|
+-+-----------+-----------+-----------+----------------+-----------+--------+-----+----+------+
|x|          9|       1024|       1107|   -0.4400000000|       1024|00:35:36|   NA|  NA|    NA|
|x|          3|       1024|       1128|   -0.3200000000|       2043|00:35:30|+0.06|0.53|0.9299|
|x|          6|       1024|       1885|   -0.3066666667|       3062|00:35:32|+0.07|0.38|0.9200|
|x|          5|       1024|       1885|   -0.3000000000|       4081|00:35:30|+0.06|0.30|0.9179|
|-|          8|        194|       1885|   -0.2960000000|       5100|00:35:12|-0.09|0.12|1.0546|
|=|          4|        194|       1885|   -0.3466666667|       5289|00:06:33|-0.04|0.13|1.0007|
|=|          7|        194|       1885|   -0.3485714286|       5478|00:06:48|-0.00|0.14|0.9598|
|=|          1|        194|       1885|   -0.3300000000|       5667|00:06:54|+0.02|0.15|0.9389|
|-|          2|         36|       1885|   -0.3111111111|       5856|00:06:53|-0.04|0.08|0.9731|
|=|         10|         36|       1199|   -0.2960000000|       5892|00:01:25|-0.01|0.09|0.9615|
|=|         11|         36|       1199|   -0.2909090909|       5928|00:01:25|+0.01|0.10|0.9395|
+-+-----------+-----------+-----------+----------------+-----------+--------+-----+----+------+
Best-so-far configuration:        1199    mean value:    -0.2909090909
Description of the best-so-far configuration:
     .ID. t0 t1   a0   a1   a2   r0   r1   r2 std .PARENT.
1199 1199  2  4 1.07 1.77 1.84 0.19 0.69 0.43   1      824

# 2022-11-22 23:45:43 CET: Elite configurations (first number is the configuration ID; listed from best to worst according to the sum of ranks):
     t0 t1   a0   a1   a2   r0   r1   r2 std
1199  2  4 1.07 1.77 1.84 0.19 0.69 0.43   1
1885  1  2 1.04 1.87 1.94 0.17 0.60 0.19   1
1823  2  7 1.06 1.98 1.54 0.23 0.27 0.00   1
1829  2  5 1.21 1.98 1.77 0.35 0.20 0.33   1
1824  2 10 1.11 1.73 1.03 0.19 0.28 0.56   1
# 2022-11-22 23:45:43 CET: Iteration 3 of 5
# experimentsUsedSoFar: 12722
# remainingBudget: 87278
# currentBudget: 29092
# nbConfigurations: 1024
# Markers:
     x No test is performed.
     c Configurations are discarded only due to capping.
     - The test is performed and some configurations are discarded.
     = The test is performed but no configuration is discarded.
     ! The test is performed and configurations could be discarded but elite configurations are preserved.
     . All alive configurations are elite and nothing is discarded

+-+-----------+-----------+-----------+----------------+-----------+--------+-----+----+------+
| |   Instance|      Alive|       Best|       Mean best| Exp so far|  W time|  rho|KenW|  Qvar|
+-+-----------+-----------+-----------+----------------+-----------+--------+-----+----+------+
|x|         12|       1024|       2671|   -0.5200000000|       1024|00:36:10|   NA|  NA|    NA|
|x|          7|       1024|       2541|   -0.3800000000|       2043|00:35:54|+0.15|0.57|0.8518|
|x|          3|       1024|       2751|   -0.3866666667|       3062|00:35:57|+0.18|0.45|0.8151|
|x|          1|       1024|       2899|   -0.3400000000|       4081|00:35:57|+0.15|0.37|0.8388|
|-|         11|        299|       2934|   -0.3280000000|       5100|00:35:46|-0.08|0.13|1.0403|
|=|          9|        299|       2934|   -0.3466666667|       5394|00:10:35|-0.03|0.14|0.9957|
|=|          5|        299|       2934|   -0.3314285714|       5688|00:10:36|+0.00|0.14|0.9787|
|=|          6|        299|       2934|   -0.3300000000|       5982|00:10:20|+0.02|0.14|0.9618|
|-|         10|         95|       2934|   -0.3244444444|       6276|00:10:20|-0.06|0.06|1.0393|
|=|          2|         95|       2751|   -0.3400000000|       6366|00:03:33|-0.04|0.06|1.0190|
|=|          4|         95|       2751|   -0.3345454545|       6456|00:03:32|-0.02|0.07|1.0028|
|=|          8|         95|       2751|   -0.3600000000|       6546|00:03:32|-0.01|0.08|0.9811|
|=|         13|         95|       2751|   -0.3538461538|       6641|00:03:33|+0.00|0.08|0.9774|
+-+-----------+-----------+-----------+----------------+-----------+--------+-----+----+------+
Best-so-far configuration:        2751    mean value:    -0.3538461538
Description of the best-so-far configuration:
     .ID. t0 t1   a0   a1   a2   r0   r1   r2 std .PARENT.
2751 2751  2  9 1.07 1.99 1.63 0.18 0.12 0.01   1     1823

# 2022-11-23 03:41:51 CET: Elite configurations (first number is the configuration ID; listed from best to worst according to the sum of ranks):
     t0 t1   a0   a1   a2   r0   r1   r2 std
2751  2  9 1.07 1.99 1.63 0.18 0.12 0.01   1
2086  2  6 1.01 1.96 1.48 0.25 0.36 0.06   1
2125  2  3 1.15 1.97 1.98 0.02 0.33 0.09   1
2466  2  7 1.04 1.93 1.69 0.30 0.12 0.06   1
2934  2  8 1.00 1.94 1.53 0.46 0.12 0.17   1
# 2022-11-23 03:41:51 CET: Iteration 4 of 5
# experimentsUsedSoFar: 19363
# remainingBudget: 80637
# currentBudget: 40318
# nbConfigurations: 1024
# Markers:
     x No test is performed.
     c Configurations are discarded only due to capping.
     - The test is performed and some configurations are discarded.
     = The test is performed but no configuration is discarded.
     ! The test is performed and configurations could be discarded but elite configurations are preserved.
     . All alive configurations are elite and nothing is discarded

+-+-----------+-----------+-----------+----------------+-----------+--------+-----+----+------+
| |   Instance|      Alive|       Best|       Mean best| Exp so far|  W time|  rho|KenW|  Qvar|
+-+-----------+-----------+-----------+----------------+-----------+--------+-----+----+------+
|x|         14|       1024|       3128|   -0.7200000000|       1024|00:36:13|   NA|  NA|    NA|
|x|          5|       1024|       3222|   -0.5200000000|       2043|00:36:07|+0.38|0.69|0.7016|
|x|         11|       1024|       3969|   -0.4533333333|       3062|00:36:04|+0.34|0.56|0.7243|
|x|          2|       1024|       3622|   -0.4500000000|       4081|00:36:08|+0.35|0.51|0.6962|
|-|          3|        320|       3674|   -0.5200000000|       5100|00:36:01|-0.09|0.13|1.0570|
|=|          6|        320|       3674|   -0.4866666667|       5415|00:11:18|-0.04|0.14|1.0093|
|=|          4|        320|       3674|   -0.4800000000|       5730|00:11:18|-0.01|0.14|0.9850|
|=|          1|        320|       3674|   -0.4750000000|       6045|00:11:21|+0.01|0.13|0.9688|
|-|          7|         69|       3674|   -0.4888888889|       6360|00:11:19|-0.06|0.06|1.0216|
|=|         13|         69|       3674|   -0.4720000000|       6424|00:02:47|-0.04|0.06|1.0031|
|=|          8|         69|       3674|   -0.4909090909|       6488|00:02:47|-0.02|0.07|0.9886|
|=|         10|         69|       3674|   -0.4766666667|       6552|00:02:42|-0.01|0.07|0.9835|
|=|         12|         69|       3674|   -0.4553846154|       6616|00:02:43|-0.01|0.07|0.9788|
|=|          9|         69|       3628|   -0.4142857143|       6680|00:02:39|-0.00|0.07|0.9761|
|=|         15|         69|       3628|   -0.4106666667|       6749|00:02:48|+0.00|0.07|0.9718|
+-+-----------+-----------+-----------+----------------+-----------+--------+-----+----+------+
Best-so-far configuration:        3628    mean value:    -0.4106666667
Description of the best-so-far configuration:
     .ID. t0 t1   a0   a1  a2  r0   r1   r2 std .PARENT.
3628 3628  2  7 1.03 1.95 1.7 0.3 0.05 0.07   1     2466

# 2022-11-23 07:44:35 CET: Elite configurations (first number is the configuration ID; listed from best to worst according to the sum of ranks):
     t0 t1   a0   a1   a2   r0   r1   r2 std
3628  2  7 1.03 1.95 1.70 0.30 0.05 0.07   1
3669  2  3 1.05 1.95 1.98 0.06 0.29 0.07   1
3716  2  7 1.01 1.99 1.74 0.20 0.15 0.13   1
3674  2  7 1.01 1.96 1.72 0.33 0.05 0.15   1
3560  2  7 1.00 1.97 1.75 0.29 0.07 0.12   1
# 2022-11-23 07:44:35 CET: Iteration 5 of 5
# experimentsUsedSoFar: 26112
# remainingBudget: 73888
# currentBudget: 73888
# nbConfigurations: 1024
# Markers:
     x No test is performed.
     c Configurations are discarded only due to capping.
     - The test is performed and some configurations are discarded.
     = The test is performed but no configuration is discarded.
     ! The test is performed and configurations could be discarded but elite configurations are preserved.
     . All alive configurations are elite and nothing is discarded

+-+-----------+-----------+-----------+----------------+-----------+--------+-----+----+------+
| |   Instance|      Alive|       Best|       Mean best| Exp so far|  W time|  rho|KenW|  Qvar|
+-+-----------+-----------+-----------+----------------+-----------+--------+-----+----+------+
|x|         16|       1024|       4460|   -0.8000000000|       1024|00:36:35|   NA|  NA|    NA|
|x|         12|       1024|       4460|   -0.7200000000|       2043|00:36:23|+0.34|0.67|0.6798|
|x|          5|       1024|       4460|   -0.6533333333|       3062|00:36:26|+0.33|0.55|0.7142|
|x|         14|       1024|       4961|   -0.5300000000|       4081|00:36:23|+0.32|0.49|0.7254|
|-|          2|        273|       4961|   -0.5120000000|       5100|00:36:28|-0.13|0.09|1.1143|
|=|         15|        273|       4961|   -0.4733333333|       5368|00:09:51|-0.09|0.09|1.0814|
|=|          7|        273|       4625|   -0.4628571429|       5636|00:09:53|-0.07|0.08|1.0590|
|=|          9|        273|       4625|   -0.4600000000|       5904|00:09:53|-0.04|0.09|1.0370|
|=|         11|        273|       4484|   -0.4444444444|       6172|00:09:53|-0.03|0.08|1.0280|
|=|          4|        273|       4484|   -0.4440000000|       6440|00:09:54|-0.03|0.08|1.0224|
|=|          8|        273|       4625|   -0.4472727273|       6708|00:09:55|-0.02|0.08|1.0120|
|=|          1|        273|       4484|   -0.4400000000|       6976|00:09:52|-0.01|0.08|1.0051|
|=|         13|        273|       4625|   -0.4492307692|       7244|00:09:49|-0.00|0.08|0.9999|
|=|          6|        273|       4625|   -0.4485714286|       7512|00:09:45|+0.00|0.07|0.9968|
|=|          3|        273|       4625|   -0.4426666667|       7780|00:09:48|+0.00|0.07|0.9964|
|=|         10|        273|       4625|   -0.4450000000|       8048|00:09:56|+0.00|0.06|0.9964|
|=|         17|        273|       4625|   -0.4329411765|       8321|00:09:59|+0.00|0.06|0.9938|
+-+-----------+-----------+-----------+----------------+-----------+--------+-----+----+------+
Best-so-far configuration:        4625    mean value:    -0.4329411765
Description of the best-so-far configuration:
     .ID. t0 t1   a0   a1   a2   r0   r1  r2 std .PARENT.
4625 4625  2  3 1.02 1.97 1.95 0.06 0.27 0.1   1     3669

# 2022-11-23 12:45:53 CET: Elite configurations (first number is the configuration ID; listed from best to worst according to the sum of ranks):
     t0 t1   a0   a1   a2   r0   r1   r2 std
4625  2  3 1.02 1.97 1.95 0.06 0.27 0.10   1
4535  2  3 1.03 1.96 1.96 0.02 0.31 0.08   1
4460  2  3 1.03 1.92 1.97 0.06 0.30 0.07   1
4484  2  3 1.05 1.93 1.95 0.07 0.32 0.05   1
4477  2  7 1.06 1.98 1.74 0.18 0.15 0.15   1
# 2022-11-23 12:45:53 CET: Iteration 6 of 6
# experimentsUsedSoFar: 34433
# remainingBudget: 65567
# currentBudget: 65567
# nbConfigurations: 1024
# Markers:
     x No test is performed.
     c Configurations are discarded only due to capping.
     - The test is performed and some configurations are discarded.
     = The test is performed but no configuration is discarded.
     ! The test is performed and configurations could be discarded but elite configurations are preserved.
     . All alive configurations are elite and nothing is discarded

+-+-----------+-----------+-----------+----------------+-----------+--------+-----+----+------+
| |   Instance|      Alive|       Best|       Mean best| Exp so far|  W time|  rho|KenW|  Qvar|
+-+-----------+-----------+-----------+----------------+-----------+--------+-----+----+------+
|x|         18|       1024|       5761|   -0.8000000000|       1024|00:36:28|   NA|  NA|    NA|
|x|          9|       1024|       5997|   -0.6800000000|       2043|00:36:27|+0.17|0.58|0.8445|
|x|         16|       1024|       5997|   -0.6400000000|       3062|00:36:29|+0.16|0.44|0.8379|
|x|         17|       1024|       5997|   -0.6000000000|       4081|00:36:26|+0.15|0.36|0.8524|
|-|          4|        298|       4535|   -0.5200000000|       5100|00:36:23|-0.10|0.12|1.0746|
|=|          7|        298|       6028|   -0.5000000000|       5393|00:10:43|-0.06|0.12|1.0329|
|=|         15|        298|       6028|   -0.4971428571|       5686|00:10:47|-0.03|0.12|1.0101|
|=|         11|        298|       6028|   -0.5000000000|       5979|00:10:40|-0.01|0.12|0.9915|
|=|          1|        298|       6028|   -0.4844444444|       6272|00:10:42|+0.01|0.12|0.9839|
|-|         14|         93|       4535|   -0.4840000000|       6565|00:10:40|-0.07|0.04|1.0532|
|=|          6|         93|       4535|   -0.4800000000|       6653|00:03:30|-0.06|0.04|1.0440|
|=|         12|         93|       4535|   -0.4700000000|       6741|00:03:30|-0.05|0.04|1.0333|
|=|          2|         93|       4535|   -0.4553846154|       6829|00:03:30|-0.04|0.04|1.0260|
|=|          3|         93|       5208|   -0.4485714286|       6917|00:03:30|-0.03|0.04|1.0215|
|=|         10|         93|       5208|   -0.4560000000|       7005|00:03:29|-0.03|0.04|1.0163|
|=|         13|         93|       4535|   -0.4400000000|       7093|00:03:27|-0.02|0.05|1.0079|
|=|          8|         93|       4625|   -0.4305882353|       7181|00:03:29|-0.02|0.04|1.0075|
|=|          5|         93|       4625|   -0.4355555556|       7269|00:03:32|-0.02|0.04|1.0077|
|=|         19|         93|       4625|   -0.4252631579|       7362|00:03:27|-0.01|0.04|1.0041|
+-+-----------+-----------+-----------+----------------+-----------+--------+-----+----+------+
Best-so-far configuration:        4625    mean value:    -0.4252631579
Description of the best-so-far configuration:
     .ID. t0 t1   a0   a1   a2   r0   r1  r2 std .PARENT.
4625 4625  2  3 1.02 1.97 1.95 0.06 0.27 0.1   1     3669

# 2022-11-23 17:13:39 CET: Elite configurations (first number is the configuration ID; listed from best to worst according to the sum of ranks):
     t0 t1   a0   a1   a2   r0   r1   r2 std
4625  2  3 1.02 1.97 1.95 0.06 0.27 0.10   1
4535  2  3 1.03 1.96 1.96 0.02 0.31 0.08   1
5891  2  3 1.02 1.82 1.98 0.08 0.37 0.07   1
5162  2  3 1.02 1.91 1.95 0.08 0.29 0.06   1
5208  2  3 1.00 1.96 1.94 0.14 0.22 0.06   1
# 2022-11-23 17:13:39 CET: Iteration 7 of 7
# experimentsUsedSoFar: 41795
# remainingBudget: 58205
# currentBudget: 58205
# nbConfigurations: 1024
# Markers:
     x No test is performed.
     c Configurations are discarded only due to capping.
     - The test is performed and some configurations are discarded.
     = The test is performed but no configuration is discarded.
     ! The test is performed and configurations could be discarded but elite configurations are preserved.
     . All alive configurations are elite and nothing is discarded

+-+-----------+-----------+-----------+----------------+-----------+--------+-----+----+------+
| |   Instance|      Alive|       Best|       Mean best| Exp so far|  W time|  rho|KenW|  Qvar|
+-+-----------+-----------+-----------+----------------+-----------+--------+-----+----+------+
|x|         20|       1024|       6620|   -0.7200000000|       1024|00:36:13|   NA|  NA|    NA|
|x|          4|       1024|       6668|   -0.7000000000|       2043|00:36:00|+0.33|0.67|0.6584|
|x|         10|       1024|       6668|   -0.6933333333|       3062|00:35:56|+0.28|0.52|0.7294|
|x|         18|       1024|       6668|   -0.6300000000|       4081|00:36:15|+0.31|0.48|0.7067|
|-|         13|        227|       4625|   -0.5360000000|       5100|00:36:17|-0.08|0.13|1.0570|
|=|          8|        227|       4625|   -0.5266666667|       5322|00:08:26|-0.05|0.13|1.0231|
|=|         19|        227|       6668|   -0.5714285714|       5544|00:08:28|-0.03|0.12|1.0060|
|=|         16|        227|       6668|   -0.5650000000|       5766|00:08:24|+0.00|0.13|0.9854|
|=|          6|        227|       6668|   -0.5377777778|       5988|00:08:22|+0.02|0.13|0.9726|
|-|          5|         62|       6668|   -0.5320000000|       6210|00:08:26|-0.06|0.04|1.0373|
|=|         14|         62|       4625|   -0.4727272727|       6267|00:02:09|-0.06|0.04|1.0328|
|=|         11|         62|       4535|   -0.4566666667|       6324|00:02:09|-0.04|0.05|1.0220|
|=|          2|         62|       4625|   -0.4584615385|       6381|00:02:09|-0.03|0.05|1.0149|
|=|          7|         62|       4625|   -0.4657142857|       6438|00:02:09|-0.02|0.05|1.0056|
|=|          1|         62|       4625|   -0.4613333333|       6495|00:02:10|-0.01|0.06|0.9939|
|=|         12|         62|       4625|   -0.4575000000|       6552|00:02:07|-0.01|0.06|0.9884|
|=|          3|         62|       4625|   -0.4517647059|       6609|00:02:09|-0.00|0.06|0.9878|
|=|         15|         62|       4625|   -0.4488888889|       6666|00:02:09|-0.01|0.05|0.9912|
|=|          9|         62|       4625|   -0.4484210526|       6723|00:02:10|-0.00|0.05|0.9860|
|=|         17|         62|       4625|   -0.4380000000|       6780|00:02:09|-0.00|0.05|0.9879|
|=|         21|         62|       4625|   -0.4323809524|       6842|00:02:42|+0.00|0.05|0.9857|
+-+-----------+-----------+-----------+----------------+-----------+--------+-----+----+------+
Best-so-far configuration:        4625    mean value:    -0.4323809524
Description of the best-so-far configuration:
     .ID. t0 t1   a0   a1   a2   r0   r1  r2 std .PARENT.
4625 4625  2  3 1.02 1.97 1.95 0.06 0.27 0.1   1     3669

# 2022-11-23 21:21:19 CET: Elite configurations (first number is the configuration ID; listed from best to worst according to the sum of ranks):
     t0 t1   a0   a1   a2   r0   r1   r2 std
4625  2  3 1.02 1.97 1.95 0.06 0.27 0.10   1
5891  2  3 1.02 1.82 1.98 0.08 0.37 0.07   1
6668  2  3 1.06 1.89 1.92 0.08 0.26 0.03   1
6696  2  3 1.05 1.89 1.96 0.06 0.32 0.05   1
5162  2  3 1.02 1.91 1.95 0.08 0.29 0.06   1
# 2022-11-23 21:21:19 CET: Iteration 8 of 8
# experimentsUsedSoFar: 48637
# remainingBudget: 51363
# currentBudget: 51363
# nbConfigurations: 1024
# Markers:
     x No test is performed.
     c Configurations are discarded only due to capping.
     - The test is performed and some configurations are discarded.
     = The test is performed but no configuration is discarded.
     ! The test is performed and configurations could be discarded but elite configurations are preserved.
     . All alive configurations are elite and nothing is discarded

+-+-----------+-----------+-----------+----------------+-----------+--------+-----+----+------+
| |   Instance|      Alive|       Best|       Mean best| Exp so far|  W time|  rho|KenW|  Qvar|
+-+-----------+-----------+-----------+----------------+-----------+--------+-----+----+------+
|x|         22|       1024|       7237|   -0.8400000000|       1024|00:36:36|   NA|  NA|    NA|
|x|         20|       1024|       5891|   -0.6400000000|       2043|00:36:20|+0.12|0.56|0.8891|
|x|         11|       1024|       7785|   -0.5733333333|       3062|00:36:00|+0.13|0.42|0.8770|
|x|         19|       1024|       7785|   -0.6000000000|       4081|00:36:19|+0.16|0.37|0.8457|
|-|          2|        218|       7870|   -0.5920000000|       5100|00:36:34|-0.10|0.12|1.0747|
|=|         17|        218|       7400|   -0.5066666667|       5313|00:07:53|-0.06|0.12|1.0442|
|=|         21|        218|       5891|   -0.5085714286|       5526|00:07:51|-0.03|0.12|1.0206|
|=|          8|        218|       8138|   -0.4700000000|       5739|00:07:49|-0.02|0.11|1.0121|
|=|         10|        218|       5891|   -0.4844444444|       5952|00:07:50|-0.02|0.09|1.0116|
|=|         12|        218|       5891|   -0.4920000000|       6165|00:07:47|-0.00|0.10|0.9961|
|=|         13|        218|       5891|   -0.4763636364|       6378|00:07:50|+0.01|0.10|0.9881|
|-|          6|         98|       8138|   -0.4566666667|       6591|00:07:56|-0.06|0.03|1.0419|
|=|         14|         98|       7617|   -0.4676923077|       6684|00:03:31|-0.05|0.03|1.0326|
|=|          4|         98|       8138|   -0.4371428571|       6777|00:03:34|-0.04|0.04|1.0250|
|=|          5|         98|       8138|   -0.4346666667|       6870|00:03:34|-0.03|0.04|1.0170|
|=|         15|         98|       7617|   -0.4650000000|       6963|00:03:34|-0.02|0.04|1.0118|
|=|         18|         98|       8138|   -0.4305882353|       7056|00:03:30|-0.02|0.04|1.0127|
|=|          3|         98|       7870|   -0.4444444444|       7149|00:03:33|-0.02|0.04|1.0080|
|=|         16|         98|       5891|   -0.4315789474|       7242|00:03:34|-0.01|0.04|1.0049|
|=|          9|         98|       5891|   -0.4400000000|       7335|00:03:34|-0.01|0.04|1.0018|
|=|          7|         98|       5891|   -0.4419047619|       7428|00:03:34|-0.01|0.04|0.9989|
|=|          1|         98|       5891|   -0.4418181818|       7521|00:03:33|-0.01|0.04|0.9976|
|=|         23|         98|       5891|   -0.4330434783|       7619|00:03:34|-0.01|0.04|0.9986|
+-+-----------+-----------+-----------+----------------+-----------+--------+-----+----+------+
Best-so-far configuration:        5891    mean value:    -0.4330434783
Description of the best-so-far configuration:
     .ID. t0 t1   a0   a1   a2   r0   r1   r2 std .PARENT.
5891 5891  2  3 1.02 1.82 1.98 0.08 0.37 0.07   1     4460

# 2022-11-24 01:57:47 CET: Elite configurations (first number is the configuration ID; listed from best to worst according to the sum of ranks):
     t0 t1   a0   a1   a2   r0   r1   r2 std
5891  2  3 1.02 1.82 1.98 0.08 0.37 0.07   1
4625  2  3 1.02 1.97 1.95 0.06 0.27 0.10   1
8138  2  3 1.05 1.80 1.97 0.04 0.20 0.01   1
6696  2  3 1.05 1.89 1.96 0.06 0.32 0.05   1
5162  2  3 1.02 1.91 1.95 0.08 0.29 0.06   1
# 2022-11-24 01:57:47 CET: Iteration 9 of 9
# experimentsUsedSoFar: 56256
# remainingBudget: 43744
# currentBudget: 43744
# nbConfigurations: 1024
# Markers:
     x No test is performed.
     c Configurations are discarded only due to capping.
     - The test is performed and some configurations are discarded.
     = The test is performed but no configuration is discarded.
     ! The test is performed and configurations could be discarded but elite configurations are preserved.
     . All alive configurations are elite and nothing is discarded

+-+-----------+-----------+-----------+----------------+-----------+--------+-----+----+------+
| |   Instance|      Alive|       Best|       Mean best| Exp so far|  W time|  rho|KenW|  Qvar|
+-+-----------+-----------+-----------+----------------+-----------+--------+-----+----+------+
|x|         24|       1024|       8283|   -0.8000000000|       1024|00:36:24|   NA|  NA|    NA|
|x|         13|       1024|       8342|   -0.6800000000|       2043|00:36:17|+0.34|0.67|0.7057|
|x|          5|       1024|       8392|   -0.5866666667|       3062|00:36:10|+0.36|0.58|0.6913|
|x|         12|       1024|       8570|   -0.5800000000|       4081|00:36:09|+0.34|0.50|0.7149|
|-|          6|        307|       8392|   -0.5520000000|       5100|00:36:08|-0.12|0.10|1.1079|
|=|         11|        307|       8392|   -0.5200000000|       5402|00:11:17|-0.07|0.11|1.0656|
|=|          4|        307|       8264|   -0.4914285714|       5704|00:11:16|-0.05|0.10|1.0370|
|=|         15|        307|       9069|   -0.5000000000|       6006|00:11:12|-0.04|0.09|1.0281|
|=|         10|        307|       9069|   -0.5066666667|       6308|00:11:16|-0.03|0.09|1.0182|
|=|          2|        307|       9069|   -0.4960000000|       6610|00:11:16|-0.02|0.08|1.0116|
|=|         20|        307|       4625|   -0.4909090909|       6912|00:11:11|-0.01|0.08|1.0021|
|=|          1|        307|       9069|   -0.4900000000|       7214|00:11:15|+0.00|0.08|0.9902|
|=|          7|        307|       4625|   -0.4892307692|       7516|00:11:14|+0.00|0.08|0.9895|
|=|         18|        307|       4625|   -0.4885714286|       7818|00:11:11|+0.01|0.08|0.9872|
|=|         21|        307|       4625|   -0.4773333333|       8120|00:11:11|+0.01|0.07|0.9868|
|-|         23|        101|       8570|   -0.4775000000|       8422|00:11:15|-0.04|0.03|1.0240|
|=|         16|        101|       8570|   -0.4705882353|       8518|00:03:35|-0.03|0.03|1.0186|
|=|          8|        101|       8570|   -0.4800000000|       8614|00:03:33|-0.03|0.03|1.0153|
|=|          9|        101|       4625|   -0.4589473684|       8710|00:03:34|-0.02|0.03|1.0137|
|=|          3|        101|       8570|   -0.4660000000|       8806|00:03:33|-0.02|0.03|1.0130|
|=|         14|        101|       4625|   -0.4552380952|       8902|00:03:34|-0.02|0.03|1.0104|
|=|         17|        101|       4625|   -0.4454545455|       8998|00:03:34|-0.02|0.03|1.0091|
|=|         22|        101|       8253|   -0.4347826087|       9094|00:03:35|-0.02|0.03|1.0055|
|=|         19|        101|       8570|   -0.4483333333|       9190|00:03:35|-0.01|0.03|1.0012|
|=|         25|        101|       8570|   -0.4464000000|       9291|00:04:09|-0.01|0.03|1.0003|
+-+-----------+-----------+-----------+----------------+-----------+--------+-----+----+------+
Best-so-far configuration:        8570    mean value:    -0.4464000000
Description of the best-so-far configuration:
     .ID. t0 t1 a0  a1   a2   r0   r1   r2 std .PARENT.
8570 8570  2  3  1 1.9 1.93 0.08 0.29 0.02   1     5162

# 2022-11-24 07:35:55 CET: Elite configurations (first number is the configuration ID; listed from best to worst according to the sum of ranks):
     t0 t1   a0   a1   a2   r0   r1   r2 std
8570  2  3 1.00 1.90 1.93 0.08 0.29 0.02   1
8625  2  3 1.02 1.95 1.91 0.05 0.24 0.11   1
8303  2  3 1.02 1.82 1.96 0.05 0.18 0.05   1
5891  2  3 1.02 1.82 1.98 0.08 0.37 0.07   1
8702  2  3 1.06 1.81 1.96 0.03 0.18 0.00   1
# 2022-11-24 07:35:55 CET: Iteration 10 of 10
# experimentsUsedSoFar: 65547
# remainingBudget: 34453
# currentBudget: 34453
# nbConfigurations: 1024
# Markers:
     x No test is performed.
     c Configurations are discarded only due to capping.
     - The test is performed and some configurations are discarded.
     = The test is performed but no configuration is discarded.
     ! The test is performed and configurations could be discarded but elite configurations are preserved.
     . All alive configurations are elite and nothing is discarded

+-+-----------+-----------+-----------+----------------+-----------+--------+-----+----+------+
| |   Instance|      Alive|       Best|       Mean best| Exp so far|  W time|  rho|KenW|  Qvar|
+-+-----------+-----------+-----------+----------------+-----------+--------+-----+----+------+
|x|         26|       1024|       9209|   -0.8400000000|       1024|00:36:13|   NA|  NA|    NA|
|x|         19|       1024|      10168|   -0.6200000000|       2043|00:35:29|+0.17|0.59|0.8529|
|x|          1|       1024|       8570|   -0.5333333333|       3062|00:36:31|+0.14|0.43|0.8744|
|x|          9|       1024|       9876|   -0.5100000000|       4081|00:36:27|+0.15|0.36|0.8721|
|-|         13|        401|       9572|   -0.5120000000|       5100|00:36:28|-0.13|0.10|1.1212|
|=|         16|        401|       9963|   -0.5266666667|       5496|00:14:26|-0.07|0.11|1.0654|
|=|         20|        401|       9191|   -0.4742857143|       5892|00:14:22|-0.04|0.11|1.0345|
|=|         22|        401|       9191|   -0.4700000000|       6288|00:14:28|-0.01|0.11|1.0108|
|=|          2|        401|       9191|   -0.4622222222|       6684|00:14:27|-0.00|0.11|1.0003|
|=|         15|        401|       9191|   -0.4600000000|       7080|00:14:24|+0.01|0.11|0.9880|
|-|          5|        125|       9191|   -0.4545454545|       7476|00:14:21|-0.05|0.04|1.0419|
|=|          8|        125|       9191|   -0.4566666667|       7596|00:04:29|-0.04|0.04|1.0320|
|=|         24|        125|       8625|   -0.5015384615|       7716|00:04:24|-0.04|0.04|1.0248|
|=|         11|        125|       8625|   -0.4914285714|       7836|00:04:35|-0.03|0.04|1.0219|
|=|         17|        125|       8625|   -0.4906666667|       7956|00:04:22|-0.03|0.04|1.0165|
|=|          7|        125|       5891|   -0.4650000000|       8076|00:04:26|-0.02|0.04|1.0143|
|=|         18|        125|       5891|   -0.4564705882|       8196|00:04:19|-0.02|0.04|1.0108|
|=|         14|        125|       5891|   -0.4466666667|       8316|00:04:21|-0.01|0.04|1.0057|
|=|         23|        125|       9394|   -0.4252631579|       8436|00:04:21|-0.01|0.04|1.0024|
|=|         12|        125|       9972|   -0.4580000000|       8556|00:04:26|-0.01|0.04|0.9983|
|=|         21|        125|       9972|   -0.4590476190|       8676|00:04:19|-0.00|0.04|0.9933|
|=|         25|        125|       9972|   -0.4563636364|       8796|00:04:23|+0.00|0.05|0.9909|
|=|          4|        125|       9972|   -0.4556521739|       8916|00:04:15|+0.00|0.05|0.9894|
|=|          3|        125|       8570|   -0.4516666667|       9036|00:04:14|+0.00|0.05|0.9871|
|=|         10|        125|       8570|   -0.4528000000|       9156|00:04:21|+0.01|0.05|0.9859|
|=|          6|        125|       8570|   -0.4476923077|       9276|00:04:25|+0.01|0.04|0.9860|
|=|         27|        125|       8570|   -0.4474074074|       9401|00:04:49|+0.01|0.04|0.9861|
+-+-----------+-----------+-----------+----------------+-----------+--------+-----+----+------+
Best-so-far configuration:        8570    mean value:    -0.4474074074
Description of the best-so-far configuration:
     .ID. t0 t1 a0  a1   a2   r0   r1   r2 std .PARENT.
8570 8570  2  3  1 1.9 1.93 0.08 0.29 0.02   1     5162

# 2022-11-24 13:14:41 CET: Elite configurations (first number is the configuration ID; listed from best to worst according to the sum of ranks):
      t0 t1   a0   a1   a2   r0   r1   r2 std
8570   2  3 1.00 1.90 1.93 0.08 0.29 0.02   1
8625   2  3 1.02 1.95 1.91 0.05 0.24 0.11   1
9972   2  3 1.06 1.79 1.90 0.10 0.20 0.07   1
10153  2  3 1.04 1.83 1.99 0.10 0.11 0.02   1
5891   2  3 1.02 1.82 1.98 0.08 0.37 0.07   1
# 2022-11-24 13:14:41 CET: Iteration 11 of 11
# experimentsUsedSoFar: 74948
# remainingBudget: 25052
# currentBudget: 25052
# nbConfigurations: 899
# Markers:
     x No test is performed.
     c Configurations are discarded only due to capping.
     - The test is performed and some configurations are discarded.
     = The test is performed but no configuration is discarded.
     ! The test is performed and configurations could be discarded but elite configurations are preserved.
     . All alive configurations are elite and nothing is discarded

+-+-----------+-----------+-----------+----------------+-----------+--------+-----+----+------+
| |   Instance|      Alive|       Best|       Mean best| Exp so far|  W time|  rho|KenW|  Qvar|
+-+-----------+-----------+-----------+----------------+-----------+--------+-----+----+------+
|x|         28|        899|      10507|   -0.7600000000|        899|00:31:36|   NA|  NA|    NA|
|x|          5|        899|      11002|   -0.6600000000|       1793|00:31:45|+0.20|0.60|0.8216|
|x|         13|        899|      10603|   -0.5466666667|       2687|00:32:06|+0.25|0.50|0.7828|
|x|         25|        899|      10976|   -0.5300000000|       3581|00:32:07|+0.25|0.44|0.7730|
|-|         12|        372|      11088|   -0.4560000000|       4475|00:32:04|-0.10|0.12|1.0814|
|=|         27|        372|      10604|   -0.5066666667|       4842|00:13:23|-0.05|0.12|1.0456|
|=|          9|        372|      10604|   -0.5142857143|       5209|00:13:24|-0.03|0.11|1.0267|
|=|         11|        372|      10604|   -0.5200000000|       5576|00:13:18|-0.02|0.11|1.0126|
|=|         19|        372|      10604|   -0.4977777778|       5943|00:13:21|-0.01|0.10|1.0078|
|=|         21|        372|      10604|   -0.4920000000|       6310|00:13:21|-0.00|0.10|1.0006|
|=|          3|        372|      10604|   -0.4909090909|       6677|00:13:20|+0.00|0.09|0.9926|
|=|         17|        372|      10604|   -0.4733333333|       7044|00:13:21|+0.01|0.09|0.9904|
|-|          7|        126|      10604|   -0.4738461538|       7411|00:13:14|-0.06|0.03|1.0435|
|=|         15|        126|      10604|   -0.4828571429|       7532|00:04:49|-0.05|0.03|1.0366|
|=|         26|        126|      10604|   -0.4853333333|       7653|00:04:51|-0.04|0.03|1.0277|
|=|         20|        126|      10604|   -0.4800000000|       7774|00:04:50|-0.03|0.04|1.0193|
|=|         23|        126|      10604|   -0.4776470588|       7895|00:04:51|-0.03|0.04|1.0164|
|=|         18|        126|      10604|   -0.4800000000|       8016|00:04:49|-0.02|0.04|1.0104|
|=|         24|        126|      10604|   -0.4884210526|       8137|00:04:50|-0.02|0.04|1.0056|
|=|          2|        126|      10604|   -0.4920000000|       8258|00:04:44|-0.02|0.04|1.0048|
|=|         16|        126|      10604|   -0.4780952381|       8379|00:04:47|-0.01|0.03|1.0040|
|=|          4|        126|      10604|   -0.4709090909|       8500|00:04:43|-0.01|0.04|0.9981|
|=|         22|        126|      10604|   -0.4643478261|       8621|00:04:43|-0.00|0.04|0.9941|
|=|         14|        126|      10604|   -0.4533333333|       8742|00:04:45|-0.00|0.04|0.9909|
|=|          8|        126|      10604|   -0.4528000000|       8863|00:04:46|-0.00|0.04|0.9895|
|=|          6|        126|      10604|   -0.4507692308|       8984|00:04:43|-0.00|0.04|0.9893|
|=|          1|        126|      10604|   -0.4548148148|       9105|00:04:47|+0.00|0.04|0.9868|
|=|         10|        126|       8570|   -0.4414285714|       9226|00:04:52|+0.00|0.04|0.9865|
|=|         29|        126|       8570|   -0.4413793103|       9352|00:04:56|+0.00|0.04|0.9858|
+-+-----------+-----------+-----------+----------------+-----------+--------+-----+----+------+
Best-so-far configuration:        8570    mean value:    -0.4413793103
Description of the best-so-far configuration:
     .ID. t0 t1 a0  a1   a2   r0   r1   r2 std .PARENT.
8570 8570  2  3  1 1.9 1.93 0.08 0.29 0.02   1     5162

# 2022-11-24 18:58:25 CET: Elite configurations (first number is the configuration ID; listed from best to worst according to the sum of ranks):
      t0 t1   a0   a1   a2   r0   r1   r2 std
8570   2  3 1.00 1.90 1.93 0.08 0.29 0.02   1
10604  2  3 1.01 1.95 1.95 0.08 0.25 0.10   1
10153  2  3 1.04 1.83 1.99 0.10 0.11 0.02   1
8625   2  3 1.02 1.95 1.91 0.05 0.24 0.11   1
10212  2  3 1.04 1.82 1.97 0.06 0.36 0.02   1
# 2022-11-24 18:58:26 CET: Iteration 12 of 12
# experimentsUsedSoFar: 84300
# remainingBudget: 15700
# currentBudget: 15700
# nbConfigurations: 528
# Markers:
     x No test is performed.
     c Configurations are discarded only due to capping.
     - The test is performed and some configurations are discarded.
     = The test is performed but no configuration is discarded.
     ! The test is performed and configurations could be discarded but elite configurations are preserved.
     . All alive configurations are elite and nothing is discarded

+-+-----------+-----------+-----------+----------------+-----------+--------+-----+----+------+
| |   Instance|      Alive|       Best|       Mean best| Exp so far|  W time|  rho|KenW|  Qvar|
+-+-----------+-----------+-----------+----------------+-----------+--------+-----+----+------+
|x|         30|        528|      11564|   -0.8400000000|        528|00:18:58|   NA|  NA|    NA|
|x|         16|        528|      11258|   -0.6800000000|       1051|00:18:47|+0.23|0.61|0.7828|
|x|         21|        528|      11258|   -0.6400000000|       1574|00:18:48|+0.18|0.46|0.8259|
|x|         14|        528|      11258|   -0.5700000000|       2097|00:18:48|+0.17|0.38|0.8442|
|-|         22|        179|      11246|   -0.4880000000|       2620|00:18:38|-0.11|0.11|1.0856|
|=|          3|        179|      11574|   -0.5200000000|       2794|00:06:23|-0.06|0.12|1.0410|
|=|         13|        179|      11231|   -0.4914285714|       2968|00:06:21|-0.03|0.12|1.0157|
|=|          8|        179|       8625|   -0.4650000000|       3142|00:06:14|-0.00|0.12|0.9917|
|=|         17|        179|       8625|   -0.4666666667|       3316|00:06:17|+0.01|0.12|0.9828|
|-|          5|         88|      11406|   -0.5040000000|       3490|00:06:13|-0.05|0.06|1.0319|
|=|         18|         88|      11406|   -0.5018181818|       3573|00:03:22|-0.04|0.06|1.0205|
|=|         23|         88|      11574|   -0.4766666667|       3656|00:03:24|-0.03|0.05|1.0173|
|=|         19|         88|      10153|   -0.4892307692|       3739|00:03:23|-0.02|0.06|1.0058|
|=|         25|         88|      10153|   -0.4857142857|       3822|00:03:18|-0.02|0.06|0.9968|
|=|         24|         88|      11574|   -0.4720000000|       3905|00:03:22|-0.01|0.06|0.9917|
|=|          6|         88|       8625|   -0.4700000000|       3988|00:03:20|-0.01|0.06|0.9897|
|=|          7|         88|       8570|   -0.4658823529|       4071|00:03:12|-0.00|0.06|0.9877|
|=|         26|         88|       8570|   -0.4666666667|       4154|00:03:14|+0.00|0.06|0.9802|
|=|         29|         88|      11517|   -0.4631578947|       4237|00:03:26|+0.01|0.06|0.9761|
|=|         27|         88|      11517|   -0.4760000000|       4320|00:03:27|+0.01|0.06|0.9705|
|-|         15|         34|      11517|   -0.4666666667|       4403|00:03:25|-0.01|0.04|0.9739|
|=|         28|         34|      11517|   -0.4600000000|       4432|00:01:22|-0.01|0.04|0.9693|
|=|          1|         34|      11517|   -0.4556521739|       4461|00:01:20|-0.00|0.04|0.9676|
|=|         20|         34|      11231|   -0.4366666667|       4490|00:01:23|+0.01|0.05|0.9605|
|=|          4|         34|       8570|   -0.4544000000|       4519|00:01:21|+0.01|0.05|0.9601|
|=|         12|         34|       8570|   -0.4584615385|       4548|00:01:23|+0.01|0.05|0.9568|
|=|          9|         34|      10604|   -0.4429629630|       4577|00:01:20|+0.01|0.04|0.9577|
|=|         10|         34|       8570|   -0.4500000000|       4606|00:01:24|+0.01|0.04|0.9603|
|=|          2|         34|      10604|   -0.4386206897|       4635|00:01:21|+0.01|0.04|0.9572|
|=|         11|         34|      10604|   -0.4426666667|       4664|00:01:23|+0.01|0.05|0.9539|
|=|         31|         34|      11574|   -0.4464516129|       4698|00:01:21|+0.01|0.05|0.9532|
+-+-----------+-----------+-----------+----------------+-----------+--------+-----+----+------+
Best-so-far configuration:       11574    mean value:    -0.4464516129
Description of the best-so-far configuration:
       .ID. t0 t1   a0   a1   a2   r0   r1   r2 std .PARENT.
11574 11574  2  3 1.01 1.77 1.95 0.06 0.06 0.03   1    10153

# 2022-11-24 21:54:50 CET: Elite configurations (first number is the configuration ID; listed from best to worst according to the sum of ranks):
      t0 t1   a0   a1   a2   r0   r1   r2 std
11574  2  3 1.01 1.77 1.95 0.06 0.06 0.03   1
10604  2  3 1.01 1.95 1.95 0.08 0.25 0.10   1
10212  2  3 1.04 1.82 1.97 0.06 0.36 0.02   1
8570   2  3 1.00 1.90 1.93 0.08 0.29 0.02   1
11406  2  3 1.03 1.80 1.97 0.11 0.15 0.02   1
# 2022-11-24 21:54:51 CET: Iteration 13 of 13
# experimentsUsedSoFar: 88998
# remainingBudget: 11002
# currentBudget: 11002
# nbConfigurations: 348
# Markers:
     x No test is performed.
     c Configurations are discarded only due to capping.
     - The test is performed and some configurations are discarded.
     = The test is performed but no configuration is discarded.
     ! The test is performed and configurations could be discarded but elite configurations are preserved.
     . All alive configurations are elite and nothing is discarded

+-+-----------+-----------+-----------+----------------+-----------+--------+-----+----+------+
| |   Instance|      Alive|       Best|       Mean best| Exp so far|  W time|  rho|KenW|  Qvar|
+-+-----------+-----------+-----------+----------------+-----------+--------+-----+----+------+
|x|         32|        348|      11892|   -0.8800000000|        348|00:12:35|   NA|  NA|    NA|
|x|         13|        348|      11941|   -0.6400000000|        691|00:12:36|+0.06|0.53|0.9356|
|x|         18|        348|      11748|   -0.5733333333|       1034|00:12:35|+0.08|0.39|0.9228|
|x|         15|        348|      11748|   -0.5400000000|       1377|00:12:34|+0.08|0.31|0.9246|
|-|          9|        172|      11941|   -0.5200000000|       1720|00:12:31|-0.12|0.10|1.1107|
|=|         23|        172|      11941|   -0.5400000000|       1887|00:06:17|-0.07|0.10|1.0617|
|=|          4|        172|      11934|   -0.5428571429|       2054|00:06:10|-0.05|0.10|1.0313|
|=|         24|        172|      11748|   -0.4850000000|       2221|00:06:14|-0.02|0.10|1.0112|
|=|         20|        172|      11748|   -0.4711111111|       2388|00:06:09|-0.02|0.09|1.0131|
|=|         17|        172|      11713|   -0.4640000000|       2555|00:06:13|-0.02|0.08|1.0079|
|=|         22|        172|      11799|   -0.4654545455|       2722|00:06:10|-0.01|0.09|0.9960|
|=|          8|        172|      11799|   -0.4733333333|       2889|00:06:14|+0.00|0.09|0.9896|
|=|          1|        172|      11799|   -0.4738461538|       3056|00:06:10|+0.00|0.08|0.9891|
|=|         11|        172|      11799|   -0.4685714286|       3223|00:06:08|+0.00|0.08|0.9882|
|=|         27|        172|      10604|   -0.4693333333|       3390|00:06:09|+0.01|0.08|0.9821|
|-|         14|         82|      11799|   -0.4625000000|       3557|00:06:11|-0.04|0.03|1.0239|
|=|         12|         82|      10604|   -0.4635294118|       3634|00:02:45|-0.03|0.03|1.0200|
|=|          5|         82|      10604|   -0.4688888889|       3711|00:02:48|-0.03|0.03|1.0157|
|=|         25|         82|      10604|   -0.4715789474|       3788|00:02:46|-0.02|0.03|1.0111|
|=|         10|         82|      11935|   -0.4480000000|       3865|00:02:45|-0.02|0.03|1.0084|
|=|         28|         82|      11935|   -0.4495238095|       3942|00:02:43|-0.02|0.03|1.0064|
|=|          3|         82|      11935|   -0.4490909091|       4019|00:02:44|-0.01|0.03|1.0032|
|=|         29|         82|      11935|   -0.4434782609|       4096|00:02:44|-0.01|0.03|1.0012|
|=|         19|         82|      11935|   -0.4400000000|       4173|00:02:44|-0.01|0.03|0.9994|
|=|          6|         82|      11935|   -0.4448000000|       4250|00:02:43|-0.01|0.03|0.9978|
|=|         30|         82|      11935|   -0.4584615385|       4327|00:02:44|-0.00|0.03|0.9947|
|=|         21|         82|      11935|   -0.4592592593|       4404|00:02:44|-0.00|0.04|0.9923|
|=|          7|         82|      11935|   -0.4542857143|       4481|00:02:47|-0.00|0.03|0.9907|
|=|          2|         82|      11935|   -0.4579310345|       4558|00:02:44|-0.00|0.03|0.9886|
|=|         16|         82|      11935|   -0.4546666667|       4635|00:02:47|-0.00|0.03|0.9889|
|=|         26|         82|      11935|   -0.4606451613|       4712|00:02:48|+0.00|0.03|0.9867|
|=|         31|         82|      11935|   -0.4537500000|       4789|00:02:51|+0.00|0.04|0.9844|
|=|         33|         82|      11935|   -0.4472727273|       4871|00:03:24|+0.00|0.04|0.9839|
+-+-----------+-----------+-----------+----------------+-----------+--------+-----+----+------+
Best-so-far configuration:       11935    mean value:    -0.4472727273
Description of the best-so-far configuration:
       .ID. t0 t1   a0   a1   a2   r0   r1   r2 std .PARENT.
11935 11935  2  3 1.01 1.84 1.93 0.03 0.03 0.03   1    11574

# 2022-11-25 00:53:36 CET: Elite configurations (first number is the configuration ID; listed from best to worst according to the sum of ranks):
      t0 t1   a0   a1   a2   r0   r1   r2 std
11935  2  3 1.01 1.84 1.93 0.03 0.03 0.03   1
8570   2  3 1.00 1.90 1.93 0.08 0.29 0.02   1
11574  2  3 1.01 1.77 1.95 0.06 0.06 0.03   1
11640  2  3 1.01 1.78 1.97 0.02 0.05 0.01   1
10212  2  3 1.04 1.82 1.97 0.06 0.36 0.02   1
# 2022-11-25 00:53:37 CET: Iteration 14 of 14
# experimentsUsedSoFar: 93869
# remainingBudget: 6131
# currentBudget: 6131
# nbConfigurations: 185
# Markers:
     x No test is performed.
     c Configurations are discarded only due to capping.
     - The test is performed and some configurations are discarded.
     = The test is performed but no configuration is discarded.
     ! The test is performed and configurations could be discarded but elite configurations are preserved.
     . All alive configurations are elite and nothing is discarded

+-+-----------+-----------+-----------+----------------+-----------+--------+-----+----+------+
| |   Instance|      Alive|       Best|       Mean best| Exp so far|  W time|  rho|KenW|  Qvar|
+-+-----------+-----------+-----------+----------------+-----------+--------+-----+----+------+
|x|         34|        185|      12049|   -0.8400000000|        185|00:06:58|   NA|  NA|    NA|
|x|         13|        185|      11956|   -0.6000000000|        365|00:06:39|+0.12|0.56|0.8965|
|x|          7|        185|      12016|   -0.5866666667|        545|00:06:31|+0.15|0.43|0.8665|
|x|         29|        185|      12010|   -0.5700000000|        725|00:06:37|+0.18|0.38|0.8274|
|-|         25|         99|      12053|   -0.5120000000|        905|00:06:25|-0.07|0.14|1.0610|
|=|          3|         99|      12102|   -0.5133333333|        999|00:03:32|-0.05|0.12|1.0416|
|=|          8|         99|      12102|   -0.5142857143|       1093|00:03:32|-0.03|0.12|1.0068|
|=|          6|         99|      12053|   -0.5100000000|       1187|00:03:32|-0.04|0.09|1.0203|
|=|          1|         99|      12053|   -0.4977777778|       1281|00:03:32|-0.03|0.09|1.0105|
|=|         24|         99|      12053|   -0.5040000000|       1375|00:03:32|-0.00|0.10|0.9888|
|=|         30|         99|       8570|   -0.5018181818|       1469|00:03:32|-0.00|0.09|0.9868|
|=|         14|         99|      11970|   -0.4800000000|       1563|00:03:30|+0.00|0.09|0.9834|
|=|         22|         99|       8570|   -0.4800000000|       1657|00:03:27|+0.01|0.08|0.9797|
|=|         16|         99|       8570|   -0.4714285714|       1751|00:03:23|+0.01|0.08|0.9785|
|=|         31|         99|      12090|   -0.4560000000|       1845|00:03:27|+0.02|0.08|0.9726|
|-|         11|         59|      12102|   -0.4650000000|       1939|00:03:27|-0.03|0.03|1.0129|
|=|         26|         59|      11970|   -0.4635294118|       1993|00:02:03|-0.02|0.04|1.0040|
|=|         28|         59|      12090|   -0.4755555556|       2047|00:02:03|-0.02|0.04|1.0014|
|=|         19|         59|      12090|   -0.4694736842|       2101|00:02:04|-0.02|0.04|0.9955|
|=|         23|         59|      12090|   -0.4640000000|       2155|00:02:04|-0.01|0.04|0.9942|
|=|         15|         59|      11574|   -0.4647619048|       2209|00:02:03|-0.01|0.04|0.9938|
|=|         21|         59|      11574|   -0.4654545455|       2263|00:02:03|-0.01|0.03|0.9931|
|=|         27|         59|      11574|   -0.4626086957|       2317|00:02:04|-0.01|0.03|0.9923|
|=|          2|         59|      11574|   -0.4616666667|       2371|00:02:06|-0.00|0.04|0.9876|
|=|         17|         59|      12016|   -0.4656000000|       2425|00:02:03|-0.00|0.04|0.9872|
|=|          9|         59|      12016|   -0.4569230769|       2479|00:02:02|-0.00|0.04|0.9866|
|=|          4|         59|      11935|   -0.4562962963|       2533|00:02:00|-0.00|0.04|0.9860|
|=|         33|         59|      11970|   -0.4385714286|       2587|00:02:02|-0.00|0.03|0.9862|
|=|         12|         59|      11970|   -0.4413793103|       2641|00:02:01|-0.00|0.03|0.9865|
|=|         20|         59|      11970|   -0.4426666667|       2695|00:02:03|-0.00|0.03|0.9864|
|=|          5|         59|      11970|   -0.4387096774|       2749|00:02:01|-0.00|0.03|0.9864|
|=|         32|         59|      11970|   -0.4337500000|       2803|00:02:05|-0.01|0.03|0.9891|
|=|         18|         59|      11970|   -0.4315151515|       2857|00:02:06|-0.00|0.03|0.9855|
|=|         10|         59|      11970|   -0.4305882353|       2911|00:02:08|-0.00|0.03|0.9857|
|=|         35|         59|      11935|   -0.4468571429|       2970|00:02:08|-0.00|0.03|0.9838|
+-+-----------+-----------+-----------+----------------+-----------+--------+-----+----+------+
Best-so-far configuration:       11935    mean value:    -0.4468571429
Description of the best-so-far configuration:
       .ID. t0 t1   a0   a1   a2   r0   r1   r2 std .PARENT.
11935 11935  2  3 1.01 1.84 1.93 0.03 0.03 0.03   1    11574

# 2022-11-25 02:44:41 CET: Elite configurations (first number is the configuration ID; listed from best to worst according to the sum of ranks):
      t0 t1   a0   a1   a2   r0   r1   r2 std
11935  2  3 1.01 1.84 1.93 0.03 0.03 0.03   1
8570   2  3 1.00 1.90 1.93 0.08 0.29 0.02   1
11574  2  3 1.01 1.77 1.95 0.06 0.06 0.03   1
11970  2  3 1.04 1.81 1.96 0.04 0.04 0.02   1
11993  2  3 1.04 1.81 1.99 0.03 0.05 0.05   1
# 2022-11-25 02:44:41 CET: Iteration 15 of 15
# experimentsUsedSoFar: 96839
# remainingBudget: 3161
# currentBudget: 3161
# nbConfigurations: 92
# Markers:
     x No test is performed.
     c Configurations are discarded only due to capping.
     - The test is performed and some configurations are discarded.
     = The test is performed but no configuration is discarded.
     ! The test is performed and configurations could be discarded but elite configurations are preserved.
     . All alive configurations are elite and nothing is discarded

+-+-----------+-----------+-----------+----------------+-----------+--------+-----+----+------+
| |   Instance|      Alive|       Best|       Mean best| Exp so far|  W time|  rho|KenW|  Qvar|
+-+-----------+-----------+-----------+----------------+-----------+--------+-----+----+------+
|x|         36|         92|      12142|   -0.7600000000|         92|00:03:28|   NA|  NA|    NA|
|x|         18|         92|      11574|   -0.6400000000|        179|00:03:25|+0.21|0.61|0.8013|
|x|          6|         92|      12170|   -0.5333333333|        266|00:03:25|-0.02|0.32|1.0149|
|x|         19|         92|      12156|   -0.4900000000|        353|00:03:25|+0.01|0.26|0.9963|
|=|         14|         92|      12156|   -0.4960000000|        440|00:03:24|+0.03|0.23|0.9671|
|=|          3|         92|      11574|   -0.5000000000|        527|00:03:24|+0.05|0.21|0.9532|
|-|          2|         55|      11574|   -0.4914285714|        614|00:03:22|-0.07|0.08|1.0512|
|=|          9|         55|      12136|   -0.4850000000|        664|00:02:03|-0.05|0.08|1.0308|
|=|         35|         55|      11574|   -0.4800000000|        714|00:02:02|-0.04|0.08|1.0165|
|=|         12|         55|      11574|   -0.4920000000|        764|00:02:02|-0.02|0.09|0.9951|
|=|         13|         55|      11574|   -0.4872727273|        814|00:02:02|-0.00|0.09|0.9817|
|=|         16|         55|      11574|   -0.5133333333|        864|00:02:02|+0.02|0.10|0.9600|
|=|         23|         55|      11574|   -0.5076923077|        914|00:02:02|+0.02|0.10|0.9577|
|=|         33|         55|      12136|   -0.5028571429|        964|00:02:02|+0.02|0.09|0.9581|
|=|         31|         55|      11574|   -0.5013333333|       1014|00:02:02|+0.02|0.08|0.9592|
|=|         20|         55|      12136|   -0.5025000000|       1064|00:02:02|+0.02|0.08|0.9571|
|-|         27|         27|      12136|   -0.4917647059|       1114|00:02:00|-0.02|0.04|0.9732|
|=|         15|         27|      12136|   -0.5022222222|       1136|00:01:16|-0.00|0.05|0.9613|
|=|         25|         27|      12136|   -0.4947368421|       1158|00:01:16|-0.00|0.05|0.9610|
|=|         30|         27|      12136|   -0.4860000000|       1180|00:01:16|-0.00|0.05|0.9614|
|=|         34|         27|      11970|   -0.4552380952|       1202|00:01:16|+0.00|0.05|0.9565|
|=|         21|         27|      12136|   -0.4890909091|       1224|00:01:15|+0.01|0.06|0.9479|
|=|          4|         27|      12136|   -0.4817391304|       1246|00:01:17|+0.01|0.05|0.9516|
|=|          5|         27|      11970|   -0.4483333333|       1268|00:01:16|+0.01|0.05|0.9490|
|=|         11|         27|      11970|   -0.4448000000|       1290|00:01:15|+0.01|0.05|0.9502|
|=|         32|         27|      11970|   -0.4384615385|       1312|00:01:17|+0.01|0.05|0.9481|
|=|          8|         27|      11970|   -0.4385185185|       1334|00:01:16|+0.01|0.05|0.9494|
|=|         22|         27|      12155|   -0.4428571429|       1356|00:01:15|+0.01|0.05|0.9467|
|=|          7|         27|      12155|   -0.4413793103|       1378|00:01:17|+0.01|0.05|0.9481|
|-|         26|         19|      12155|   -0.4413333333|       1400|00:01:16|-0.01|0.02|0.9547|
|=|         28|         19|      12155|   -0.4425806452|       1414|00:00:39|-0.01|0.02|0.9558|
|=|         29|         19|      12155|   -0.4450000000|       1428|00:00:38|-0.01|0.02|0.9530|
|=|         17|         19|      12155|   -0.4496969697|       1442|00:00:41|-0.01|0.02|0.9540|
|=|         10|         19|      12155|   -0.4470588235|       1456|00:00:37|-0.00|0.03|0.9512|
|=|          1|         19|      12155|   -0.4468571429|       1470|00:00:39|+0.00|0.03|0.9479|
|=|         24|         19|      12155|   -0.4477777778|       1484|00:00:39|+0.00|0.03|0.9452|
|=|         37|         19|      12155|   -0.4443243243|       1503|00:00:41|+0.01|0.03|0.9416|
+-+-----------+-----------+-----------+----------------+-----------+--------+-----+----+------+
Best-so-far configuration:       12155    mean value:    -0.4443243243
Description of the best-so-far configuration:
       .ID. t0 t1 a0   a1   a2   r0   r1   r2 std .PARENT.
12155 12155  2  3  1 1.79 1.94 0.03 0.03 0.06   1    11574

# 2022-11-25 03:50:11 CET: Elite configurations (first number is the configuration ID; listed from best to worst according to the sum of ranks):
      t0 t1   a0   a1   a2   r0   r1   r2 std
12155  2  3 1.00 1.79 1.94 0.03 0.03 0.06   1
11574  2  3 1.01 1.77 1.95 0.06 0.06 0.03   1
11935  2  3 1.01 1.84 1.93 0.03 0.03 0.03   1
8570   2  3 1.00 1.90 1.93 0.08 0.29 0.02   1
11970  2  3 1.04 1.81 1.96 0.04 0.04 0.02   1
# 2022-11-25 03:50:12 CET: Iteration 16 of 16
# experimentsUsedSoFar: 98342
# remainingBudget: 1658
# currentBudget: 1658
# nbConfigurations: 48
# Markers:
     x No test is performed.
     c Configurations are discarded only due to capping.
     - The test is performed and some configurations are discarded.
     = The test is performed but no configuration is discarded.
     ! The test is performed and configurations could be discarded but elite configurations are preserved.
     . All alive configurations are elite and nothing is discarded

+-+-----------+-----------+-----------+----------------+-----------+--------+-----+----+------+
| |   Instance|      Alive|       Best|       Mean best| Exp so far|  W time|  rho|KenW|  Qvar|
+-+-----------+-----------+-----------+----------------+-----------+--------+-----+----+------+
|x|         38|         48|      12254|   -0.8000000000|         48|00:01:59|   NA|  NA|    NA|
|x|         10|         48|      12264|   -0.5600000000|         91|00:01:59|-0.12|0.44|1.0861|
|x|         12|         48|      12248|   -0.5733333333|        134|00:01:55|-0.11|0.26|1.0818|
|x|         36|         48|      11970|   -0.4700000000|        177|00:01:56|-0.02|0.23|0.9870|
|=|         33|         48|      11970|   -0.4720000000|        220|00:01:55|-0.02|0.18|1.0126|
|=|         19|         48|      12232|   -0.4666666667|        263|00:01:57|-0.02|0.15|1.0015|
|=|         21|         48|      11970|   -0.4457142857|        306|00:01:56|-0.02|0.13|0.9968|
|=|         26|         48|      11970|   -0.4700000000|        349|00:01:54|+0.03|0.15|0.9572|
|=|         17|         48|      11970|   -0.4577777778|        392|00:01:49|+0.02|0.13|0.9671|
|=|         31|         48|      11970|   -0.4560000000|        435|00:01:51|+0.03|0.12|0.9522|
|-|         16|         27|      11970|   -0.4581818182|        478|00:01:50|-0.03|0.06|0.9724|
|=|         29|         27|      11574|   -0.5133333333|        500|00:01:15|-0.02|0.07|0.9620|
|=|          9|         27|      11970|   -0.4492307692|        522|00:01:14|-0.01|0.06|0.9607|
|=|         34|         27|      11970|   -0.4600000000|        544|00:01:14|+0.00|0.07|0.9480|
|=|          2|         27|      11970|   -0.4586666667|        566|00:01:14|-0.01|0.06|0.9594|
|=|         28|         27|      11970|   -0.4475000000|        588|00:01:13|+0.00|0.06|0.9525|
|=|         15|         27|      11970|   -0.4447058824|        610|00:01:15|+0.00|0.06|0.9523|
|=|         30|         27|      11970|   -0.4400000000|        632|00:01:15|+0.01|0.06|0.9524|
|=|          4|         27|      11970|   -0.4357894737|        654|00:01:16|+0.00|0.05|0.9582|
|=|          6|         27|      11970|   -0.4340000000|        676|00:01:16|+0.01|0.06|0.9534|
|=|         23|         27|      11970|   -0.4304761905|        698|00:01:16|+0.01|0.05|0.9558|
|=|          8|         27|      11970|   -0.4309090909|        720|00:01:16|+0.01|0.05|0.9579|
|=|         35|         27|      11970|   -0.4278260870|        742|00:01:15|+0.01|0.05|0.9544|
|=|         14|         27|      11970|   -0.4316666667|        764|00:01:15|+0.01|0.05|0.9562|
|=|          7|         27|      11970|   -0.4304000000|        786|00:01:16|+0.00|0.04|0.9619|
|=|          3|         27|      11970|   -0.4400000000|        808|00:01:16|+0.01|0.05|0.9579|
|=|          5|         27|      11970|   -0.4355555556|        830|00:01:17|+0.01|0.05|0.9561|
|=|         20|         27|      11970|   -0.4371428571|        852|00:01:16|+0.01|0.05|0.9542|
|=|         22|         27|      12155|   -0.4510344828|        874|00:01:12|+0.01|0.05|0.9512|
|-|         18|         18|      12155|   -0.4520000000|        896|00:01:10|-0.01|0.02|0.9501|
|=|         32|         18|      12155|   -0.4503225806|        909|00:00:36|-0.01|0.02|0.9524|
|=|         13|         18|      12155|   -0.4475000000|        922|00:00:36|-0.01|0.02|0.9480|
|=|         27|         18|      12155|   -0.4460606061|        935|00:00:36|-0.01|0.02|0.9487|
|=|          1|         18|      12155|   -0.4458823529|        948|00:00:36|-0.00|0.03|0.9458|
|=|         24|         18|      12155|   -0.4468571429|        961|00:00:36|+0.00|0.03|0.9432|
|=|         11|         18|      12155|   -0.4477777778|        974|00:00:36|-0.00|0.03|0.9446|
|=|         37|         18|      12155|   -0.4443243243|        987|00:00:36|-0.00|0.03|0.9432|
|=|         25|         18|      12155|   -0.4452631579|       1000|00:00:36|+0.00|0.03|0.9398|
|=|         39|         18|      12155|   -0.4441025641|       1018|00:00:37|+0.00|0.03|0.9419|
+-+-----------+-----------+-----------+----------------+-----------+--------+-----+----+------+
Best-so-far configuration:       12155    mean value:    -0.4441025641
Description of the best-so-far configuration:
       .ID. t0 t1 a0   a1   a2   r0   r1   r2 std .PARENT.
12155 12155  2  3  1 1.79 1.94 0.03 0.03 0.06   1    11574

# 2022-11-25 04:40:39 CET: Elite configurations (first number is the configuration ID; listed from best to worst according to the sum of ranks):
      t0 t1   a0   a1   a2   r0   r1   r2 std
12155  2  3 1.00 1.79 1.94 0.03 0.03 0.06   1
11970  2  3 1.04 1.81 1.96 0.04 0.04 0.02   1
11574  2  3 1.01 1.77 1.95 0.06 0.06 0.03   1
11935  2  3 1.01 1.84 1.93 0.03 0.03 0.03   1
12254  2  3 1.00 1.76 1.94 0.08 0.07 0.03   1
# 2022-11-25 04:40:39 CET: Iteration 17 of 17
# experimentsUsedSoFar: 99360
# remainingBudget: 640
# currentBudget: 640
# nbConfigurations: 20
# Markers:
     x No test is performed.
     c Configurations are discarded only due to capping.
     - The test is performed and some configurations are discarded.
     = The test is performed but no configuration is discarded.
     ! The test is performed and configurations could be discarded but elite configurations are preserved.
     . All alive configurations are elite and nothing is discarded

+-+-----------+-----------+-----------+----------------+-----------+--------+-----+----+------+
| |   Instance|      Alive|       Best|       Mean best| Exp so far|  W time|  rho|KenW|  Qvar|
+-+-----------+-----------+-----------+----------------+-----------+--------+-----+----+------+
|x|         40|         20|      12272|   -0.6000000000|         20|00:00:37|   NA|  NA|    NA|
|x|         29|         20|      12272|   -0.5400000000|         35|00:00:37|-0.32|0.34|1.2001|
|x|         23|         20|      12155|   -0.4800000000|         50|00:00:36|-0.21|0.19|1.1534|
|x|         32|         20|      12155|   -0.4600000000|         65|00:00:36|-0.13|0.15|1.1011|
|=|         37|         20|      12269|   -0.4400000000|         80|00:00:36|-0.04|0.16|1.0089|
|=|          7|         20|      12269|   -0.4733333333|         95|00:00:36|-0.02|0.15|0.9916|
|=|         22|         20|      12278|   -0.4457142857|        110|00:00:36|-0.02|0.13|0.9812|
|=|         31|         20|      12278|   -0.4300000000|        125|00:00:36|+0.01|0.13|0.9554|
|=|         19|         20|      11574|   -0.4888888889|        140|00:00:36|+0.00|0.11|0.9533|
|=|         21|         20|      12278|   -0.4520000000|        155|00:00:36|+0.02|0.11|0.9399|
|=|         14|         20|      12278|   -0.4509090909|        170|00:00:36|+0.01|0.10|0.9445|
|=|          3|         20|      11574|   -0.4800000000|        185|00:00:36|-0.00|0.08|0.9549|
|=|         10|         20|      11574|   -0.4800000000|        200|00:00:36|-0.02|0.06|0.9679|
|=|         18|         20|      11574|   -0.4914285714|        215|00:00:36|-0.00|0.07|0.9443|
|=|          8|         20|      11574|   -0.4826666667|        230|00:00:36|-0.01|0.06|0.9549|
|=|          6|         20|      12155|   -0.4400000000|        245|00:00:35|-0.01|0.05|0.9599|
|=|         39|         20|      12155|   -0.4376470588|        260|00:00:35|-0.02|0.04|0.9620|
|=|         38|         20|      12155|   -0.4400000000|        275|00:00:35|-0.01|0.05|0.9563|
|=|          4|         20|      12155|   -0.4526315789|        290|00:00:36|-0.00|0.05|0.9506|
|=|         25|         20|      12155|   -0.4540000000|        305|00:00:35|-0.00|0.05|0.9518|
|=|          9|         20|      12155|   -0.4533333333|        320|00:00:35|-0.00|0.05|0.9488|
|=|         34|         20|      12155|   -0.4600000000|        335|00:00:35|+0.01|0.05|0.9408|
|=|         15|         20|      12155|   -0.4539130435|        350|00:00:36|-0.00|0.04|0.9508|
|=|         24|         20|      12155|   -0.4550000000|        365|00:00:35|+0.00|0.05|0.9411|
|=|          2|         20|      12155|   -0.4496000000|        380|00:00:35|+0.00|0.04|0.9410|
|=|         26|         20|      12155|   -0.4492307692|        395|00:00:36|+0.01|0.05|0.9348|
|=|          1|         20|      12155|   -0.4488888889|        410|00:00:35|+0.01|0.05|0.9342|
|=|         28|         20|      12155|   -0.4500000000|        425|00:00:35|+0.02|0.05|0.9338|
|=|         12|         20|      12155|   -0.4413793103|        440|00:00:35|+0.01|0.05|0.9372|
|=|         16|         20|      12155|   -0.4400000000|        455|00:00:35|+0.01|0.04|0.9372|
|=|         20|         20|      12155|   -0.4477419355|        470|00:00:35|+0.01|0.05|0.9345|
|=|         11|         20|      12155|   -0.4487500000|        485|00:00:35|+0.02|0.05|0.9325|
|=|         27|         20|      12155|   -0.4472727273|        500|00:00:35|+0.02|0.05|0.9329|
|=|         30|         20|      12155|   -0.4505882353|        515|00:00:35|+0.01|0.04|0.9345|
|-|         36|          6|      12155|   -0.4502857143|        530|00:00:35|-0.01|0.02|0.8360|
|=|         13|          6|      12155|   -0.4477777778|        531|00:00:33|-0.01|0.02|0.8346|
|=|          5|          6|      12155|   -0.4454054054|        532|00:00:34|-0.01|0.02|0.8336|
|=|         33|          6|      12155|   -0.4442105263|        533|00:00:35|-0.01|0.02|0.8360|
|=|         35|          6|      11935|   -0.4369230769|        534|00:00:33|-0.01|0.02|0.8341|
|=|         17|          6|      12155|   -0.4430000000|        535|00:00:34|-0.00|0.02|0.8298|
|=|         41|          6|      11935|   -0.4331707317|        541|00:00:35|-0.01|0.02|0.8341|
+-+-----------+-----------+-----------+----------------+-----------+--------+-----+----+------+
Best-so-far configuration:       11935    mean value:    -0.4331707317
Description of the best-so-far configuration:
       .ID. t0 t1   a0   a1   a2   r0   r1   r2 std .PARENT.
11935 11935  2  3 1.01 1.84 1.93 0.03 0.03 0.03   1    11574

# 2022-11-25 05:05:14 CET: Elite configurations (first number is the configuration ID; listed from best to worst according to the sum of ranks):
      t0 t1   a0   a1   a2   r0   r1   r2 std
11935  2  3 1.01 1.84 1.93 0.03 0.03 0.03   1
12155  2  3 1.00 1.79 1.94 0.03 0.03 0.06   1
11970  2  3 1.04 1.81 1.96 0.04 0.04 0.02   1
12254  2  3 1.00 1.76 1.94 0.08 0.07 0.03   1
11574  2  3 1.01 1.77 1.95 0.06 0.06 0.03   1
# 2022-11-25 05:05:14 CET: Iteration 18 of 18
# experimentsUsedSoFar: 99901
# remainingBudget: 99
# currentBudget: 99
# nbConfigurations: 7
# Markers:
     x No test is performed.
     c Configurations are discarded only due to capping.
     - The test is performed and some configurations are discarded.
     = The test is performed but no configuration is discarded.
     ! The test is performed and configurations could be discarded but elite configurations are preserved.
     . All alive configurations are elite and nothing is discarded

+-+-----------+-----------+-----------+----------------+-----------+--------+-----+----+------+
| |   Instance|      Alive|       Best|       Mean best| Exp so far|  W time|  rho|KenW|  Qvar|
+-+-----------+-----------+-----------+----------------+-----------+--------+-----+----+------+
|x|         42|          7|      12155|   -0.5600000000|          7|00:00:35|   NA|  NA|    NA|
|x|          9|          7|      12155|   -0.5000000000|          9|00:00:34|+0.31|0.65|0.4557|
|x|         30|          7|      12155|   -0.5200000000|         11|00:00:34|+0.29|0.53|0.6336|
|x|          3|          7|      12155|   -0.5200000000|         13|00:00:34|+0.21|0.41|0.6718|
|=|         32|          7|      12155|   -0.4960000000|         15|00:00:34|+0.14|0.32|0.7265|
|=|          5|          7|      12155|   -0.4733333333|         17|00:00:34|+0.03|0.19|0.8455|
|=|         20|          7|      12155|   -0.5028571429|         19|00:00:34|+0.08|0.21|0.7900|
|=|         12|          7|      12155|   -0.4650000000|         21|00:00:34|+0.01|0.14|0.8393|
|=|         11|          7|      12155|   -0.4666666667|         23|00:00:34|+0.04|0.14|0.8213|
|=|         36|          7|      12155|   -0.4640000000|         25|00:00:33|+0.01|0.11|0.8309|
|=|         16|          7|      12155|   -0.4581818182|         27|00:00:34|+0.04|0.13|0.8281|
|=|         39|          7|      12155|   -0.4533333333|         29|00:00:34|+0.06|0.14|0.8089|
|=|          4|          7|      12155|   -0.4707692308|         31|00:00:34|+0.06|0.13|0.8008|
|=|         13|          7|      12155|   -0.4628571429|         33|00:00:34|+0.03|0.10|0.8282|
|=|         27|          7|      12155|   -0.4586666667|         35|00:00:34|+0.04|0.11|0.8197|
|=|         34|          7|      12155|   -0.4675000000|         37|00:00:35|+0.07|0.13|0.7986|
|-|         28|          5|      12155|   -0.4682352941|         39|00:00:34|-0.01|0.05|0.8143|
|.|          6|          5|      12155|   -0.4688888889|         39|00:00:00|-0.01|0.05|0.8100|
|.|         25|          5|      12155|   -0.4694736842|         39|00:00:00|-0.01|0.05|0.8111|
|.|         37|          5|      12155|   -0.4620000000|         39|00:00:00|-0.03|0.03|0.8204|
|.|          8|          5|      12155|   -0.4704761905|         39|00:00:00|-0.01|0.04|0.8114|
|.|         33|          5|      12155|   -0.4672727273|         39|00:00:00|-0.00|0.05|0.8050|
|.|          7|          5|      12155|   -0.4643478261|         39|00:00:00|+0.01|0.05|0.7978|
|.|         40|          5|      12155|   -0.4616666667|         39|00:00:00|+0.02|0.06|0.7933|
|.|         35|          5|      12155|   -0.4528000000|         39|00:00:00|-0.00|0.04|0.8065|
|.|         41|          5|      12155|   -0.4446153846|         39|00:00:00|-0.01|0.03|0.8104|
|.|         17|          5|      12155|   -0.4503703704|         39|00:00:00|-0.00|0.04|0.8010|
|.|         23|          5|      12155|   -0.4528571429|         39|00:00:00|+0.00|0.04|0.7985|
|.|         31|          5|      12155|   -0.4468965517|         39|00:00:00|-0.00|0.03|0.8061|
|.|         26|          5|      12155|   -0.4466666667|         39|00:00:00|-0.01|0.03|0.8114|
|.|         29|          5|      12155|   -0.4490322581|         39|00:00:00|-0.01|0.02|0.8104|
|.|         10|          5|      12155|   -0.4462500000|         39|00:00:00|-0.02|0.02|0.8146|
|.|         21|          5|      12155|   -0.4509090909|         39|00:00:00|-0.01|0.02|0.8096|
|.|         38|          5|      12155|   -0.4517647059|         39|00:00:00|-0.00|0.02|0.8087|
|.|         18|          5|      12155|   -0.4525714286|         39|00:00:00|-0.01|0.02|0.8105|
|.|         24|          5|      12155|   -0.4533333333|         39|00:00:00|-0.01|0.02|0.8077|
|.|          2|          5|      12155|   -0.4497297297|         39|00:00:00|-0.01|0.02|0.8108|
|.|         22|          5|      12155|   -0.4494736842|         39|00:00:00|-0.01|0.01|0.8105|
|.|         14|          5|      12155|   -0.4502564103|         39|00:00:00|-0.01|0.01|0.8086|
|.|         15|          5|      12155|   -0.4470000000|         39|00:00:00|-0.01|0.01|0.8078|
|.|          1|          5|      12155|   -0.4468292683|         39|00:00:00|-0.01|0.01|0.8107|
|.|         19|          5|      12155|   -0.4409523810|         39|00:00:00|-0.02|0.01|0.8131|
+-+-----------+-----------+-----------+----------------+-----------+--------+-----+----+------+
Best-so-far configuration:       11935    mean value:    -0.4304761905
Description of the best-so-far configuration:
       .ID. t0 t1   a0   a1   a2   r0   r1   r2 std .PARENT.
11935 11935  2  3 1.01 1.84 1.93 0.03 0.03 0.03   1    11574

# 2022-11-25 05:15:03 CET: Elite configurations (first number is the configuration ID; listed from best to worst according to the sum of ranks):
      t0 t1   a0   a1   a2   r0   r1   r2 std
11935  2  3 1.01 1.84 1.93 0.03 0.03 0.03   1
12155  2  3 1.00 1.79 1.94 0.03 0.03 0.06   1
11970  2  3 1.04 1.81 1.96 0.04 0.04 0.02   1
12254  2  3 1.00 1.76 1.94 0.08 0.07 0.03   1
11574  2  3 1.01 1.77 1.95 0.06 0.06 0.03   1
# 2022-11-25 05:15:03 CET: Iteration 19 of 19
# experimentsUsedSoFar: 99940
# remainingBudget: 60
# currentBudget: 60
# nbConfigurations: 6
# Markers:
     x No test is performed.
     c Configurations are discarded only due to capping.
     - The test is performed and some configurations are discarded.
     = The test is performed but no configuration is discarded.
     ! The test is performed and configurations could be discarded but elite configurations are preserved.
     . All alive configurations are elite and nothing is discarded

+-+-----------+-----------+-----------+----------------+-----------+--------+-----+----+------+
| |   Instance|      Alive|       Best|       Mean best| Exp so far|  W time|  rho|KenW|  Qvar|
+-+-----------+-----------+-----------+----------------+-----------+--------+-----+----+------+
|x|         43|          6|      11935|   -0.3600000000|          6|00:00:34|   NA|  NA|    NA|
|x|          5|          6|      11935|   -0.3800000000|          7|00:00:33|+0.55|0.77|0.5414|
|x|         32|          6|      12283|   -0.3866666667|          8|00:00:34|+0.05|0.37|0.8870|
|x|          8|          6|      12283|   -0.3900000000|          9|00:00:35|-0.15|0.14|0.9650|
|=|          9|          6|      12283|   -0.3840000000|         10|00:00:34|-0.17|0.07|0.9785|
|=|         39|          6|      12283|   -0.3866666667|         11|00:00:34|-0.05|0.12|0.8824|
|=|         35|          6|      12283|   -0.3885714286|         12|00:00:34|-0.08|0.07|0.9057|
|=|         28|          6|      12283|   -0.3900000000|         13|00:00:34|-0.04|0.09|0.8491|
|=|         42|          6|      12155|   -0.4133333333|         14|00:00:34|-0.01|0.10|0.8265|
|=|         34|          6|      12155|   -0.4320000000|         15|00:00:34|-0.03|0.07|0.8455|
|=|         18|          6|      12155|   -0.4363636364|         16|00:00:34|-0.03|0.07|0.8357|
|=|          4|          6|      12155|   -0.4566666667|         17|00:00:33|-0.00|0.08|0.8152|
|=|         31|          6|      12155|   -0.4430769231|         18|00:00:34|-0.04|0.04|0.8420|
|=|         41|          6|      12155|   -0.4285714286|         19|00:00:34|-0.04|0.03|0.8432|
|=|         14|          6|      12155|   -0.4320000000|         20|00:00:34|-0.04|0.03|0.8409|
|=|          6|          6|      11935|   -0.4125000000|         21|00:00:34|-0.02|0.04|0.8282|
|=|         25|          6|      11935|   -0.4164705882|         22|00:00:33|-0.02|0.04|0.8332|
|=|         13|          6|      11935|   -0.4244444444|         23|00:00:34|-0.02|0.04|0.8233|
|=|         12|          6|      11935|   -0.4189473684|         24|00:00:34|-0.03|0.02|0.8419|
|=|         16|          6|      11935|   -0.4160000000|         25|00:00:34|-0.04|0.01|0.8526|
|=|         37|          6|      11935|   -0.4190476190|         26|00:00:34|-0.04|0.01|0.8453|
|=|          3|          6|      11935|   -0.4200000000|         27|00:00:34|-0.04|0.01|0.8537|
|=|         33|          6|      11935|   -0.4121739130|         28|00:00:34|-0.04|0.00|0.8604|
|=|         20|          6|      11935|   -0.4083333333|         29|00:00:34|-0.04|0.01|0.8569|
|=|         38|          6|      12155|   -0.4320000000|         30|00:00:33|-0.03|0.01|0.8498|
|=|          7|          6|      12254|   -0.4584615385|         31|00:00:34|-0.02|0.02|0.8426|
|=|         23|          6|      12155|   -0.4340740741|         32|00:00:33|-0.02|0.02|0.8402|
|=|         26|          6|      12155|   -0.4342857143|         33|00:00:34|-0.01|0.02|0.8361|
|=|         15|          6|      11935|   -0.4193103448|         34|00:00:33|-0.00|0.03|0.8324|
|=|         29|          6|      12155|   -0.4333333333|         35|00:00:34|-0.01|0.02|0.8362|
|=|         10|          6|      11935|   -0.4193548387|         36|00:00:34|-0.01|0.02|0.8373|
|=|         30|          6|      11935|   -0.4312500000|         37|00:00:34|-0.01|0.02|0.8318|
|=|         19|          6|      11935|   -0.4290909091|         38|00:00:35|-0.01|0.02|0.8351|
|=|         22|          6|      11935|   -0.4305882353|         39|00:00:34|-0.02|0.01|0.8365|
|=|          2|          6|      11935|   -0.4342857143|         40|00:00:34|-0.01|0.02|0.8330|
|=|         11|          6|      11935|   -0.4333333333|         41|00:00:34|-0.01|0.02|0.8327|
|=|         24|          6|      11935|   -0.4345945946|         42|00:00:34|-0.01|0.02|0.8322|
|=|          1|          6|      11935|   -0.4326315789|         43|00:00:34|-0.01|0.01|0.8373|
|=|         36|          6|      11935|   -0.4266666667|         44|00:00:34|-0.01|0.01|0.8394|
|=|         21|          6|      11935|   -0.4280000000|         45|00:00:34|-0.01|0.01|0.8390|
|=|         17|          6|      11935|   -0.4282926829|         46|00:00:33|-0.01|0.01|0.8372|
|=|         40|          6|      11935|   -0.4295238095|         47|00:00:34|-0.01|0.01|0.8386|
|=|         27|          6|      11935|   -0.4288372093|         48|00:00:34|-0.01|0.01|0.8391|
|=|         44|          6|      12155|   -0.4381818182|         54|00:00:34|-0.01|0.01|0.8373|
+-+-----------+-----------+-----------+----------------+-----------+--------+-----+----+------+
Best-so-far configuration:       12155    mean value:    -0.4381818182
Description of the best-so-far configuration:
       .ID. t0 t1 a0   a1   a2   r0   r1   r2 std .PARENT.
12155 12155  2  3  1 1.79 1.94 0.03 0.03 0.06   1    11574

# 2022-11-25 05:40:17 CET: Elite configurations (first number is the configuration ID; listed from best to worst according to the sum of ranks):
      t0 t1   a0   a1   a2   r0   r1   r2 std
12155  2  3 1.00 1.79 1.94 0.03 0.03 0.06   1
11935  2  3 1.01 1.84 1.93 0.03 0.03 0.03   1
11970  2  3 1.04 1.81 1.96 0.04 0.04 0.02   1
11574  2  3 1.01 1.77 1.95 0.06 0.06 0.03   1
12254  2  3 1.00 1.76 1.94 0.08 0.07 0.03   1
# 2022-11-25 05:40:17 CET: Stopped because there is not enough budget left to race more than the minimum (5)
# You may either increase the budget or set 'minNbSurvival' to a lower value
# Iteration: 20
# nbIterations: 20
# experimentsUsedSoFar: 99994
# timeUsed: 0
# remainingBudget: 6
# currentBudget: 6
# number of elites: 5
# nbConfigurations: 5
# Total CPU user time: 83329.74, CPU sys time: 62192.83, Wall-clock time: 220653.1
# Best configurations (first number is the configuration ID; listed from best to worst according to the sum of ranks):
      t0 t1   a0   a1   a2   r0   r1   r2 std
12155  2  3 1.00 1.79 1.94 0.03 0.03 0.06   1
11935  2  3 1.01 1.84 1.93 0.03 0.03 0.03   1
11970  2  3 1.04 1.81 1.96 0.04 0.04 0.02   1
11574  2  3 1.01 1.77 1.95 0.06 0.06 0.03   1
12254  2  3 1.00 1.76 1.94 0.08 0.07 0.03   1
# Best configurations as commandlines (first number is the configuration ID; same order as above):
12155  --t0 2 --t1 3 --a0 1 --a1 1.79 --a2 1.94 --r0 0.03 --r1 0.03 --r2 0.06 --std 1
11935  --t0 2 --t1 3 --a0 1.01 --a1 1.84 --a2 1.93 --r0 0.03 --r1 0.03 --r2 0.03 --std 1
11970  --t0 2 --t1 3 --a0 1.04 --a1 1.81 --a2 1.96 --r0 0.04 --r1 0.04 --r2 0.02 --std 1
11574  --t0 2 --t1 3 --a0 1.01 --a1 1.77 --a2 1.95 --r0 0.06 --r1 0.06 --r2 0.03 --std 1
12254  --t0 2 --t1 3 --a0 1 --a1 1.76 --a2 1.94 --r0 0.08 --r1 0.07 --r2 0.03 --std 1


# Testing of elite configurations: 1 
# Testing iteration configurations: FALSE 
# 2022-11-25 05:40:17 CET: No test instances, skip testing
