#------------------------------------------------------------------------------
# irace: An implementation in R of (Elitist) Iterated Racing
# Version: 3.4.1.9fcaeaf
# Copyright (C) 2010-2020
# Manuel Lopez-Ibanez     <manuel.lopez-ibanez@manchester.ac.uk>
# Jeremie Dubois-Lacoste  
# Leslie Perez Caceres    <leslie.perez.caceres@ulb.ac.be>
#
# This is free software, and you are welcome to redistribute it under certain
# conditions.  See the GNU General Public License for details. There is NO
# WARRANTY; not even for MERCHANTABILITY or FITNESS FOR A PARTICULAR PURPOSE.
#
# irace builds upon previous code from the race package:
#     race: Racing methods for the selection of the best
#     Copyright (C) 2003 Mauro Birattari
#------------------------------------------------------------------------------
# installed at: /home/asion/r_libs/irace
# called with: --exec-dir=./ --parallel 30 --mpi 1 --scenario scenario.txt
# 4 expression(s) specifying forbidden configurations read from '/home/asion/swarm_aggregation/tuning1/forbidden.txt'
# 2022-11-25 10:30:53 CET: Initialization
# Elitist race
# Elitist new instances: 1
# Elitist limit: 2
# nbIterations: 5
# minNbSurvival: 5
# nbParameters: 9
# seed: 934457278
# confidence level: 0.95
# budget: 1e+05
# mu: 5
# deterministic: FALSE

# 2022-11-25 10:30:53 CET: Iteration 1 of 5
# experimentsUsedSoFar: 0
# remainingBudget: 1e+05
# currentBudget: 20000
# nbConfigurations: 1024
# Markers:
     x No test is performed.
     c Configurations are discarded only due to capping.
     - The test is performed and some configurations are discarded.
     = The test is performed but no configuration is discarded.
     ! The test is performed and configurations could be discarded but elite configurations are preserved.
     . All alive configurations are elite and nothing is discarded

+-+-----------+-----------+-----------+---------------+-----------+--------+-----+----+------+
| |   Instance|      Alive|       Best|      Mean best| Exp so far|  W time|  rho|KenW|  Qvar|
+-+-----------+-----------+-----------+---------------+-----------+--------+-----+----+------+
|x|          1|       1024|        460|  -0.3600000000|       1024|01:38:42|   NA|  NA|    NA|
|x|          2|       1024|        960|  -0.2800000000|       2048|01:38:38|+0.03|0.52|0.9562|
|x|          3|       1024|        294|  -0.2533333333|       3072|01:38:36|+0.02|0.35|0.9819|
|x|          4|       1024|        294|  -0.2400000000|       4096|01:38:36|+0.02|0.27|0.9898|
|=|          5|       1024|        294|  -0.2320000000|       5120|01:38:44|+0.02|0.21|0.9889|
|-|          6|        286|        920|  -0.2266666667|       6144|01:38:38|-0.14|0.05|1.1184|
|=|          7|        286|        920|  -0.2171428571|       6430|00:28:35|-0.09|0.06|1.0736|
|=|          8|        286|        920|  -0.2100000000|       6716|00:28:30|-0.07|0.06|1.0565|
+-+-----------+-----------+-----------+---------------+-----------+--------+-----+----+------+
Best-so-far configuration:         920    mean value:   -0.2100000000
Description of the best-so-far configuration:
    .ID. t0 t1   a0   a1   a2   r0   r1   r2 std .PARENT.
920  920  5  6 1.33 1.31 1.97 0.96 0.08 0.48   9       NA

# 2022-11-25 21:20:05 CET: Elite configurations (first number is the configuration ID; listed from best to worst according to the sum of ranks):
    t0 t1   a0   a1   a2   r0   r1   r2 std
920  5  6 1.33 1.31 1.97 0.96 0.08 0.48   9
294  6  8 1.95 1.76 1.03 0.76 0.42 0.57  14
14   6 10 1.39 1.41 1.04 0.05 0.61 0.69   8
358  2  4 1.64 1.92 1.67 0.06 0.63 0.49   1
169  4  9 1.41 1.04 1.16 0.89 0.11 0.47  17
# 2022-11-25 21:20:05 CET: Iteration 2 of 5
# experimentsUsedSoFar: 6716
# remainingBudget: 93284
# currentBudget: 23321
# nbConfigurations: 1024
# Markers:
     x No test is performed.
     c Configurations are discarded only due to capping.
     - The test is performed and some configurations are discarded.
     = The test is performed but no configuration is discarded.
     ! The test is performed and configurations could be discarded but elite configurations are preserved.
     . All alive configurations are elite and nothing is discarded

+-+-----------+-----------+-----------+---------------+-----------+--------+-----+----+------+
| |   Instance|      Alive|       Best|      Mean best| Exp so far|  W time|  rho|KenW|  Qvar|
+-+-----------+-----------+-----------+---------------+-----------+--------+-----+----+------+
|x|          9|       1024|       1939|  -0.4400000000|       1024|01:38:27|   NA|  NA|    NA|
|x|          7|       1024|       1436|  -0.3200000000|       2043|01:38:09|+0.04|0.52|0.9583|
|x|          4|       1024|       1445|  -0.2933333333|       3062|01:38:04|+0.06|0.37|0.9423|
|x|          5|       1024|       1378|  -0.2500000000|       4081|01:38:36|+0.04|0.28|0.9601|
|-|          3|        347|       1129|  -0.2320000000|       5100|01:38:21|-0.14|0.09|1.1212|
|=|          2|        347|       1129|  -0.2200000000|       5442|00:34:05|-0.08|0.10|1.0738|
|=|          1|        347|       1129|  -0.2342857143|       5784|00:34:04|-0.05|0.10|1.0428|
|=|          6|        347|       1129|  -0.2250000000|       6126|00:34:05|-0.04|0.09|1.0316|
|=|          8|        347|       1129|  -0.2177777778|       6468|00:33:52|-0.02|0.09|1.0133|
|=|         10|        347|       1650|  -0.2080000000|       6815|00:34:14|-0.02|0.08|1.0108|
+-+-----------+-----------+-----------+---------------+-----------+--------+-----+----+------+
Best-so-far configuration:        1650    mean value:   -0.2080000000
Description of the best-so-far configuration:
     .ID. t0 t1   a0   a1   a2   r0   r1   r2 std .PARENT.
1650 1650  2  3 1.53 1.73 1.74 0.27 0.64 0.09   3      358

# 2022-11-26 08:22:26 CET: Elite configurations (first number is the configuration ID; listed from best to worst according to the sum of ranks):
     t0 t1   a0   a1   a2   r0   r1   r2 std
1650  2  3 1.53 1.73 1.74 0.27 0.64 0.09   3
14    6 10 1.39 1.41 1.04 0.05 0.61 0.69   8
294   6  8 1.95 1.76 1.03 0.76 0.42 0.57  14
920   5  6 1.33 1.31 1.97 0.96 0.08 0.48   9
1129  4  7 1.34 1.09 1.90 0.48 0.08 0.60  14
# 2022-11-26 08:22:26 CET: Iteration 3 of 5
# experimentsUsedSoFar: 13531
# remainingBudget: 86469
# currentBudget: 28823
# nbConfigurations: 1024
# Markers:
     x No test is performed.
     c Configurations are discarded only due to capping.
     - The test is performed and some configurations are discarded.
     = The test is performed but no configuration is discarded.
     ! The test is performed and configurations could be discarded but elite configurations are preserved.
     . All alive configurations are elite and nothing is discarded

+-+-----------+-----------+-----------+---------------+-----------+--------+-----+----+------+
| |   Instance|      Alive|       Best|      Mean best| Exp so far|  W time|  rho|KenW|  Qvar|
+-+-----------+-----------+-----------+---------------+-----------+--------+-----+----+------+
|x|         11|       1024|       2932|  -0.4800000000|       1024|01:38:35|   NA|  NA|    NA|
|x|          6|       1024|       2583|  -0.4000000000|       2043|01:38:19|+0.04|0.52|0.9514|
|x|          9|       1024|       2708|  -0.2533333333|       3062|01:38:07|+0.03|0.35|0.9672|
|x|          2|       1024|       2710|  -0.2300000000|       4081|01:38:26|+0.01|0.26|0.9752|
|=|          8|       1024|       2329|  -0.2480000000|       5100|01:38:22|+0.02|0.21|0.9726|
|-|          5|        273|       2437|  -0.2200000000|       6119|01:38:32|-0.12|0.06|1.0945|
|=|          4|        273|       2231|  -0.2514285714|       6387|00:26:07|-0.09|0.07|1.0626|
|=|          7|        273|       2437|  -0.2150000000|       6655|00:26:25|-0.06|0.07|1.0389|
|=|          3|        273|       2437|  -0.2088888889|       6923|00:26:15|-0.04|0.08|1.0221|
|=|         10|        273|       2437|  -0.2120000000|       7191|00:26:21|-0.03|0.08|1.0110|
|=|          1|        273|       2437|  -0.2181818182|       7459|00:26:14|-0.02|0.08|1.0033|
|=|         12|        273|       2437|  -0.2133333333|       7732|00:27:21|-0.01|0.08|0.9941|
+-+-----------+-----------+-----------+---------------+-----------+--------+-----+----+------+
Best-so-far configuration:        2437    mean value:   -0.2133333333
Description of the best-so-far configuration:
     .ID. t0 t1   a0   a1   a2   r0   r1   r2 std .PARENT.
2437 2437  2  3 1.39 1.81 1.83 0.29 0.69 0.15   1     1650

# 2022-11-26 20:51:53 CET: Elite configurations (first number is the configuration ID; listed from best to worst according to the sum of ranks):
     t0 t1   a0   a1   a2   r0   r1   r2 std
2437  2  3 1.39 1.81 1.83 0.29 0.69 0.15   1
2491  1  5 1.43 1.79 1.81 0.09 0.60 0.06   3
3023  1  5 1.43 1.90 1.81 0.27 0.68 0.07   2
2997  2  4 1.58 1.71 1.96 0.42 0.80 0.08   2
2481  1  4 1.40 1.72 1.74 0.20 0.69 0.20   2
# 2022-11-26 20:51:53 CET: Iteration 4 of 5
# experimentsUsedSoFar: 21263
# remainingBudget: 78737
# currentBudget: 39368
# nbConfigurations: 1024
# Markers:
     x No test is performed.
     c Configurations are discarded only due to capping.
     - The test is performed and some configurations are discarded.
     = The test is performed but no configuration is discarded.
     ! The test is performed and configurations could be discarded but elite configurations are preserved.
     . All alive configurations are elite and nothing is discarded

+-+-----------+-----------+-----------+---------------+-----------+--------+-----+----+------+
| |   Instance|      Alive|       Best|      Mean best| Exp so far|  W time|  rho|KenW|  Qvar|
+-+-----------+-----------+-----------+---------------+-----------+--------+-----+----+------+
|x|         13|       1024|       3163|  -0.4000000000|       1024|01:40:40|   NA|  NA|    NA|
|x|          3|       1024|       3198|  -0.4200000000|       2043|01:40:05|+0.05|0.53|0.9585|
|x|          6|       1024|       3641|  -0.2800000000|       3062|01:40:16|+0.02|0.35|0.9733|
|x|          9|       1024|       3164|  -0.3100000000|       4081|01:40:18|+0.01|0.25|0.9903|
|-|          7|        446|       3164|  -0.2880000000|       5100|01:39:56|-0.15|0.08|1.1090|
|=|         11|        446|       3164|  -0.2866666667|       5541|00:43:52|-0.09|0.09|1.0643|
|=|          2|        446|       3164|  -0.2857142857|       5982|00:44:01|-0.06|0.09|1.0304|
|=|          8|        446|       3876|  -0.2600000000|       6423|00:44:05|-0.04|0.09|1.0195|
|=|         12|        446|       3251|  -0.2711111111|       6864|00:44:01|-0.03|0.09|1.0067|
|=|          1|        446|       3251|  -0.2680000000|       7305|00:43:53|-0.01|0.09|1.0005|
|=|          4|        446|       3251|  -0.2690909091|       7746|00:44:03|-0.00|0.09|0.9903|
|=|          5|        446|       3251|  -0.2633333333|       8187|00:43:52|-0.00|0.08|0.9886|
|=|         10|        446|       3918|  -0.2553846154|       8628|00:43:51|+0.00|0.08|0.9855|
|=|         14|        446|       3251|  -0.2628571429|       9074|00:44:17|+0.01|0.08|0.9810|
+-+-----------+-----------+-----------+---------------+-----------+--------+-----+----+------+
Best-so-far configuration:        3251    mean value:   -0.2628571429
Description of the best-so-far configuration:
     .ID. t0 t1   a0   a1   a2   r0   r1   r2 std .PARENT.
3251 3251  2  3 1.36 1.83 1.93 0.32 0.62 0.16   1     2437

# 2022-11-27 11:49:31 CET: Elite configurations (first number is the configuration ID; listed from best to worst according to the sum of ranks):
     t0 t1   a0   a1   a2   r0   r1   r2 std
3251  2  3 1.36 1.83 1.93 0.32 0.62 0.16   1
3763  2  3 1.38 1.93 1.89 0.16 0.67 0.09   1
3425  2  3 1.37 1.76 1.75 0.23 0.72 0.20   2
3650  1  5 1.45 1.95 1.84 0.24 0.71 0.01   2
3150  2  3 1.32 1.88 1.79 0.31 0.65 0.11   1
# 2022-11-27 11:49:31 CET: Iteration 5 of 5
# experimentsUsedSoFar: 30337
# remainingBudget: 69663
# currentBudget: 69663
# nbConfigurations: 1024
# Markers:
     x No test is performed.
     c Configurations are discarded only due to capping.
     - The test is performed and some configurations are discarded.
     = The test is performed but no configuration is discarded.
     ! The test is performed and configurations could be discarded but elite configurations are preserved.
     . All alive configurations are elite and nothing is discarded

+-+-----------+-----------+-----------+---------------+-----------+--------+-----+----+------+
| |   Instance|      Alive|       Best|      Mean best| Exp so far|  W time|  rho|KenW|  Qvar|
+-+-----------+-----------+-----------+---------------+-----------+--------+-----+----+------+
|x|         15|       1024|       4496|  -0.6000000000|       1024|01:41:08|   NA|  NA|    NA|
|x|         11|       1024|       4639|  -0.3800000000|       2043|01:40:43|+0.07|0.53|0.9612|
|x|         10|       1024|       4386|  -0.3866666667|       3062|01:41:10|+0.09|0.40|0.9254|
|x|          4|       1024|       4386|  -0.3700000000|       4081|01:41:05|+0.09|0.32|0.9177|
|-|          3|        290|       4386|  -0.3520000000|       5100|01:41:15|-0.13|0.10|1.0925|
|=|         12|        290|       4386|  -0.3466666667|       5385|00:29:28|-0.07|0.11|1.0390|
|=|         14|        290|       4376|  -0.3371428571|       5670|00:29:31|-0.05|0.10|1.0239|
|=|          7|        290|       4376|  -0.3250000000|       5955|00:29:22|-0.03|0.10|1.0071|
|=|          9|        290|       4376|  -0.3022222222|       6240|00:29:32|-0.02|0.10|1.0020|
|=|          1|        290|       4146|  -0.3000000000|       6525|00:29:34|-0.00|0.10|0.9934|
|=|          6|        290|       4146|  -0.3018181818|       6810|00:29:35|+0.01|0.10|0.9861|
|=|          2|        290|       4146|  -0.3000000000|       7095|00:29:30|+0.01|0.09|0.9886|
|=|          8|        290|       4146|  -0.2953846154|       7380|00:29:20|+0.01|0.08|0.9887|
|=|         13|        290|       4146|  -0.2914285714|       7665|00:29:11|+0.01|0.08|0.9886|
|-|          5|         98|       4146|  -0.2853333333|       7950|00:29:24|-0.05|0.02|1.0310|
|=|         16|         98|       4146|  -0.2850000000|       8048|00:11:18|-0.04|0.02|1.0253|
|=|         17|         98|       4376|  -0.2752941176|       8146|00:11:27|-0.04|0.03|1.0186|
+-+-----------+-----------+-----------+---------------+-----------+--------+-----+----+------+
Best-so-far configuration:        4376    mean value:   -0.2752941176
Description of the best-so-far configuration:
     .ID. t0 t1   a0   a1   a2   r0   r1   r2 std .PARENT.
4376 4376  2  3 1.35 1.95 1.87 0.16 0.64 0.12   1     3763

# 2022-11-28 01:32:37 CET: Elite configurations (first number is the configuration ID; listed from best to worst according to the sum of ranks):
     t0 t1   a0   a1   a2   r0   r1   r2 std
4376  2  3 1.35 1.95 1.87 0.16 0.64 0.12   1
4146  2  3 1.35 1.91 1.90 0.15 0.68 0.09   1
4934  2  3 1.38 1.86 1.92 0.30 0.61 0.16   1
4367  2  3 1.33 1.86 1.97 0.32 0.60 0.16   1
5082  2  3 1.38 1.94 1.88 0.18 0.69 0.11   1
# 2022-11-28 01:32:38 CET: Iteration 6 of 6
# experimentsUsedSoFar: 38483
# remainingBudget: 61517
# currentBudget: 61517
# nbConfigurations: 1024
# Markers:
     x No test is performed.
     c Configurations are discarded only due to capping.
     - The test is performed and some configurations are discarded.
     = The test is performed but no configuration is discarded.
     ! The test is performed and configurations could be discarded but elite configurations are preserved.
     . All alive configurations are elite and nothing is discarded

+-+-----------+-----------+-----------+---------------+-----------+--------+-----+----+------+
| |   Instance|      Alive|       Best|      Mean best| Exp so far|  W time|  rho|KenW|  Qvar|
+-+-----------+-----------+-----------+---------------+-----------+--------+-----+----+------+
|x|         18|       1024|       5319|  -0.5600000000|       1024|01:41:22|   NA|  NA|    NA|
|x|         12|       1024|       5319|  -0.4600000000|       2043|01:41:08|+0.06|0.53|0.9602|
|x|         16|       1024|       5319|  -0.4266666667|       3062|01:41:05|+0.05|0.36|0.9614|
|x|          7|       1024|       5834|  -0.3100000000|       4081|01:40:54|+0.05|0.28|0.9525|
|-|         10|        400|       6059|  -0.3040000000|       5100|01:40:46|-0.13|0.09|1.1059|
|=|          3|        400|       5824|  -0.3133333333|       5495|00:39:44|-0.08|0.10|1.0686|
|=|         15|        400|       4146|  -0.3200000000|       5890|00:39:43|-0.05|0.10|1.0366|
|=|          1|        400|       6059|  -0.3000000000|       6285|00:39:42|-0.03|0.10|1.0201|
|=|          9|        400|       4146|  -0.3244444444|       6680|00:39:43|-0.02|0.09|1.0124|
|=|          6|        400|       4146|  -0.3240000000|       7075|00:39:33|-0.01|0.09|1.0028|
|=|         17|        400|       5319|  -0.3127272727|       7470|00:39:46|-0.00|0.09|0.9986|
|=|         13|        400|       5319|  -0.3066666667|       7865|00:39:56|+0.01|0.09|0.9933|
|-|          4|        150|       4146|  -0.2923076923|       8260|00:39:41|-0.05|0.03|1.0381|
|=|          2|        150|       4146|  -0.2914285714|       8405|00:14:54|-0.04|0.03|1.0300|
|=|         14|        150|       5319|  -0.2880000000|       8550|00:15:02|-0.03|0.03|1.0254|
|=|          5|        150|       6059|  -0.2875000000|       8695|00:14:54|-0.03|0.04|1.0178|
|=|          8|        150|       5319|  -0.2847058824|       8840|00:14:48|-0.02|0.04|1.0131|
|=|         11|        150|       5319|  -0.2911111111|       8985|00:14:57|-0.02|0.04|1.0077|
|=|         19|        150|       5319|  -0.2989473684|       9135|00:15:11|-0.01|0.04|1.0046|
+-+-----------+-----------+-----------+---------------+-----------+--------+-----+----+------+
Best-so-far configuration:        5319    mean value:   -0.2989473684
Description of the best-so-far configuration:
     .ID. t0 t1   a0   a1   a2   r0   r1  r2 std .PARENT.
5319 5319  2  3 1.28 1.87 1.95 0.09 0.56 0.1   1     4376

# 2022-11-28 16:46:12 CET: Elite configurations (first number is the configuration ID; listed from best to worst according to the sum of ranks):
     t0 t1   a0   a1   a2   r0   r1   r2 std
5319  2  3 1.28 1.87 1.95 0.09 0.56 0.10   1
5174  2  3 1.31 1.91 1.87 0.16 0.50 0.14   1
4146  2  3 1.35 1.91 1.90 0.15 0.68 0.09   1
6059  2  3 1.36 1.88 1.95 0.36 0.58 0.09   1
4934  2  3 1.38 1.86 1.92 0.30 0.61 0.16   1
# 2022-11-28 16:46:12 CET: Iteration 7 of 7
# experimentsUsedSoFar: 47618
# remainingBudget: 52382
# currentBudget: 52382
# nbConfigurations: 1024
# Markers:
     x No test is performed.
     c Configurations are discarded only due to capping.
     - The test is performed and some configurations are discarded.
     = The test is performed but no configuration is discarded.
     ! The test is performed and configurations could be discarded but elite configurations are preserved.
     . All alive configurations are elite and nothing is discarded

+-+-----------+-----------+-----------+---------------+-----------+--------+-----+----+------+
| |   Instance|      Alive|       Best|      Mean best| Exp so far|  W time|  rho|KenW|  Qvar|
+-+-----------+-----------+-----------+---------------+-----------+--------+-----+----+------+
|x|         20|       1024|       6669|  -0.4800000000|       1024|01:41:13|   NA|  NA|    NA|
|x|         12|       1024|       6669|  -0.4600000000|       2043|01:40:35|+0.05|0.52|0.9261|
|x|          5|       1024|       6612|  -0.4533333333|       3062|01:41:02|+0.06|0.37|0.9271|
|x|          2|       1024|       6059|  -0.3500000000|       4081|01:40:30|+0.07|0.30|0.9175|
|-|          7|        260|       6059|  -0.3520000000|       5100|01:40:27|-0.12|0.11|1.0724|
|=|          9|        260|       6146|  -0.3800000000|       5355|00:26:16|-0.07|0.11|1.0349|
|=|          6|        260|       6146|  -0.3657142857|       5610|00:26:28|-0.03|0.12|1.0067|
|=|         18|        260|       6146|  -0.3500000000|       5865|00:26:03|-0.02|0.11|0.9984|
|=|          4|        260|       6146|  -0.3733333333|       6120|00:26:26|-0.00|0.11|0.9845|
|=|         15|        260|       6146|  -0.3600000000|       6375|00:26:27|+0.01|0.11|0.9765|
|=|          3|        260|       6146|  -0.3454545455|       6630|00:26:23|+0.01|0.10|0.9784|
|=|         10|        260|       6361|  -0.3266666667|       6885|00:26:17|+0.01|0.10|0.9761|
|-|          8|         32|       6146|  -0.3353846154|       7140|00:26:26|-0.02|0.06|0.9865|
|=|         13|         32|       6146|  -0.3314285714|       7167|00:02:58|-0.02|0.06|0.9836|
|=|         17|         32|       6146|  -0.3333333333|       7194|00:03:01|-0.01|0.06|0.9739|
|=|         19|         32|       6146|  -0.3200000000|       7221|00:03:00|-0.01|0.06|0.9745|
|=|         11|         32|       6146|  -0.3176470588|       7248|00:02:59|-0.00|0.06|0.9683|
|=|         14|         32|       6146|  -0.3088888889|       7275|00:03:00|-0.01|0.05|0.9759|
|=|         16|         32|       6146|  -0.3136842105|       7302|00:02:59|-0.00|0.05|0.9694|
|=|          1|         32|       6146|  -0.3080000000|       7329|00:03:00|+0.00|0.05|0.9653|
|=|         21|         32|       6146|  -0.3028571429|       7361|00:04:56|+0.01|0.05|0.9622|
+-+-----------+-----------+-----------+---------------+-----------+--------+-----+----+------+
Best-so-far configuration:        6146    mean value:   -0.3028571429
Description of the best-so-far configuration:
     .ID. t0 t1   a0   a1   a2  r0   r1   r2 std .PARENT.
6146 6146  2  3 1.15 1.78 1.96 0.1 0.53 0.03   1     5319

# 2022-11-29 05:07:23 CET: Elite configurations (first number is the configuration ID; listed from best to worst according to the sum of ranks):
     t0 t1   a0   a1   a2   r0   r1   r2 std
6146  2  3 1.15 1.78 1.96 0.10 0.53 0.03   1
4146  2  3 1.35 1.91 1.90 0.15 0.68 0.09   1
5319  2  3 1.28 1.87 1.95 0.09 0.56 0.10   1
6720  2  3 1.25 1.88 1.96 0.34 0.39 0.04   1
6059  2  3 1.36 1.88 1.95 0.36 0.58 0.09   1
# 2022-11-29 05:07:24 CET: Iteration 8 of 8
# experimentsUsedSoFar: 54979
# remainingBudget: 45021
# currentBudget: 45021
# nbConfigurations: 1024
# Markers:
     x No test is performed.
     c Configurations are discarded only due to capping.
     - The test is performed and some configurations are discarded.
     = The test is performed but no configuration is discarded.
     ! The test is performed and configurations could be discarded but elite configurations are preserved.
     . All alive configurations are elite and nothing is discarded

+-+-----------+-----------+-----------+---------------+-----------+--------+-----+----+------+
| |   Instance|      Alive|       Best|      Mean best| Exp so far|  W time|  rho|KenW|  Qvar|
+-+-----------+-----------+-----------+---------------+-----------+--------+-----+----+------+
|x|         22|       1024|       7589|  -0.6400000000|       1024|01:41:04|   NA|  NA|    NA|
|x|          5|       1024|       7448|  -0.5200000000|       2043|01:40:48|+0.12|0.56|0.8944|
|x|          1|       1024|       7439|  -0.3733333333|       3062|01:40:34|+0.12|0.41|0.8964|
|x|          9|       1024|       7439|  -0.4300000000|       4081|01:40:52|+0.12|0.34|0.8769|
|-|         11|        257|       7439|  -0.4160000000|       5100|01:40:38|-0.11|0.11|1.0751|
|=|          2|        257|       7334|  -0.4400000000|       5352|00:26:16|-0.06|0.11|1.0369|
|=|          8|        257|       7592|  -0.4342857143|       5604|00:26:23|-0.02|0.13|1.0021|
|=|          7|        257|       7334|  -0.4050000000|       5856|00:26:08|+0.01|0.13|0.9771|
|-|         19|         71|       7334|  -0.4177777778|       6108|00:26:26|-0.05|0.07|1.0271|
|=|         20|         71|       7334|  -0.4040000000|       6174|00:08:23|-0.04|0.06|1.0248|
|=|         10|         71|       7334|  -0.3927272727|       6240|00:08:10|-0.03|0.06|1.0214|
|=|         16|         71|       7334|  -0.4000000000|       6306|00:08:06|-0.02|0.06|1.0082|
|=|         21|         71|       7334|  -0.3938461538|       6372|00:08:11|-0.02|0.06|1.0045|
|=|          6|         71|       7334|  -0.3828571429|       6438|00:08:10|-0.02|0.06|0.9992|
|=|         13|         71|       7334|  -0.3733333333|       6504|00:08:09|-0.02|0.05|1.0036|
|=|         12|         71|       7334|  -0.3700000000|       6570|00:08:05|-0.01|0.05|0.9973|
|=|          3|         71|       7334|  -0.3670588235|       6636|00:08:06|-0.01|0.05|0.9958|
|=|         15|         71|       7334|  -0.3622222222|       6702|00:08:01|-0.01|0.05|0.9897|
|=|         18|         71|       7334|  -0.3557894737|       6768|00:08:27|-0.00|0.05|0.9891|
|=|         17|         71|       7334|  -0.3540000000|       6834|00:08:09|-0.00|0.05|0.9863|
|=|         14|         71|       7334|  -0.3466666667|       6900|00:08:06|+0.00|0.05|0.9855|
|=|          4|         71|       7934|  -0.3636363636|       6966|00:08:13|-0.00|0.04|0.9853|
|=|         23|         71|       7934|  -0.3652173913|       7037|00:08:24|+0.00|0.05|0.9807|
+-+-----------+-----------+-----------+---------------+-----------+--------+-----+----+------+
Best-so-far configuration:        7934    mean value:   -0.3652173913
Description of the best-so-far configuration:
     .ID. t0 t1   a0   a1  a2   r0   r1   r2 std .PARENT.
7934 7934  2  3 1.02 1.81 1.9 0.07 0.52 0.07   1     6146

# 2022-11-29 17:11:57 CET: Elite configurations (first number is the configuration ID; listed from best to worst according to the sum of ranks):
     t0 t1   a0   a1   a2   r0   r1   r2 std
7934  2  3 1.02 1.81 1.90 0.07 0.52 0.07   1
7276  2  3 1.12 1.80 1.99 0.01 0.55 0.02   1
7334  2  3 1.06 1.79 1.97 0.06 0.56 0.01   1
8084  2  3 1.12 1.80 1.99 0.09 0.49 0.02   1
7284  2  3 1.13 1.66 1.95 0.18 0.56 0.04   1
# 2022-11-29 17:11:57 CET: Iteration 9 of 9
# experimentsUsedSoFar: 62016
# remainingBudget: 37984
# currentBudget: 37984
# nbConfigurations: 1024
# Markers:
     x No test is performed.
     c Configurations are discarded only due to capping.
     - The test is performed and some configurations are discarded.
     = The test is performed but no configuration is discarded.
     ! The test is performed and configurations could be discarded but elite configurations are preserved.
     . All alive configurations are elite and nothing is discarded

+-+-----------+-----------+-----------+---------------+-----------+--------+-----+----+------+
| |   Instance|      Alive|       Best|      Mean best| Exp so far|  W time|  rho|KenW|  Qvar|
+-+-----------+-----------+-----------+---------------+-----------+--------+-----+----+------+
|x|         24|       1024|       8793|  -0.8400000000|       1024|01:41:30|   NA|  NA|    NA|
|x|         16|       1024|       8674|  -0.5600000000|       2043|01:40:41|+0.15|0.57|0.8932|
|x|          2|       1024|       8674|  -0.5466666667|       3062|01:40:49|+0.17|0.45|0.8597|
|x|         10|       1024|       8422|  -0.4800000000|       4081|01:40:34|+0.17|0.38|0.8548|
|-|          3|        312|       8422|  -0.4800000000|       5100|01:40:45|-0.13|0.10|1.1104|
|=|          5|        312|       8180|  -0.4333333333|       5407|00:31:41|-0.08|0.10|1.0688|
|=|         13|        312|       8405|  -0.4685714286|       5714|00:31:19|-0.05|0.10|1.0416|
|=|         23|        312|       8177|  -0.4250000000|       6021|00:31:33|-0.04|0.09|1.0343|
|=|         22|        312|       8177|  -0.4488888889|       6328|00:31:28|-0.02|0.09|1.0163|
|=|          9|        312|       8831|  -0.4120000000|       6635|00:31:24|-0.01|0.09|1.0137|
|=|         20|        312|       9070|  -0.4036363636|       6942|00:31:42|-0.01|0.08|1.0077|
|=|         14|        312|       8405|  -0.4233333333|       7249|00:31:28|-0.00|0.08|1.0030|
|=|         12|        312|       8827|  -0.4061538462|       7556|00:31:32|+0.00|0.08|0.9974|
|=|         15|        312|       8423|  -0.4000000000|       7863|00:31:24|+0.00|0.07|0.9941|
|=|          4|        312|       8423|  -0.4080000000|       8170|00:31:43|+0.01|0.07|0.9876|
|-|          6|        130|       8423|  -0.4225000000|       8477|00:31:26|-0.04|0.02|1.0297|
|=|         21|        130|       8423|  -0.4258823529|       8602|00:13:40|-0.03|0.03|1.0198|
|=|         18|        130|       8423|  -0.4222222222|       8727|00:13:45|-0.03|0.03|1.0158|
|=|          1|        130|       8831|  -0.4063157895|       8852|00:13:40|-0.02|0.03|1.0137|
|=|          7|        130|       8831|  -0.4040000000|       8977|00:13:49|-0.02|0.03|1.0114|
|=|         11|        130|       8423|  -0.4019047619|       9102|00:13:40|-0.02|0.03|1.0115|
|=|         19|        130|       8423|  -0.4036363636|       9227|00:13:43|-0.02|0.03|1.0114|
|=|          8|        130|       8423|  -0.3965217391|       9352|00:13:52|-0.02|0.02|1.0125|
|=|         17|        130|       8423|  -0.3950000000|       9477|00:13:47|-0.02|0.02|1.0106|
|=|         25|        130|       8423|  -0.3904000000|       9607|00:14:35|-0.02|0.02|1.0086|
+-+-----------+-----------+-----------+---------------+-----------+--------+-----+----+------+
Best-so-far configuration:        8423    mean value:   -0.3904000000
Description of the best-so-far configuration:
     .ID. t0 t1   a0  a1   a2   r0   r1   r2 std .PARENT.
8423 8423  2  3 1.03 1.8 1.98 0.05 0.54 0.04   1     7334

# 2022-11-30 09:28:11 CET: Elite configurations (first number is the configuration ID; listed from best to worst according to the sum of ranks):
     t0 t1   a0   a1   a2   r0   r1   r2 std
8423  2  3 1.03 1.80 1.98 0.05 0.54 0.04   1
8831  2  3 1.02 1.78 1.98 0.05 0.56 0.00   1
8291  2  3 1.04 1.81 1.97 0.06 0.56 0.02   1
8896  2  3 1.03 1.81 1.97 0.07 0.56 0.00   1
8628  2  3 1.07 1.76 1.97 0.04 0.55 0.01   1
# 2022-11-30 09:28:11 CET: Iteration 10 of 10
# experimentsUsedSoFar: 71623
# remainingBudget: 28377
# currentBudget: 28377
# nbConfigurations: 1024
# Markers:
     x No test is performed.
     c Configurations are discarded only due to capping.
     - The test is performed and some configurations are discarded.
     = The test is performed but no configuration is discarded.
     ! The test is performed and configurations could be discarded but elite configurations are preserved.
     . All alive configurations are elite and nothing is discarded

+-+-----------+-----------+-----------+---------------+-----------+--------+-----+----+------+
| |   Instance|      Alive|       Best|      Mean best| Exp so far|  W time|  rho|KenW|  Qvar|
+-+-----------+-----------+-----------+---------------+-----------+--------+-----+----+------+
|x|         26|       1024|       9379|  -0.6800000000|       1024|01:40:52|   NA|  NA|    NA|
|x|          1|       1024|       9970|  -0.6200000000|       2043|01:40:49|+0.17|0.58|0.8472|
|x|         24|       1024|      10072|  -0.5466666667|       3062|01:40:35|+0.15|0.44|0.8530|
|x|          6|       1024|       9935|  -0.4900000000|       4081|01:40:40|+0.17|0.38|0.8334|
|-|          7|        312|       9558|  -0.4640000000|       5100|01:40:12|-0.10|0.12|1.0737|
|=|          3|        312|      10018|  -0.5466666667|       5407|00:31:23|-0.06|0.11|1.0409|
|=|         13|        312|      10018|  -0.5428571429|       5714|00:31:12|-0.03|0.12|1.0159|
|=|         16|        312|       9935|  -0.4250000000|       6021|00:31:19|-0.01|0.11|1.0001|
|=|         10|        312|      10018|  -0.4977777778|       6328|00:31:40|+0.00|0.11|0.9871|
|=|         12|        312|       9297|  -0.4400000000|       6635|00:31:30|+0.01|0.11|0.9777|
|-|          4|        124|      10018|  -0.5018181818|       6942|00:31:21|-0.05|0.05|1.0292|
|=|         21|        124|      10018|  -0.5166666667|       7061|00:12:04|-0.04|0.05|1.0161|
|=|         22|        124|      10018|  -0.5138461538|       7180|00:12:07|-0.03|0.05|1.0086|
|=|          8|        124|      10018|  -0.5342857143|       7299|00:12:03|-0.02|0.05|0.9969|
|=|         17|        124|      10018|  -0.5120000000|       7418|00:12:03|-0.02|0.05|0.9981|
|=|         19|        124|      10018|  -0.5125000000|       7537|00:12:03|-0.01|0.05|0.9928|
|=|         18|        124|      10018|  -0.4988235294|       7656|00:12:02|-0.01|0.05|0.9912|
|=|         25|        124|      10018|  -0.4955555556|       7775|00:12:03|-0.00|0.05|0.9872|
|=|         23|        124|      10018|  -0.4800000000|       7894|00:12:04|-0.00|0.05|0.9878|
|=|         14|        124|      10018|  -0.4740000000|       8013|00:12:04|-0.00|0.05|0.9860|
|=|         20|        124|       9183|  -0.4342857143|       8132|00:12:02|+0.00|0.05|0.9821|
|=|          5|        124|      10018|  -0.4763636364|       8251|00:12:04|+0.01|0.05|0.9803|
|=|          2|        124|       9183|  -0.4260869565|       8370|00:12:01|+0.01|0.05|0.9798|
|=|         11|        124|       9183|  -0.4216666667|       8489|00:12:03|+0.01|0.05|0.9789|
|=|          9|        124|       9183|  -0.4176000000|       8608|00:12:01|+0.01|0.05|0.9775|
|=|         15|        124|       9183|  -0.4107692308|       8727|00:12:04|+0.01|0.05|0.9776|
|-|         27|         51|       9183|  -0.4103703704|       8851|00:13:36|-0.02|0.02|0.9961|
|=|         28|         51|       9183|  -0.4057142857|       8902|00:05:57|-0.02|0.02|0.9941|
|=|         29|         51|      10018|  -0.4372413793|       8953|00:06:00|-0.02|0.02|0.9924|
+-+-----------+-----------+-----------+---------------+-----------+--------+-----+----+------+
Best-so-far configuration:       10018    mean value:   -0.4372413793
Description of the best-so-far configuration:
       .ID. t0 t1 a0   a1   a2   r0   r1   r2 std .PARENT.
10018 10018  2  3  1 1.76 1.95 0.14 0.49 0.03   1     8831

# 2022-12-01 00:26:54 CET: Elite configurations (first number is the configuration ID; listed from best to worst according to the sum of ranks):
      t0 t1   a0   a1   a2   r0   r1   r2 std
10018  2  3 1.00 1.76 1.95 0.14 0.49 0.03   1
9183   2  3 1.02 1.76 1.99 0.09 0.48 0.01   1
8831   2  3 1.02 1.78 1.98 0.05 0.56 0.00   1
8423   2  3 1.03 1.80 1.98 0.05 0.54 0.04   1
9962   2  3 1.03 1.79 1.97 0.09 0.48 0.09   1
# 2022-12-01 00:26:54 CET: Iteration 11 of 11
# experimentsUsedSoFar: 80576
# remainingBudget: 19424
# currentBudget: 19424
# nbConfigurations: 652
# Markers:
     x No test is performed.
     c Configurations are discarded only due to capping.
     - The test is performed and some configurations are discarded.
     = The test is performed but no configuration is discarded.
     ! The test is performed and configurations could be discarded but elite configurations are preserved.
     . All alive configurations are elite and nothing is discarded

+-+-----------+-----------+-----------+---------------+-----------+--------+-----+----+------+
| |   Instance|      Alive|       Best|      Mean best| Exp so far|  W time|  rho|KenW|  Qvar|
+-+-----------+-----------+-----------+---------------+-----------+--------+-----+----+------+
|x|         30|        652|      10833|  -0.8400000000|        652|01:04:56|   NA|  NA|    NA|
|x|         24|        652|      10018|  -0.7600000000|       1299|01:04:36|+0.29|0.65|0.7296|
|x|         10|        652|      10018|  -0.6800000000|       1946|01:04:39|+0.33|0.55|0.7018|
|x|         16|        652|      10598|  -0.5400000000|       2593|01:04:40|+0.33|0.50|0.7132|
|-|         29|        193|      10475|  -0.5040000000|       3240|01:04:52|-0.09|0.13|1.0790|
|=|         13|        193|      10018|  -0.5600000000|       3428|00:19:55|-0.04|0.13|1.0336|
|=|         14|        193|      10761|  -0.4914285714|       3616|00:19:52|-0.01|0.13|1.0057|
|=|         21|        193|      10018|  -0.5500000000|       3804|00:20:07|-0.01|0.12|1.0020|
|=|          4|        193|      10018|  -0.5688888889|       3992|00:19:44|+0.00|0.11|0.9898|
|=|          1|        193|      10018|  -0.5680000000|       4180|00:20:17|+0.01|0.11|0.9873|
|=|         20|        193|      10018|  -0.5563636364|       4368|00:19:56|+0.01|0.10|0.9806|
|=|          2|        193|      10018|  -0.5266666667|       4556|00:20:14|+0.01|0.09|0.9870|
|=|          3|        193|      10018|  -0.5323076923|       4744|00:20:00|+0.01|0.08|0.9857|
|=|         26|        193|      10018|  -0.5114285714|       4932|00:20:08|+0.01|0.08|0.9845|
|-|         25|         55|      10018|  -0.5066666667|       5120|00:20:04|-0.04|0.03|1.0161|
|=|         18|         55|      10018|  -0.4925000000|       5170|00:05:54|-0.03|0.03|1.0101|
|=|          8|         55|      10018|  -0.5105882353|       5220|00:05:59|-0.03|0.03|1.0018|
|=|         23|         55|      10018|  -0.4933333333|       5270|00:05:48|-0.03|0.03|1.0014|
|=|          9|         55|      10018|  -0.4800000000|       5320|00:05:54|-0.02|0.03|0.9986|
|=|         28|         55|      10018|  -0.4720000000|       5370|00:05:51|-0.02|0.03|0.9972|
|=|         22|         55|      10018|  -0.4723809524|       5420|00:05:54|-0.02|0.03|0.9936|
|=|         11|         55|      10018|  -0.4618181818|       5470|00:05:44|-0.02|0.03|0.9940|
|=|          6|         55|      10018|  -0.4608695652|       5520|00:05:51|-0.02|0.03|0.9919|
|=|         15|         55|      10612|  -0.4283333333|       5570|00:05:43|-0.01|0.03|0.9897|
|=|         17|         55|       9962|  -0.4336000000|       5620|00:05:49|-0.01|0.03|0.9894|
|=|         19|         55|       9962|  -0.4338461538|       5670|00:05:42|-0.01|0.03|0.9873|
|=|          7|         55|      10018|  -0.4488888889|       5720|00:05:52|-0.01|0.03|0.9828|
|=|         12|         55|      10018|  -0.4442857143|       5770|00:05:56|-0.01|0.03|0.9859|
|=|         27|         55|      10018|  -0.4400000000|       5820|00:06:02|-0.01|0.03|0.9827|
|=|          5|         55|      10018|  -0.4440000000|       5870|00:05:57|-0.00|0.03|0.9816|
|=|         31|         55|      10018|  -0.4400000000|       5925|00:05:59|-0.00|0.03|0.9821|
+-+-----------+-----------+-----------+---------------+-----------+--------+-----+----+------+
Best-so-far configuration:       10018    mean value:   -0.4400000000
Description of the best-so-far configuration:
       .ID. t0 t1 a0   a1   a2   r0   r1   r2 std .PARENT.
10018 10018  2  3  1 1.76 1.95 0.14 0.49 0.03   1     8831

# 2022-12-01 10:45:22 CET: Elite configurations (first number is the configuration ID; listed from best to worst according to the sum of ranks):
      t0 t1   a0   a1   a2   r0   r1   r2 std
10018  2  3 1.00 1.76 1.95 0.14 0.49 0.03   1
10612  2  3 1.03 1.80 1.92 0.15 0.47 0.00   1
9183   2  3 1.02 1.76 1.99 0.09 0.48 0.01   1
10322  2  3 1.00 1.81 1.93 0.10 0.50 0.01   1
10537  2  3 1.02 1.76 1.97 0.10 0.44 0.01   1
# 2022-12-01 10:45:22 CET: Iteration 12 of 12
# experimentsUsedSoFar: 86501
# remainingBudget: 13499
# currentBudget: 13499
# nbConfigurations: 426
# Markers:
     x No test is performed.
     c Configurations are discarded only due to capping.
     - The test is performed and some configurations are discarded.
     = The test is performed but no configuration is discarded.
     ! The test is performed and configurations could be discarded but elite configurations are preserved.
     . All alive configurations are elite and nothing is discarded

+-+-----------+-----------+-----------+---------------+-----------+--------+-----+----+------+
| |   Instance|      Alive|       Best|      Mean best| Exp so far|  W time|  rho|KenW|  Qvar|
+-+-----------+-----------+-----------+---------------+-----------+--------+-----+----+------+
|x|         32|        426|      10855|  -0.6800000000|        426|00:42:29|   NA|  NA|    NA|
|x|         17|        426|      10967|  -0.6000000000|        847|00:41:47|+0.18|0.59|0.8241|
|x|         25|        426|      10911|  -0.5600000000|       1268|00:41:55|+0.18|0.46|0.8284|
|x|         19|        426|      11216|  -0.5000000000|       1689|00:41:54|+0.18|0.38|0.8316|
|-|         15|        132|      11152|  -0.4720000000|       2110|00:41:48|-0.12|0.11|1.0885|
|=|         10|        132|      11216|  -0.5066666667|       2237|00:14:01|-0.06|0.11|1.0385|
|=|         20|        132|      11216|  -0.4914285714|       2364|00:14:22|-0.03|0.12|1.0152|
|=|         24|        132|      10967|  -0.4900000000|       2491|00:13:55|-0.02|0.11|0.9976|
|=|         29|        132|      10967|  -0.4844444444|       2618|00:13:56|-0.00|0.11|0.9791|
|=|          3|        132|      10967|  -0.4680000000|       2745|00:14:01|+0.01|0.11|0.9726|
|=|          1|        132|      10018|  -0.5018181818|       2872|00:14:02|+0.02|0.10|0.9666|
|-|          2|         59|      11222|  -0.4400000000|       2999|00:14:12|-0.04|0.05|1.0119|
|=|         16|         59|      10322|  -0.4400000000|       3053|00:05:59|-0.03|0.05|1.0075|
|=|          5|         59|      10322|  -0.4257142857|       3107|00:05:55|-0.03|0.04|1.0020|
|=|         30|         59|      10018|  -0.4720000000|       3161|00:06:01|-0.02|0.05|0.9933|
|=|          8|         59|      10018|  -0.4925000000|       3215|00:05:59|-0.01|0.05|0.9805|
|=|         27|         59|      10018|  -0.4823529412|       3269|00:05:57|-0.00|0.06|0.9731|
|=|         23|         59|      10018|  -0.4666666667|       3323|00:05:57|-0.01|0.05|0.9789|
|=|         26|         59|      10322|  -0.4210526316|       3377|00:05:56|-0.00|0.05|0.9757|
|=|         11|         59|      10322|  -0.4280000000|       3431|00:05:58|+0.00|0.05|0.9748|
|=|         14|         59|      10322|  -0.4152380952|       3485|00:05:50|-0.00|0.04|0.9797|
|=|         28|         59|      10612|  -0.4145454545|       3539|00:05:58|-0.00|0.05|0.9781|
|=|         18|         59|      10612|  -0.4156521739|       3593|00:06:02|+0.00|0.04|0.9775|
|=|         21|         59|      10612|  -0.4150000000|       3647|00:05:52|+0.00|0.04|0.9729|
|=|         22|         59|      10612|  -0.4192000000|       3701|00:05:55|+0.00|0.04|0.9714|
|=|          4|         59|      10612|  -0.4276923077|       3755|00:05:55|+0.01|0.05|0.9669|
|=|         12|         59|      10612|  -0.4192592593|       3809|00:05:59|+0.01|0.04|0.9701|
|=|          9|         59|      10612|  -0.4200000000|       3863|00:05:59|+0.01|0.04|0.9702|
|=|         13|         59|      10612|  -0.4151724138|       3917|00:05:55|+0.01|0.04|0.9686|
|=|          7|         59|      10612|  -0.4133333333|       3971|00:05:58|+0.01|0.04|0.9667|
|=|         31|         59|      10018|  -0.4412903226|       4025|00:06:00|+0.01|0.04|0.9698|
|-|          6|         33|      10018|  -0.4412500000|       4079|00:05:52|-0.01|0.02|0.9783|
|=|         33|         33|      10018|  -0.4400000000|       4112|00:05:01|-0.01|0.02|0.9774|
|=|         34|         33|      10018|  -0.4447058824|       4145|00:04:59|-0.01|0.02|0.9752|
+-+-----------+-----------+-----------+---------------+-----------+--------+-----+----+------+
Best-so-far configuration:       10018    mean value:   -0.4447058824
Description of the best-so-far configuration:
       .ID. t0 t1 a0   a1   a2   r0   r1   r2 std .PARENT.
10018 10018  2  3  1 1.76 1.95 0.14 0.49 0.03   1     8831

# 2022-12-01 18:03:05 CET: Elite configurations (first number is the configuration ID; listed from best to worst according to the sum of ranks):
      t0 t1   a0   a1   a2   r0   r1   r2 std
10018  2  3 1.00 1.76 1.95 0.14 0.49 0.03   1
10612  2  3 1.03 1.80 1.92 0.15 0.47 0.00   1
10322  2  3 1.00 1.81 1.93 0.10 0.50 0.01   1
11245  2  3 1.03 1.80 1.91 0.13 0.39 0.05   1
10537  2  3 1.02 1.76 1.97 0.10 0.44 0.01   1
# 2022-12-01 18:03:05 CET: Iteration 13 of 13
# experimentsUsedSoFar: 90646
# remainingBudget: 9354
# currentBudget: 9354
# nbConfigurations: 272
# Markers:
     x No test is performed.
     c Configurations are discarded only due to capping.
     - The test is performed and some configurations are discarded.
     = The test is performed but no configuration is discarded.
     ! The test is performed and configurations could be discarded but elite configurations are preserved.
     . All alive configurations are elite and nothing is discarded

+-+-----------+-----------+-----------+---------------+-----------+--------+-----+----+------+
| |   Instance|      Alive|       Best|      Mean best| Exp so far|  W time|  rho|KenW|  Qvar|
+-+-----------+-----------+-----------+---------------+-----------+--------+-----+----+------+
|x|         35|        272|      11518|  -0.7200000000|        272|00:27:34|   NA|  NA|    NA|
|x|         30|        272|      11322|  -0.6200000000|        539|00:26:51|+0.12|0.56|0.9027|
|x|         23|        272|      11410|  -0.5066666667|        806|00:26:48|+0.14|0.43|0.8753|
|x|         14|        272|      11344|  -0.5000000000|       1073|00:26:51|+0.14|0.35|0.8778|
|-|         16|        103|      11482|  -0.4880000000|       1340|00:26:54|-0.12|0.10|1.0980|
|=|         26|        103|      11342|  -0.5533333333|       1438|00:11:22|-0.08|0.10|1.0565|
|=|         34|        103|      11342|  -0.5657142857|       1536|00:11:22|-0.05|0.10|1.0266|
|=|         10|        103|      11342|  -0.5300000000|       1634|00:11:38|-0.02|0.11|0.9999|
|=|         20|        103|      11492|  -0.4977777778|       1732|00:11:22|-0.01|0.10|0.9900|
|=|         17|        103|      11492|  -0.4800000000|       1830|00:11:04|-0.00|0.10|0.9864|
|=|          6|        103|      11492|  -0.4618181818|       1928|00:11:19|+0.00|0.09|0.9832|
|=|          2|        103|      11492|  -0.4500000000|       2026|00:11:19|+0.00|0.09|0.9850|
|=|          3|        103|      11492|  -0.4400000000|       2124|00:11:25|+0.00|0.08|0.9873|
|=|         32|        103|      11492|  -0.4257142857|       2222|00:11:25|-0.00|0.07|0.9889|
|=|          5|        103|      11453|  -0.4053333333|       2320|00:11:19|-0.00|0.06|0.9891|
|=|         27|        103|      11476|  -0.4325000000|       2418|00:11:18|+0.00|0.07|0.9813|
|=|         11|        103|      11476|  -0.4305882353|       2516|00:11:30|+0.01|0.07|0.9794|
|=|          4|        103|      10612|  -0.4177777778|       2614|00:11:21|+0.01|0.07|0.9732|
|=|         15|        103|      10612|  -0.4210526316|       2712|00:11:34|+0.01|0.06|0.9725|
|-|          9|         38|      10612|  -0.4220000000|       2810|00:11:06|-0.03|0.03|0.9964|
|=|          7|         38|      10612|  -0.4190476190|       2843|00:05:01|-0.02|0.03|0.9937|
|=|         25|         38|      10612|  -0.4272727273|       2876|00:05:02|-0.02|0.03|0.9919|
|=|         33|         38|      10612|  -0.4260869565|       2909|00:05:13|-0.02|0.02|0.9929|
|=|         24|         38|      10612|  -0.4233333333|       2942|00:05:03|-0.02|0.02|0.9899|
|=|         13|         38|      10612|  -0.4176000000|       2975|00:05:07|-0.02|0.02|0.9895|
|=|          8|         38|      10612|  -0.4200000000|       3008|00:04:58|-0.02|0.02|0.9833|
|=|         21|         38|      10612|  -0.4192592593|       3041|00:04:53|-0.01|0.03|0.9768|
|=|         12|         38|      10018|  -0.4485714286|       3074|00:05:08|-0.01|0.03|0.9769|
|=|         22|         38|      10018|  -0.4496551724|       3107|00:05:11|-0.01|0.03|0.9769|
|=|         19|         38|      10018|  -0.4520000000|       3140|00:05:06|-0.01|0.03|0.9761|
|=|         28|         38|      10018|  -0.4477419355|       3173|00:05:08|-0.01|0.02|0.9763|
|=|         29|         38|      10018|  -0.4537500000|       3206|00:05:04|-0.01|0.02|0.9753|
|=|          1|         38|      10018|  -0.4569696970|       3239|00:05:06|-0.01|0.02|0.9759|
|=|         31|         38|      10018|  -0.4529411765|       3272|00:05:05|-0.01|0.02|0.9752|
|=|         18|         38|      10018|  -0.4480000000|       3305|00:05:07|-0.00|0.02|0.9741|
|=|         36|         38|      10018|  -0.4444444444|       3343|00:05:09|-0.00|0.02|0.9747|
+-+-----------+-----------+-----------+---------------+-----------+--------+-----+----+------+
Best-so-far configuration:       10018    mean value:   -0.4444444444
Description of the best-so-far configuration:
       .ID. t0 t1 a0   a1   a2   r0   r1   r2 std .PARENT.
10018 10018  2  3  1 1.76 1.95 0.14 0.49 0.03   1     8831

# 2022-12-02 00:30:07 CET: Elite configurations (first number is the configuration ID; listed from best to worst according to the sum of ranks):
      t0 t1   a0   a1   a2   r0   r1   r2 std
10018  2  3 1.00 1.76 1.95 0.14 0.49 0.03   1
11347  2  3 1.04 1.74 1.96 0.15 0.47 0.02   1
10322  2  3 1.00 1.81 1.93 0.10 0.50 0.01   1
10612  2  3 1.03 1.80 1.92 0.15 0.47 0.00   1
11482  2  3 1.02 1.73 1.97 0.13 0.49 0.03   1
# 2022-12-02 00:30:07 CET: Iteration 14 of 14
# experimentsUsedSoFar: 93989
# remainingBudget: 6011
# currentBudget: 6011
# nbConfigurations: 167
# Markers:
     x No test is performed.
     c Configurations are discarded only due to capping.
     - The test is performed and some configurations are discarded.
     = The test is performed but no configuration is discarded.
     ! The test is performed and configurations could be discarded but elite configurations are preserved.
     . All alive configurations are elite and nothing is discarded

+-+-----------+-----------+-----------+---------------+-----------+--------+-----+----+------+
| |   Instance|      Alive|       Best|      Mean best| Exp so far|  W time|  rho|KenW|  Qvar|
+-+-----------+-----------+-----------+---------------+-----------+--------+-----+----+------+
|x|         37|        167|      11621|  -0.7200000000|        167|00:17:43|   NA|  NA|    NA|
|x|         23|        167|      11551|  -0.5200000000|        329|00:17:28|-0.04|0.48|1.0491|
|x|         31|        167|      11632|  -0.4933333333|        491|00:17:22|+0.05|0.36|0.9568|
|x|         35|        167|      11593|  -0.5800000000|        653|00:17:24|+0.03|0.27|0.9706|
|=|         29|        167|      11579|  -0.4560000000|        815|00:17:28|+0.04|0.23|0.9566|
|-|          9|         96|      11579|  -0.4666666667|        977|00:17:07|-0.11|0.07|1.0909|
|=|          7|         96|      11482|  -0.4400000000|       1068|00:10:23|-0.08|0.08|1.0603|
|=|         13|         96|      11482|  -0.4350000000|       1159|00:10:05|-0.05|0.08|1.0344|
|=|         26|         96|      11571|  -0.4222222222|       1250|00:10:14|-0.05|0.06|1.0307|
|=|          5|         96|      11482|  -0.4120000000|       1341|00:10:25|-0.05|0.06|1.0250|
|=|         32|         96|      11632|  -0.4181818182|       1432|00:09:53|-0.04|0.05|1.0249|
|=|         33|         96|      11632|  -0.4333333333|       1523|00:10:15|-0.03|0.05|1.0131|
|=|         28|         96|      11632|  -0.4338461538|       1614|00:10:27|-0.03|0.05|1.0140|
|=|         22|         96|      11579|  -0.4400000000|       1705|00:10:23|-0.02|0.05|1.0053|
|=|         12|         96|      11682|  -0.4320000000|       1796|00:10:13|-0.02|0.05|1.0043|
|=|         14|         96|      11682|  -0.4350000000|       1887|00:10:02|-0.02|0.04|1.0048|
|=|         20|         96|      11682|  -0.4376470588|       1978|00:10:24|-0.02|0.04|1.0023|
|=|         19|         96|      11682|  -0.4355555556|       2069|00:10:26|-0.01|0.05|0.9981|
|=|          8|         96|      11682|  -0.4294736842|       2160|00:09:49|-0.01|0.04|0.9951|
|=|         11|         96|      11682|  -0.4320000000|       2251|00:10:24|-0.01|0.04|0.9953|
|=|         16|         96|      11682|  -0.4361904762|       2342|00:10:29|-0.01|0.04|0.9949|
|=|         10|         96|      11682|  -0.4309090909|       2433|00:09:51|-0.01|0.04|0.9930|
|=|          4|         96|      11682|  -0.4243478261|       2524|00:10:03|-0.00|0.04|0.9919|
|=|          1|         96|      11682|  -0.4300000000|       2615|00:10:25|-0.00|0.04|0.9910|
|=|         27|         96|      11682|  -0.4272000000|       2706|00:10:26|+0.00|0.04|0.9882|
|=|         15|         96|      11682|  -0.4184615385|       2797|00:10:18|-0.00|0.04|0.9900|
|=|         21|         96|      11682|  -0.4118518519|       2888|00:10:13|-0.00|0.04|0.9881|
|=|          3|         96|      10018|  -0.4371428571|       2979|00:10:09|+0.00|0.04|0.9873|
|=|         24|         96|      10018|  -0.4524137931|       3070|00:10:05|+0.00|0.04|0.9830|
|=|         18|         96|      10018|  -0.4466666667|       3161|00:10:14|+0.00|0.04|0.9824|
|=|         17|         96|      11682|  -0.4129032258|       3252|00:09:59|+0.01|0.04|0.9812|
|=|         30|         96|      11579|  -0.4187500000|       3343|00:10:07|+0.01|0.04|0.9788|
|=|          2|         96|      11579|  -0.4169696970|       3434|00:10:26|+0.00|0.03|0.9817|
|=|         34|         96|      11579|  -0.4164705882|       3525|00:10:21|+0.01|0.04|0.9798|
|-|         25|         39|      11579|  -0.4148571429|       3616|00:10:23|-0.01|0.02|0.9820|
|=|          6|         39|      10018|  -0.4422222222|       3650|00:05:06|-0.01|0.02|0.9817|
|=|         36|         39|      10018|  -0.4389189189|       3684|00:05:04|-0.01|0.02|0.9821|
|=|         38|         39|      10018|  -0.4336842105|       3723|00:05:10|-0.01|0.02|0.9813|
+-+-----------+-----------+-----------+---------------+-----------+--------+-----+----+------+
Best-so-far configuration:       10018    mean value:   -0.4336842105
Description of the best-so-far configuration:
       .ID. t0 t1 a0   a1   a2   r0   r1   r2 std .PARENT.
10018 10018  2  3  1 1.76 1.95 0.14 0.49 0.03   1     8831

# 2022-12-02 07:27:11 CET: Elite configurations (first number is the configuration ID; listed from best to worst according to the sum of ranks):
      t0 t1   a0   a1   a2   r0   r1   r2 std
10018  2  3 1.00 1.76 1.95 0.14 0.49 0.03   1
11579  2  3 1.02 1.72 1.97 0.16 0.45 0.02   1
11347  2  3 1.04 1.74 1.96 0.15 0.47 0.02   1
11682  2  3 1.01 1.76 1.96 0.12 0.50 0.02   1
11645  2  3 1.01 1.82 1.93 0.10 0.48 0.01   1
# 2022-12-02 07:27:12 CET: Iteration 15 of 15
# experimentsUsedSoFar: 97712
# remainingBudget: 2288
# currentBudget: 2288
# nbConfigurations: 63
# Markers:
     x No test is performed.
     c Configurations are discarded only due to capping.
     - The test is performed and some configurations are discarded.
     = The test is performed but no configuration is discarded.
     ! The test is performed and configurations could be discarded but elite configurations are preserved.
     . All alive configurations are elite and nothing is discarded

+-+-----------+-----------+-----------+---------------+-----------+--------+-----+----+------+
| |   Instance|      Alive|       Best|      Mean best| Exp so far|  W time|  rho|KenW|  Qvar|
+-+-----------+-----------+-----------+---------------+-----------+--------+-----+----+------+
|x|         39|         63|      11645|  -0.7600000000|         63|00:08:09|   NA|  NA|    NA|
|x|         28|         63|      11645|  -0.6000000000|        121|00:06:01|-0.02|0.49|1.0088|
|x|         25|         63|      11645|  -0.5333333333|        179|00:06:02|+0.05|0.37|0.9199|
|x|         31|         63|      11713|  -0.4900000000|        237|00:06:04|+0.05|0.29|0.9224|
|=|         10|         63|      11713|  -0.4960000000|        295|00:05:59|+0.03|0.22|0.9527|
|=|         23|         63|      11713|  -0.4800000000|        353|00:05:59|+0.02|0.19|0.9640|
|=|         20|         63|      11713|  -0.4400000000|        411|00:05:58|-0.02|0.13|1.0018|
|=|          6|         63|      11736|  -0.4350000000|        469|00:06:03|-0.04|0.09|1.0178|
|=|         18|         63|      11713|  -0.4266666667|        527|00:06:02|-0.02|0.10|0.9943|
|=|         15|         63|      11749|  -0.4480000000|        585|00:06:02|-0.02|0.08|0.9962|
|=|          1|         63|      11749|  -0.4290909091|        643|00:06:01|-0.02|0.07|0.9986|
|=|         12|         63|      11747|  -0.4400000000|        701|00:06:00|-0.01|0.07|0.9867|
|=|         29|         63|      11747|  -0.4400000000|        759|00:06:00|-0.01|0.07|0.9829|
|=|         27|         63|      11749|  -0.4257142857|        817|00:06:01|-0.00|0.07|0.9820|
|=|          5|         63|      11743|  -0.4186666667|        875|00:06:04|-0.00|0.07|0.9790|
|=|         38|         63|      11645|  -0.4150000000|        933|00:05:59|-0.00|0.06|0.9777|
|=|         21|         63|      11645|  -0.4117647059|        991|00:06:08|+0.00|0.06|0.9759|
|=|         13|         63|      11707|  -0.4244444444|       1049|00:05:58|+0.01|0.06|0.9734|
|=|         36|         63|      11707|  -0.4168421053|       1107|00:05:58|-0.00|0.05|0.9800|
|=|         34|         63|      11707|  -0.4200000000|       1165|00:06:01|+0.00|0.05|0.9758|
|=|         32|         63|      10018|  -0.4209523810|       1223|00:06:01|+0.00|0.05|0.9765|
|=|          4|         63|      10018|  -0.4345454545|       1281|00:05:59|+0.00|0.05|0.9753|
|=|         17|         63|      10018|  -0.4243478261|       1339|00:05:59|+0.01|0.05|0.9710|
|=|          2|         63|      11645|  -0.4300000000|       1397|00:06:02|+0.01|0.05|0.9718|
|=|          9|         63|      11645|  -0.4272000000|       1455|00:06:00|+0.01|0.05|0.9712|
|=|         16|         63|      11645|  -0.4292307692|       1513|00:06:02|+0.01|0.05|0.9725|
|=|         35|         63|      11645|  -0.4311111111|       1571|00:06:02|+0.01|0.05|0.9715|
|=|         37|         63|      11645|  -0.4271428571|       1629|00:06:02|+0.01|0.04|0.9714|
|=|         30|         63|      11645|  -0.4289655172|       1687|00:06:01|+0.01|0.04|0.9713|
|=|         33|         63|      11579|  -0.4093333333|       1745|00:06:05|+0.01|0.04|0.9725|
