#------------------------------------------------------------------------------
# irace: An implementation in R of (Elitist) Iterated Racing
# Version: 3.4.1.9fcaeaf
# Copyright (C) 2010-2020
# Manuel Lopez-Ibanez     <manuel.lopez-ibanez@manchester.ac.uk>
# Jeremie Dubois-Lacoste  
# Leslie Perez Caceres    <leslie.perez.caceres@ulb.ac.be>
#
# This is free software, and you are welcome to redistribute it under certain
# conditions.  See the GNU General Public License for details. There is NO
# WARRANTY; not even for MERCHANTABILITY or FITNESS FOR A PARTICULAR PURPOSE.
#
# irace builds upon previous code from the race package:
#     race: Racing methods for the selection of the best
#     Copyright (C) 2003 Mauro Birattari
#------------------------------------------------------------------------------
# installed at: /home/asion/r_libs/irace
# called with: --exec-dir=./ --parallel 30 --mpi 1 --scenario scenario.txt
# 4 expression(s) specifying forbidden configurations read from '/home/asion/swarm_aggregation/tuning1/forbidden.txt'
# 2022-11-25 10:30:14 CET: Initialization
# Elitist race
# Elitist new instances: 1
# Elitist limit: 2
# nbIterations: 5
# minNbSurvival: 5
# nbParameters: 9
# seed: 2085992116
# confidence level: 0.95
# budget: 1e+05
# mu: 5
# deterministic: FALSE

# 2022-11-25 10:30:14 CET: Iteration 1 of 5
# experimentsUsedSoFar: 0
# remainingBudget: 1e+05
# currentBudget: 20000
# nbConfigurations: 1024
# Markers:
     x No test is performed.
     c Configurations are discarded only due to capping.
     - The test is performed and some configurations are discarded.
     = The test is performed but no configuration is discarded.
     ! The test is performed and configurations could be discarded but elite configurations are preserved.
     . All alive configurations are elite and nothing is discarded

+-+-----------+-----------+-----------+---------------+-----------+--------+-----+----+------+
| |   Instance|      Alive|       Best|      Mean best| Exp so far|  W time|  rho|KenW|  Qvar|
+-+-----------+-----------+-----------+---------------+-----------+--------+-----+----+------+
|x|          1|       1024|        289|  -0.4000000000|       1024|01:38:34|   NA|  NA|    NA|
|x|          2|       1024|        461|  -0.3200000000|       2048|01:38:30|+0.01|0.50|0.9725|
|x|          3|       1024|        266|  -0.2533333333|       3072|01:38:25|+0.02|0.35|0.9650|
|x|          4|       1024|        585|  -0.2200000000|       4096|01:38:31|+0.01|0.26|0.9856|
|=|          5|       1024|        585|  -0.2160000000|       5120|01:38:29|+0.01|0.21|0.9879|
|-|          6|        290|        585|  -0.2133333333|       6144|01:38:31|-0.13|0.06|1.1129|
|=|          7|        290|        585|  -0.2171428571|       6434|00:28:47|-0.08|0.07|1.0692|
|=|          8|        290|        585|  -0.2100000000|       6724|00:28:45|-0.06|0.07|1.0473|
+-+-----------+-----------+-----------+---------------+-----------+--------+-----+----+------+
Best-so-far configuration:         585    mean value:   -0.2100000000
Description of the best-so-far configuration:
    .ID. t0 t1   a0  a1 a2   r0   r1   r2 std .PARENT.
585  585  2  4 1.07 1.6  1 0.99 0.07 0.95  13       NA

# 2022-11-25 21:18:58 CET: Elite configurations (first number is the configuration ID; listed from best to worst according to the sum of ranks):
    t0 t1   a0   a1   a2   r0   r1   r2 std
585  2  4 1.07 1.60 1.00 0.99 0.07 0.95  13
996  3  7 1.07 1.90 1.55 0.77 0.28 0.13   2
908  5  7 1.18 1.32 1.38 0.85 0.35 0.50  14
227  4  6 1.07 1.64 1.34 0.81 0.42 0.81   6
667  1  5 1.10 1.63 1.60 0.57 0.28 0.57  18
# 2022-11-25 21:18:58 CET: Iteration 2 of 5
# experimentsUsedSoFar: 6724
# remainingBudget: 93276
# currentBudget: 23319
# nbConfigurations: 1024
# Markers:
     x No test is performed.
     c Configurations are discarded only due to capping.
     - The test is performed and some configurations are discarded.
     = The test is performed but no configuration is discarded.
     ! The test is performed and configurations could be discarded but elite configurations are preserved.
     . All alive configurations are elite and nothing is discarded

+-+-----------+-----------+-----------+---------------+-----------+--------+-----+----+------+
| |   Instance|      Alive|       Best|      Mean best| Exp so far|  W time|  rho|KenW|  Qvar|
+-+-----------+-----------+-----------+---------------+-----------+--------+-----+----+------+
|x|          9|       1024|       1508|  -0.4000000000|       1024|01:38:38|   NA|  NA|    NA|
|x|          3|       1024|       1831|  -0.3200000000|       2043|01:38:16|+0.05|0.52|0.9493|
|x|          1|       1024|       1877|  -0.2533333333|       3062|01:38:03|+0.04|0.36|0.9555|
|x|          6|       1024|       1877|  -0.2500000000|       4081|01:38:10|+0.04|0.28|0.9541|
|-|          4|        207|       1877|  -0.2720000000|       5100|01:38:25|-0.13|0.10|1.0672|
|=|          5|        207|       1279|  -0.3200000000|       5302|00:20:12|-0.07|0.11|1.0300|
|=|          7|        207|       1279|  -0.3142857143|       5504|00:20:11|-0.02|0.12|0.9819|
|=|          2|        207|       1279|  -0.3100000000|       5706|00:20:12|-0.00|0.12|0.9658|
|=|          8|        207|       1279|  -0.3066666667|       5908|00:20:05|+0.01|0.12|0.9546|
|-|         10|         24|       1279|  -0.2920000000|       6115|00:20:22|-0.03|0.07|0.9729|
|=|         11|         24|       1279|  -0.2872727273|       6139|00:02:50|-0.02|0.07|0.9634|
|=|         12|         24|       1279|  -0.2833333333|       6163|00:02:55|+0.00|0.08|0.9476|
+-+-----------+-----------+-----------+---------------+-----------+--------+-----+----+------+
Best-so-far configuration:        1279    mean value:   -0.2833333333
Description of the best-so-far configuration:
     .ID. t0 t1   a0   a1   a2   r0   r1   r2 std .PARENT.
1279 1279  2  8 1.11 1.85 1.68 0.85 0.06 0.44   1      996

# 2022-11-26 07:17:40 CET: Elite configurations (first number is the configuration ID; listed from best to worst according to the sum of ranks):
     t0 t1   a0   a1   a2   r0   r1   r2 std
1279  2  8 1.11 1.85 1.68 0.85 0.06 0.44   1
1877  2  8 1.20 1.91 1.86 0.48 0.27 0.08   1
1430  1  6 1.06 1.76 1.61 0.60 0.26 0.06   1
1508  1  7 1.31 1.91 1.34 0.51 0.20 0.10   2
1733  1  7 1.27 1.90 1.35 0.84 0.24 0.32   1
# 2022-11-26 07:17:40 CET: Iteration 3 of 5
# experimentsUsedSoFar: 12887
# remainingBudget: 87113
# currentBudget: 29037
# nbConfigurations: 1024
# Markers:
     x No test is performed.
     c Configurations are discarded only due to capping.
     - The test is performed and some configurations are discarded.
     = The test is performed but no configuration is discarded.
     ! The test is performed and configurations could be discarded but elite configurations are preserved.
     . All alive configurations are elite and nothing is discarded

+-+-----------+-----------+-----------+---------------+-----------+--------+-----+----+------+
| |   Instance|      Alive|       Best|      Mean best| Exp so far|  W time|  rho|KenW|  Qvar|
+-+-----------+-----------+-----------+---------------+-----------+--------+-----+----+------+
|x|         13|       1024|       2369|  -0.6000000000|       1024|01:40:04|   NA|  NA|    NA|
|x|          4|       1024|       2328|  -0.5200000000|       2043|01:39:33|+0.19|0.59|0.8015|
|x|         12|       1024|       2369|  -0.4666666667|       3062|01:39:33|+0.17|0.45|0.8344|
|x|          7|       1024|       2369|  -0.4300000000|       4081|01:39:50|+0.17|0.38|0.8390|
|-|          1|        188|       2369|  -0.4160000000|       5100|01:39:55|-0.10|0.12|1.0551|
|=|          2|        188|       2369|  -0.4333333333|       5283|00:19:01|-0.05|0.12|1.0080|
|=|          3|        188|       2369|  -0.4628571429|       5466|00:19:14|-0.01|0.13|0.9613|
|=|         11|        188|       2369|  -0.4300000000|       5649|00:19:23|+0.00|0.13|0.9547|
|=|          8|        188|       2369|  -0.4355555556|       5832|00:19:04|+0.02|0.13|0.9479|
|-|          5|         18|       2369|  -0.4320000000|       6015|00:19:14|+0.09|0.18|0.8661|
|=|          6|         18|       2369|  -0.4181818182|       6028|00:02:14|+0.06|0.14|0.9002|
|-|         10|         13|       2369|  -0.4033333333|       6041|00:02:33|+0.10|0.18|0.8426|
|-|          9|          7|       2369|  -0.3846153846|       6049|00:02:13|-0.04|0.04|0.8930|
|=|         14|          7|       2369|  -0.3685714286|       6056|00:02:29|-0.05|0.02|0.9014|
|=|         15|          7|       2369|  -0.3626666667|       6063|00:02:33|-0.05|0.02|0.8965|
+-+-----------+-----------+-----------+---------------+-----------+--------+-----+----+------+
Best-so-far configuration:        2369    mean value:   -0.3626666667
Description of the best-so-far configuration:
     .ID. t0 t1   a0   a1   a2   r0   r1   r2 std .PARENT.
2369 2369  2 10 1.07 1.87 1.82 0.61 0.09 0.23   1     1279

# 2022-11-26 17:24:56 CET: Elite configurations (first number is the configuration ID; listed from best to worst according to the sum of ranks):
     t0 t1   a0   a1   a2   r0   r1   r2 std
2369  2 10 1.07 1.87 1.82 0.61 0.09 0.23   1
2193  2 10 1.00 1.91 1.92 0.48 0.32 0.08   1
2428  2  7 1.06 1.94 1.69 0.78 0.00 0.47   1
2219  1  8 1.03 1.86 1.67 0.69 0.03 0.21   1
2770  2  8 1.04 1.88 1.77 0.83 0.03 0.48   1
# 2022-11-26 17:24:56 CET: Iteration 4 of 5
# experimentsUsedSoFar: 18950
# remainingBudget: 81050
# currentBudget: 40525
# nbConfigurations: 1024
# Markers:
     x No test is performed.
     c Configurations are discarded only due to capping.
     - The test is performed and some configurations are discarded.
     = The test is performed but no configuration is discarded.
     ! The test is performed and configurations could be discarded but elite configurations are preserved.
     . All alive configurations are elite and nothing is discarded

+-+-----------+-----------+-----------+---------------+-----------+--------+-----+----+------+
| |   Instance|      Alive|       Best|      Mean best| Exp so far|  W time|  rho|KenW|  Qvar|
+-+-----------+-----------+-----------+---------------+-----------+--------+-----+----+------+
|x|         16|       1024|       3546|  -0.7200000000|       1024|01:41:01|   NA|  NA|    NA|
|x|          4|       1024|       3097|  -0.5000000000|       2043|01:40:39|+0.15|0.58|0.8545|
|x|          1|       1024|       3093|  -0.4666666667|       3062|01:40:36|+0.14|0.43|0.8791|
|x|          5|       1024|       3097|  -0.4300000000|       4081|01:40:42|+0.16|0.37|0.8661|
|-|          6|        292|       3093|  -0.4400000000|       5100|01:40:43|-0.11|0.11|1.1008|
|=|         10|        292|       3409|  -0.4200000000|       5387|00:29:36|-0.07|0.11|1.0629|
|=|          8|        292|       3409|  -0.4114285714|       5674|00:29:32|-0.04|0.11|1.0378|
|=|          7|        292|       3093|  -0.4150000000|       5961|00:29:43|-0.01|0.12|1.0115|
|=|          3|        292|       3409|  -0.3955555556|       6248|00:29:26|+0.01|0.12|0.9946|
|=|          9|        292|       3409|  -0.3800000000|       6535|00:29:21|+0.01|0.11|0.9867|
|-|         11|        121|       3290|  -0.3709090909|       6822|00:29:19|-0.05|0.04|1.0390|
|=|         15|        121|       3873|  -0.4200000000|       6938|00:11:56|-0.05|0.04|1.0335|
|=|          2|        121|       3873|  -0.4123076923|       7054|00:12:01|-0.04|0.04|1.0227|
|=|         13|        121|       3072|  -0.3628571429|       7170|00:11:54|-0.03|0.04|1.0216|
|=|         14|        121|       3072|  -0.3626666667|       7286|00:11:54|-0.03|0.04|1.0179|
|=|         12|        121|       3072|  -0.3525000000|       7402|00:11:56|-0.03|0.04|1.0149|
|=|         17|        121|       3072|  -0.3600000000|       7523|00:13:07|-0.02|0.04|1.0096|
+-+-----------+-----------+-----------+---------------+-----------+--------+-----+----+------+
Best-so-far configuration:        3072    mean value:   -0.3600000000
Description of the best-so-far configuration:
     .ID. t0 t1   a0   a1   a2   r0   r1  r2 std .PARENT.
3072 3072  2  9 1.08 1.94 1.75 0.52 0.13 0.2   1     2369

# 2022-11-27 05:58:49 CET: Elite configurations (first number is the configuration ID; listed from best to worst according to the sum of ranks):
     t0 t1   a0   a1   a2   r0   r1   r2 std
3072  2  9 1.08 1.94 1.75 0.52 0.13 0.20   1
3905  2 10 1.05 1.89 1.96 0.44 0.22 0.06   1
3290  2  7 1.05 1.90 1.76 0.71 0.01 0.49   1
3329  2 10 1.03 1.93 1.90 0.60 0.06 0.23   1
4074  2 10 1.07 1.93 1.85 0.62 0.02 0.23   1
# 2022-11-27 05:58:49 CET: Iteration 5 of 5
# experimentsUsedSoFar: 26473
# remainingBudget: 73527
# currentBudget: 73527
# nbConfigurations: 1024
# Markers:
     x No test is performed.
     c Configurations are discarded only due to capping.
     - The test is performed and some configurations are discarded.
     = The test is performed but no configuration is discarded.
     ! The test is performed and configurations could be discarded but elite configurations are preserved.
     . All alive configurations are elite and nothing is discarded

+-+-----------+-----------+-----------+---------------+-----------+--------+-----+----+------+
| |   Instance|      Alive|       Best|      Mean best| Exp so far|  W time|  rho|KenW|  Qvar|
+-+-----------+-----------+-----------+---------------+-----------+--------+-----+----+------+
|x|         18|       1024|       4547|  -0.8400000000|       1024|01:41:03|   NA|  NA|    NA|
|x|         14|       1024|       4701|  -0.5800000000|       2043|01:40:23|+0.30|0.65|0.7496|
|x|         17|       1024|       4074|  -0.5333333333|       3062|01:40:43|+0.30|0.54|0.7517|
|x|         12|       1024|       4074|  -0.5300000000|       4081|01:40:24|+0.30|0.47|0.7376|
|-|          9|        336|       4217|  -0.4480000000|       5100|01:40:31|-0.10|0.12|1.0785|
|=|          2|        336|       4074|  -0.4666666667|       5431|00:33:07|-0.07|0.11|1.0508|
|=|         16|        336|       4074|  -0.4800000000|       5762|00:33:13|-0.04|0.11|1.0236|
|=|          5|        336|       4217|  -0.4300000000|       6093|00:33:16|-0.02|0.11|1.0043|
|=|          8|        336|       4217|  -0.4266666667|       6424|00:33:15|-0.01|0.11|0.9978|
|=|         10|        336|       5090|  -0.4480000000|       6755|00:33:18|+0.01|0.11|0.9871|
|=|         11|        336|       4217|  -0.3963636364|       7086|00:33:08|+0.01|0.10|0.9844|
|-|          4|        188|       4931|  -0.4100000000|       7417|00:33:03|-0.05|0.04|1.0395|
|=|          7|        188|       4931|  -0.4246153846|       7600|00:19:54|-0.04|0.04|1.0252|
|=|          6|        188|       4931|  -0.4142857143|       7783|00:19:14|-0.03|0.04|1.0190|
|=|          1|        188|       5090|  -0.4560000000|       7966|00:19:17|-0.03|0.04|1.0149|
|=|         15|        188|       4931|  -0.4100000000|       8149|00:19:27|-0.02|0.04|1.0117|
|=|          3|        188|       4931|  -0.4070588235|       8332|00:19:16|-0.02|0.04|1.0100|
|=|         13|        188|       5090|  -0.4466666667|       8515|00:19:22|-0.01|0.04|1.0047|
|=|         19|        188|       4931|  -0.4231578947|       8703|00:20:14|-0.01|0.04|1.0026|
+-+-----------+-----------+-----------+---------------+-----------+--------+-----+----+------+
Best-so-far configuration:        4931    mean value:   -0.4231578947
Description of the best-so-far configuration:
     .ID. t0 t1   a0   a1  a2   r0 r1   r2 std .PARENT.
4931 4931  2  7 1.02 1.92 1.8 0.65  0 0.51   1     3290

# 2022-11-27 20:31:33 CET: Elite configurations (first number is the configuration ID; listed from best to worst according to the sum of ranks):
     t0 t1   a0   a1   a2   r0   r1   r2 std
4931  2  7 1.02 1.92 1.80 0.65 0.00 0.51   1
5090  2 10 1.01 1.95 1.94 0.58 0.04 0.24   1
4883  2 10 1.04 1.97 1.83 0.62 0.05 0.26   1
4584  2 10 1.01 1.95 1.90 0.60 0.03 0.23   1
4645  2 10 1.03 1.93 1.87 0.60 0.06 0.26   1
# 2022-11-27 20:31:33 CET: Iteration 6 of 6
# experimentsUsedSoFar: 35176
# remainingBudget: 64824
# currentBudget: 64824
# nbConfigurations: 1024
# Markers:
     x No test is performed.
     c Configurations are discarded only due to capping.
     - The test is performed and some configurations are discarded.
     = The test is performed but no configuration is discarded.
     ! The test is performed and configurations could be discarded but elite configurations are preserved.
     . All alive configurations are elite and nothing is discarded

+-+-----------+-----------+-----------+---------------+-----------+--------+-----+----+------+
| |   Instance|      Alive|       Best|      Mean best| Exp so far|  W time|  rho|KenW|  Qvar|
+-+-----------+-----------+-----------+---------------+-----------+--------+-----+----+------+
|x|         20|       1024|       5571|  -0.7200000000|       1024|01:41:09|   NA|  NA|    NA|
|x|          8|       1024|       5735|  -0.5800000000|       2043|01:40:34|+0.27|0.63|0.7660|
|x|          6|       1024|       5481|  -0.5200000000|       3062|01:40:50|+0.22|0.48|0.8051|
|x|          4|       1024|       5481|  -0.4900000000|       4081|01:40:21|+0.21|0.41|0.8168|
|-|          7|        278|       5875|  -0.4880000000|       5100|01:40:46|-0.11|0.11|1.0784|
|=|          9|        278|       5481|  -0.4600000000|       5373|00:27:52|-0.06|0.12|1.0404|
|=|         13|        278|       5481|  -0.4571428571|       5646|00:27:52|-0.03|0.12|1.0182|
|=|         12|        278|       5304|  -0.4650000000|       5919|00:27:52|-0.02|0.11|1.0078|
|=|         16|        278|       5481|  -0.4266666667|       6192|00:27:49|-0.01|0.10|0.9992|
|=|         17|        278|       5090|  -0.4360000000|       6465|00:28:02|-0.00|0.10|0.9960|
|=|         10|        278|       5090|  -0.4654545455|       6738|00:27:50|+0.01|0.10|0.9857|
|-|         15|        138|       4931|  -0.4166666667|       7011|00:27:42|-0.05|0.04|1.0345|
|=|          3|        138|       5090|  -0.4430769231|       7144|00:14:38|-0.04|0.04|1.0282|
|=|          2|        138|       4931|  -0.4085714286|       7277|00:14:43|-0.03|0.04|1.0197|
|=|         18|        138|       4931|  -0.4133333333|       7410|00:14:32|-0.02|0.05|1.0126|
|=|         14|        138|       4931|  -0.4075000000|       7543|00:14:31|-0.02|0.04|1.0098|
|=|         19|        138|       4931|  -0.4282352941|       7676|00:14:41|-0.02|0.04|1.0033|
|=|          1|        138|       4931|  -0.4222222222|       7809|00:14:35|-0.01|0.04|0.9999|
|=|         11|        138|       4931|  -0.4147368421|       7942|00:14:39|-0.01|0.04|0.9971|
|=|          5|        138|       4931|  -0.4200000000|       8075|00:14:36|-0.01|0.04|0.9929|
|=|         21|        138|       5090|  -0.4361904762|       8213|00:14:40|-0.01|0.04|0.9919|
+-+-----------+-----------+-----------+---------------+-----------+--------+-----+----+------+
Best-so-far configuration:        5090    mean value:   -0.4361904762
Description of the best-so-far configuration:
     .ID. t0 t1   a0   a1   a2   r0   r1   r2 std .PARENT.
5090 5090  2 10 1.01 1.95 1.94 0.58 0.04 0.24   1     3329

# 2022-11-28 10:22:30 CET: Elite configurations (first number is the configuration ID; listed from best to worst according to the sum of ranks):
     t0 t1   a0   a1   a2   r0   r1   r2 std
5090  2 10 1.01 1.95 1.94 0.58 0.04 0.24   1
4931  2  7 1.02 1.92 1.80 0.65 0.00 0.51   1
4584  2 10 1.01 1.95 1.90 0.60 0.03 0.23   1
5195  2 10 1.01 1.96 1.96 0.55 0.00 0.24   1
5735  2 10 1.01 1.98 1.89 0.56 0.03 0.28   1
# 2022-11-28 10:22:30 CET: Iteration 7 of 7
# experimentsUsedSoFar: 43389
# remainingBudget: 56611
# currentBudget: 56611
# nbConfigurations: 1024
# Markers:
     x No test is performed.
     c Configurations are discarded only due to capping.
     - The test is performed and some configurations are discarded.
     = The test is performed but no configuration is discarded.
     ! The test is performed and configurations could be discarded but elite configurations are preserved.
     . All alive configurations are elite and nothing is discarded

+-+-----------+-----------+-----------+---------------+-----------+--------+-----+----+------+
| |   Instance|      Alive|       Best|      Mean best| Exp so far|  W time|  rho|KenW|  Qvar|
+-+-----------+-----------+-----------+---------------+-----------+--------+-----+----+------+
|x|         22|       1024|       6376|  -0.8400000000|       1024|01:40:19|   NA|  NA|    NA|
|x|         17|       1024|       6188|  -0.5600000000|       2043|01:39:42|+0.34|0.67|0.6668|
|x|         10|       1024|       6892|  -0.5333333333|       3062|01:39:48|+0.32|0.55|0.6658|
|x|         20|       1024|       6121|  -0.4900000000|       4081|01:39:47|+0.34|0.50|0.6562|
|-|         21|        248|       6496|  -0.4880000000|       5100|01:39:45|-0.02|0.18|0.9987|
|=|          5|        248|       6932|  -0.4600000000|       5343|00:25:04|+0.02|0.18|0.9631|
|-|         14|         92|       7032|  -0.4514285714|       5586|00:25:10|-0.06|0.09|1.0482|
|=|          8|         92|       6760|  -0.5150000000|       5673|00:09:00|-0.04|0.09|1.0273|
|=|         18|         92|       5090|  -0.4844444444|       5760|00:09:04|-0.04|0.08|1.0207|
|=|         16|         92|       5090|  -0.4760000000|       5847|00:08:59|-0.03|0.07|1.0167|
|=|         19|         92|       6760|  -0.4727272727|       5934|00:09:03|-0.03|0.06|1.0148|
|=|          4|         92|       6760|  -0.4666666667|       6021|00:08:59|-0.02|0.06|1.0066|
|=|          9|         92|       5090|  -0.4523076923|       6108|00:09:03|-0.01|0.06|1.0010|
|=|         13|         92|       5090|  -0.4600000000|       6195|00:09:04|+0.00|0.07|0.9874|
|=|          3|         92|       5090|  -0.4586666667|       6282|00:09:00|+0.01|0.07|0.9809|
|-|          7|         24|       5090|  -0.4750000000|       6369|00:09:03|-0.03|0.03|0.9955|
|=|          1|         24|       5090|  -0.4941176471|       6388|00:02:44|-0.02|0.04|0.9831|
|=|         15|         24|       5090|  -0.4777777778|       6407|00:02:49|-0.02|0.03|0.9815|
|=|          2|         24|       5090|  -0.4610526316|       6426|00:02:45|-0.03|0.03|0.9846|
|=|          6|         24|       6666|  -0.4360000000|       6445|00:02:45|-0.03|0.02|0.9834|
|=|         12|         24|       6666|  -0.4380952381|       6464|00:02:46|-0.03|0.02|0.9821|
|=|         11|         24|       6666|  -0.4309090909|       6483|00:02:44|-0.03|0.02|0.9834|
|=|         23|         24|       6666|  -0.4313043478|       6507|00:02:56|-0.03|0.02|0.9811|
+-+-----------+-----------+-----------+---------------+-----------+--------+-----+----+------+
Best-so-far configuration:        6666    mean value:   -0.4313043478
Description of the best-so-far configuration:
     .ID. t0 t1   a0   a1   a2   r0   r1   r2 std .PARENT.
6666 6666  2 10 1.03 1.99 1.97 0.56 0.01 0.22   1     5195

# 2022-11-28 21:13:30 CET: Elite configurations (first number is the configuration ID; listed from best to worst according to the sum of ranks):
     t0 t1   a0   a1   a2   r0   r1   r2 std
6666  2 10 1.03 1.99 1.97 0.56 0.01 0.22   1
6130  2 10 1.00 1.97 1.98 0.56 0.02 0.26   1
7010  2 10 1.03 1.96 1.96 0.55 0.02 0.22   1
5090  2 10 1.01 1.95 1.94 0.58 0.04 0.24   1
6760  2 10 1.00 1.96 1.95 0.52 0.03 0.26   1
# 2022-11-28 21:13:30 CET: Iteration 8 of 8
# experimentsUsedSoFar: 49896
# remainingBudget: 50104
# currentBudget: 50104
# nbConfigurations: 1024
# Markers:
     x No test is performed.
     c Configurations are discarded only due to capping.
     - The test is performed and some configurations are discarded.
     = The test is performed but no configuration is discarded.
     ! The test is performed and configurations could be discarded but elite configurations are preserved.
     . All alive configurations are elite and nothing is discarded

+-+-----------+-----------+-----------+---------------+-----------+--------+-----+----+------+
| |   Instance|      Alive|       Best|      Mean best| Exp so far|  W time|  rho|KenW|  Qvar|
+-+-----------+-----------+-----------+---------------+-----------+--------+-----+----+------+
|x|         24|       1024|       7534|  -0.7200000000|       1024|01:41:00|   NA|  NA|    NA|
|x|         19|       1024|       7702|  -0.6000000000|       2043|01:40:35|+0.19|0.60|0.8146|
|x|         12|       1024|       8090|  -0.5733333333|       3062|01:40:41|+0.18|0.46|0.8291|
|x|         20|       1024|       6760|  -0.5400000000|       4081|01:40:29|+0.18|0.39|0.8291|
|-|         15|        289|       7947|  -0.4960000000|       5100|01:40:31|-0.13|0.10|1.1006|
|=|          2|        289|       7947|  -0.5066666667|       5384|00:29:43|-0.07|0.11|1.0554|
|=|          4|        289|       7947|  -0.4800000000|       5668|00:29:33|-0.04|0.11|1.0290|
|=|         13|        289|       7947|  -0.4500000000|       5952|00:29:15|-0.02|0.11|1.0090|
|=|         11|        289|       7264|  -0.4577777778|       6236|00:29:26|-0.01|0.11|0.9997|
|=|         17|        289|       7264|  -0.4440000000|       6520|00:29:33|+0.01|0.10|0.9902|
|=|          6|        289|       7264|  -0.4436363636|       6804|00:29:38|+0.01|0.10|0.9816|
|-|          3|        130|       7680|  -0.4466666667|       7088|00:29:27|-0.05|0.04|1.0326|
|=|          8|        130|       7680|  -0.4430769231|       7213|00:13:57|-0.04|0.04|1.0264|
|=|         21|        130|       7680|  -0.4457142857|       7338|00:13:52|-0.04|0.04|1.0204|
|=|         16|        130|       6760|  -0.4666666667|       7463|00:14:04|-0.03|0.04|1.0137|
|=|          9|        130|       6760|  -0.4550000000|       7588|00:13:51|-0.03|0.04|1.0099|
|=|         23|        130|       6760|  -0.4541176471|       7713|00:13:40|-0.02|0.04|1.0054|
|=|         14|        130|       6760|  -0.4622222222|       7838|00:14:16|-0.01|0.04|0.9981|
|=|         10|        130|       6760|  -0.4505263158|       7963|00:13:51|-0.01|0.04|0.9957|
|=|         18|        130|       6760|  -0.4380000000|       8088|00:13:55|-0.01|0.04|0.9950|
|=|         22|        130|       6760|  -0.4380952381|       8213|00:14:13|-0.01|0.04|0.9954|
|=|          1|        130|       6760|  -0.4290909091|       8338|00:13:54|-0.00|0.04|0.9923|
|=|          7|        130|       6666|  -0.4173913043|       8463|00:13:44|-0.00|0.04|0.9893|
|=|          5|        130|       6666|  -0.4183333333|       8588|00:13:45|+0.00|0.04|0.9855|
|=|         25|        130|       6760|  -0.4432000000|       8718|00:14:28|+0.01|0.05|0.9800|
+-+-----------+-----------+-----------+---------------+-----------+--------+-----+----+------+
Best-so-far configuration:        6760    mean value:   -0.4432000000
Description of the best-so-far configuration:
     .ID. t0 t1 a0   a1   a2   r0   r1   r2 std .PARENT.
6760 6760  2 10  1 1.96 1.95 0.52 0.03 0.26   1     5195

# 2022-11-29 12:05:33 CET: Elite configurations (first number is the configuration ID; listed from best to worst according to the sum of ranks):
     t0 t1   a0   a1   a2   r0   r1   r2 std
6760  2 10 1.00 1.96 1.95 0.52 0.03 0.26   1
6666  2 10 1.03 1.99 1.97 0.56 0.01 0.22   1
5090  2 10 1.01 1.95 1.94 0.58 0.04 0.24   1
7263  2 10 1.01 1.97 1.95 0.53 0.05 0.20   1
7680  2 10 1.00 1.97 1.89 0.58 0.00 0.36   1
# 2022-11-29 12:05:34 CET: Iteration 9 of 9
# experimentsUsedSoFar: 58614
# remainingBudget: 41386
# currentBudget: 41386
# nbConfigurations: 1024
# Markers:
     x No test is performed.
     c Configurations are discarded only due to capping.
     - The test is performed and some configurations are discarded.
     = The test is performed but no configuration is discarded.
     ! The test is performed and configurations could be discarded but elite configurations are preserved.
     . All alive configurations are elite and nothing is discarded

+-+-----------+-----------+-----------+---------------+-----------+--------+-----+----+------+
| |   Instance|      Alive|       Best|      Mean best| Exp so far|  W time|  rho|KenW|  Qvar|
+-+-----------+-----------+-----------+---------------+-----------+--------+-----+----+------+
|x|         26|       1024|       8405|  -0.8400000000|       1024|01:41:06|   NA|  NA|    NA|
|x|         13|       1024|       8900|  -0.6800000000|       2043|01:40:35|+0.35|0.67|0.7098|
|x|          4|       1024|       8189|  -0.5733333333|       3062|01:41:02|+0.34|0.56|0.7170|
|x|         22|       1024|       8852|  -0.5100000000|       4081|01:40:58|+0.34|0.51|0.7147|
|-|         20|        298|       8263|  -0.5360000000|       5100|01:40:54|-0.13|0.10|1.1056|
|=|         16|        298|       8589|  -0.4733333333|       5393|00:29:55|-0.09|0.09|1.0719|
|=|         18|        298|       9026|  -0.5085714286|       5686|00:29:56|-0.07|0.09|1.0549|
|=|          3|        298|       8900|  -0.5100000000|       5979|00:29:54|-0.04|0.09|1.0279|
|=|         25|        298|       8900|  -0.5200000000|       6272|00:29:59|-0.03|0.08|1.0233|
|=|         17|        298|       8900|  -0.5080000000|       6565|00:29:55|-0.02|0.08|1.0111|
|=|          7|        298|       8179|  -0.4800000000|       6858|00:30:00|-0.01|0.08|1.0031|
|=|          6|        298|       8256|  -0.4633333333|       7151|00:29:49|-0.01|0.07|1.0040|
|=|         10|        298|       5090|  -0.4676923077|       7444|00:29:55|-0.01|0.07|1.0018|
|=|         21|        298|       5090|  -0.4714285714|       7737|00:29:42|-0.00|0.07|0.9986|
|=|         14|        298|       5090|  -0.4773333333|       8030|00:29:49|+0.00|0.07|0.9943|
|=|          9|        298|       5090|  -0.4725000000|       8323|00:29:48|+0.01|0.07|0.9895|
|-|          1|         78|       5090|  -0.4917647059|       8616|00:29:58|-0.04|0.02|1.0214|
|=|         23|         78|       5090|  -0.4755555556|       8689|00:08:41|-0.04|0.02|1.0209|
|=|         11|         78|       5090|  -0.4610526316|       8762|00:08:46|-0.04|0.02|1.0188|
|=|         15|         78|       6666|  -0.4400000000|       8835|00:08:42|-0.03|0.02|1.0180|
|=|          5|         78|       6666|  -0.4400000000|       8908|00:08:49|-0.03|0.02|1.0131|
|=|         24|         78|       5090|  -0.4581818182|       8981|00:08:51|-0.02|0.02|1.0078|
|=|          2|         78|       8256|  -0.4486956522|       9054|00:08:47|-0.02|0.02|1.0061|
|=|          8|         78|       8256|  -0.4483333333|       9127|00:08:50|-0.02|0.02|1.0039|
|=|         12|         78|       8256|  -0.4496000000|       9200|00:08:43|-0.02|0.02|1.0020|
|=|         19|         78|       8256|  -0.4600000000|       9273|00:08:42|-0.02|0.02|0.9983|
|=|         27|         78|       8256|  -0.4518518519|       9351|00:08:44|-0.01|0.02|0.9976|
+-+-----------+-----------+-----------+---------------+-----------+--------+-----+----+------+
Best-so-far configuration:        8256    mean value:   -0.4518518519
Description of the best-so-far configuration:
     .ID. t0 t1 a0   a1   a2  r0   r1   r2 std .PARENT.
8256 8256  2 10  1 1.97 1.98 0.5 0.02 0.28   1     6760

# 2022-11-30 03:57:04 CET: Elite configurations (first number is the configuration ID; listed from best to worst according to the sum of ranks):
     t0 t1   a0   a1   a2   r0   r1   r2 std
8256  2 10 1.00 1.97 1.98 0.50 0.02 0.28   1
8852  2 10 1.01 1.95 1.98 0.48 0.07 0.27   1
8859  2 10 1.04 1.95 1.93 0.60 0.02 0.22   1
8487  2 10 1.01 1.96 1.98 0.52 0.01 0.27   1
6760  2 10 1.00 1.96 1.95 0.52 0.03 0.26   1
# 2022-11-30 03:57:04 CET: Iteration 10 of 10
# experimentsUsedSoFar: 67965
# remainingBudget: 32035
# currentBudget: 32035
# nbConfigurations: 1024
# Markers:
     x No test is performed.
     c Configurations are discarded only due to capping.
     - The test is performed and some configurations are discarded.
     = The test is performed but no configuration is discarded.
     ! The test is performed and configurations could be discarded but elite configurations are preserved.
     . All alive configurations are elite and nothing is discarded

+-+-----------+-----------+-----------+---------------+-----------+--------+-----+----+------+
| |   Instance|      Alive|       Best|      Mean best| Exp so far|  W time|  rho|KenW|  Qvar|
+-+-----------+-----------+-----------+---------------+-----------+--------+-----+----+------+
|x|         28|       1024|       9484|  -0.7200000000|       1024|01:41:00|   NA|  NA|    NA|
|x|         23|       1024|       9731|  -0.6600000000|       2043|01:40:42|+0.24|0.62|0.7791|
|x|         25|       1024|       8487|  -0.5866666667|       3062|01:41:06|+0.23|0.49|0.7998|
|x|          1|       1024|       9716|  -0.5900000000|       4081|01:40:35|+0.21|0.41|0.8121|
|-|          2|        286|       9716|  -0.5600000000|       5100|01:40:44|-0.11|0.11|1.0911|
|=|         17|        286|       9716|  -0.5533333333|       5381|00:29:18|-0.07|0.11|1.0466|
|=|         13|        286|       8487|  -0.5085714286|       5662|00:29:08|-0.04|0.11|1.0287|
|=|         24|        286|       8487|  -0.5050000000|       5943|00:29:22|-0.02|0.11|1.0097|
|=|          4|        286|       8487|  -0.4888888889|       6224|00:29:18|-0.01|0.11|1.0007|
|=|          3|        286|       8487|  -0.4720000000|       6505|00:29:11|+0.01|0.11|0.9906|
|-|         19|         58|       8487|  -0.4945454545|       6786|00:29:19|-0.06|0.04|1.0396|
|=|         27|         58|       8487|  -0.4800000000|       6839|00:05:47|-0.04|0.04|1.0248|
|=|         11|         58|       8487|  -0.4707692308|       6892|00:06:03|-0.04|0.04|1.0183|
|=|         15|         58|       8487|  -0.4571428571|       6945|00:05:55|-0.03|0.05|1.0071|
|=|         14|         58|       8487|  -0.4506666667|       6998|00:05:59|-0.02|0.05|1.0028|
|=|         18|         58|       8487|  -0.4600000000|       7051|00:05:53|-0.02|0.05|0.9970|
|=|          7|         58|       8487|  -0.4564705882|       7104|00:05:51|-0.01|0.05|0.9901|
|=|          8|         58|       8487|  -0.4555555556|       7157|00:05:55|-0.01|0.05|0.9878|
|=|          6|         58|       8487|  -0.4526315789|       7210|00:05:54|-0.01|0.04|0.9887|
|=|          5|         58|       8487|  -0.4500000000|       7263|00:05:47|-0.01|0.04|0.9837|
|=|         16|         58|       8487|  -0.4438095238|       7316|00:06:01|-0.01|0.04|0.9862|
|=|          9|         58|       8487|  -0.4418181818|       7369|00:06:01|-0.00|0.04|0.9844|
|=|         20|         58|       8487|  -0.4400000000|       7422|00:05:53|-0.00|0.04|0.9816|
|=|         26|         58|       8487|  -0.4316666667|       7475|00:05:51|-0.00|0.04|0.9791|
|=|         10|         58|       8487|  -0.4368000000|       7528|00:05:50|-0.00|0.04|0.9816|
|=|         21|         58|       8487|  -0.4338461538|       7581|00:06:03|+0.00|0.04|0.9768|
|=|         12|         58|       8487|  -0.4251851852|       7634|00:05:54|+0.00|0.04|0.9767|
|=|         22|         58|       8487|  -0.4242857143|       7687|00:05:57|+0.00|0.04|0.9752|
|=|         29|         58|       8852|  -0.4220689655|       7745|00:06:01|+0.01|0.04|0.9742|
+-+-----------+-----------+-----------+---------------+-----------+--------+-----+----+------+
Best-so-far configuration:        8852    mean value:   -0.4220689655
Description of the best-so-far configuration:
     .ID. t0 t1   a0   a1   a2   r0   r1   r2 std .PARENT.
8852 8852  2 10 1.01 1.95 1.98 0.48 0.07 0.27   1     6760

# 2022-11-30 17:04:11 CET: Elite configurations (first number is the configuration ID; listed from best to worst according to the sum of ranks):
     t0 t1   a0   a1   a2   r0   r1   r2 std
8852  2 10 1.01 1.95 1.98 0.48 0.07 0.27   1
8256  2 10 1.00 1.97 1.98 0.50 0.02 0.28   1
8487  2 10 1.01 1.96 1.98 0.52 0.01 0.27   1
8859  2 10 1.04 1.95 1.93 0.60 0.02 0.22   1
9356  2 10 1.01 1.96 1.91 0.46 0.01 0.26   1
# 2022-11-30 17:04:11 CET: Iteration 11 of 11
# experimentsUsedSoFar: 75710
# remainingBudget: 24290
# currentBudget: 24290
# nbConfigurations: 814
# Markers:
     x No test is performed.
     c Configurations are discarded only due to capping.
     - The test is performed and some configurations are discarded.
     = The test is performed but no configuration is discarded.
     ! The test is performed and configurations could be discarded but elite configurations are preserved.
     . All alive configurations are elite and nothing is discarded

+-+-----------+-----------+-----------+---------------+-----------+--------+-----+----+------+
| |   Instance|      Alive|       Best|      Mean best| Exp so far|  W time|  rho|KenW|  Qvar|
+-+-----------+-----------+-----------+---------------+-----------+--------+-----+----+------+
|x|         30|        814|      10765|  -0.8000000000|        814|01:20:13|   NA|  NA|    NA|
|x|         15|        814|      10284|  -0.5800000000|       1623|01:19:57|+0.35|0.68|0.7196|
|x|          5|        814|      10829|  -0.5066666667|       2432|01:20:01|+0.38|0.59|0.6824|
|x|         23|        814|      10829|  -0.5500000000|       3241|01:19:52|+0.37|0.53|0.6860|
|-|         14|        291|      10220|  -0.4560000000|       4050|01:19:41|-0.10|0.12|1.0782|
|=|         22|        291|      10558|  -0.4933333333|       4336|00:29:42|-0.05|0.12|1.0385|
|=|         13|        291|      10558|  -0.4800000000|       4622|00:29:28|-0.03|0.12|1.0209|
|=|         29|        291|      10335|  -0.4800000000|       4908|00:29:50|-0.01|0.12|0.9998|
|=|          7|        291|      10335|  -0.4844444444|       5194|00:29:49|+0.00|0.11|0.9923|
|=|         16|        291|      10466|  -0.4560000000|       5480|00:29:40|+0.01|0.11|0.9834|
|-|         18|        186|       8256|  -0.4690909091|       5766|00:29:30|-0.05|0.04|1.0430|
|=|         12|        186|       8256|  -0.4700000000|       5947|00:19:11|-0.04|0.04|1.0330|
|=|         27|        186|      10607|  -0.4215384615|       6128|00:18:52|-0.04|0.04|1.0309|
|=|          1|        186|       8256|  -0.4542857143|       6309|00:18:49|-0.03|0.04|1.0230|
|=|          2|        186|      10938|  -0.4213333333|       6490|00:18:58|-0.03|0.04|1.0179|
|=|         28|        186|      10938|  -0.4225000000|       6671|00:18:09|-0.02|0.04|1.0131|
|=|          8|        186|       8256|  -0.4400000000|       6852|00:18:49|-0.02|0.04|1.0097|
|=|         11|        186|      10607|  -0.4288888889|       7033|00:18:36|-0.01|0.04|1.0051|
|=|          3|        186|      10335|  -0.4505263158|       7214|00:18:57|-0.01|0.04|1.0015|
|=|         24|        186|      10335|  -0.4580000000|       7395|00:18:43|-0.01|0.04|0.9983|
|=|         21|        186|      10607|  -0.4304761905|       7576|00:18:27|-0.00|0.04|0.9970|
|=|         19|        186|      10607|  -0.4272727273|       7757|00:18:29|-0.00|0.04|0.9950|
|=|          6|        186|      10607|  -0.4278260870|       7938|00:18:52|-0.00|0.04|0.9936|
|=|          9|        186|       8256|  -0.4600000000|       8119|00:19:00|+0.00|0.04|0.9911|
|=|         25|        186|       8256|  -0.4608000000|       8300|00:18:43|+0.00|0.04|0.9902|
|=|         17|        186|       8256|  -0.4569230769|       8481|00:18:55|+0.00|0.04|0.9887|
|=|          4|        186|       8256|  -0.4548148148|       8662|00:18:53|+0.01|0.04|0.9867|
|=|         26|        186|       8256|  -0.4642857143|       8843|00:18:38|+0.01|0.04|0.9866|
|=|         20|        186|       8256|  -0.4648275862|       9024|00:18:33|+0.01|0.04|0.9879|
|-|         10|         45|       8256|  -0.4560000000|       9205|00:18:44|-0.02|0.02|0.9939|
|=|         31|         45|       8256|  -0.4490322581|       9250|00:05:43|-0.02|0.02|0.9925|
|=|         32|         45|       8256|  -0.4475000000|       9295|00:05:40|-0.02|0.02|0.9925|
+-+-----------+-----------+-----------+---------------+-----------+--------+-----+----+------+
Best-so-far configuration:        8256    mean value:   -0.4475000000
Description of the best-so-far configuration:
     .ID. t0 t1 a0   a1   a2  r0   r1   r2 std .PARENT.
8256 8256  2 10  1 1.97 1.98 0.5 0.02 0.28   1     6760

# 2022-12-01 08:50:14 CET: Elite configurations (first number is the configuration ID; listed from best to worst according to the sum of ranks):
      t0 t1   a0   a1   a2   r0   r1   r2 std
8256   2 10 1.00 1.97 1.98 0.50 0.02 0.28   1
8852   2 10 1.01 1.95 1.98 0.48 0.07 0.27   1
8487   2 10 1.01 1.96 1.98 0.52 0.01 0.27   1
10607  2 10 1.01 1.90 1.89 0.57 0.01 0.29   1
10922  2 10 1.01 1.94 1.98 0.45 0.03 0.31   1
# 2022-12-01 08:50:14 CET: Iteration 12 of 12
# experimentsUsedSoFar: 85005
# remainingBudget: 14995
# currentBudget: 14995
# nbConfigurations: 459
# Markers:
     x No test is performed.
     c Configurations are discarded only due to capping.
     - The test is performed and some configurations are discarded.
     = The test is performed but no configuration is discarded.
     ! The test is performed and configurations could be discarded but elite configurations are preserved.
     . All alive configurations are elite and nothing is discarded

+-+-----------+-----------+-----------+---------------+-----------+--------+-----+----+------+
| |   Instance|      Alive|       Best|      Mean best| Exp so far|  W time|  rho|KenW|  Qvar|
+-+-----------+-----------+-----------+---------------+-----------+--------+-----+----+------+
|x|         33|        459|      11293|  -0.8400000000|        459|00:46:00|   NA|  NA|    NA|
|x|          5|        459|      11369|  -0.6400000000|        913|00:44:56|+0.22|0.61|0.8070|
|x|         25|        459|      11305|  -0.6400000000|       1367|00:45:14|+0.22|0.48|0.7944|
|x|          9|        459|      11305|  -0.6800000000|       1821|00:45:03|+0.22|0.41|0.7841|
|-|         14|        123|       8256|  -0.5600000000|       2275|00:45:22|-0.10|0.12|1.0555|
|=|         23|        123|      11305|  -0.5600000000|       2393|00:12:02|-0.06|0.11|1.0324|
|=|          3|        123|      11305|  -0.5314285714|       2511|00:12:00|-0.04|0.11|1.0162|
|=|          7|        123|       8256|  -0.4850000000|       2629|00:12:06|-0.02|0.11|1.0002|
|=|         27|        123|      11362|  -0.4844444444|       2747|00:12:00|-0.01|0.10|0.9927|
|=|          2|        123|      11362|  -0.4720000000|       2865|00:12:03|-0.00|0.10|0.9845|
|=|         17|        123|      11362|  -0.4654545455|       2983|00:12:05|+0.01|0.10|0.9738|
|=|         29|        123|      11362|  -0.4566666667|       3101|00:12:02|+0.02|0.10|0.9734|
|-|         31|         56|      11362|  -0.4461538462|       3219|00:12:01|-0.04|0.04|1.0188|
|=|         18|         56|       8852|  -0.4342857143|       3270|00:05:59|-0.03|0.04|1.0092|
|=|         16|         56|       8852|  -0.4320000000|       3321|00:05:52|-0.03|0.04|1.0095|
|=|         12|         56|       8852|  -0.4275000000|       3372|00:05:57|-0.03|0.04|1.0054|
|=|         32|         56|       8852|  -0.4188235294|       3423|00:05:54|-0.03|0.03|1.0052|
|=|         15|         56|       8852|  -0.4200000000|       3474|00:05:57|-0.02|0.04|1.0011|
|=|         21|         56|       8852|  -0.4315789474|       3525|00:05:56|-0.01|0.04|0.9947|
|=|          8|         56|       8852|  -0.4180000000|       3576|00:05:55|-0.01|0.04|0.9944|
|=|          1|         56|       8852|  -0.4228571429|       3627|00:05:53|-0.01|0.04|0.9862|
|=|         26|         56|       8852|  -0.4236363636|       3678|00:05:44|-0.00|0.04|0.9819|
|=|         11|         56|       8852|  -0.4173913043|       3729|00:05:53|+0.00|0.04|0.9801|
|=|         20|         56|       8852|  -0.4100000000|       3780|00:05:51|+0.00|0.04|0.9800|
|=|         10|         56|       8852|  -0.4160000000|       3831|00:05:48|+0.01|0.05|0.9768|
|=|          6|         56|      10922|  -0.4092307692|       3882|00:05:52|+0.01|0.04|0.9767|
|=|         19|         56|       8852|  -0.4162962963|       3933|00:05:45|+0.01|0.05|0.9716|
|=|         28|         56|       8256|  -0.4357142857|       3984|00:05:53|+0.01|0.04|0.9717|
|=|         22|         56|      10922|  -0.4165517241|       4035|00:05:53|+0.01|0.04|0.9716|
|=|         30|         56|       8256|  -0.4453333333|       4086|00:05:50|+0.01|0.04|0.9715|
|=|         24|         56|       8256|  -0.4503225806|       4137|00:06:00|+0.01|0.04|0.9702|
|=|         13|         56|       8256|  -0.4462500000|       4188|00:05:45|+0.01|0.04|0.9710|
|=|          4|         56|       8256|  -0.4448484848|       4239|00:05:49|+0.01|0.04|0.9712|
|-|         34|         23|       8256|  -0.4447058824|       4295|00:06:00|-0.01|0.02|0.9672|
|=|         35|         23|       8256|  -0.4434285714|       4318|00:02:53|-0.01|0.02|0.9628|
|=|         36|         23|       8852|  -0.4211111111|       4341|00:02:53|-0.01|0.02|0.9639|
+-+-----------+-----------+-----------+---------------+-----------+--------+-----+----+------+
Best-so-far configuration:        8852    mean value:   -0.4211111111
Description of the best-so-far configuration:
     .ID. t0 t1   a0   a1   a2   r0   r1   r2 std .PARENT.
8852 8852  2 10 1.01 1.95 1.98 0.48 0.07 0.27   1     6760

# 2022-12-01 16:22:47 CET: Elite configurations (first number is the configuration ID; listed from best to worst according to the sum of ranks):
      t0 t1   a0   a1   a2   r0   r1   r2 std
8852   2 10 1.01 1.95 1.98 0.48 0.07 0.27   1
8256   2 10 1.00 1.97 1.98 0.50 0.02 0.28   1
10607  2 10 1.01 1.90 1.89 0.57 0.01 0.29   1
10922  2 10 1.01 1.94 1.98 0.45 0.03 0.31   1
8487   2 10 1.01 1.96 1.98 0.52 0.01 0.27   1
# 2022-12-01 16:22:48 CET: Iteration 13 of 13
# experimentsUsedSoFar: 89346
# remainingBudget: 10654
# currentBudget: 10654
# nbConfigurations: 292
# Markers:
     x No test is performed.
     c Configurations are discarded only due to capping.
     - The test is performed and some configurations are discarded.
     = The test is performed but no configuration is discarded.
     ! The test is performed and configurations could be discarded but elite configurations are preserved.
     . All alive configurations are elite and nothing is discarded

+-+-----------+-----------+-----------+---------------+-----------+--------+-----+----+------+
| |   Instance|      Alive|       Best|      Mean best| Exp so far|  W time|  rho|KenW|  Qvar|
+-+-----------+-----------+-----------+---------------+-----------+--------+-----+----+------+
|x|         37|        292|      11523|  -0.6800000000|        292|00:29:43|   NA|  NA|    NA|
|x|         23|        292|      11521|  -0.6600000000|        579|00:29:45|+0.12|0.56|0.8754|
|x|         32|        292|      11630|  -0.5200000000|        866|00:29:38|+0.07|0.38|0.9535|
|x|         27|        292|      11615|  -0.5000000000|       1153|00:29:32|+0.05|0.29|0.9618|
|-|         25|        157|      11615|  -0.4800000000|       1440|00:29:36|-0.13|0.10|1.1131|
|=|         14|        157|      11654|  -0.4800000000|       1592|00:16:21|-0.08|0.10|1.0746|
|=|         15|        157|      11466|  -0.4742857143|       1744|00:16:24|-0.06|0.09|1.0522|
|=|         19|        157|      11466|  -0.4700000000|       1896|00:16:28|-0.04|0.09|1.0351|
|=|         31|        157|      11466|  -0.4666666667|       2048|00:16:25|-0.02|0.09|1.0118|
|=|          3|        157|      11466|  -0.4600000000|       2200|00:16:03|-0.01|0.09|1.0020|
|=|         34|        157|      11466|  -0.4545454545|       2352|00:16:12|-0.01|0.08|0.9990|
|=|          7|        157|      11466|  -0.4600000000|       2504|00:16:26|-0.00|0.08|0.9953|
|=|         24|        157|      11466|  -0.4461538462|       2656|00:16:16|+0.00|0.08|0.9920|
|=|         20|        157|      11654|  -0.4228571429|       2808|00:16:23|+0.00|0.07|0.9917|
|=|         21|        157|      11654|  -0.4160000000|       2960|00:16:04|+0.00|0.07|0.9912|
|=|          9|        157|      11654|  -0.4200000000|       3112|00:16:11|+0.01|0.07|0.9864|
|=|         35|        157|      11654|  -0.4235294118|       3264|00:16:25|+0.01|0.07|0.9839|
|-|         33|         67|       8852|  -0.4466666667|       3416|00:16:09|-0.03|0.03|1.0115|
|=|         22|         67|       8852|  -0.4484210526|       3478|00:07:40|-0.02|0.03|1.0054|
|=|         17|         67|       8852|  -0.4500000000|       3540|00:07:40|-0.02|0.03|1.0037|
|=|         26|         67|       8852|  -0.4495238095|       3602|00:07:31|-0.02|0.03|1.0015|
|=|          2|         67|       8852|  -0.4454545455|       3664|00:07:43|-0.02|0.03|1.0007|
|=|         10|         67|       8852|  -0.4504347826|       3726|00:07:49|-0.02|0.03|0.9973|
|=|         30|         67|       8852|  -0.4450000000|       3788|00:07:41|-0.01|0.03|0.9959|
|=|         28|         67|       8852|  -0.4400000000|       3850|00:07:39|-0.01|0.03|0.9968|
|=|          6|         67|       8852|  -0.4307692308|       3912|00:07:41|-0.01|0.03|0.9966|
|=|         29|         67|       8852|  -0.4311111111|       3974|00:07:47|-0.01|0.03|0.9923|
|=|         13|         67|       8852|  -0.4342857143|       4036|00:08:06|-0.01|0.03|0.9907|
|=|          5|         67|       8852|  -0.4344827586|       4098|00:07:40|-0.01|0.03|0.9909|
|=|          4|         67|       8852|  -0.4400000000|       4160|00:07:37|-0.01|0.03|0.9894|
|=|         16|         67|       8852|  -0.4387096774|       4222|00:07:39|-0.01|0.03|0.9891|
|=|         12|         67|       8852|  -0.4362500000|       4284|00:07:40|-0.01|0.03|0.9893|
|=|         11|         67|       8852|  -0.4315151515|       4346|00:07:40|-0.01|0.02|0.9891|
|=|         36|         67|       8852|  -0.4282352941|       4408|00:07:31|-0.01|0.02|0.9891|
|=|         18|         67|       8852|  -0.4285714286|       4470|00:07:46|-0.00|0.03|0.9870|
|=|          8|         67|      10607|  -0.4166666667|       4532|00:08:17|-0.00|0.03|0.9857|
|=|          1|         67|       8852|  -0.4237837838|       4594|00:08:07|-0.00|0.03|0.9859|
|=|         38|         67|       8852|  -0.4210526316|       4661|00:08:09|-0.00|0.03|0.9853|
+-+-----------+-----------+-----------+---------------+-----------+--------+-----+----+------+
Best-so-far configuration:        8852    mean value:   -0.4210526316
Description of the best-so-far configuration:
     .ID. t0 t1   a0   a1   a2   r0   r1   r2 std .PARENT.
8852 8852  2 10 1.01 1.95 1.98 0.48 0.07 0.27   1     6760

# 2022-12-02 00:58:36 CET: Elite configurations (first number is the configuration ID; listed from best to worst according to the sum of ranks):
      t0 t1   a0   a1   a2   r0   r1   r2 std
8852   2 10 1.01 1.95 1.98 0.48 0.07 0.27   1
8256   2 10 1.00 1.97 1.98 0.50 0.02 0.28   1
10607  2 10 1.01 1.90 1.89 0.57 0.01 0.29   1
8487   2 10 1.01 1.96 1.98 0.52 0.01 0.27   1
10922  2 10 1.01 1.94 1.98 0.45 0.03 0.31   1
# 2022-12-02 00:58:36 CET: Iteration 14 of 14
# experimentsUsedSoFar: 94007
# remainingBudget: 5993
# currentBudget: 5993
# nbConfigurations: 158
# Markers:
     x No test is performed.
     c Configurations are discarded only due to capping.
     - The test is performed and some configurations are discarded.
     = The test is performed but no configuration is discarded.
     ! The test is performed and configurations could be discarded but elite configurations are preserved.
     . All alive configurations are elite and nothing is discarded

+-+-----------+-----------+-----------+---------------+-----------+--------+-----+----+------+
| |   Instance|      Alive|       Best|      Mean best| Exp so far|  W time|  rho|KenW|  Qvar|
+-+-----------+-----------+-----------+---------------+-----------+--------+-----+----+------+
|x|         39|        158|      11804|  -0.7200000000|        158|00:17:15|   NA|  NA|    NA|
|x|         36|        158|      11789|  -0.5800000000|        311|00:16:32|+0.05|0.52|0.9165|
|x|          8|        158|      11804|  -0.6266666667|        464|00:16:29|+0.09|0.39|0.8920|
|x|         28|        158|      11811|  -0.5400000000|        617|00:16:13|+0.13|0.35|0.8782|
|-|         24|         51|      11811|  -0.5760000000|        770|00:16:30|-0.12|0.10|1.0764|
|=|         26|         51|      11811|  -0.5333333333|        816|00:05:44|-0.08|0.10|1.0336|
|=|         19|         51|      11811|  -0.5085714286|        862|00:05:44|-0.05|0.10|1.0130|
|=|         17|         51|      11811|  -0.5050000000|        908|00:05:54|-0.02|0.11|0.9928|
|=|         11|         51|      10607|  -0.4977777778|        954|00:05:41|-0.04|0.07|1.0035|
|=|          7|         51|      10607|  -0.5080000000|       1000|00:05:45|-0.02|0.08|0.9863|
|=|         22|         51|      10607|  -0.4909090909|       1046|00:05:46|-0.00|0.09|0.9752|
|=|         15|         51|      10607|  -0.4866666667|       1092|00:05:43|+0.00|0.09|0.9697|
|=|          9|         51|      10607|  -0.4615384615|       1138|00:05:51|+0.01|0.09|0.9601|
|=|          5|         51|      10607|  -0.4600000000|       1184|00:05:45|+0.01|0.08|0.9618|
|=|         16|         51|      10607|  -0.4586666667|       1230|00:05:45|+0.02|0.08|0.9601|
|=|         18|         51|      10607|  -0.4575000000|       1276|00:05:41|+0.02|0.08|0.9557|
|-|         35|         27|      10607|  -0.4541176471|       1322|00:05:35|-0.02|0.04|0.9866|
|=|          4|         27|      10607|  -0.4577777778|       1344|00:02:44|-0.02|0.03|0.9845|
|=|          6|         27|      10607|  -0.4568421053|       1366|00:02:50|-0.02|0.03|0.9787|
|=|         30|         27|      10607|  -0.4600000000|       1388|00:02:47|-0.02|0.04|0.9761|
|=|         37|         27|      10607|  -0.4590476190|       1410|00:02:46|-0.01|0.04|0.9745|
|=|         25|         27|      10607|  -0.4527272727|       1432|00:02:50|-0.01|0.04|0.9709|
|=|         10|         27|      10607|  -0.4539130435|       1454|00:02:47|-0.01|0.04|0.9700|
|=|         33|         27|      10607|  -0.4500000000|       1476|00:02:50|-0.00|0.04|0.9671|
|=|         31|         27|      10607|  -0.4464000000|       1498|00:02:45|-0.00|0.04|0.9659|
|=|         38|         27|      10607|  -0.4446153846|       1520|00:02:50|-0.00|0.04|0.9654|
|=|         32|         27|      10607|  -0.4355555556|       1542|00:02:52|-0.00|0.03|0.9675|
|=|          3|         27|      10607|  -0.4328571429|       1564|00:02:47|-0.00|0.03|0.9657|
|=|         14|         27|      10607|  -0.4344827586|       1586|00:02:51|-0.00|0.03|0.9640|
|=|          2|         27|      10607|  -0.4373333333|       1608|00:02:48|-0.00|0.03|0.9674|
|=|         20|         27|      10607|  -0.4283870968|       1630|00:02:45|-0.00|0.03|0.9674|
|=|         13|         27|      10607|  -0.4300000000|       1652|00:02:50|+0.00|0.03|0.9634|
|=|         12|         27|      10607|  -0.4290909091|       1674|00:02:48|-0.00|0.03|0.9650|
|=|         29|         27|      10607|  -0.4247058824|       1696|00:02:47|+0.00|0.03|0.9631|
|=|         34|         27|      10607|  -0.4251428571|       1718|00:02:49|+0.00|0.03|0.9622|
|=|          1|         27|       8256|  -0.4377777778|       1740|00:02:48|+0.00|0.03|0.9614|
|=|         23|         27|       8256|  -0.4335135135|       1762|00:02:47|+0.00|0.03|0.9637|
|=|         27|         27|       8852|  -0.4168421053|       1784|00:02:46|+0.00|0.03|0.9623|
|=|         21|         27|       8852|  -0.4225641026|       1806|00:02:50|+0.01|0.03|0.9603|
|=|         40|         27|       8256|  -0.4320000000|       1833|00:03:01|+0.01|0.03|0.9587|
+-+-----------+-----------+-----------+---------------+-----------+--------+-----+----+------+
Best-so-far configuration:        8256    mean value:   -0.4320000000
Description of the best-so-far configuration:
     .ID. t0 t1 a0   a1   a2  r0   r1   r2 std .PARENT.
8256 8256  2 10  1 1.97 1.98 0.5 0.02 0.28   1     6760

# 2022-12-02 04:35:33 CET: Elite configurations (first number is the configuration ID; listed from best to worst according to the sum of ranks):
      t0 t1   a0   a1   a2   r0   r1   r2 std
8256   2 10 1.00 1.97 1.98 0.50 0.02 0.28   1
10607  2 10 1.01 1.90 1.89 0.57 0.01 0.29   1
8852   2 10 1.01 1.95 1.98 0.48 0.07 0.27   1
10922  2 10 1.01 1.94 1.98 0.45 0.03 0.31   1
8487   2 10 1.01 1.96 1.98 0.52 0.01 0.27   1
# 2022-12-02 04:35:33 CET: Iteration 15 of 15
# experimentsUsedSoFar: 95840
# remainingBudget: 4160
# currentBudget: 4160
# nbConfigurations: 106
# Markers:
     x No test is performed.
     c Configurations are discarded only due to capping.
     - The test is performed and some configurations are discarded.
     = The test is performed but no configuration is discarded.
     ! The test is performed and configurations could be discarded but elite configurations are preserved.
     . All alive configurations are elite and nothing is discarded

+-+-----------+-----------+-----------+---------------+-----------+--------+-----+----+------+
| |   Instance|      Alive|       Best|      Mean best| Exp so far|  W time|  rho|KenW|  Qvar|
+-+-----------+-----------+-----------+---------------+-----------+--------+-----+----+------+
|x|         41|        106|      11958|  -0.7200000000|        106|00:11:32|   NA|  NA|    NA|
|x|         22|        106|      11918|  -0.6200000000|        207|00:11:22|+0.13|0.56|0.9159|
|x|          7|        106|      11985|  -0.4933333333|        308|00:11:14|+0.05|0.37|0.9766|
|x|         15|        106|      11919|  -0.4900000000|        409|00:11:28|+0.08|0.31|0.9380|
|-|          2|         66|      11908|  -0.4720000000|        510|00:11:17|-0.10|0.12|1.0828|
|=|         39|         66|      10607|  -0.4666666667|        571|00:07:28|-0.04|0.13|1.0155|
|=|         13|         66|       8852|  -0.4514285714|        632|00:07:27|-0.01|0.13|0.9939|
|=|         36|         66|      10607|  -0.4700000000|        693|00:07:15|-0.00|0.12|0.9818|
|=|          8|         66|      10607|  -0.4755555556|        754|00:07:30|+0.01|0.12|0.9750|
|=|         14|         66|      10607|  -0.4760000000|        815|00:07:29|+0.01|0.11|0.9656|
|=|          6|         66|      10607|  -0.4727272727|        876|00:07:23|+0.02|0.11|0.9632|
|=|         28|         66|      10607|  -0.4600000000|        937|00:07:30|+0.02|0.10|0.9640|
|=|         32|         66|      10607|  -0.4400000000|        998|00:07:30|+0.01|0.09|0.9674|
|=|          1|         66|      10922|  -0.4228571429|       1059|00:07:08|+0.02|0.09|0.9676|
|=|         34|         66|      10607|  -0.4240000000|       1120|00:07:35|+0.01|0.07|0.9761|
|=|         19|         66|      10922|  -0.4200000000|       1181|00:07:29|+0.02|0.08|0.9684|
|=|         27|         66|      10922|  -0.4211764706|       1242|00:07:31|+0.02|0.07|0.9693|
|=|         23|         66|      10922|  -0.4133333333|       1303|00:07:34|+0.02|0.07|0.9682|
|-|         35|         39|      10922|  -0.4168421053|       1364|00:07:20|-0.03|0.03|1.0028|
|=|         21|         39|      10922|  -0.4140000000|       1398|00:05:07|-0.02|0.03|1.0018|
|=|          3|         39|      11984|  -0.4209523810|       1432|00:05:08|-0.02|0.03|0.9981|
|=|          5|         39|      10607|  -0.4090909091|       1466|00:05:18|-0.02|0.03|0.9961|
|=|         20|         39|      11984|  -0.4156521739|       1500|00:05:21|-0.01|0.03|0.9909|
|=|         11|         39|      10607|  -0.4100000000|       1534|00:05:07|-0.01|0.03|0.9906|
|=|         16|         39|      11984|  -0.4192000000|       1568|00:05:36|-0.01|0.03|0.9874|
|=|          9|         39|      11984|  -0.4246153846|       1602|00:05:22|-0.01|0.03|0.9818|
|=|         38|         39|      11984|  -0.4237037037|       1636|00:05:05|-0.00|0.03|0.9792|
|=|         12|         39|      11984|  -0.4228571429|       1670|00:05:19|-0.00|0.03|0.9799|
|=|         31|         39|      11984|  -0.4193103448|       1704|00:05:25|-0.00|0.03|0.9797|
|=|         26|         39|      11984|  -0.4186666667|       1738|00:05:07|-0.00|0.03|0.9774|
|=|         40|         39|      11984|  -0.4141935484|       1772|00:05:08|+0.00|0.03|0.9744|
|=|         10|         39|      10607|  -0.4112500000|       1806|00:05:07|+0.01|0.04|0.9719|
|=|         30|         39|      10607|  -0.4145454545|       1840|00:05:17|+0.01|0.04|0.9714|
|=|         25|         39|      10607|  -0.4117647059|       1874|00:05:19|+0.01|0.04|0.9702|
|=|         29|         39|      11984|  -0.4148571429|       1908|00:05:20|+0.01|0.04|0.9704|
|=|         18|         39|      11984|  -0.4144444444|       1942|00:05:21|+0.01|0.04|0.9666|
|-|         24|         26|      10607|  -0.4118918919|       1976|00:05:09|-0.00|0.03|0.9664|
|=|          4|         26|      10607|  -0.4147368421|       1997|00:02:51|+0.00|0.03|0.9643|
|=|         37|         26|      10607|  -0.4153846154|       2018|00:02:48|+0.00|0.03|0.9631|
|=|         33|         26|       8852|  -0.4170000000|       2039|00:02:46|+0.01|0.03|0.9604|
|=|         17|         26|       8852|  -0.4185365854|       2060|00:02:47|+0.01|0.03|0.9579|
|=|         42|         26|       8852|  -0.4190476190|       2086|00:02:55|+0.01|0.04|0.9549|
+-+-----------+-----------+-----------+---------------+-----------+--------+-----+----+------+
Best-so-far configuration:        8852    mean value:   -0.4190476190
Description of the best-so-far configuration:
     .ID. t0 t1   a0   a1   a2   r0   r1   r2 std .PARENT.
8852 8852  2 10 1.01 1.95 1.98 0.48 0.07 0.27   1     6760

# 2022-12-02 09:05:41 CET: Elite configurations (first number is the configuration ID; listed from best to worst according to the sum of ranks):
      t0 t1   a0   a1   a2   r0   r1   r2 std
8852   2 10 1.01 1.95 1.98 0.48 0.07 0.27   1
10607  2 10 1.01 1.90 1.89 0.57 0.01 0.29   1
8256   2 10 1.00 1.97 1.98 0.50 0.02 0.28   1
11954  2 10 1.01 1.93 1.94 0.52 0.02 0.24   1
10922  2 10 1.01 1.94 1.98 0.45 0.03 0.31   1
# 2022-12-02 09:05:41 CET: Iteration 16 of 16
# experimentsUsedSoFar: 97926
# remainingBudget: 2074
# currentBudget: 2074
# nbConfigurations: 53
# Markers:
     x No test is performed.
     c Configurations are discarded only due to capping.
     - The test is performed and some configurations are discarded.
     = The test is performed but no configuration is discarded.
     ! The test is performed and configurations could be discarded but elite configurations are preserved.
     . All alive configurations are elite and nothing is discarded

+-+-----------+-----------+-----------+---------------+-----------+--------+-----+----+------+
| |   Instance|      Alive|       Best|      Mean best| Exp so far|  W time|  rho|KenW|  Qvar|
+-+-----------+-----------+-----------+---------------+-----------+--------+-----+----+------+
|x|         43|         53|       8852|  -0.7600000000|         53|00:05:58|   NA|  NA|    NA|
|x|         21|         53|       8852|  -0.7000000000|        101|00:05:47|-0.18|0.41|1.0099|
|x|          5|         53|       8852|  -0.6133333333|        149|00:05:59|-0.10|0.27|1.0252|
|x|          7|         53|       8852|  -0.5800000000|        197|00:05:46|+0.01|0.26|0.9449|
|=|         16|         53|       8852|  -0.5440000000|        245|00:05:44|-0.02|0.19|0.9899|
|=|         39|         53|       8852|  -0.5333333333|        293|00:05:57|-0.01|0.16|0.9787|
|=|         34|         53|       8852|  -0.5257142857|        341|00:05:53|+0.01|0.15|0.9682|
|=|         26|         53|       8852|  -0.5150000000|        389|00:05:45|+0.01|0.13|0.9577|
|=|          1|         53|       8852|  -0.5155555556|        437|00:05:48|+0.01|0.12|0.9650|
|=|          2|         53|       8852|  -0.5000000000|        485|00:05:55|+0.01|0.11|0.9639|
|=|         27|         53|       8852|  -0.4981818182|        533|00:05:44|+0.02|0.11|0.9600|
|=|         22|         53|       8852|  -0.4966666667|        581|00:05:54|+0.02|0.11|0.9566|
|=|         29|         53|       8852|  -0.4923076923|        629|00:05:45|+0.03|0.10|0.9535|
|=|         24|         53|       8852|  -0.4857142857|        677|00:05:58|+0.03|0.09|0.9566|
