#------------------------------------------------------------------------------
# irace: An implementation in R of (Elitist) Iterated Racing
# Version: 3.5.6863679
# Copyright (C) 2010-2020
# Manuel Lopez-Ibanez     <manuel.lopez-ibanez@manchester.ac.uk>
# Jeremie Dubois-Lacoste  
# Leslie Perez Caceres    <leslie.perez.caceres@ulb.ac.be>
#
# This is free software, and you are welcome to redistribute it under certain
# conditions.  See the GNU General Public License for details. There is NO
# WARRANTY; not even for MERCHANTABILITY or FITNESS FOR A PARTICULAR PURPOSE.
#
# irace builds upon previous code from the race package:
#     race: Racing methods for the selection of the best
#     Copyright (C) 2003 Mauro Birattari
#------------------------------------------------------------------------------
# installed at: /home/asion/swarm_aggregation/tuning1/r_libs/irace
# called with: --exec-dir=./ --parallel 20 --mpi 1 --scenario scenario.txt
# 2022-11-22 16:05:12 CET: 4 expression(s) specifying forbidden configurations read from '/home/asion/swarm_aggregation/tuning1/forbidden.txt'
# 2022-11-22 16:05:13 CET: Initialization
# Elitist race
# Elitist new instances: 1
# Elitist limit: 2
# nbIterations: 5
# minNbSurvival: 5
# nbParameters: 9
# seed: 1507507204
# confidence level: 0.95
# budget: 1e+05
# mu: 5
# deterministic: FALSE

# 2022-11-22 16:05:14 CET: Iteration 1 of 5
# experimentsUsedSoFar: 0
# remainingBudget: 1e+05
# currentBudget: 20000
# nbConfigurations: 1024
# Markers:
     x No test is performed.
     c Configurations are discarded only due to capping.
     - The test is performed and some configurations are discarded.
     = The test is performed but no configuration is discarded.
     ! The test is performed and configurations could be discarded but elite configurations are preserved.
     . All alive configurations are elite and nothing is discarded

+-+-----------+-----------+-----------+----------------+-----------+--------+-----+----+------+
| |   Instance|      Alive|       Best|       Mean best| Exp so far|  W time|  rho|KenW|  Qvar|
+-+-----------+-----------+-----------+----------------+-----------+--------+-----+----+------+
|x|          1|       1024|        200|   -0.4400000000|       1024|00:32:26|   NA|  NA|    NA|
|x|          2|       1024|        410|   -0.3000000000|       2048|00:35:20|+0.01|0.51|1.0316|
|x|          3|       1024|         10|   -0.2400000000|       3072|00:35:26|+0.01|0.34|0.9961|
|x|          4|       1024|         10|   -0.2400000000|       4096|00:35:25|+0.01|0.26|0.9929|
|=|          5|       1024|         10|   -0.2320000000|       5120|00:35:26|+0.02|0.21|0.9856|
|-|          6|        159|         10|   -0.2333333333|       6144|00:35:26|-0.13|0.06|1.1059|
|=|          7|        159|         10|   -0.2228571429|       6303|00:05:37|-0.09|0.07|1.0644|
|=|          8|        159|        960|   -0.2950000000|       6462|00:05:34|-0.06|0.07|1.0336|
+-+-----------+-----------+-----------+----------------+-----------+--------+-----+----+------+
Best-so-far configuration:         960    mean value:    -0.2950000000
Description of the best-so-far configuration:
    .ID. t0 t1   a0   a1   a2   r0   r1   r2 std .PARENT.
960  960  1  8 1.12 1.99 1.75 0.67 0.34 0.97   2       NA

# 2022-11-22 19:46:01 CET: Elite configurations (first number is the configuration ID; listed from best to worst according to the sum of ranks):
    t0 t1   a0   a1   a2   r0   r1   r2 std
960  1  8 1.12 1.99 1.75 0.67 0.34 0.97   2
10   1  6 1.21 1.89 1.49 0.56 0.04 0.47   1
148  1  6 1.16 1.86 1.06 0.07 0.53 0.68   3
892  9 10 1.23 1.66 1.16 0.67 0.46 0.26  11
403  2  5 1.03 1.99 1.19 0.81 0.31 0.76   3
# 2022-11-22 19:46:01 CET: Iteration 2 of 5
# experimentsUsedSoFar: 6462
# remainingBudget: 93538
# currentBudget: 23384
# nbConfigurations: 1024
# Markers:
     x No test is performed.
     c Configurations are discarded only due to capping.
     - The test is performed and some configurations are discarded.
     = The test is performed but no configuration is discarded.
     ! The test is performed and configurations could be discarded but elite configurations are preserved.
     . All alive configurations are elite and nothing is discarded

+-+-----------+-----------+-----------+----------------+-----------+--------+-----+----+------+
| |   Instance|      Alive|       Best|       Mean best| Exp so far|  W time|  rho|KenW|  Qvar|
+-+-----------+-----------+-----------+----------------+-----------+--------+-----+----+------+
|x|          9|       1024|       1748|   -0.5200000000|       1024|00:35:24|   NA|  NA|    NA|
|x|          5|       1024|       1598|   -0.3200000000|       2043|00:35:32|+0.11|0.55|0.8944|
|x|          8|       1024|       1894|   -0.3066666667|       3062|00:35:27|+0.12|0.42|0.8622|
|x|          2|       1024|       1598|   -0.3200000000|       4081|00:35:29|+0.11|0.33|0.8807|
|-|          4|        239|       1598|   -0.3200000000|       5100|00:35:31|-0.10|0.12|1.0484|
|=|          6|        239|       1163|   -0.2866666667|       5334|00:08:23|-0.04|0.13|1.0115|
|=|          7|        239|       1598|   -0.2857142857|       5568|00:08:21|-0.01|0.14|0.9832|
|=|          1|        239|       1598|   -0.2800000000|       5802|00:08:13|+0.01|0.13|0.9672|
|-|          3|         82|       1598|   -0.2800000000|       6036|00:08:20|-0.06|0.06|1.0266|
|=|         10|         82|       1572|   -0.3080000000|       6118|00:03:16|-0.04|0.07|1.0094|
|=|         11|         82|       1598|   -0.2909090909|       6200|00:03:13|-0.03|0.06|1.0041|
+-+-----------+-----------+-----------+----------------+-----------+--------+-----+----+------+
Best-so-far configuration:        1598    mean value:    -0.2909090909
Description of the best-so-far configuration:
     .ID. t0 t1   a0   a1   a2   r0   r1   r2 std .PARENT.
1598 1598  2  7 1.18 1.95 1.34 0.43 0.09 0.93   1      960

# 2022-11-22 23:23:30 CET: Elite configurations (first number is the configuration ID; listed from best to worst according to the sum of ranks):
     t0 t1   a0   a1   a2   r0   r1   r2 std
1598  2  7 1.18 1.95 1.34 0.43 0.09 0.93   1
1572  1  6 1.05 1.81 1.36 0.58 0.29 0.66   1
1698  2  7 1.13 1.99 1.86 0.56 0.45 0.96   2
1163  1  6 1.03 1.87 1.03 0.11 0.62 0.79   1
960   1  8 1.12 1.99 1.75 0.67 0.34 0.97   2
# 2022-11-22 23:23:30 CET: Iteration 3 of 5
# experimentsUsedSoFar: 12662
# remainingBudget: 87338
# currentBudget: 29112
# nbConfigurations: 1024
# Markers:
     x No test is performed.
     c Configurations are discarded only due to capping.
     - The test is performed and some configurations are discarded.
     = The test is performed but no configuration is discarded.
     ! The test is performed and configurations could be discarded but elite configurations are preserved.
     . All alive configurations are elite and nothing is discarded

+-+-----------+-----------+-----------+----------------+-----------+--------+-----+----+------+
| |   Instance|      Alive|       Best|       Mean best| Exp so far|  W time|  rho|KenW|  Qvar|
+-+-----------+-----------+-----------+----------------+-----------+--------+-----+----+------+
|x|         12|       1024|       2254|   -0.5200000000|       1024|00:35:56|   NA|  NA|    NA|
|x|          1|       1024|       2609|   -0.4200000000|       2043|00:35:59|+0.15|0.58|0.8550|
|x|         11|       1024|       2576|   -0.3866666667|       3062|00:36:01|+0.14|0.43|0.8612|
|x|          7|       1024|       2417|   -0.3200000000|       4081|00:35:56|+0.15|0.36|0.8652|
|-|          2|        277|       2961|   -0.3280000000|       5100|00:35:57|-0.09|0.13|1.0738|
|=|          9|        277|       1598|   -0.3333333333|       5372|00:09:52|-0.05|0.13|1.0329|
|=|          4|        277|       1598|   -0.3314285714|       5644|00:09:52|-0.02|0.12|1.0103|
|=|         10|        277|       1598|   -0.3300000000|       5916|00:09:48|+0.00|0.13|0.9887|
|=|          8|        277|       1598|   -0.3155555556|       6188|00:09:48|+0.01|0.12|0.9793|
|-|          3|         99|       1598|   -0.3120000000|       6460|00:09:43|-0.06|0.05|1.0385|
|=|          5|         99|       1598|   -0.3127272727|       6554|00:03:30|-0.04|0.05|1.0277|
|=|          6|         99|       2961|   -0.3200000000|       6648|00:03:29|-0.03|0.05|1.0156|
|=|         13|         99|       2915|   -0.3230769231|       6747|00:03:38|-0.02|0.06|1.0096|
+-+-----------+-----------+-----------+----------------+-----------+--------+-----+----+------+
Best-so-far configuration:        2915    mean value:    -0.3230769231
Description of the best-so-far configuration:
     .ID. t0 t1   a0   a1   a2  r0   r1   r2 std .PARENT.
2915 2915  2  8 1.13 1.95 1.35 0.5 0.04 0.91   1     1598

# 2022-11-23 03:23:19 CET: Elite configurations (first number is the configuration ID; listed from best to worst according to the sum of ranks):
     t0 t1   a0   a1   a2   r0   r1   r2 std
2915  2  8 1.13 1.95 1.35 0.50 0.04 0.91   1
2998  2  9 1.16 1.98 1.45 0.47 0.08 0.95   1
1598  2  7 1.18 1.95 1.34 0.43 0.09 0.93   1
2588  2  7 1.07 1.98 1.52 0.45 0.33 0.77   1
2961  2  6 1.04 1.99 1.77 0.32 0.37 0.95   1
# 2022-11-23 03:23:19 CET: Iteration 4 of 5
# experimentsUsedSoFar: 19409
# remainingBudget: 80591
# currentBudget: 40295
# nbConfigurations: 1024
# Markers:
     x No test is performed.
     c Configurations are discarded only due to capping.
     - The test is performed and some configurations are discarded.
     = The test is performed but no configuration is discarded.
     ! The test is performed and configurations could be discarded but elite configurations are preserved.
     . All alive configurations are elite and nothing is discarded

+-+-----------+-----------+-----------+----------------+-----------+--------+-----+----+------+
| |   Instance|      Alive|       Best|       Mean best| Exp so far|  W time|  rho|KenW|  Qvar|
+-+-----------+-----------+-----------+----------------+-----------+--------+-----+----+------+
|x|         14|       1024|       3155|   -0.7600000000|       1024|00:36:16|   NA|  NA|    NA|
|x|          3|       1024|       3824|   -0.6200000000|       2043|00:36:24|+0.21|0.61|0.8271|
|x|         11|       1024|       3888|   -0.4800000000|       3062|00:36:26|+0.19|0.46|0.8272|
|x|          5|       1024|       3518|   -0.4600000000|       4081|00:36:19|+0.19|0.39|0.8274|
|-|          7|        272|       3556|   -0.4560000000|       5100|00:36:24|-0.09|0.13|1.0564|
|=|          9|        272|       3951|   -0.4400000000|       5367|00:09:53|-0.06|0.12|1.0380|
|=|         13|        272|       3375|   -0.4228571429|       5634|00:09:49|-0.04|0.10|1.0248|
|=|          8|        272|       3375|   -0.4100000000|       5901|00:09:52|-0.02|0.11|1.0096|
|=|          4|        272|       3375|   -0.4488888889|       6168|00:09:54|-0.01|0.10|0.9970|
|=|         12|        272|       3375|   -0.4680000000|       6435|00:09:51|+0.00|0.10|0.9826|
|=|          1|        272|       3375|   -0.4472727273|       6702|00:09:52|+0.00|0.09|0.9832|
|-|         10|         59|       3375|   -0.4400000000|       6969|00:09:44|-0.04|0.05|1.0059|
|=|          2|         59|       3375|   -0.4246153846|       7023|00:02:04|-0.04|0.04|1.0079|
|=|          6|         59|       3375|   -0.4285714286|       7077|00:02:06|-0.03|0.04|1.0058|
|=|         15|         59|       3375|   -0.4160000000|       7136|00:02:12|-0.04|0.03|1.0105|
+-+-----------+-----------+-----------+----------------+-----------+--------+-----+----+------+
Best-so-far configuration:        3375    mean value:    -0.4160000000
Description of the best-so-far configuration:
     .ID. t0 t1   a0   a1   a2   r0   r1   r2 std .PARENT.
3375 3375  2  9 1.07 1.96 1.36 0.42 0.08 0.99   1     2998

# 2022-11-23 07:40:50 CET: Elite configurations (first number is the configuration ID; listed from best to worst according to the sum of ranks):
     t0 t1   a0   a1   a2   r0   r1   r2 std
3375  2  9 1.07 1.96 1.36 0.42 0.08 0.99   1
3437  2  9 1.13 1.96 1.34 0.52 0.12 0.88   1
3664  2  9 1.08 1.93 1.41 0.41 0.01 0.92   1
3119  2  8 1.08 1.86 1.42 0.44 0.06 0.92   1
3155  2  9 1.13 1.95 1.38 0.51 0.03 0.93   1
# 2022-11-23 07:40:50 CET: Iteration 5 of 5
# experimentsUsedSoFar: 26545
# remainingBudget: 73455
# currentBudget: 73455
# nbConfigurations: 1024
# Markers:
     x No test is performed.
     c Configurations are discarded only due to capping.
     - The test is performed and some configurations are discarded.
     = The test is performed but no configuration is discarded.
     ! The test is performed and configurations could be discarded but elite configurations are preserved.
     . All alive configurations are elite and nothing is discarded

+-+-----------+-----------+-----------+----------------+-----------+--------+-----+----+------+
| |   Instance|      Alive|       Best|       Mean best| Exp so far|  W time|  rho|KenW|  Qvar|
+-+-----------+-----------+-----------+----------------+-----------+--------+-----+----+------+
|x|         16|       1024|       5053|   -0.8800000000|       1024|00:36:23|   NA|  NA|    NA|
|x|          8|       1024|       4360|   -0.6400000000|       2043|00:36:28|+0.26|0.63|0.7767|
|x|          6|       1024|       5078|   -0.6133333333|       3062|00:36:31|+0.26|0.51|0.7710|
|x|         15|       1024|       5078|   -0.5700000000|       4081|00:36:28|+0.26|0.44|0.7743|
|-|         11|        277|       4652|   -0.4800000000|       5100|00:36:28|-0.12|0.10|1.0995|
|=|         10|        277|       5077|   -0.4800000000|       5372|00:09:56|-0.08|0.10|1.0659|
|=|         14|        277|       5077|   -0.4914285714|       5644|00:09:55|-0.05|0.10|1.0424|
|=|          1|        277|       5077|   -0.4950000000|       5916|00:10:00|-0.04|0.09|1.0244|
|=|          9|        277|       5077|   -0.4800000000|       6188|00:09:53|-0.01|0.10|1.0064|
|=|         13|        277|       5077|   -0.4720000000|       6460|00:09:53|-0.00|0.10|0.9946|
|=|          7|        277|       5077|   -0.4727272727|       6732|00:09:53|+0.01|0.10|0.9854|
|=|          3|        277|       5077|   -0.4600000000|       7004|00:09:52|+0.01|0.09|0.9795|
|-|          5|         86|       5077|   -0.4430769231|       7276|00:09:56|-0.05|0.03|1.0373|
|=|         12|         86|       5077|   -0.4285714286|       7357|00:03:24|-0.04|0.03|1.0313|
|=|          4|         86|       4652|   -0.4133333333|       7438|00:03:27|-0.04|0.03|1.0257|
|=|          2|         86|       4652|   -0.4150000000|       7519|00:03:27|-0.03|0.03|1.0213|
|=|         17|         86|       4652|   -0.4164705882|       7605|00:03:26|-0.03|0.03|1.0145|
+-+-----------+-----------+-----------+----------------+-----------+--------+-----+----+------+
Best-so-far configuration:        4652    mean value:    -0.4164705882
Description of the best-so-far configuration:
     .ID. t0 t1   a0   a1   a2   r0 r1   r2 std .PARENT.
4652 4652  2  9 1.06 1.93 1.38 0.42  0 0.93   1     3664

# 2022-11-23 12:16:47 CET: Elite configurations (first number is the configuration ID; listed from best to worst according to the sum of ranks):
     t0 t1   a0   a1   a2   r0   r1   r2 std
4652  2  9 1.06 1.93 1.38 0.42 0.00 0.93   1
5076  2  9 1.08 1.96 1.40 0.39 0.02 0.93   1
5077  2  9 1.09 1.95 1.44 0.40 0.01 0.89   1
4165  2  9 1.05 1.91 1.42 0.42 0.04 0.93   1
3375  2  9 1.07 1.96 1.36 0.42 0.08 0.99   1
# 2022-11-23 12:16:47 CET: Iteration 6 of 6
# experimentsUsedSoFar: 34150
# remainingBudget: 65850
# currentBudget: 65850
# nbConfigurations: 1024
# Markers:
     x No test is performed.
     c Configurations are discarded only due to capping.
     - The test is performed and some configurations are discarded.
     = The test is performed but no configuration is discarded.
     ! The test is performed and configurations could be discarded but elite configurations are preserved.
     . All alive configurations are elite and nothing is discarded

+-+-----------+-----------+-----------+----------------+-----------+--------+-----+----+------+
| |   Instance|      Alive|       Best|       Mean best| Exp so far|  W time|  rho|KenW|  Qvar|
+-+-----------+-----------+-----------+----------------+-----------+--------+-----+----+------+
|x|         18|       1024|       5172|   -0.7600000000|       1024|00:36:16|   NA|  NA|    NA|
|x|          9|       1024|       5347|   -0.6000000000|       2043|00:36:21|+0.12|0.56|0.9003|
|x|          2|       1024|       5932|   -0.5200000000|       3062|00:36:24|+0.14|0.43|0.8733|
|x|         14|       1024|       4652|   -0.4800000000|       4081|00:36:26|+0.17|0.37|0.8503|
|-|          8|        261|       4652|   -0.4880000000|       5100|00:36:24|-0.13|0.09|1.1112|
|=|          3|        261|       5676|   -0.4733333333|       5356|00:09:19|-0.08|0.10|1.0637|
|=|         13|        261|       5676|   -0.4571428571|       5612|00:09:19|-0.05|0.10|1.0377|
|=|         16|        261|       4652|   -0.4300000000|       5868|00:09:21|-0.04|0.09|1.0263|
|=|          1|        261|       5676|   -0.4311111111|       6124|00:09:18|-0.03|0.09|1.0204|
|=|         12|        261|       5676|   -0.4200000000|       6380|00:09:15|-0.02|0.08|1.0180|
|=|          4|        261|       6075|   -0.4181818182|       6636|00:09:17|-0.02|0.08|1.0103|
|=|          7|        261|       4652|   -0.4200000000|       6892|00:09:15|-0.01|0.08|0.9992|
|=|         10|        261|       6075|   -0.4123076923|       7148|00:09:13|-0.00|0.07|0.9968|
|=|         15|        261|       6075|   -0.4114285714|       7404|00:09:17|+0.01|0.08|0.9886|
|-|          6|        133|       4652|   -0.4186666667|       7660|00:09:09|-0.04|0.03|1.0223|
|=|         17|        133|       4652|   -0.4200000000|       7788|00:04:51|-0.03|0.04|1.0120|
|=|         11|        133|       4652|   -0.4188235294|       7916|00:04:55|-0.02|0.04|1.0053|
|=|          5|        133|       4652|   -0.4200000000|       8044|00:04:50|-0.02|0.04|1.0045|
|=|         19|        133|       4652|   -0.4189473684|       8177|00:04:56|-0.01|0.04|0.9984|
+-+-----------+-----------+-----------+----------------+-----------+--------+-----+----+------+
Best-so-far configuration:        4652    mean value:    -0.4189473684
Description of the best-so-far configuration:
     .ID. t0 t1   a0   a1   a2   r0 r1   r2 std .PARENT.
4652 4652  2  9 1.06 1.93 1.38 0.42  0 0.93   1     3664

# 2022-11-23 17:11:31 CET: Elite configurations (first number is the configuration ID; listed from best to worst according to the sum of ranks):
     t0 t1   a0   a1   a2   r0   r1   r2 std
4652  2  9 1.06 1.93 1.38 0.42 0.00 0.93   1
5462  2  9 1.01 1.97 1.37 0.38 0.06 0.99   1
5686  2  9 1.07 1.99 1.40 0.45 0.01 0.99   1
5165  2  9 1.11 1.98 1.40 0.38 0.01 0.85   1
5305  2  9 1.01 1.96 1.39 0.33 0.13 0.90   1
# 2022-11-23 17:11:31 CET: Iteration 7 of 7
# experimentsUsedSoFar: 42327
# remainingBudget: 57673
# currentBudget: 57673
# nbConfigurations: 1024
# Markers:
     x No test is performed.
     c Configurations are discarded only due to capping.
     - The test is performed and some configurations are discarded.
     = The test is performed but no configuration is discarded.
     ! The test is performed and configurations could be discarded but elite configurations are preserved.
     . All alive configurations are elite and nothing is discarded

+-+-----------+-----------+-----------+----------------+-----------+--------+-----+----+------+
| |   Instance|      Alive|       Best|       Mean best| Exp so far|  W time|  rho|KenW|  Qvar|
+-+-----------+-----------+-----------+----------------+-----------+--------+-----+----+------+
|x|         20|       1024|       6945|   -0.7200000000|       1024|00:36:31|   NA|  NA|    NA|
|x|         15|       1024|       6583|   -0.5800000000|       2043|00:36:29|+0.23|0.61|0.8000|
|x|         16|       1024|       6760|   -0.5333333333|       3062|00:36:14|+0.22|0.48|0.8186|
|x|         14|       1024|       6374|   -0.5100000000|       4081|00:36:34|+0.24|0.43|0.8028|
|-|         10|        375|       7027|   -0.5200000000|       5100|00:36:33|-0.15|0.08|1.1352|
|=|          1|        375|       7027|   -0.5000000000|       5470|00:13:26|-0.10|0.08|1.0934|
|=|          2|        375|       7027|   -0.4685714286|       5840|00:13:23|-0.08|0.07|1.0744|
|=|          9|        375|       6702|   -0.4650000000|       6210|00:13:29|-0.06|0.07|1.0519|
|=|          5|        375|       6369|   -0.4888888889|       6580|00:13:24|-0.04|0.07|1.0360|
|=|         13|        375|       6702|   -0.4520000000|       6950|00:13:22|-0.03|0.07|1.0271|
|=|         17|        375|       6702|   -0.4436363636|       7320|00:13:30|-0.02|0.07|1.0181|
|=|          3|        375|       6702|   -0.4366666667|       7690|00:13:33|-0.02|0.07|1.0116|
|=|          4|        375|       6263|   -0.4338461538|       8060|00:13:30|-0.01|0.07|1.0077|
|=|          7|        375|       6263|   -0.4342857143|       8430|00:13:29|-0.01|0.06|1.0043|
|=|          6|        375|       6263|   -0.4533333333|       8800|00:13:31|-0.00|0.07|0.9970|
|=|         12|        375|       6263|   -0.4475000000|       9170|00:13:23|+0.00|0.06|0.9962|
|=|         11|        375|       6263|   -0.4376470588|       9540|00:13:27|+0.01|0.06|0.9914|
|-|         18|        191|       6765|   -0.4400000000|       9910|00:13:15|-0.03|0.03|1.0237|
|=|         19|        191|       6765|   -0.4378947368|      10096|00:07:01|-0.03|0.03|1.0193|
|=|          8|        191|       6765|   -0.4300000000|      10282|00:07:05|-0.02|0.03|1.0165|
|=|         21|        191|       6765|   -0.4304761905|      10473|00:07:09|-0.02|0.03|1.0141|
+-+-----------+-----------+-----------+----------------+-----------+--------+-----+----+------+
Best-so-far configuration:        6765    mean value:    -0.4304761905
Description of the best-so-far configuration:
     .ID. t0 t1   a0   a1   a2   r0   r1   r2 std .PARENT.
6765 6765  2  9 1.02 1.95 1.41 0.42 0.01 0.93   1     4652

# 2022-11-23 23:30:25 CET: Elite configurations (first number is the configuration ID; listed from best to worst according to the sum of ranks):
     t0 t1   a0   a1   a2   r0   r1   r2 std
6765  2  9 1.02 1.95 1.41 0.42 0.01 0.93   1
4652  2  9 1.06 1.93 1.38 0.42 0.00 0.93   1
5462  2  9 1.01 1.97 1.37 0.38 0.06 0.99   1
6189  2  9 1.01 1.97 1.37 0.37 0.07 0.99   1
6369  2  9 1.03 1.92 1.35 0.41 0.01 0.91   1
# 2022-11-23 23:30:25 CET: Iteration 8 of 8
# experimentsUsedSoFar: 52800
# remainingBudget: 47200
# currentBudget: 47200
# nbConfigurations: 1024
# Markers:
     x No test is performed.
     c Configurations are discarded only due to capping.
     - The test is performed and some configurations are discarded.
     = The test is performed but no configuration is discarded.
     ! The test is performed and configurations could be discarded but elite configurations are preserved.
     . All alive configurations are elite and nothing is discarded

+-+-----------+-----------+-----------+----------------+-----------+--------+-----+----+------+
| |   Instance|      Alive|       Best|       Mean best| Exp so far|  W time|  rho|KenW|  Qvar|
+-+-----------+-----------+-----------+----------------+-----------+--------+-----+----+------+
|x|         22|       1024|       7486|   -0.6800000000|       1024|00:36:30|   NA|  NA|    NA|
|x|         12|       1024|       7440|   -0.5600000000|       2043|00:36:17|+0.25|0.62|0.7983|
|x|          4|       1024|       7588|   -0.5066666667|       3062|00:36:15|+0.23|0.49|0.8130|
|x|          9|       1024|       8036|   -0.4700000000|       4081|00:36:06|+0.23|0.43|0.8026|
|-|         13|        369|       7305|   -0.4480000000|       5100|00:36:14|-0.11|0.11|1.0977|
|=|          2|        369|       7305|   -0.4400000000|       5464|00:13:20|-0.06|0.11|1.0539|
|=|         17|        369|       7856|   -0.4400000000|       5828|00:13:22|-0.03|0.12|1.0214|
|=|         20|        369|       7856|   -0.4400000000|       6192|00:13:18|-0.00|0.12|1.0010|
|=|         14|        369|       7856|   -0.4444444444|       6556|00:13:22|+0.01|0.12|0.9926|
|=|         10|        369|       5462|   -0.4840000000|       6920|00:13:20|+0.01|0.11|0.9847|
|-|         19|        131|       5462|   -0.4800000000|       7284|00:13:18|-0.06|0.04|1.0392|
|=|         15|        131|       5462|   -0.4666666667|       7410|00:04:56|-0.05|0.04|1.0307|
|=|         11|        131|       5462|   -0.4676923077|       7536|00:04:56|-0.04|0.04|1.0221|
|=|         18|        131|       5462|   -0.4628571429|       7662|00:04:57|-0.03|0.04|1.0194|
|=|          1|        131|       5462|   -0.4480000000|       7788|00:04:56|-0.03|0.04|1.0143|
|=|          8|        131|       5462|   -0.4400000000|       7914|00:04:54|-0.02|0.04|1.0083|
|=|         21|        131|       5462|   -0.4352941176|       8040|00:04:56|-0.02|0.04|1.0079|
|=|          6|        131|       5462|   -0.4422222222|       8166|00:04:52|-0.01|0.04|1.0028|
|=|          5|        131|       6189|   -0.4294736842|       8292|00:04:56|-0.01|0.04|1.0008|
|=|         16|        131|       6369|   -0.4320000000|       8418|00:04:56|-0.01|0.04|0.9991|
|=|          3|        131|       6189|   -0.4209523810|       8544|00:04:56|-0.01|0.04|0.9992|
|=|          7|        131|       6189|   -0.4218181818|       8670|00:04:57|-0.01|0.04|0.9964|
|=|         23|        131|       6189|   -0.4278260870|       8801|00:04:58|-0.01|0.04|0.9948|
+-+-----------+-----------+-----------+----------------+-----------+--------+-----+----+------+
Best-so-far configuration:        6189    mean value:    -0.4278260870
Description of the best-so-far configuration:
     .ID. t0 t1   a0   a1   a2   r0   r1   r2 std .PARENT.
6189 6189  2  9 1.01 1.97 1.37 0.37 0.07 0.99   1     5462

# 2022-11-24 04:51:35 CET: Elite configurations (first number is the configuration ID; listed from best to worst according to the sum of ranks):
     t0 t1   a0   a1   a2   r0   r1   r2 std
6189  2  9 1.01 1.97 1.37 0.37 0.07 0.99   1
6765  2  9 1.02 1.95 1.41 0.42 0.01 0.93   1
5462  2  9 1.01 1.97 1.37 0.38 0.06 0.99   1
4652  2  9 1.06 1.93 1.38 0.42 0.00 0.93   1
6369  2  9 1.03 1.92 1.35 0.41 0.01 0.91   1
# 2022-11-24 04:51:35 CET: Iteration 9 of 9
# experimentsUsedSoFar: 61601
# remainingBudget: 38399
# currentBudget: 38399
# nbConfigurations: 1024
# Markers:
     x No test is performed.
     c Configurations are discarded only due to capping.
     - The test is performed and some configurations are discarded.
     = The test is performed but no configuration is discarded.
     ! The test is performed and configurations could be discarded but elite configurations are preserved.
     . All alive configurations are elite and nothing is discarded

+-+-----------+-----------+-----------+----------------+-----------+--------+-----+----+------+
| |   Instance|      Alive|       Best|       Mean best| Exp so far|  W time|  rho|KenW|  Qvar|
+-+-----------+-----------+-----------+----------------+-----------+--------+-----+----+------+
|x|         24|       1024|       8295|   -0.6000000000|       1024|00:35:57|   NA|  NA|    NA|
|x|          1|       1024|       8573|   -0.5400000000|       2043|00:35:53|+0.34|0.67|0.6817|
|x|          8|       1024|       9138|   -0.5333333333|       3062|00:35:54|+0.29|0.53|0.7157|
|x|          9|       1024|       8313|   -0.4500000000|       4081|00:35:39|+0.31|0.48|0.7073|
|-|          4|        242|       9138|   -0.4720000000|       5100|00:35:34|-0.04|0.17|1.0231|
|=|         20|        242|       9138|   -0.4866666667|       5337|00:08:29|+0.01|0.18|0.9691|
|-|         14|         89|       9138|   -0.4628571429|       5574|00:08:29|-0.07|0.09|1.0511|
|=|         13|         89|       9138|   -0.4650000000|       5658|00:03:27|-0.03|0.10|1.0235|
|=|         22|         89|       9138|   -0.4622222222|       5742|00:03:23|-0.01|0.10|1.0041|
|=|          6|         89|       6189|   -0.4520000000|       5826|00:03:29|-0.00|0.10|0.9970|
|=|         21|         89|       6189|   -0.4618181818|       5910|00:03:28|+0.01|0.10|0.9831|
|=|         11|         89|       6189|   -0.4466666667|       5994|00:03:26|+0.01|0.10|0.9790|
|-|         23|         39|       6189|   -0.4553846154|       6078|00:03:28|-0.04|0.04|1.0053|
|=|          7|         39|       6189|   -0.4542857143|       6112|00:01:25|-0.04|0.04|0.9988|
|=|         18|         39|       6189|   -0.4613333333|       6146|00:01:22|-0.03|0.04|0.9870|
|=|          5|         39|       6189|   -0.4625000000|       6180|00:01:25|-0.02|0.04|0.9885|
|=|         19|         39|       6189|   -0.4564705882|       6214|00:01:25|-0.01|0.05|0.9829|
|=|         12|         39|       6189|   -0.4466666667|       6248|00:01:23|-0.01|0.05|0.9791|
|=|         17|         39|       6189|   -0.4357894737|       6282|00:01:25|-0.00|0.05|0.9748|
|=|         10|         39|       6189|   -0.4380000000|       6316|00:01:25|+0.00|0.05|0.9671|
|=|          2|         39|       6189|   -0.4323809524|       6350|00:01:20|+0.00|0.05|0.9670|
|=|         15|         39|       6189|   -0.4272727273|       6384|00:01:24|+0.01|0.06|0.9600|
|=|          3|         39|       6189|   -0.4278260870|       6418|00:01:26|+0.01|0.05|0.9650|
|=|         16|         39|       6189|   -0.4200000000|       6452|00:01:26|+0.01|0.05|0.9637|
|=|         25|         39|       6189|   -0.4176000000|       6491|00:01:33|+0.01|0.05|0.9570|
+-+-----------+-----------+-----------+----------------+-----------+--------+-----+----+------+
Best-so-far configuration:        6189    mean value:    -0.4176000000
Description of the best-so-far configuration:
     .ID. t0 t1   a0   a1   a2   r0   r1   r2 std .PARENT.
6189 6189  2  9 1.01 1.97 1.37 0.37 0.07 0.99   1     5462

# 2022-11-24 08:45:49 CET: Elite configurations (first number is the configuration ID; listed from best to worst according to the sum of ranks):
     t0 t1   a0   a1   a2   r0   r1   r2 std
6189  2  9 1.01 1.97 1.37 0.37 0.07 0.99   1
6765  2  9 1.02 1.95 1.41 0.42 0.01 0.93   1
4652  2  9 1.06 1.93 1.38 0.42 0.00 0.93   1
6369  2  9 1.03 1.92 1.35 0.41 0.01 0.91   1
8416  2  9 1.00 1.93 1.36 0.40 0.03 0.92   1
# 2022-11-24 08:45:50 CET: Iteration 10 of 10
# experimentsUsedSoFar: 68092
# remainingBudget: 31908
# currentBudget: 31908
# nbConfigurations: 1024
# Markers:
     x No test is performed.
     c Configurations are discarded only due to capping.
     - The test is performed and some configurations are discarded.
     = The test is performed but no configuration is discarded.
     ! The test is performed and configurations could be discarded but elite configurations are preserved.
     . All alive configurations are elite and nothing is discarded

+-+-----------+-----------+-----------+----------------+-----------+--------+-----+----+------+
| |   Instance|      Alive|       Best|       Mean best| Exp so far|  W time|  rho|KenW|  Qvar|
+-+-----------+-----------+-----------+----------------+-----------+--------+-----+----+------+
|x|         26|       1024|      10028|   -0.7600000000|       1024|00:36:31|   NA|  NA|    NA|
|x|          2|       1024|       9388|   -0.6000000000|       2043|00:36:24|+0.20|0.60|0.8214|
|x|         25|       1024|       9726|   -0.5466666667|       3062|00:36:24|+0.20|0.47|0.8176|
|x|         10|       1024|       9880|   -0.5200000000|       4081|00:36:16|+0.20|0.40|0.8204|
|-|         12|        342|       9804|   -0.5120000000|       5100|00:36:22|-0.11|0.11|1.0959|
|=|          8|        342|       9932|   -0.4266666667|       5437|00:12:06|-0.06|0.12|1.0491|
|=|          9|        342|       9188|   -0.4514285714|       5774|00:12:08|-0.03|0.12|1.0229|
|=|         15|        342|       9188|   -0.4650000000|       6111|00:12:10|-0.01|0.12|1.0032|
|=|         18|        342|       9188|   -0.4577777778|       6448|00:12:03|+0.01|0.12|0.9858|
|-|         22|        147|       9188|   -0.4400000000|       6785|00:11:56|-0.06|0.05|1.0457|
|=|         19|        147|       9681|   -0.4509090909|       6927|00:05:34|-0.04|0.05|1.0316|
|=|         20|        147|       9681|   -0.4500000000|       7069|00:05:30|-0.03|0.05|1.0247|
|=|         16|        147|       9188|   -0.4400000000|       7211|00:05:31|-0.03|0.05|1.0153|
|=|         24|        147|       6369|   -0.4457142857|       7353|00:05:27|-0.02|0.05|1.0116|
|=|          5|        147|       6369|   -0.4506666667|       7495|00:05:27|-0.01|0.06|1.0040|
|=|         23|        147|       6369|   -0.4425000000|       7637|00:05:32|-0.01|0.06|1.0004|
|=|          6|        147|       9681|   -0.4305882353|       7779|00:05:32|-0.00|0.06|0.9953|
|=|          3|        147|       9681|   -0.4377777778|       7921|00:05:34|+0.00|0.06|0.9918|
|=|         14|        147|       9681|   -0.4463157895|       8063|00:05:38|+0.00|0.06|0.9898|
|=|         13|        147|       9681|   -0.4440000000|       8205|00:05:37|+0.00|0.05|0.9927|
|=|          7|        147|       9681|   -0.4438095238|       8347|00:05:32|+0.00|0.05|0.9897|
|=|         21|        147|       9681|   -0.4527272727|       8489|00:05:37|+0.01|0.05|0.9851|
|-|         17|         42|       9681|   -0.4434782609|       8631|00:05:34|-0.02|0.02|0.9976|
|=|         11|         42|       9681|   -0.4400000000|       8668|00:01:26|-0.02|0.02|0.9978|
|=|          4|         42|       9681|   -0.4320000000|       8705|00:01:27|-0.02|0.02|0.9963|
|=|          1|         42|       9681|   -0.4307692308|       8742|00:01:26|-0.02|0.02|0.9925|
|=|         27|         42|       9681|   -0.4281481481|       8784|00:02:03|-0.02|0.02|0.9925|
+-+-----------+-----------+-----------+----------------+-----------+--------+-----+----+------+
Best-so-far configuration:        9681    mean value:    -0.4281481481
Description of the best-so-far configuration:
     .ID. t0 t1 a0   a1  a2   r0 r1   r2 std .PARENT.
9681 9681  2  9  1 1.95 1.3 0.42  0 0.99   1     6189

# 2022-11-24 14:07:12 CET: Elite configurations (first number is the configuration ID; listed from best to worst according to the sum of ranks):
     t0 t1   a0   a1   a2   r0   r1   r2 std
9681  2  9 1.00 1.95 1.30 0.42 0.00 0.99   1
6189  2  9 1.01 1.97 1.37 0.37 0.07 0.99   1
6765  2  9 1.02 1.95 1.41 0.42 0.01 0.93   1
6369  2  9 1.03 1.92 1.35 0.41 0.01 0.91   1
9188  2  9 1.07 1.99 1.41 0.44 0.01 0.91   1
# 2022-11-24 14:07:12 CET: Iteration 11 of 11
# experimentsUsedSoFar: 76876
# remainingBudget: 23124
# currentBudget: 23124
# nbConfigurations: 830
# Markers:
     x No test is performed.
     c Configurations are discarded only due to capping.
     - The test is performed and some configurations are discarded.
     = The test is performed but no configuration is discarded.
     ! The test is performed and configurations could be discarded but elite configurations are preserved.
     . All alive configurations are elite and nothing is discarded

+-+-----------+-----------+-----------+----------------+-----------+--------+-----+----+------+
| |   Instance|      Alive|       Best|       Mean best| Exp so far|  W time|  rho|KenW|  Qvar|
+-+-----------+-----------+-----------+----------------+-----------+--------+-----+----+------+
|x|         28|        830|      10464|   -0.7600000000|        830|00:29:39|   NA|  NA|    NA|
|x|         19|        830|      10727|   -0.6600000000|       1655|00:29:25|+0.35|0.68|0.6924|
|x|          8|        830|      10696|   -0.6533333333|       2480|00:29:25|+0.33|0.56|0.7148|
|x|         22|        830|      10696|   -0.6100000000|       3305|00:29:24|+0.35|0.51|0.7101|
|-|         15|        223|      10696|   -0.5680000000|       4130|00:29:16|-0.13|0.10|1.1101|
|=|         16|        223|      10696|   -0.5333333333|       4348|00:08:02|-0.09|0.09|1.0755|
|=|         12|        223|      10696|   -0.4971428571|       4566|00:07:56|-0.06|0.09|1.0471|
|=|          2|        223|      10696|   -0.4850000000|       4784|00:07:59|-0.04|0.09|1.0324|
|=|          3|        223|      10696|   -0.4844444444|       5002|00:07:57|-0.02|0.09|1.0205|
|=|          5|        223|      10263|   -0.4520000000|       5220|00:07:58|-0.01|0.09|1.0049|
|=|         26|        223|      10263|   -0.4400000000|       5438|00:07:56|-0.00|0.09|0.9972|
|=|         27|        223|      10263|   -0.4533333333|       5656|00:07:53|+0.00|0.09|0.9914|
|=|          1|        223|      10263|   -0.4492307692|       5874|00:08:03|+0.00|0.08|0.9956|
|=|          4|        223|      10263|   -0.4485714286|       6092|00:07:48|+0.00|0.07|0.9960|
|=|         13|        223|      10930|   -0.4533333333|       6310|00:07:54|+0.00|0.07|0.9949|
|=|         23|        223|      10263|   -0.4350000000|       6528|00:07:46|+0.01|0.07|0.9891|
|-|          9|         69|      10263|   -0.4494117647|       6746|00:07:49|-0.04|0.02|1.0216|
|=|          7|         69|      10930|   -0.4422222222|       6810|00:02:42|-0.04|0.02|1.0190|
|=|          6|         69|      10930|   -0.4421052632|       6874|00:02:42|-0.03|0.02|1.0124|
|=|         24|         69|      10930|   -0.4380000000|       6938|00:02:46|-0.03|0.03|1.0085|
|=|         17|         69|      10930|   -0.4400000000|       7002|00:02:41|-0.02|0.03|1.0075|
|=|         18|         69|      10930|   -0.4400000000|       7066|00:02:46|-0.02|0.03|1.0034|
|=|         21|         69|      10930|   -0.4365217391|       7130|00:02:41|-0.02|0.03|0.9987|
|=|         10|         69|      10930|   -0.4350000000|       7194|00:02:45|-0.01|0.03|0.9959|
|=|         25|         69|      10930|   -0.4272000000|       7258|00:02:42|-0.01|0.03|0.9923|
|=|         14|         69|      10930|   -0.4292307692|       7322|00:02:44|-0.01|0.03|0.9904|
|=|         20|         69|      10930|   -0.4251851852|       7386|00:02:46|-0.01|0.03|0.9902|
|=|         11|         69|      10930|   -0.4285714286|       7450|00:02:42|-0.00|0.03|0.9881|
|=|         29|         69|      10930|   -0.4220689655|       7519|00:02:49|-0.00|0.03|0.9888|
+-+-----------+-----------+-----------+----------------+-----------+--------+-----+----+------+
Best-so-far configuration:       10930    mean value:    -0.4220689655
Description of the best-so-far configuration:
       .ID. t0 t1   a0   a1   a2   r0   r1   r2 std .PARENT.
10930 10930  2  9 1.02 1.97 1.42 0.39 0.02 0.93   1     6765

# 2022-11-24 18:42:44 CET: Elite configurations (first number is the configuration ID; listed from best to worst according to the sum of ranks):
      t0 t1   a0   a1   a2   r0   r1   r2 std
10930  2  9 1.02 1.97 1.42 0.39 0.02 0.93   1
9681   2  9 1.00 1.95 1.30 0.42 0.00 0.99   1
6189   2  9 1.01 1.97 1.37 0.37 0.07 0.99   1
6765   2  9 1.02 1.95 1.41 0.42 0.01 0.93   1
10263  2  9 1.01 1.96 1.41 0.43 0.02 0.96   1
# 2022-11-24 18:42:44 CET: Iteration 12 of 12
# experimentsUsedSoFar: 84395
# remainingBudget: 15605
# currentBudget: 15605
# nbConfigurations: 525
# Markers:
     x No test is performed.
     c Configurations are discarded only due to capping.
     - The test is performed and some configurations are discarded.
     = The test is performed but no configuration is discarded.
     ! The test is performed and configurations could be discarded but elite configurations are preserved.
     . All alive configurations are elite and nothing is discarded

+-+-----------+-----------+-----------+----------------+-----------+--------+-----+----+------+
| |   Instance|      Alive|       Best|       Mean best| Exp so far|  W time|  rho|KenW|  Qvar|
+-+-----------+-----------+-----------+----------------+-----------+--------+-----+----+------+
|x|         30|        525|      11180|   -0.9600000000|        525|00:18:33|   NA|  NA|    NA|
|x|         23|        525|      11158|   -0.6000000000|       1045|00:18:46|+0.15|0.58|0.8369|
|x|          8|        525|      11101|   -0.6000000000|       1565|00:18:42|+0.19|0.46|0.8088|
|x|          6|        525|      11101|   -0.5500000000|       2085|00:18:45|+0.18|0.38|0.8258|
|-|         28|        168|      11101|   -0.5120000000|       2605|00:18:43|-0.10|0.12|1.0712|
|=|         13|        168|      11101|   -0.5133333333|       2768|00:06:12|-0.06|0.12|1.0434|
|=|          3|        168|      11101|   -0.4914285714|       2931|00:06:17|-0.01|0.13|1.0069|
|=|          7|        168|       6189|   -0.4950000000|       3094|00:06:13|+0.01|0.13|0.9871|
|=|          5|        168|       6189|   -0.4933333333|       3257|00:06:15|+0.02|0.13|0.9760|
|-|         25|         67|       6189|   -0.4800000000|       3420|00:06:15|-0.05|0.06|1.0327|
|=|         17|         67|       6765|   -0.4545454545|       3482|00:02:45|-0.04|0.05|1.0260|
|=|         11|         67|      11091|   -0.4400000000|       3544|00:02:43|-0.03|0.05|1.0190|
|=|         24|         67|      11091|   -0.4400000000|       3606|00:02:44|-0.03|0.05|1.0154|
|=|         14|         67|      11091|   -0.4371428571|       3668|00:02:44|-0.02|0.05|1.0067|
|=|         21|         67|      11091|   -0.4426666667|       3730|00:02:44|-0.01|0.05|1.0001|
|=|         18|         67|      11091|   -0.4425000000|       3792|00:02:44|-0.00|0.06|0.9860|
|=|         22|         67|      11091|   -0.4423529412|       3854|00:02:44|-0.00|0.06|0.9875|
|=|         10|         67|      10930|   -0.4377777778|       3916|00:02:40|+0.00|0.06|0.9827|
|=|          9|         67|      11091|   -0.4336842105|       3978|00:02:41|+0.01|0.06|0.9802|
|=|         26|         67|      10930|   -0.4440000000|       4040|00:02:40|+0.01|0.06|0.9759|
|=|          1|         67|      10930|   -0.4438095238|       4102|00:02:40|+0.01|0.06|0.9754|
|=|         20|         67|      10930|   -0.4381818182|       4164|00:02:42|+0.01|0.05|0.9766|
|=|         16|         67|      10930|   -0.4400000000|       4226|00:02:39|+0.01|0.05|0.9764|
|-|         19|         13|      10930|   -0.4366666667|       4288|00:02:40|+0.00|0.04|0.9175|
|=|          4|         13|      10930|   -0.4368000000|       4296|00:00:41|-0.00|0.04|0.9205|
|=|         15|         13|      10930|   -0.4338461538|       4304|00:00:39|+0.00|0.04|0.9196|
|=|          2|         13|      10930|   -0.4266666667|       4312|00:00:36|-0.00|0.03|0.9237|
|=|         12|         13|      10930|   -0.4257142857|       4320|00:00:40|+0.00|0.04|0.9184|
|=|         29|         13|      10930|   -0.4193103448|       4328|00:00:40|+0.00|0.04|0.9195|
|=|         27|         13|      10930|   -0.4266666667|       4336|00:00:39|+0.01|0.04|0.9157|
|=|         31|         13|      10930|   -0.4258064516|       4349|00:00:39|+0.01|0.04|0.9137|
+-+-----------+-----------+-----------+----------------+-----------+--------+-----+----+------+
Best-so-far configuration:       10930    mean value:    -0.4258064516
Description of the best-so-far configuration:
       .ID. t0 t1   a0   a1   a2   r0   r1   r2 std .PARENT.
10930 10930  2  9 1.02 1.97 1.42 0.39 0.02 0.93   1     6765

# 2022-11-24 21:30:16 CET: Elite configurations (first number is the configuration ID; listed from best to worst according to the sum of ranks):
      t0 t1   a0   a1   a2   r0   r1   r2 std
10930  2  9 1.02 1.97 1.42 0.39 0.02 0.93   1
9681   2  9 1.00 1.95 1.30 0.42 0.00 0.99   1
6189   2  9 1.01 1.97 1.37 0.37 0.07 0.99   1
6765   2  9 1.02 1.95 1.41 0.42 0.01 0.93   1
11091  2 10 1.02 1.96 1.25 0.40 0.00 0.93   1
# 2022-11-24 21:30:16 CET: Iteration 13 of 13
# experimentsUsedSoFar: 88744
# remainingBudget: 11256
# currentBudget: 11256
# nbConfigurations: 356
# Markers:
     x No test is performed.
     c Configurations are discarded only due to capping.
     - The test is performed and some configurations are discarded.
     = The test is performed but no configuration is discarded.
     ! The test is performed and configurations could be discarded but elite configurations are preserved.
     . All alive configurations are elite and nothing is discarded

+-+-----------+-----------+-----------+----------------+-----------+--------+-----+----+------+
| |   Instance|      Alive|       Best|       Mean best| Exp so far|  W time|  rho|KenW|  Qvar|
+-+-----------+-----------+-----------+----------------+-----------+--------+-----+----+------+
|x|         32|        356|      11698|   -0.8400000000|        356|00:12:26|   NA|  NA|    NA|
|x|         13|        356|      11578|   -0.6200000000|        707|00:12:10|+0.04|0.52|0.9352|
|x|         16|        356|      11878|   -0.5066666667|       1058|00:12:37|+0.07|0.38|0.9288|
|x|          1|        356|      11823|   -0.5400000000|       1409|00:12:43|+0.09|0.31|0.9077|
|-|          5|        173|       6765|   -0.4880000000|       1760|00:12:47|-0.13|0.10|1.1125|
|=|         21|        173|       6765|   -0.4800000000|       1928|00:06:20|-0.08|0.10|1.0699|
|=|         15|        173|       6765|   -0.5142857143|       2096|00:06:18|-0.06|0.09|1.0508|
|=|          2|        173|       6765|   -0.4950000000|       2264|00:06:20|-0.04|0.09|1.0331|
|=|         28|        173|       6765|   -0.4711111111|       2432|00:06:19|-0.03|0.08|1.0226|
|=|         22|        173|      11878|   -0.4480000000|       2600|00:06:15|-0.02|0.08|1.0196|
|=|         25|        173|      11878|   -0.4363636364|       2768|00:06:10|-0.02|0.07|1.0123|
|=|         19|        173|      11878|   -0.4400000000|       2936|00:06:16|-0.01|0.08|0.9993|
|=|          6|        173|       6765|   -0.4461538462|       3104|00:06:11|-0.00|0.08|0.9942|
|=|         14|        173|      11878|   -0.4314285714|       3272|00:06:17|+0.01|0.08|0.9890|
|=|         10|        173|       6189|   -0.4506666667|       3440|00:06:10|+0.01|0.07|0.9871|
|=|          8|        173|       6189|   -0.4525000000|       3608|00:06:17|+0.01|0.07|0.9867|
|=|          7|        173|       6189|   -0.4517647059|       3776|00:06:06|+0.01|0.07|0.9876|
|=|         24|        173|      11578|   -0.4488888889|       3944|00:06:11|+0.00|0.06|0.9883|
|=|          9|        173|      11578|   -0.4610526316|       4112|00:06:13|+0.01|0.06|0.9861|
|=|         17|        173|      11578|   -0.4540000000|       4280|00:06:12|+0.01|0.06|0.9865|
|-|         11|         67|      11578|   -0.4609523810|       4448|00:06:10|-0.03|0.02|1.0045|
|=|         12|         67|      11578|   -0.4527272727|       4510|00:02:42|-0.02|0.02|1.0022|
|=|         27|         67|      11578|   -0.4469565217|       4572|00:02:41|-0.02|0.02|0.9989|
|=|         20|         67|      11578|   -0.4466666667|       4634|00:02:41|-0.02|0.02|0.9983|
|=|         26|         67|      11578|   -0.4480000000|       4696|00:02:41|-0.02|0.03|0.9943|
|=|          4|         67|      10930|   -0.4246153846|       4758|00:02:43|-0.01|0.03|0.9923|
|=|         23|         67|      11578|   -0.4400000000|       4820|00:02:42|-0.01|0.03|0.9917|
|=|         31|         67|      10930|   -0.4185714286|       4882|00:02:42|-0.01|0.03|0.9900|
|=|         29|         67|      11578|   -0.4331034483|       4944|00:02:43|-0.01|0.02|0.9928|
|=|          3|         67|      10930|   -0.4173333333|       5006|00:02:43|-0.01|0.03|0.9896|
|=|         18|         67|      10930|   -0.4180645161|       5068|00:02:44|-0.00|0.03|0.9868|
|=|         30|         67|      10930|   -0.4225000000|       5130|00:02:40|-0.00|0.03|0.9853|
|=|         33|         67|      10930|   -0.4230303030|       5197|00:02:46|-0.00|0.03|0.9855|
+-+-----------+-----------+-----------+----------------+-----------+--------+-----+----+------+
Best-so-far configuration:       10930    mean value:    -0.4230303030
Description of the best-so-far configuration:
       .ID. t0 t1   a0   a1   a2   r0   r1   r2 std .PARENT.
10930 10930  2  9 1.02 1.97 1.42 0.39 0.02 0.93   1     6765

# 2022-11-25 00:45:32 CET: Elite configurations (first number is the configuration ID; listed from best to worst according to the sum of ranks):
      t0 t1   a0   a1   a2   r0   r1   r2 std
10930  2  9 1.02 1.97 1.42 0.39 0.02 0.93   1
9681   2  9 1.00 1.95 1.30 0.42 0.00 0.99   1
11578  2  9 1.00 1.93 1.27 0.40 0.01 0.98   1
11778  2  9 1.01 1.95 1.35 0.41 0.05 0.98   1
11850  2  9 1.00 1.98 1.39 0.40 0.08 0.99   1
# 2022-11-25 00:45:32 CET: Iteration 14 of 14
# experimentsUsedSoFar: 93941
# remainingBudget: 6059
# currentBudget: 6059
# nbConfigurations: 183
# Markers:
     x No test is performed.
     c Configurations are discarded only due to capping.
     - The test is performed and some configurations are discarded.
     = The test is performed but no configuration is discarded.
     ! The test is performed and configurations could be discarded but elite configurations are preserved.
     . All alive configurations are elite and nothing is discarded

+-+-----------+-----------+-----------+----------------+-----------+--------+-----+----+------+
| |   Instance|      Alive|       Best|       Mean best| Exp so far|  W time|  rho|KenW|  Qvar|
+-+-----------+-----------+-----------+----------------+-----------+--------+-----+----+------+
|x|         34|        183|      12045|   -0.6800000000|        183|00:06:55|   NA|  NA|    NA|
|x|          4|        183|      11920|   -0.6200000000|        361|00:06:24|+0.16|0.58|0.7753|
|x|          9|        183|      12035|   -0.5200000000|        539|00:06:26|+0.24|0.49|0.7819|
|x|          6|        183|      12035|   -0.4800000000|        717|00:06:32|+0.21|0.41|0.8248|
|-|         33|        100|      11921|   -0.4880000000|        895|00:06:33|-0.11|0.11|1.0891|
|=|         26|        100|      11987|   -0.5066666667|        990|00:03:30|-0.04|0.13|1.0293|
|=|         16|        100|      11987|   -0.4971428571|       1085|00:03:35|-0.03|0.12|1.0185|
|=|         25|        100|      11987|   -0.5100000000|       1180|00:03:33|-0.00|0.12|0.9912|
|=|         27|        100|      11987|   -0.4888888889|       1275|00:03:32|+0.01|0.12|0.9849|
|=|         29|        100|      11987|   -0.4640000000|       1370|00:03:33|+0.01|0.11|0.9849|
|=|          7|        100|       9681|   -0.4290909091|       1465|00:03:31|+0.02|0.11|0.9761|
|=|         17|        100|      10930|   -0.4333333333|       1560|00:03:33|+0.02|0.10|0.9767|
|=|         32|        100|      10930|   -0.4246153846|       1655|00:03:31|+0.02|0.10|0.9737|
|-|         22|         66|      10930|   -0.4371428571|       1750|00:03:31|-0.04|0.03|1.0254|
|=|          5|         66|      10930|   -0.4400000000|       1811|00:02:42|-0.03|0.03|1.0174|
|=|         28|         66|      10930|   -0.4425000000|       1872|00:02:41|-0.03|0.04|1.0101|
|=|         31|         66|      10930|   -0.4400000000|       1933|00:02:41|-0.02|0.04|1.0055|
|=|          2|         66|      10930|   -0.4288888889|       1994|00:02:44|-0.02|0.04|1.0034|
|=|          3|         66|      10930|   -0.4357894737|       2055|00:02:42|-0.01|0.04|0.9942|
|=|         15|         66|      10930|   -0.4320000000|       2116|00:02:39|-0.01|0.04|0.9930|
|=|         19|         66|      10930|   -0.4285714286|       2177|00:02:42|-0.01|0.04|0.9880|
|=|          1|         66|      10930|   -0.4290909091|       2238|00:02:42|-0.00|0.04|0.9818|
|=|         20|         66|      10930|   -0.4243478261|       2299|00:02:40|+0.00|0.04|0.9796|
|=|          8|         66|      10930|   -0.4183333333|       2360|00:02:40|+0.00|0.05|0.9766|
|=|         18|         66|      10930|   -0.4192000000|       2421|00:02:41|+0.01|0.05|0.9741|
|=|         23|         66|      10930|   -0.4138461538|       2482|00:02:40|+0.01|0.05|0.9719|
|-|         13|         32|      10930|   -0.4148148148|       2543|00:02:42|-0.01|0.03|0.9734|
|=|         11|         32|      10930|   -0.4185714286|       2570|00:01:21|-0.00|0.03|0.9688|
|=|         14|         32|      10930|   -0.4206896552|       2597|00:01:20|-0.00|0.03|0.9659|
|=|         30|         32|      10930|   -0.4253333333|       2624|00:01:21|+0.00|0.04|0.9636|
|=|         12|         32|      10930|   -0.4245161290|       2651|00:01:21|+0.00|0.04|0.9632|
|=|         24|         32|      10930|   -0.4225000000|       2678|00:01:20|+0.00|0.04|0.9628|
|=|         10|         32|      10930|   -0.4218181818|       2705|00:01:21|+0.01|0.04|0.9633|
|=|         21|         32|      10930|   -0.4200000000|       2732|00:01:21|+0.01|0.04|0.9618|
|=|         35|         32|       9681|   -0.4217142857|       2764|00:01:21|+0.01|0.04|0.9611|
+-+-----------+-----------+-----------+----------------+-----------+--------+-----+----+------+
Best-so-far configuration:        9681    mean value:    -0.4217142857
Description of the best-so-far configuration:
     .ID. t0 t1 a0   a1  a2   r0 r1   r2 std .PARENT.
9681 9681  2  9  1 1.95 1.3 0.42  0 0.99   1     6189

# 2022-11-25 02:36:15 CET: Elite configurations (first number is the configuration ID; listed from best to worst according to the sum of ranks):
      t0 t1   a0   a1   a2   r0   r1   r2 std
9681   2  9 1.00 1.95 1.30 0.42 0.00 0.99   1
10930  2  9 1.02 1.97 1.42 0.39 0.02 0.93   1
11778  2  9 1.01 1.95 1.35 0.41 0.05 0.98   1
11578  2  9 1.00 1.93 1.27 0.40 0.01 0.98   1
11916  2  9 1.01 1.93 1.36 0.39 0.04 0.98   1
# 2022-11-25 02:36:16 CET: Iteration 15 of 15
# experimentsUsedSoFar: 96705
# remainingBudget: 3295
# currentBudget: 3295
# nbConfigurations: 96
# Markers:
     x No test is performed.
     c Configurations are discarded only due to capping.
     - The test is performed and some configurations are discarded.
     = The test is performed but no configuration is discarded.
     ! The test is performed and configurations could be discarded but elite configurations are preserved.
     . All alive configurations are elite and nothing is discarded

+-+-----------+-----------+-----------+----------------+-----------+--------+-----+----+------+
| |   Instance|      Alive|       Best|       Mean best| Exp so far|  W time|  rho|KenW|  Qvar|
+-+-----------+-----------+-----------+----------------+-----------+--------+-----+----+------+
|x|         36|         96|      12122|   -0.6400000000|         96|00:03:30|   NA|  NA|    NA|
|x|         12|         96|      12085|   -0.5000000000|        187|00:03:26|-0.09|0.45|1.1305|
|x|         11|         96|      11778|   -0.4533333333|        278|00:03:27|+0.10|0.40|0.9383|
|x|         24|         96|      11778|   -0.4500000000|        369|00:03:28|+0.07|0.30|0.9482|
|-|          7|         61|      12123|   -0.4240000000|        460|00:03:27|-0.13|0.10|1.1068|
|=|         15|         61|      11578|   -0.4400000000|        516|00:02:04|-0.08|0.10|1.0578|
|=|         35|         61|      11578|   -0.4342857143|        572|00:02:06|-0.04|0.11|1.0271|
|=|         19|         61|      11578|   -0.4400000000|        628|00:02:04|-0.01|0.12|0.9981|
|=|         16|         61|       9681|   -0.4311111111|        684|00:02:03|+0.00|0.11|0.9859|
|=|         25|         61|      11916|   -0.4440000000|        740|00:02:06|+0.02|0.12|0.9729|
|=|          2|         61|      11916|   -0.4327272727|        796|00:02:01|+0.03|0.12|0.9602|
|-|          6|         39|       9681|   -0.4266666667|        852|00:02:06|-0.04|0.05|1.0183|
|=|         17|         39|      11916|   -0.4307692308|        886|00:01:21|-0.04|0.04|1.0137|
|=|         26|         39|      11916|   -0.4285714286|        920|00:01:22|-0.03|0.05|1.0065|
|=|         20|         39|      11578|   -0.4293333333|        954|00:01:23|-0.02|0.05|0.9954|
|=|         28|         39|      11578|   -0.4375000000|        988|00:01:23|-0.01|0.05|0.9885|
|=|         30|         39|      11578|   -0.4494117647|       1022|00:01:21|-0.00|0.05|0.9817|
|=|         18|         39|      11578|   -0.4422222222|       1056|00:01:22|-0.00|0.06|0.9786|
|=|         23|         39|      11578|   -0.4400000000|       1090|00:01:22|+0.00|0.05|0.9770|
|=|         21|         39|      11578|   -0.4320000000|       1124|00:01:21|-0.00|0.05|0.9789|
|=|         29|         39|      11578|   -0.4285714286|       1158|00:01:23|+0.00|0.05|0.9739|
|=|         34|         39|      12138|   -0.4272727273|       1192|00:01:22|+0.01|0.05|0.9711|
|=|         22|         39|      12138|   -0.4208695652|       1226|00:01:21|+0.01|0.05|0.9665|
|=|         13|         39|      11578|   -0.4300000000|       1260|00:01:23|+0.02|0.06|0.9606|
|-|         31|         24|      11916|   -0.4224000000|       1294|00:01:23|-0.01|0.03|0.9717|
|=|         32|         24|      11578|   -0.4307692308|       1313|00:00:41|-0.01|0.03|0.9660|
|=|          5|         24|      11916|   -0.4222222222|       1332|00:00:39|-0.00|0.03|0.9642|
|=|          4|         24|      12138|   -0.4285714286|       1351|00:00:43|+0.00|0.04|0.9603|
|=|          8|         24|      11578|   -0.4317241379|       1370|00:00:39|+0.00|0.04|0.9578|
|=|          3|         24|      11778|   -0.4280000000|       1389|00:00:41|-0.00|0.03|0.9594|
|=|         10|         24|      11778|   -0.4283870968|       1408|00:00:37|+0.00|0.03|0.9593|
|=|         14|         24|      11778|   -0.4312500000|       1427|00:00:50|+0.00|0.03|0.9581|
|=|          1|         24|      11778|   -0.4303030303|       1446|00:00:37|+0.01|0.04|0.9531|
|=|          9|         24|      11778|   -0.4294117647|       1465|00:00:48|+0.01|0.04|0.9476|
|=|         27|         24|       9681|   -0.4182857143|       1484|00:00:39|+0.01|0.04|0.9470|
|=|         33|         24|       9681|   -0.4222222222|       1503|00:00:39|+0.01|0.04|0.9467|
|=|         37|         24|       9681|   -0.4216216216|       1527|00:01:15|+0.01|0.04|0.9476|
+-+-----------+-----------+-----------+----------------+-----------+--------+-----+----+------+
Best-so-far configuration:        9681    mean value:    -0.4216216216
Description of the best-so-far configuration:
     .ID. t0 t1 a0   a1  a2   r0 r1   r2 std .PARENT.
9681 9681  2  9  1 1.95 1.3 0.42  0 0.99   1     6189

# 2022-11-25 03:35:00 CET: Elite configurations (first number is the configuration ID; listed from best to worst according to the sum of ranks):
      t0 t1   a0   a1   a2   r0   r1   r2 std
9681   2  9 1.00 1.95 1.30 0.42 0.00 0.99   1
11578  2  9 1.00 1.93 1.27 0.40 0.01 0.98   1
10930  2  9 1.02 1.97 1.42 0.39 0.02 0.93   1
12138  2  9 1.01 1.98 1.43 0.39 0.03 0.96   1
11778  2  9 1.01 1.95 1.35 0.41 0.05 0.98   1
# 2022-11-25 03:35:00 CET: Iteration 16 of 16
# experimentsUsedSoFar: 98232
# remainingBudget: 1768
# currentBudget: 1768
# nbConfigurations: 51
# Markers:
     x No test is performed.
     c Configurations are discarded only due to capping.
     - The test is performed and some configurations are discarded.
     = The test is performed but no configuration is discarded.
     ! The test is performed and configurations could be discarded but elite configurations are preserved.
     . All alive configurations are elite and nothing is discarded

+-+-----------+-----------+-----------+----------------+-----------+--------+-----+----+------+
| |   Instance|      Alive|       Best|       Mean best| Exp so far|  W time|  rho|KenW|  Qvar|
+-+-----------+-----------+-----------+----------------+-----------+--------+-----+----+------+
|x|         38|         51|      12138|   -0.8400000000|         51|00:01:55|   NA|  NA|    NA|
|x|         23|         51|      11578|   -0.5000000000|         97|00:01:53|-0.14|0.43|1.1600|
|x|         29|         51|      12204|   -0.4666666667|        143|00:01:55|-0.08|0.28|1.0503|
|x|         25|         51|      12138|   -0.5500000000|        189|00:01:53|+0.02|0.26|0.9769|
|=|         14|         51|      11778|   -0.4720000000|        235|00:01:55|+0.02|0.22|0.9659|
|=|          4|         51|      11778|   -0.5000000000|        281|00:01:52|+0.04|0.20|0.9213|
|=|         13|         51|      11778|   -0.4628571429|        327|00:01:54|+0.03|0.17|0.9408|
|=|         15|         51|      11578|   -0.4750000000|        373|00:01:54|+0.05|0.17|0.9298|
|-|          5|         37|      11578|   -0.4622222222|        419|00:01:59|-0.04|0.08|0.9904|
|=|          9|         37|      11578|   -0.4840000000|        451|00:01:21|-0.03|0.08|0.9738|
|=|          6|         37|      11578|   -0.4872727273|        483|00:01:18|-0.01|0.08|0.9625|
|=|         19|         37|      11578|   -0.4866666667|        515|00:01:17|+0.00|0.09|0.9520|
|=|         22|         37|      11578|   -0.4769230769|        547|00:01:20|+0.01|0.08|0.9494|
|=|         26|         37|      11578|   -0.4771428571|        579|00:01:18|+0.01|0.08|0.9518|
|=|         37|         37|      11578|   -0.4720000000|        611|00:01:18|+0.00|0.07|0.9605|
|=|         31|         37|      11578|   -0.4625000000|        643|00:01:20|+0.02|0.08|0.9488|
|=|          8|         37|      11578|   -0.4752941176|        675|00:01:18|+0.02|0.07|0.9464|
|=|         17|         37|      11578|   -0.4666666667|        707|00:01:17|+0.02|0.07|0.9478|
|-|         32|         14|      11578|   -0.4715789474|        739|00:01:19|-0.03|0.03|0.9475|
|=|          1|         14|      11578|   -0.4720000000|        748|00:00:38|-0.02|0.03|0.9454|
|=|         10|         14|      11578|   -0.4647619048|        757|00:00:40|-0.02|0.03|0.9462|
|=|         30|         14|      11578|   -0.4727272727|        766|00:00:37|-0.01|0.03|0.9383|
|=|          2|         14|      11578|   -0.4660869565|        775|00:00:39|-0.01|0.03|0.9399|
|=|         20|         14|      11578|   -0.4650000000|        784|00:00:38|-0.01|0.04|0.9327|
|=|         33|         14|      11578|   -0.4608000000|        793|00:00:37|-0.00|0.04|0.9305|
|=|         36|         14|      11578|   -0.4584615385|        802|00:00:37|-0.00|0.04|0.9328|
|=|         24|         14|      11578|   -0.4577777778|        811|00:00:40|-0.00|0.03|0.9321|
|=|         18|         14|      11578|   -0.4528571429|        820|00:00:36|-0.00|0.03|0.9290|
|=|         27|         14|      11578|   -0.4482758621|        829|00:00:39|-0.00|0.03|0.9299|
|=|          7|         14|      11578|   -0.4480000000|        838|00:00:36|+0.00|0.03|0.9287|
|=|         11|         14|      11578|   -0.4529032258|        847|00:00:40|+0.00|0.03|0.9290|
|=|         16|         14|      11578|   -0.4425000000|        856|00:00:36|+0.00|0.03|0.9297|
|=|         21|         14|      11578|   -0.4375757576|        865|00:00:40|-0.00|0.03|0.9296|
|=|         12|         14|      11578|   -0.4329411765|        874|00:00:35|+0.00|0.03|0.9287|
|=|         35|         14|       9681|   -0.4228571429|        883|00:00:40|-0.00|0.03|0.9297|
|=|         28|         14|      11578|   -0.4355555556|        892|00:00:36|-0.00|0.03|0.9308|
|=|          3|         14|      11578|   -0.4302702703|        901|00:00:40|-0.00|0.02|0.9331|
|=|         34|         14|       9681|   -0.4189473684|        910|00:00:36|-0.00|0.02|0.9336|
|=|         39|         14|      11578|   -0.4266666667|        924|00:00:40|-0.00|0.02|0.9329|
+-+-----------+-----------+-----------+----------------+-----------+--------+-----+----+------+
Best-so-far configuration:       11578    mean value:    -0.4266666667
Description of the best-so-far configuration:
       .ID. t0 t1 a0   a1   a2  r0   r1   r2 std .PARENT.
11578 11578  2  9  1 1.93 1.27 0.4 0.01 0.98   1     9681

# 2022-11-25 04:18:17 CET: Elite configurations (first number is the configuration ID; listed from best to worst according to the sum of ranks):
      t0 t1   a0   a1   a2   r0   r1   r2 std
11578  2  9 1.00 1.93 1.27 0.40 0.01 0.98   1
9681   2  9 1.00 1.95 1.30 0.42 0.00 0.99   1
12162  2  9 1.02 1.95 1.42 0.37 0.01 0.97   1
12187  2  9 1.00 1.93 1.30 0.40 0.01 0.98   1
12204  2  9 1.01 1.96 1.31 0.42 0.01 0.97   1
# 2022-11-25 04:18:18 CET: Iteration 17 of 17
# experimentsUsedSoFar: 99156
# remainingBudget: 844
# currentBudget: 844
# nbConfigurations: 25
# Markers:
     x No test is performed.
     c Configurations are discarded only due to capping.
     - The test is performed and some configurations are discarded.
     = The test is performed but no configuration is discarded.
     ! The test is performed and configurations could be discarded but elite configurations are preserved.
     . All alive configurations are elite and nothing is discarded

+-+-----------+-----------+-----------+----------------+-----------+--------+-----+----+------+
| |   Instance|      Alive|       Best|       Mean best| Exp so far|  W time|  rho|KenW|  Qvar|
+-+-----------+-----------+-----------+----------------+-----------+--------+-----+----+------+
|x|         40|         25|       9681|   -0.6400000000|         25|00:01:14|   NA|  NA|    NA|
|x|         13|         25|       9681|   -0.5200000000|         45|00:00:38|-0.27|0.36|1.2624|
|x|         31|         25|      12204|   -0.4533333333|         65|00:00:40|-0.11|0.26|1.0587|
|x|         11|         25|      11578|   -0.4800000000|         85|00:00:41|+0.03|0.27|0.9499|
|=|          9|         25|      11578|   -0.5200000000|        105|00:00:40|+0.07|0.26|0.8962|
|=|         14|         25|       9681|   -0.5133333333|        125|00:00:39|+0.01|0.18|0.9458|
|=|         37|         25|       9681|   -0.4971428571|        145|00:00:39|+0.01|0.15|0.9394|
|=|         39|         25|      11578|   -0.4650000000|        165|00:00:40|+0.01|0.13|0.9350|
|=|         12|         25|       9681|   -0.4755555556|        185|00:00:39|+0.02|0.13|0.9224|
|=|         29|         25|       9681|   -0.4680000000|        205|00:00:44|+0.01|0.11|0.9396|
|=|         26|         25|       9681|   -0.4581818182|        225|00:00:38|+0.01|0.10|0.9417|
|=|         32|         25|       9681|   -0.4566666667|        245|00:00:41|+0.02|0.10|0.9344|
|=|         15|         25|       9681|   -0.4553846154|        265|00:00:38|+0.03|0.10|0.9314|
|=|         20|         25|       9681|   -0.4542857143|        285|00:00:42|+0.02|0.09|0.9396|
|=|         30|         25|      11578|   -0.4640000000|        305|00:00:38|+0.03|0.10|0.9270|
|=|          4|         25|      11578|   -0.4525000000|        325|00:00:41|+0.02|0.08|0.9364|
|=|         21|         25|      11578|   -0.4423529412|        345|00:00:38|+0.02|0.07|0.9360|
|=|         24|         25|      11578|   -0.4422222222|        365|00:00:41|+0.01|0.06|0.9458|
|=|          7|         25|      11578|   -0.4421052632|        385|00:00:38|+0.01|0.06|0.9441|
|=|         33|         25|      11578|   -0.4380000000|        405|00:00:47|+0.01|0.06|0.9429|
|=|          8|         25|      11578|   -0.4495238095|        425|00:00:37|+0.02|0.07|0.9308|
|=|         22|         25|      11578|   -0.4454545455|        445|00:00:38|+0.02|0.07|0.9359|
|-|          3|         16|      11578|   -0.4365217391|        465|00:00:37|-0.00|0.04|0.9363|
|=|         25|         16|      11578|   -0.4483333333|        476|00:00:36|+0.01|0.05|0.9262|
|=|          5|         16|       9681|   -0.4336000000|        487|00:00:35|+0.01|0.05|0.9235|
|=|         19|         16|       9681|   -0.4400000000|        498|00:00:36|+0.02|0.05|0.9181|
|=|         17|         16|      11578|   -0.4414814815|        509|00:00:36|+0.01|0.05|0.9210|
|=|         35|         16|       9681|   -0.4357142857|        520|00:00:36|+0.02|0.05|0.9216|
|=|          2|         16|      11578|   -0.4358620690|        531|00:00:36|+0.01|0.05|0.9228|
|=|          6|         16|      11578|   -0.4386666667|        542|00:00:35|+0.01|0.05|0.9207|
|=|         38|         16|      11578|   -0.4438709677|        553|00:00:36|+0.02|0.05|0.9147|
|=|         36|         16|      11578|   -0.4425000000|        564|00:00:36|+0.02|0.05|0.9161|
|=|         16|         16|      11578|   -0.4327272727|        575|00:00:36|+0.01|0.04|0.9227|
|=|         10|         16|       9681|   -0.4294117647|        586|00:00:37|+0.01|0.04|0.9246|
|=|         23|         16|       9681|   -0.4297142857|        597|00:00:37|+0.01|0.04|0.9250|
|=|          1|         16|       9681|   -0.4288888889|        608|00:00:36|+0.01|0.04|0.9236|
|=|         34|         16|       9681|   -0.4270270270|        619|00:00:36|+0.01|0.04|0.9247|
|=|         27|         16|       9681|   -0.4252631579|        630|00:00:36|+0.01|0.04|0.9237|
|=|         18|         16|       9681|   -0.4266666667|        641|00:00:36|+0.01|0.04|0.9255|
|=|         28|         16|       9681|   -0.4210000000|        652|00:00:36|+0.01|0.04|0.9237|
|=|         41|         16|       9681|   -0.4234146341|        668|00:00:37|+0.02|0.04|0.9206|
+-+-----------+-----------+-----------+----------------+-----------+--------+-----+----+------+
Best-so-far configuration:        9681    mean value:    -0.4234146341
Description of the best-so-far configuration:
     .ID. t0 t1 a0   a1  a2   r0 r1   r2 std .PARENT.
9681 9681  2  9  1 1.95 1.3 0.42  0 0.99   1     6189

# 2022-11-25 04:45:17 CET: Elite configurations (first number is the configuration ID; listed from best to worst according to the sum of ranks):
      t0 t1   a0   a1   a2   r0   r1   r2 std
9681   2  9 1.00 1.95 1.30 0.42 0.00 0.99   1
12162  2  9 1.02 1.95 1.42 0.37 0.01 0.97   1
11578  2  9 1.00 1.93 1.27 0.40 0.01 0.98   1
12187  2  9 1.00 1.93 1.30 0.40 0.01 0.98   1
12204  2  9 1.01 1.96 1.31 0.42 0.01 0.97   1
# 2022-11-25 04:45:17 CET: Iteration 18 of 18
# experimentsUsedSoFar: 99824
# remainingBudget: 176
# currentBudget: 176
# nbConfigurations: 9
# Markers:
     x No test is performed.
     c Configurations are discarded only due to capping.
     - The test is performed and some configurations are discarded.
     = The test is performed but no configuration is discarded.
     ! The test is performed and configurations could be discarded but elite configurations are preserved.
     . All alive configurations are elite and nothing is discarded

+-+-----------+-----------+-----------+----------------+-----------+--------+-----+----+------+
| |   Instance|      Alive|       Best|       Mean best| Exp so far|  W time|  rho|KenW|  Qvar|
+-+-----------+-----------+-----------+----------------+-----------+--------+-----+----+------+
|x|         42|          9|      12204|   -0.4400000000|          9|00:00:36|   NA|  NA|    NA|
|x|         30|          9|      12204|   -0.5000000000|         13|00:00:35|+0.42|0.71|0.4865|
|x|         36|          9|      12204|   -0.5066666667|         17|00:00:35|+0.35|0.57|0.5179|
|x|          2|          9|      12204|   -0.5100000000|         21|00:00:35|+0.20|0.40|0.6818|
|=|          9|          9|      12204|   -0.4400000000|         25|00:00:35|+0.09|0.27|0.7747|
|=|         40|          9|      12204|   -0.4200000000|         29|00:00:36|+0.09|0.24|0.8162|
|=|         10|          9|      12204|   -0.4171428571|         33|00:00:35|+0.07|0.21|0.8455|
|=|         16|          9|      12162|   -0.4600000000|         37|00:00:35|+0.04|0.16|0.8690|
|=|          8|          9|      12162|   -0.4711111111|         41|00:00:35|+0.06|0.16|0.8510|
|=|         32|          9|      12162|   -0.4800000000|         45|00:00:35|+0.06|0.15|0.8478|
|-|          3|          5|      12162|   -0.4800000000|         49|00:00:35|-0.07|0.03|0.8237|
|.|         24|          5|      12162|   -0.4666666667|         49|00:00:00|-0.06|0.03|0.8308|
|.|         15|          5|      12162|   -0.4615384615|         49|00:00:00|-0.04|0.04|0.8216|
|.|          7|          5|      12162|   -0.4514285714|         49|00:00:00|-0.05|0.02|0.8364|
|.|         23|          5|      12162|   -0.4346666667|         49|00:00:00|-0.05|0.02|0.8403|
|.|         34|          5|      12162|   -0.4300000000|         49|00:00:00|-0.03|0.03|0.8231|
|.|         22|          5|      12162|   -0.4258823529|         49|00:00:00|-0.05|0.01|0.8371|
|.|         27|          5|      12162|   -0.4377777778|         49|00:00:00|-0.05|0.01|0.8306|
|.|         29|          5|      12162|   -0.4315789474|         49|00:00:00|-0.04|0.02|0.8231|
|.|         26|          5|      12162|   -0.4300000000|         49|00:00:00|-0.04|0.01|0.8293|
|.|         13|          5|      12162|   -0.4228571429|         49|00:00:00|-0.04|0.01|0.8267|
|.|          5|          5|      12162|   -0.4254545455|         49|00:00:00|-0.04|0.01|0.8263|
|.|         28|          5|      12162|   -0.4295652174|         49|00:00:00|-0.04|0.01|0.8254|
|.|         14|          5|      12162|   -0.4250000000|         49|00:00:00|-0.04|0.00|0.8260|
|.|         17|          5|      12162|   -0.4304000000|         49|00:00:00|-0.04|0.01|0.8204|
|.|          4|          5|      12162|   -0.4246153846|         49|00:00:00|-0.03|0.01|0.8226|
|.|         20|          5|      12162|   -0.4237037037|         49|00:00:00|-0.03|0.00|0.8267|
|.|          6|          5|      12162|   -0.4185714286|         49|00:00:00|-0.04|0.00|0.8278|
|.|         19|          5|      12162|   -0.4206896552|         49|00:00:00|-0.03|0.00|0.8265|
|.|         25|          5|      12162|   -0.4186666667|         49|00:00:00|-0.03|0.00|0.8241|
|.|         12|          5|      12162|   -0.4193548387|         49|00:00:00|-0.03|0.00|0.8233|
|.|         11|          5|      12162|   -0.4175000000|         49|00:00:00|-0.03|0.00|0.8211|
|.|         39|          5|      12162|   -0.4181818182|         49|00:00:00|-0.03|0.00|0.8211|
|.|         21|          5|      12162|   -0.4164705882|         49|00:00:00|-0.03|0.00|0.8202|
|.|         35|          5|      12162|   -0.4148571429|         49|00:00:00|-0.03|0.00|0.8181|
|.|         41|          5|      12162|   -0.4177777778|         49|00:00:00|-0.02|0.00|0.8156|
|.|         37|          5|      12162|   -0.4151351351|         49|00:00:00|-0.02|0.01|0.8111|
|.|         38|          5|      12162|   -0.4210526316|         49|00:00:00|-0.02|0.01|0.8128|
|.|          1|          5|      12162|   -0.4215384615|         49|00:00:00|-0.02|0.00|0.8161|
|.|         31|          5|      12162|   -0.4190000000|         49|00:00:00|-0.02|0.00|0.8181|
|.|         18|          5|      12162|   -0.4165853659|         49|00:00:00|-0.02|0.00|0.8167|
|.|         33|          5|      12162|   -0.4142857143|         49|00:00:00|-0.02|0.00|0.8141|
+-+-----------+-----------+-----------+----------------+-----------+--------+-----+----+------+
Best-so-far configuration:        9681    mean value:    -0.4200000000
Description of the best-so-far configuration:
     .ID. t0 t1 a0   a1  a2   r0 r1   r2 std .PARENT.
9681 9681  2  9  1 1.95 1.3 0.42  0 0.99   1     6189

# 2022-11-25 04:51:51 CET: Elite configurations (first number is the configuration ID; listed from best to worst according to the sum of ranks):
      t0 t1   a0   a1   a2   r0   r1   r2 std
9681   2  9 1.00 1.95 1.30 0.42 0.00 0.99   1
11578  2  9 1.00 1.93 1.27 0.40 0.01 0.98   1
12187  2  9 1.00 1.93 1.30 0.40 0.01 0.98   1
12204  2  9 1.01 1.96 1.31 0.42 0.01 0.97   1
12162  2  9 1.02 1.95 1.42 0.37 0.01 0.97   1
# 2022-11-25 04:51:52 CET: Iteration 19 of 19
# experimentsUsedSoFar: 99873
# remainingBudget: 127
# currentBudget: 127
# nbConfigurations: 7
# Markers:
     x No test is performed.
     c Configurations are discarded only due to capping.
     - The test is performed and some configurations are discarded.
     = The test is performed but no configuration is discarded.
     ! The test is performed and configurations could be discarded but elite configurations are preserved.
     . All alive configurations are elite and nothing is discarded

+-+-----------+-----------+-----------+----------------+-----------+--------+-----+----+------+
| |   Instance|      Alive|       Best|       Mean best| Exp so far|  W time|  rho|KenW|  Qvar|
+-+-----------+-----------+-----------+----------------+-----------+--------+-----+----+------+
|x|         43|          7|      12204|   -0.4800000000|          7|00:00:36|   NA|  NA|    NA|
|x|         20|          7|      12204|   -0.4600000000|          9|00:00:34|+0.65|0.82|0.2125|
|x|         27|          7|      12204|   -0.4533333333|         11|00:00:35|+0.09|0.39|0.6514|
|x|         32|          7|      12162|   -0.5100000000|         13|00:00:35|-0.05|0.21|0.7926|
|=|          1|          7|      12204|   -0.4480000000|         15|00:00:35|-0.07|0.14|0.9033|
|=|         40|          7|      12204|   -0.4266666667|         17|00:00:35|-0.07|0.11|0.9120|
|=|         19|          7|      12204|   -0.4171428571|         19|00:00:35|-0.01|0.14|0.8332|
|=|         21|          7|       9681|   -0.4950000000|         21|00:00:35|-0.01|0.11|0.8301|
|=|         39|          7|      12204|   -0.4444444444|         23|00:00:35|+0.02|0.13|0.8176|
|=|         38|          7|      12204|   -0.4520000000|         25|00:00:35|+0.03|0.13|0.8101|
|=|         22|          7|      12204|   -0.4472727273|         27|00:00:34|+0.05|0.14|0.8036|
|=|         35|          7|      12204|   -0.4300000000|         29|00:00:34|+0.02|0.10|0.8230|
|=|         17|          7|      12162|   -0.4584615385|         31|00:00:35|+0.00|0.08|0.8369|
|=|         10|          7|      12162|   -0.4628571429|         33|00:00:34|+0.00|0.07|0.8367|
|=|         37|          7|      12162|   -0.4533333333|         35|00:00:35|+0.00|0.07|0.8340|
|=|         18|          7|      12162|   -0.4450000000|         37|00:00:34|+0.02|0.08|0.8239|
|=|         16|          7|      12162|   -0.4423529412|         39|00:00:34|+0.03|0.09|0.8096|
|=|          4|          7|      12162|   -0.4333333333|         41|00:00:34|+0.01|0.07|0.8308|
|=|          8|          7|      12162|   -0.4400000000|         43|00:00:34|+0.02|0.07|0.8238|
|=|         12|          7|      12162|   -0.4400000000|         45|00:00:34|+0.04|0.09|0.8041|
|=|         29|          7|      12162|   -0.4342857143|         47|00:00:34|+0.03|0.08|0.8133|
|=|         31|          7|       9681|   -0.4218181818|         49|00:00:34|+0.04|0.08|0.8106|
|=|         13|          7|       9681|   -0.4208695652|         51|00:00:34|+0.05|0.09|0.8108|
|-|         25|          5|       9681|   -0.4216666667|         53|00:00:34|-0.04|0.00|0.8247|
|.|         11|          5|       9681|   -0.4192000000|         53|00:00:00|-0.04|0.00|0.8250|
|.|         36|          5|       9681|   -0.4200000000|         53|00:00:00|-0.04|0.00|0.8265|
|.|         42|          5|       9681|   -0.4148148148|         53|00:00:00|-0.03|0.00|0.8262|
|.|         14|          5|       9681|   -0.4214285714|         53|00:00:00|-0.03|0.00|0.8214|
|.|         33|          5|       9681|   -0.4262068966|         53|00:00:00|-0.03|0.01|0.8151|
|.|          7|          5|       9681|   -0.4266666667|         53|00:00:00|-0.02|0.01|0.8127|
|.|         28|          5|       9681|   -0.4193548387|         53|00:00:00|-0.03|0.01|0.8184|
|.|         34|          5|       9681|   -0.4175000000|         53|00:00:00|-0.03|0.01|0.8151|
|.|         41|          5|       9681|   -0.4206060606|         53|00:00:00|-0.02|0.01|0.8115|
|.|         24|          5|       9681|   -0.4141176471|         53|00:00:00|-0.03|0.00|0.8141|
|.|         26|          5|       9681|   -0.4125714286|         53|00:00:00|-0.03|0.00|0.8158|
|.|          2|          5|       9681|   -0.4088888889|         53|00:00:00|-0.03|0.00|0.8165|
|.|         30|          5|       9681|   -0.4064864865|         53|00:00:00|-0.03|0.00|0.8171|
|.|          5|          5|       9681|   -0.4063157895|         53|00:00:00|-0.03|0.00|0.8176|
|.|         23|          5|       9681|   -0.4071794872|         53|00:00:00|-0.03|0.00|0.8172|
|.|         15|          5|       9681|   -0.4080000000|         53|00:00:00|-0.02|0.00|0.8144|
|.|          3|          5|       9681|   -0.4117073171|         53|00:00:00|-0.02|0.00|0.8144|
|.|          9|          5|       9681|   -0.4180952381|         53|00:00:00|-0.02|0.00|0.8120|
|.|          6|          5|       9681|   -0.4204651163|         53|00:00:00|-0.02|0.00|0.8123|
+-+-----------+-----------+-----------+----------------+-----------+--------+-----+----+------+
Best-so-far configuration:        9681    mean value:    -0.4204651163
Description of the best-so-far configuration:
     .ID. t0 t1 a0   a1  a2   r0 r1   r2 std .PARENT.
9681 9681  2  9  1 1.95 1.3 0.42  0 0.99   1     6189

# 2022-11-25 05:05:53 CET: Elite configurations (first number is the configuration ID; listed from best to worst according to the sum of ranks):
      t0 t1   a0   a1   a2   r0   r1   r2 std
9681   2  9 1.00 1.95 1.30 0.42 0.00 0.99   1
11578  2  9 1.00 1.93 1.27 0.40 0.01 0.98   1
12204  2  9 1.01 1.96 1.31 0.42 0.01 0.97   1
12162  2  9 1.02 1.95 1.42 0.37 0.01 0.97   1
12187  2  9 1.00 1.93 1.30 0.40 0.01 0.98   1
# 2022-11-25 05:05:53 CET: Iteration 20 of 20
# experimentsUsedSoFar: 99926
# remainingBudget: 74
# currentBudget: 74
# nbConfigurations: 6
# Markers:
     x No test is performed.
     c Configurations are discarded only due to capping.
     - The test is performed and some configurations are discarded.
     = The test is performed but no configuration is discarded.
     ! The test is performed and configurations could be discarded but elite configurations are preserved.
     . All alive configurations are elite and nothing is discarded

+-+-----------+-----------+-----------+----------------+-----------+--------+-----+----+------+
| |   Instance|      Alive|       Best|       Mean best| Exp so far|  W time|  rho|KenW|  Qvar|
+-+-----------+-----------+-----------+----------------+-----------+--------+-----+----+------+
|x|         44|          6|      11578|   -0.6000000000|          6|00:00:34|   NA|  NA|    NA|
|x|          3|          6|      12162|   -0.5400000000|          7|00:00:34|-0.31|0.34|0.9358|
|x|         27|          6|      12162|   -0.5733333333|          8|00:00:34|-0.01|0.32|0.6869|
|x|         39|          6|      12162|   -0.5400000000|          9|00:00:34|+0.11|0.33|0.6799|
|=|         36|          6|      12204|   -0.4720000000|         10|00:00:34|+0.15|0.32|0.6823|
|=|         38|          6|      12162|   -0.5266666667|         11|00:00:34|+0.18|0.31|0.6805|
|=|          9|          6|      12162|   -0.5428571429|         12|00:00:34|+0.11|0.24|0.7119|
|=|         26|          6|      12162|   -0.5250000000|         13|00:00:33|+0.15|0.26|0.6861|
|=|         33|          6|      12162|   -0.5022222222|         14|00:00:34|+0.15|0.24|0.6965|
|=|         29|          6|      12162|   -0.4840000000|         15|00:00:34|+0.13|0.21|0.7150|
|=|         35|          6|      12162|   -0.4727272727|         16|00:00:34|+0.06|0.15|0.7600|
|=|         41|          6|      12162|   -0.4766666667|         17|00:00:34|+0.05|0.13|0.7583|
|=|         25|          6|       9681|   -0.4430769231|         18|00:00:33|+0.04|0.11|0.7745|
|=|         24|          6|      11578|   -0.4514285714|         19|00:00:34|-0.00|0.07|0.8083|
|=|         11|          6|      11578|   -0.4613333333|         20|00:00:34|+0.03|0.09|0.7852|
|=|         42|          6|      11578|   -0.4500000000|         21|00:00:34|-0.01|0.06|0.8238|
|=|         23|          6|      11578|   -0.4470588235|         22|00:00:34|-0.03|0.03|0.8431|
|=|         20|          6|      11578|   -0.4466666667|         23|00:00:35|-0.04|0.02|0.8588|
|=|         21|          6|      11578|   -0.4378947368|         24|00:00:33|-0.03|0.03|0.8549|
|=|         31|          6|       9681|   -0.4260000000|         25|00:00:34|-0.02|0.03|0.8548|
|=|          8|          6|      11578|   -0.4438095238|         26|00:00:34|-0.01|0.04|0.8446|
|=|         34|          6|       9681|   -0.4254545455|         27|00:00:33|-0.01|0.04|0.8400|
|=|         19|          6|       9681|   -0.4330434783|         28|00:00:34|+0.01|0.05|0.8270|
|=|          1|          6|       9681|   -0.4316666667|         29|00:00:34|+0.01|0.06|0.8227|
|=|         43|          6|       9681|   -0.4320000000|         30|00:00:34|+0.02|0.06|0.8157|
|=|         16|          6|       9681|   -0.4292307692|         31|00:00:34|+0.00|0.04|0.8278|
|=|         15|          6|       9681|   -0.4296296296|         32|00:00:34|+0.01|0.05|0.8222|
|=|         32|          6|       9681|   -0.4300000000|         33|00:00:34|+0.02|0.06|0.8124|
|=|         12|          6|       9681|   -0.4331034483|         34|00:00:34|+0.03|0.06|0.8042|
|=|          7|          6|       9681|   -0.4333333333|         35|00:00:34|+0.03|0.06|0.8044|
|-|         40|          5|       9681|   -0.4400000000|         36|00:00:33|-0.02|0.02|0.8080|
|.|         22|          5|       9681|   -0.4325000000|         36|00:00:00|-0.02|0.01|0.8145|
|.|          2|          5|       9681|   -0.4278787879|         36|00:00:00|-0.03|0.01|0.8164|
|.|          4|          5|       9681|   -0.4223529412|         36|00:00:00|-0.03|0.00|0.8192|
|.|         13|          5|       9681|   -0.4217142857|         36|00:00:00|-0.02|0.01|0.8169|
|.|         14|          5|       9681|   -0.4266666667|         36|00:00:00|-0.02|0.01|0.8141|
|.|         10|          5|       9681|   -0.4281081081|         36|00:00:00|-0.02|0.00|0.8131|
|.|          6|          5|       9681|   -0.4305263158|         36|00:00:00|-0.02|0.01|0.8129|
|.|          5|          5|       9681|   -0.4297435897|         36|00:00:00|-0.02|0.00|0.8147|
|.|         18|          5|       9681|   -0.4310000000|         36|00:00:00|-0.02|0.01|0.8109|
|.|         30|          5|       9681|   -0.4282926829|         36|00:00:00|-0.02|0.01|0.8119|
|.|         37|          5|       9681|   -0.4276190476|         36|00:00:00|-0.02|0.01|0.8094|
|.|         28|          5|       9681|   -0.4223255814|         36|00:00:00|-0.02|0.00|0.8120|
|.|         17|          5|       9681|   -0.4181818182|         36|00:00:00|-0.02|0.00|0.8128|
+-+-----------+-----------+-----------+----------------+-----------+--------+-----+----+------+
Best-so-far configuration:       11578    mean value:    -0.4218181818
Description of the best-so-far configuration:
       .ID. t0 t1 a0   a1   a2  r0   r1   r2 std .PARENT.
11578 11578  2  9  1 1.93 1.27 0.4 0.01 0.98   1     9681

# 2022-11-25 05:23:40 CET: Elite configurations (first number is the configuration ID; listed from best to worst according to the sum of ranks):
      t0 t1   a0   a1   a2   r0   r1   r2 std
11578  2  9 1.00 1.93 1.27 0.40 0.01 0.98   1
9681   2  9 1.00 1.95 1.30 0.42 0.00 0.99   1
12204  2  9 1.01 1.96 1.31 0.42 0.01 0.97   1
12162  2  9 1.02 1.95 1.42 0.37 0.01 0.97   1
12187  2  9 1.00 1.93 1.30 0.40 0.01 0.98   1
# 2022-11-25 05:23:40 CET: Stopped because there is not enough budget left to race more than the minimum (5)
# You may either increase the budget or set 'minNbSurvival' to a lower value
# Iteration: 21
# nbIterations: 21
# experimentsUsedSoFar: 99962
# timeUsed: 0
# remainingBudget: 38
# currentBudget: 38
# number of elites: 5
# nbConfigurations: 5
# Total CPU user time: 83914.36, CPU sys time: 62753.74, Wall-clock time: 220707.7
# Best configurations (first number is the configuration ID; listed from best to worst according to the sum of ranks):
      t0 t1   a0   a1   a2   r0   r1   r2 std
11578  2  9 1.00 1.93 1.27 0.40 0.01 0.98   1
9681   2  9 1.00 1.95 1.30 0.42 0.00 0.99   1
12204  2  9 1.01 1.96 1.31 0.42 0.01 0.97   1
12162  2  9 1.02 1.95 1.42 0.37 0.01 0.97   1
12187  2  9 1.00 1.93 1.30 0.40 0.01 0.98   1
# Best configurations as commandlines (first number is the configuration ID; same order as above):
11578  --t0 2 --t1 9 --a0 1 --a1 1.93 --a2 1.27 --r0 0.4 --r1 0.01 --r2 0.98 --std 1
9681   --t0 2 --t1 9 --a0 1 --a1 1.95 --a2 1.3 --r0 0.42 --r1 0 --r2 0.99 --std 1
12204  --t0 2 --t1 9 --a0 1.01 --a1 1.96 --a2 1.31 --r0 0.42 --r1 0.01 --r2 0.97 --std 1
12162  --t0 2 --t1 9 --a0 1.02 --a1 1.95 --a2 1.42 --r0 0.37 --r1 0.01 --r2 0.97 --std 1
12187  --t0 2 --t1 9 --a0 1 --a1 1.93 --a2 1.3 --r0 0.4 --r1 0.01 --r2 0.98 --std 1


# Testing of elite configurations: 1 
# Testing iteration configurations: FALSE 
# 2022-11-25 05:23:40 CET: No test instances, skip testing
