#------------------------------------------------------------------------------
# irace: An implementation in R of (Elitist) Iterated Racing
# Version: 3.4.1.9fcaeaf
# Copyright (C) 2010-2020
# Manuel Lopez-Ibanez     <manuel.lopez-ibanez@manchester.ac.uk>
# Jeremie Dubois-Lacoste  
# Leslie Perez Caceres    <leslie.perez.caceres@ulb.ac.be>
#
# This is free software, and you are welcome to redistribute it under certain
# conditions.  See the GNU General Public License for details. There is NO
# WARRANTY; not even for MERCHANTABILITY or FITNESS FOR A PARTICULAR PURPOSE.
#
# irace builds upon previous code from the race package:
#     race: Racing methods for the selection of the best
#     Copyright (C) 2003 Mauro Birattari
#------------------------------------------------------------------------------
# installed at: /home/asion/r_libs/irace
# called with: --exec-dir=./ --parallel 30 --mpi 1 --scenario scenario.txt
# 4 expression(s) specifying forbidden configurations read from '/home/asion/swarm_aggregation/tuning1/forbidden.txt'
# 2022-11-25 10:26:42 CET: Initialization
# Elitist race
# Elitist new instances: 1
# Elitist limit: 2
# nbIterations: 5
# minNbSurvival: 5
# nbParameters: 9
# seed: 1721465326
# confidence level: 0.95
# budget: 1e+05
# mu: 5
# deterministic: FALSE

# 2022-11-25 10:26:42 CET: Iteration 1 of 5
# experimentsUsedSoFar: 0
# remainingBudget: 1e+05
# currentBudget: 20000
# nbConfigurations: 1024
# Markers:
     x No test is performed.
     c Configurations are discarded only due to capping.
     - The test is performed and some configurations are discarded.
     = The test is performed but no configuration is discarded.
     ! The test is performed and configurations could be discarded but elite configurations are preserved.
     . All alive configurations are elite and nothing is discarded

+-+-----------+-----------+-----------+---------------+-----------+--------+-----+----+------+
| |   Instance|      Alive|       Best|      Mean best| Exp so far|  W time|  rho|KenW|  Qvar|
+-+-----------+-----------+-----------+---------------+-----------+--------+-----+----+------+
|x|          1|       1024|        275|  -0.4000000000|       1024|01:38:29|   NA|  NA|    NA|
|x|          2|       1024|        387|  -0.2800000000|       2048|01:38:24|-0.03|0.49|1.0034|
|x|          3|       1024|        387|  -0.2666666667|       3072|01:38:40|+0.01|0.34|0.9771|
|x|          4|       1024|        387|  -0.2600000000|       4096|01:38:32|+0.04|0.28|0.9628|
|-|          5|        168|        387|  -0.2640000000|       5120|01:38:41|-0.13|0.09|1.1041|
|=|          6|        168|        387|  -0.2600000000|       5288|00:17:00|-0.08|0.10|1.0625|
|=|          7|        168|        387|  -0.2914285714|       5456|00:17:06|-0.05|0.10|1.0205|
+-+-----------+-----------+-----------+---------------+-----------+--------+-----+----+------+
Best-so-far configuration:         387    mean value:   -0.2914285714
Description of the best-so-far configuration:
    .ID. t0 t1   a0 a1   a2   r0   r1   r2 std .PARENT.
387  387  1  5 1.12  2 1.71 0.53 0.01 0.85   1       NA

# 2022-11-25 19:13:48 CET: Elite configurations (first number is the configuration ID; listed from best to worst according to the sum of ranks):
     t0 t1   a0   a1   a2   r0   r1   r2 std
387   1  5 1.12 2.00 1.71 0.53 0.01 0.85   1
22    1  2 1.25 1.90 1.88 0.12 0.32 0.15  10
1006  1  7 1.03 1.82 1.19 0.11 0.02 0.54   3
665   1  5 1.42 1.89 1.98 0.28 0.38 0.22  11
921   7  8 1.50 1.41 1.67 0.81 0.87 0.40  14
# 2022-11-25 19:13:48 CET: Iteration 2 of 5
# experimentsUsedSoFar: 5456
# remainingBudget: 94544
# currentBudget: 23636
# nbConfigurations: 1024
# Markers:
     x No test is performed.
     c Configurations are discarded only due to capping.
     - The test is performed and some configurations are discarded.
     = The test is performed but no configuration is discarded.
     ! The test is performed and configurations could be discarded but elite configurations are preserved.
     . All alive configurations are elite and nothing is discarded

+-+-----------+-----------+-----------+---------------+-----------+--------+-----+----+------+
| |   Instance|      Alive|       Best|      Mean best| Exp so far|  W time|  rho|KenW|  Qvar|
+-+-----------+-----------+-----------+---------------+-----------+--------+-----+----+------+
|x|          8|       1024|       1918|  -0.4400000000|       1024|01:38:50|   NA|  NA|    NA|
|x|          1|       1024|       1937|  -0.3600000000|       2043|01:38:45|+0.17|0.59|0.8275|
|x|          4|       1024|       1635|  -0.4000000000|       3062|01:38:30|+0.10|0.40|0.8888|
|x|          6|       1024|       1931|  -0.3000000000|       4081|01:38:39|+0.11|0.33|0.8699|
|-|          7|        204|       1341|  -0.3200000000|       5100|01:38:38|-0.08|0.14|1.0370|
|=|          2|        204|       1341|  -0.3200000000|       5299|00:20:08|-0.03|0.14|0.9958|
|=|          3|        204|       1341|  -0.3314285714|       5498|00:20:14|+0.01|0.15|0.9648|
|-|          5|         34|       1341|  -0.3200000000|       5697|00:20:01|-0.03|0.10|0.9812|
|=|          9|         34|       1341|  -0.3066666667|       5731|00:05:04|-0.02|0.09|0.9701|
|=|         10|         34|       1199|  -0.3240000000|       5765|00:05:05|-0.00|0.10|0.9619|
+-+-----------+-----------+-----------+---------------+-----------+--------+-----+----+------+
Best-so-far configuration:        1199    mean value:   -0.3240000000
Description of the best-so-far configuration:
     .ID. t0 t1   a0   a1   a2   r0   r1   r2 std .PARENT.
1199 1199  2  6 1.07 1.94 1.23 0.42 0.21 0.66   1     1006

# 2022-11-26 04:38:04 CET: Elite configurations (first number is the configuration ID; listed from best to worst according to the sum of ranks):
     t0 t1   a0   a1   a2   r0   r1   r2 std
1199  2  6 1.07 1.94 1.23 0.42 0.21 0.66   1
1341  2  6 1.21 1.93 1.68 0.34 0.09 0.73   1
387   1  5 1.12 2.00 1.71 0.53 0.01 0.85   1
1620  1  5 1.28 1.88 1.69 0.16 0.21 0.85   1
1944  2  8 1.06 1.73 1.92 0.33 0.14 0.48   1
# 2022-11-26 04:38:04 CET: Iteration 3 of 5
# experimentsUsedSoFar: 11221
# remainingBudget: 88779
# currentBudget: 29593
# nbConfigurations: 1024
# Markers:
     x No test is performed.
     c Configurations are discarded only due to capping.
     - The test is performed and some configurations are discarded.
     = The test is performed but no configuration is discarded.
     ! The test is performed and configurations could be discarded but elite configurations are preserved.
     . All alive configurations are elite and nothing is discarded

+-+-----------+-----------+-----------+---------------+-----------+--------+-----+----+------+
| |   Instance|      Alive|       Best|      Mean best| Exp so far|  W time|  rho|KenW|  Qvar|
+-+-----------+-----------+-----------+---------------+-----------+--------+-----+----+------+
|x|         11|       1024|       2638|  -0.6000000000|       1024|01:40:05|   NA|  NA|    NA|
|x|         10|       1024|       2428|  -0.5000000000|       2043|01:40:05|+0.25|0.63|0.7637|
|x|          3|       1024|       1199|  -0.4266666667|       3062|01:39:53|+0.24|0.49|0.7735|
|x|          1|       1024|       1199|  -0.4200000000|       4081|01:39:53|+0.22|0.41|0.7817|
|-|          5|        198|       1199|  -0.4080000000|       5100|01:39:46|-0.07|0.14|1.0366|
|=|          4|        198|       1199|  -0.3733333333|       5293|00:20:30|-0.05|0.13|1.0186|
|=|          8|        198|       2500|  -0.3714285714|       5486|00:20:18|-0.03|0.12|0.9965|
|=|          7|        198|       2500|  -0.3600000000|       5679|00:20:23|-0.01|0.12|0.9851|
|=|          2|        198|       1199|  -0.3422222222|       5872|00:20:26|+0.01|0.12|0.9713|
|=|          9|        198|       1199|  -0.3480000000|       6065|00:20:04|+0.02|0.11|0.9652|
|-|          6|         55|       2764|  -0.3527272727|       6258|00:20:21|-0.05|0.04|1.0251|
|=|         12|         55|       2764|  -0.3500000000|       6313|00:06:00|-0.03|0.05|1.0068|
|=|         13|         55|       2764|  -0.3353846154|       6368|00:06:02|-0.03|0.05|1.0023|
+-+-----------+-----------+-----------+---------------+-----------+--------+-----+----+------+
Best-so-far configuration:        2764    mean value:   -0.3353846154
Description of the best-so-far configuration:
     .ID. t0 t1   a0   a1  a2   r0   r1   r2 std .PARENT.
2764 2764  2  6 1.04 1.94 1.2 0.34 0.25 0.56   1     1199

# 2022-11-26 15:12:11 CET: Elite configurations (first number is the configuration ID; listed from best to worst according to the sum of ranks):
     t0 t1   a0   a1   a2   r0   r1   r2 std
2764  2  6 1.04 1.94 1.20 0.34 0.25 0.56   1
2461  2  6 1.00 1.85 1.79 0.33 0.24 0.94   1
1199  2  6 1.07 1.94 1.23 0.42 0.21 0.66   1
2428  1  7 1.15 1.94 1.75 0.39 0.06 0.73   1
2500  2  6 1.26 1.96 1.72 0.49 0.11 0.64   1
# 2022-11-26 15:12:12 CET: Iteration 4 of 5
# experimentsUsedSoFar: 17589
# remainingBudget: 82411
# currentBudget: 41205
# nbConfigurations: 1024
# Markers:
     x No test is performed.
     c Configurations are discarded only due to capping.
     - The test is performed and some configurations are discarded.
     = The test is performed but no configuration is discarded.
     ! The test is performed and configurations could be discarded but elite configurations are preserved.
     . All alive configurations are elite and nothing is discarded

+-+-----------+-----------+-----------+---------------+-----------+--------+-----+----+------+
| |   Instance|      Alive|       Best|      Mean best| Exp so far|  W time|  rho|KenW|  Qvar|
+-+-----------+-----------+-----------+---------------+-----------+--------+-----+----+------+
|x|         14|       1024|       3765|  -0.6400000000|       1024|01:40:58|   NA|  NA|    NA|
|x|          7|       1024|       3863|  -0.5200000000|       2043|01:40:56|+0.13|0.57|0.8835|
|x|          1|       1024|       3985|  -0.4133333333|       3062|01:40:33|+0.15|0.43|0.8679|
|x|         13|       1024|       3985|  -0.4400000000|       4081|01:40:35|+0.15|0.36|0.8570|
|-|         10|        223|       3985|  -0.4320000000|       5100|01:40:38|-0.12|0.10|1.0908|
|=|         11|        223|       3985|  -0.4133333333|       5318|00:22:56|-0.08|0.10|1.0571|
|=|         12|        223|       3890|  -0.4057142857|       5536|00:22:51|-0.04|0.11|1.0304|
|=|          3|        223|       3985|  -0.3850000000|       5754|00:23:07|-0.02|0.11|1.0117|
|=|          9|        223|       3251|  -0.3911111111|       5972|00:23:05|-0.01|0.11|0.9977|
|=|          4|        223|       3251|  -0.3920000000|       6190|00:23:07|+0.00|0.10|0.9933|
|=|          5|        223|       3251|  -0.3854545455|       6408|00:22:51|+0.00|0.09|0.9913|
|=|          6|        223|       3251|  -0.3766666667|       6626|00:23:11|+0.01|0.09|0.9873|
|-|          2|         76|       3985|  -0.3538461538|       6844|00:22:53|-0.05|0.03|1.0246|
|=|          8|         76|       3985|  -0.3542857143|       6915|00:08:30|-0.04|0.04|1.0179|
|=|         15|         76|       3251|  -0.3600000000|       6991|00:08:39|-0.03|0.04|1.0129|
+-+-----------+-----------+-----------+---------------+-----------+--------+-----+----+------+
Best-so-far configuration:        3251    mean value:   -0.3600000000
Description of the best-so-far configuration:
     .ID. t0 t1   a0   a1   a2   r0   r1   r2 std .PARENT.
3251 3251  2  6 1.02 1.91 1.79 0.36 0.16 0.95   1     2461

# 2022-11-27 02:57:25 CET: Elite configurations (first number is the configuration ID; listed from best to worst according to the sum of ranks):
     t0 t1   a0   a1   a2   r0   r1   r2 std
3251  2  6 1.02 1.91 1.79 0.36 0.16 0.95   1
3985  2  6 1.01 1.91 1.75 0.31 0.31 0.95   1
2764  2  6 1.04 1.94 1.20 0.34 0.25 0.56   1
3302  2  7 1.17 1.93 1.75 0.37 0.07 0.70   1
3454  2  6 1.04 1.85 1.79 0.29 0.29 0.92   1
# 2022-11-27 02:57:26 CET: Iteration 5 of 5
# experimentsUsedSoFar: 24580
# remainingBudget: 75420
# currentBudget: 75420
# nbConfigurations: 1024
# Markers:
     x No test is performed.
     c Configurations are discarded only due to capping.
     - The test is performed and some configurations are discarded.
     = The test is performed but no configuration is discarded.
     ! The test is performed and configurations could be discarded but elite configurations are preserved.
     . All alive configurations are elite and nothing is discarded

+-+-----------+-----------+-----------+---------------+-----------+--------+-----+----+------+
| |   Instance|      Alive|       Best|      Mean best| Exp so far|  W time|  rho|KenW|  Qvar|
+-+-----------+-----------+-----------+---------------+-----------+--------+-----+----+------+
|x|         16|       1024|       4456|  -0.6400000000|       1024|01:41:07|   NA|  NA|    NA|
|x|          8|       1024|       4347|  -0.5800000000|       2043|01:40:16|+0.24|0.62|0.8011|
|x|          2|       1024|       4519|  -0.4666666667|       3062|01:40:20|+0.23|0.49|0.8258|
|x|          7|       1024|       4749|  -0.4100000000|       4081|01:40:40|+0.24|0.43|0.8022|
|-|          5|        329|       4648|  -0.4560000000|       5100|01:40:15|-0.11|0.11|1.0885|
|=|         14|        329|       4648|  -0.4466666667|       5424|00:32:51|-0.05|0.12|1.0412|
|=|         11|        329|       4387|  -0.4000000000|       5748|00:32:47|-0.03|0.12|1.0300|
|=|         12|        329|       4586|  -0.3700000000|       6072|00:32:42|-0.02|0.11|1.0175|
|=|          1|        329|       4387|  -0.3733333333|       6396|00:32:42|-0.01|0.10|1.0066|
|=|         15|        329|       4387|  -0.3720000000|       6720|00:32:42|-0.00|0.10|0.9997|
|=|          6|        329|       4387|  -0.4145454545|       7044|00:32:57|+0.01|0.10|0.9866|
|-|         13|        111|       4387|  -0.4033333333|       7368|00:32:46|-0.06|0.03|1.0427|
|=|          3|        111|       4387|  -0.4030769231|       7474|00:11:47|-0.04|0.04|1.0318|
|=|         10|        111|       3985|  -0.3657142857|       7580|00:11:47|-0.04|0.03|1.0294|
|=|          9|        111|       3985|  -0.3546666667|       7686|00:11:39|-0.03|0.04|1.0200|
|=|          4|        111|       3251|  -0.3550000000|       7792|00:11:53|-0.03|0.04|1.0157|
|=|         17|        111|       3251|  -0.3576470588|       7903|00:11:56|-0.02|0.04|1.0123|
+-+-----------+-----------+-----------+---------------+-----------+--------+-----+----+------+
Best-so-far configuration:        3251    mean value:   -0.3576470588
Description of the best-so-far configuration:
     .ID. t0 t1   a0   a1   a2   r0   r1   r2 std .PARENT.
3251 3251  2  6 1.02 1.91 1.79 0.36 0.16 0.95   1     2461

# 2022-11-27 16:09:10 CET: Elite configurations (first number is the configuration ID; listed from best to worst according to the sum of ranks):
     t0 t1   a0   a1   a2   r0   r1   r2 std
3251  2  6 1.02 1.91 1.79 0.36 0.16 0.95   1
4827  2  7 1.18 1.98 1.74 0.36 0.05 0.70   1
4332  2  6 1.03 1.90 1.76 0.32 0.29 0.95   1
4387  2  7 1.15 1.90 1.71 0.38 0.07 0.70   1
3985  2  6 1.01 1.91 1.75 0.31 0.31 0.95   1
# 2022-11-27 16:09:10 CET: Iteration 6 of 6
# experimentsUsedSoFar: 32483
# remainingBudget: 67517
# currentBudget: 67517
# nbConfigurations: 1024
# Markers:
     x No test is performed.
     c Configurations are discarded only due to capping.
     - The test is performed and some configurations are discarded.
     = The test is performed but no configuration is discarded.
     ! The test is performed and configurations could be discarded but elite configurations are preserved.
     . All alive configurations are elite and nothing is discarded

+-+-----------+-----------+-----------+---------------+-----------+--------+-----+----+------+
| |   Instance|      Alive|       Best|      Mean best| Exp so far|  W time|  rho|KenW|  Qvar|
+-+-----------+-----------+-----------+---------------+-----------+--------+-----+----+------+
|x|         18|       1024|       5143|  -0.6000000000|       1024|01:41:05|   NA|  NA|    NA|
|x|         13|       1024|       5558|  -0.5600000000|       2043|01:40:56|+0.24|0.62|0.8052|
|x|         14|       1024|       5720|  -0.4533333333|       3062|01:40:44|+0.20|0.46|0.8254|
|x|          7|       1024|       3985|  -0.4300000000|       4081|01:40:31|+0.20|0.40|0.8089|
|-|          2|        322|       3985|  -0.4160000000|       5100|01:40:31|-0.11|0.11|1.0806|
|=|         16|        322|       5161|  -0.4333333333|       5417|00:32:31|-0.06|0.12|1.0367|
|=|          1|        322|       3985|  -0.4000000000|       5734|00:32:37|-0.03|0.11|1.0152|
|=|          8|        322|       3985|  -0.3950000000|       6051|00:32:21|-0.02|0.11|1.0021|
|=|          6|        322|       3985|  -0.3866666667|       6368|00:32:32|+0.00|0.11|0.9869|
|=|          4|        322|       3985|  -0.3720000000|       6685|00:32:39|+0.01|0.11|0.9832|
|=|         10|        322|       3985|  -0.3745454545|       7002|00:32:32|+0.01|0.10|0.9785|
|-|          3|         89|       3985|  -0.3766666667|       7319|00:32:22|-0.05|0.04|1.0301|
|=|         15|         89|       6031|  -0.3846153846|       7403|00:08:58|-0.04|0.04|1.0226|
|=|          9|         89|       5161|  -0.3885714286|       7487|00:08:56|-0.02|0.05|1.0135|
|=|         17|         89|       5161|  -0.3813333333|       7571|00:08:51|-0.02|0.05|1.0069|
|=|         12|         89|       5161|  -0.3800000000|       7655|00:08:55|-0.02|0.04|1.0077|
|=|          5|         89|       5161|  -0.3741176471|       7739|00:08:57|-0.02|0.04|1.0051|
|=|         11|         89|       5161|  -0.3666666667|       7823|00:09:00|-0.02|0.04|1.0094|
|=|         19|         89|       5161|  -0.3705263158|       7912|00:09:05|-0.02|0.04|1.0047|
+-+-----------+-----------+-----------+---------------+-----------+--------+-----+----+------+
Best-so-far configuration:        5161    mean value:   -0.3705263158
Description of the best-so-far configuration:
     .ID. t0 t1  a0   a1  a2   r0   r1   r2 std .PARENT.
5161 5161  2  8 1.1 1.98 1.7 0.38 0.02 0.75   1     4827

# 2022-11-28 05:23:50 CET: Elite configurations (first number is the configuration ID; listed from best to worst according to the sum of ranks):
     t0 t1   a0   a1   a2   r0   r1   r2 std
5161  2  8 1.10 1.98 1.70 0.38 0.02 0.75   1
6031  2  6 1.11 1.97 1.76 0.37 0.15 0.64   1
5903  2  7 1.13 1.97 1.79 0.34 0.02 0.61   1
5539  2  7 1.07 1.92 1.70 0.36 0.00 0.69   1
5243  2  7 1.14 1.92 1.76 0.33 0.07 0.82   1
# 2022-11-28 05:23:50 CET: Iteration 7 of 7
# experimentsUsedSoFar: 40395
# remainingBudget: 59605
# currentBudget: 59605
# nbConfigurations: 1024
# Markers:
     x No test is performed.
     c Configurations are discarded only due to capping.
     - The test is performed and some configurations are discarded.
     = The test is performed but no configuration is discarded.
     ! The test is performed and configurations could be discarded but elite configurations are preserved.
     . All alive configurations are elite and nothing is discarded

+-+-----------+-----------+-----------+---------------+-----------+--------+-----+----+------+
| |   Instance|      Alive|       Best|      Mean best| Exp so far|  W time|  rho|KenW|  Qvar|
+-+-----------+-----------+-----------+---------------+-----------+--------+-----+----+------+
|x|         20|       1024|       6910|  -0.7600000000|       1024|01:41:40|   NA|  NA|    NA|
|x|          7|       1024|       6645|  -0.6400000000|       2043|01:41:04|+0.21|0.61|0.8045|
|x|         15|       1024|       6892|  -0.5466666667|       3062|01:40:54|+0.20|0.47|0.8329|
|x|         10|       1024|       6892|  -0.5800000000|       4081|01:41:15|+0.21|0.41|0.8136|
|-|         18|        322|       6892|  -0.5280000000|       5100|01:41:05|-0.11|0.11|1.0889|
|=|         12|        322|       6892|  -0.5133333333|       5417|00:32:14|-0.06|0.11|1.0510|
|=|          1|        322|       6983|  -0.4628571429|       5734|00:32:53|-0.04|0.11|1.0296|
|=|          9|        322|       6983|  -0.4700000000|       6051|00:32:54|-0.02|0.11|1.0116|
|=|          6|        322|       6983|  -0.4711111111|       6368|00:32:36|-0.00|0.11|0.9997|
|=|         17|        322|       6983|  -0.4600000000|       6685|00:32:31|-0.00|0.10|0.9965|
|=|         14|        322|       6983|  -0.4618181818|       7002|00:32:40|+0.01|0.10|0.9909|
|=|         13|        322|       6983|  -0.4400000000|       7319|00:32:44|+0.01|0.09|0.9879|
|-|         19|         90|       6983|  -0.4369230769|       7636|00:32:43|-0.05|0.03|1.0432|
|=|         16|         90|       6892|  -0.4457142857|       7721|00:09:00|-0.05|0.03|1.0364|
|=|          4|         90|       6892|  -0.4373333333|       7806|00:09:01|-0.04|0.03|1.0304|
|=|          8|         90|       6892|  -0.4400000000|       7891|00:08:59|-0.03|0.03|1.0231|
|=|          2|         90|       6892|  -0.4329411765|       7976|00:09:04|-0.03|0.03|1.0199|
|=|          3|         90|       6892|  -0.4355555556|       8061|00:09:02|-0.03|0.03|1.0165|
|=|         11|         90|       6892|  -0.4357894737|       8146|00:09:00|-0.02|0.03|1.0112|
|=|          5|         90|       6892|  -0.4320000000|       8231|00:08:59|-0.02|0.03|1.0044|
|=|         21|         90|       6892|  -0.4266666667|       8321|00:09:04|-0.01|0.03|1.0010|
+-+-----------+-----------+-----------+---------------+-----------+--------+-----+----+------+
Best-so-far configuration:        6892    mean value:   -0.4266666667
Description of the best-so-far configuration:
     .ID. t0 t1   a0   a1   a2   r0   r1   r2 std .PARENT.
6892 6892  2  8 1.09 1.97 1.72 0.36 0.02 0.72   1     5161

# 2022-11-28 19:23:49 CET: Elite configurations (first number is the configuration ID; listed from best to worst according to the sum of ranks):
     t0 t1   a0   a1   a2   r0   r1   r2 std
6892  2  8 1.09 1.97 1.72 0.36 0.02 0.72   1
6983  2  8 1.09 1.94 1.72 0.35 0.02 0.74   1
6545  2  7 1.07 1.93 1.70 0.34 0.02 0.68   1
6570  2  8 1.07 1.96 1.69 0.37 0.03 0.79   1
6396  2  8 1.04 1.97 1.71 0.37 0.02 0.74   1
# 2022-11-28 19:23:49 CET: Iteration 8 of 8
# experimentsUsedSoFar: 48716
# remainingBudget: 51284
# currentBudget: 51284
# nbConfigurations: 1024
# Markers:
     x No test is performed.
     c Configurations are discarded only due to capping.
     - The test is performed and some configurations are discarded.
     = The test is performed but no configuration is discarded.
     ! The test is performed and configurations could be discarded but elite configurations are preserved.
     . All alive configurations are elite and nothing is discarded

+-+-----------+-----------+-----------+---------------+-----------+--------+-----+----+------+
| |   Instance|      Alive|       Best|      Mean best| Exp so far|  W time|  rho|KenW|  Qvar|
+-+-----------+-----------+-----------+---------------+-----------+--------+-----+----+------+
|x|         22|       1024|       7593|  -0.7600000000|       1024|01:41:22|   NA|  NA|    NA|
|x|          4|       1024|       7759|  -0.6000000000|       2043|01:40:56|+0.17|0.59|0.8317|
|x|          9|       1024|       7860|  -0.5333333333|       3062|01:40:47|+0.20|0.47|0.8009|
|x|         18|       1024|       7969|  -0.5900000000|       4081|01:40:43|+0.20|0.40|0.8154|
|-|         10|        265|       7969|  -0.5520000000|       5100|01:40:49|-0.12|0.11|1.0962|
|=|         21|        265|       7969|  -0.5200000000|       5360|00:26:43|-0.07|0.11|1.0568|
|=|         12|        265|       7969|  -0.5028571429|       5620|00:26:29|-0.05|0.10|1.0346|
|=|          8|        265|       7969|  -0.5000000000|       5880|00:26:47|-0.02|0.11|1.0125|
|=|         15|        265|       7969|  -0.4844444444|       6140|00:26:39|-0.00|0.11|0.9964|
|=|         13|        265|       7969|  -0.4800000000|       6400|00:26:41|+0.01|0.11|0.9863|
|-|          2|         51|       7969|  -0.4763636364|       6660|00:26:48|-0.04|0.05|1.0221|
|=|         14|         51|       7969|  -0.4700000000|       6706|00:05:46|-0.03|0.06|1.0118|
|=|          1|         51|       7969|  -0.4676923077|       6752|00:05:45|-0.02|0.06|1.0054|
|=|         16|         51|       7969|  -0.4457142857|       6798|00:05:49|-0.02|0.06|0.9993|
|=|         20|         51|       8149|  -0.4533333333|       6844|00:05:43|-0.01|0.06|0.9915|
|=|          6|         51|       7827|  -0.4400000000|       6890|00:05:54|-0.01|0.05|0.9913|
|=|         19|         51|       7827|  -0.4423529412|       6936|00:05:58|-0.01|0.05|0.9859|
|=|         11|         51|       7827|  -0.4511111111|       6982|00:05:44|-0.00|0.05|0.9782|
|=|          5|         51|       7827|  -0.4378947368|       7028|00:05:53|-0.00|0.05|0.9773|
|=|         17|         51|       7827|  -0.4340000000|       7074|00:05:49|-0.00|0.05|0.9800|
|=|          7|         51|       7827|  -0.4304761905|       7120|00:05:47|+0.00|0.05|0.9725|
|=|          3|         51|       7827|  -0.4327272727|       7166|00:05:55|+0.01|0.05|0.9683|
|=|         23|         51|       7827|  -0.4313043478|       7217|00:05:57|+0.01|0.05|0.9707|
+-+-----------+-----------+-----------+---------------+-----------+--------+-----+----+------+
Best-so-far configuration:        7827    mean value:   -0.4313043478
Description of the best-so-far configuration:
     .ID. t0 t1   a0   a1  a2   r0   r1   r2 std .PARENT.
7827 7827  2  8 1.09 1.99 1.7 0.37 0.01 0.79   1     6396

# 2022-11-29 07:39:11 CET: Elite configurations (first number is the configuration ID; listed from best to worst according to the sum of ranks):
     t0 t1   a0   a1   a2   r0   r1   r2 std
7827  2  8 1.09 1.99 1.70 0.37 0.01 0.79   1
7759  2  8 1.04 1.94 1.70 0.35 0.05 0.85   1
6892  2  8 1.09 1.97 1.72 0.36 0.02 0.72   1
7792  2  9 1.02 1.99 1.66 0.38 0.03 0.73   1
8149  2  9 1.00 1.93 1.87 0.39 0.05 0.74   1
# 2022-11-29 07:39:12 CET: Iteration 9 of 9
# experimentsUsedSoFar: 55933
# remainingBudget: 44067
# currentBudget: 44067
# nbConfigurations: 1024
# Markers:
     x No test is performed.
     c Configurations are discarded only due to capping.
     - The test is performed and some configurations are discarded.
     = The test is performed but no configuration is discarded.
     ! The test is performed and configurations could be discarded but elite configurations are preserved.
     . All alive configurations are elite and nothing is discarded

+-+-----------+-----------+-----------+---------------+-----------+--------+-----+----+------+
| |   Instance|      Alive|       Best|      Mean best| Exp so far|  W time|  rho|KenW|  Qvar|
+-+-----------+-----------+-----------+---------------+-----------+--------+-----+----+------+
|x|         24|       1024|       9113|  -0.8000000000|       1024|01:40:42|   NA|  NA|    NA|
|x|         21|       1024|       9098|  -0.6200000000|       2043|01:40:42|+0.39|0.69|0.6645|
|x|         12|       1024|       8744|  -0.5866666667|       3062|01:40:17|+0.40|0.60|0.6522|
|x|          9|       1024|       8221|  -0.5200000000|       4081|01:40:04|+0.40|0.55|0.6481|
|-|         19|        258|       9171|  -0.5520000000|       5100|01:40:16|-0.08|0.14|1.0527|
|=|         23|        258|       9171|  -0.5266666667|       5353|00:26:21|-0.05|0.12|1.0367|
|=|         15|        258|       9171|  -0.5028571429|       5606|00:26:31|-0.03|0.11|1.0223|
|=|          3|        258|       9171|  -0.4900000000|       5859|00:26:39|-0.03|0.10|1.0171|
|=|          6|        258|       8227|  -0.4533333333|       6112|00:26:23|-0.02|0.09|1.0149|
|=|          4|        258|       7827|  -0.4480000000|       6365|00:26:38|-0.00|0.10|0.9982|
|=|         14|        258|       7827|  -0.4436363636|       6618|00:26:27|+0.00|0.09|0.9960|
|=|         10|        258|       7827|  -0.4533333333|       6871|00:26:29|+0.01|0.09|0.9909|
|=|          5|        258|       8548|  -0.4461538462|       7124|00:26:27|+0.01|0.09|0.9887|
|-|         18|        111|       9005|  -0.4628571429|       7377|00:26:27|-0.04|0.03|1.0285|
|=|         16|        111|       8385|  -0.4373333333|       7483|00:11:42|-0.03|0.04|1.0201|
|=|         22|        111|       8548|  -0.4300000000|       7589|00:11:47|-0.03|0.03|1.0194|
|=|         17|        111|       8790|  -0.4517647059|       7695|00:11:39|-0.03|0.03|1.0123|
|=|         11|        111|       8790|  -0.4488888889|       7801|00:11:54|-0.02|0.03|1.0107|
|=|         20|        111|       8790|  -0.4505263158|       7907|00:11:40|-0.02|0.03|1.0077|
|=|          7|        111|       7827|  -0.4300000000|       8013|00:11:35|-0.02|0.03|1.0048|
|=|          8|        111|       7827|  -0.4380952381|       8119|00:11:37|-0.01|0.03|1.0042|
|=|          1|        111|       7827|  -0.4345454545|       8225|00:11:47|-0.01|0.03|1.0005|
|=|          2|        111|       8867|  -0.4347826087|       8331|00:11:42|-0.01|0.04|0.9991|
|=|         13|        111|       7827|  -0.4350000000|       8437|00:11:48|-0.01|0.04|0.9969|
|=|         25|        111|       7827|  -0.4368000000|       8548|00:11:53|-0.01|0.03|0.9971|
+-+-----------+-----------+-----------+---------------+-----------+--------+-----+----+------+
Best-so-far configuration:        7827    mean value:   -0.4368000000
Description of the best-so-far configuration:
     .ID. t0 t1   a0   a1  a2   r0   r1   r2 std .PARENT.
7827 7827  2  8 1.09 1.99 1.7 0.37 0.01 0.79   1     6396

# 2022-11-29 22:09:19 CET: Elite configurations (first number is the configuration ID; listed from best to worst according to the sum of ranks):
     t0 t1   a0   a1   a2   r0   r1   r2 std
7827  2  8 1.09 1.99 1.70 0.37 0.01 0.79   1
8867  2  9 1.02 1.96 1.90 0.41 0.04 0.77   1
7759  2  8 1.04 1.94 1.70 0.35 0.05 0.85   1
8832  2  9 1.01 1.90 1.91 0.42 0.04 0.74   1
8564  2  9 1.02 1.99 1.65 0.36 0.01 0.70   1
# 2022-11-29 22:09:19 CET: Iteration 10 of 10
# experimentsUsedSoFar: 64481
# remainingBudget: 35519
# currentBudget: 35519
# nbConfigurations: 1024
# Markers:
     x No test is performed.
     c Configurations are discarded only due to capping.
     - The test is performed and some configurations are discarded.
     = The test is performed but no configuration is discarded.
     ! The test is performed and configurations could be discarded but elite configurations are preserved.
     . All alive configurations are elite and nothing is discarded

+-+-----------+-----------+-----------+---------------+-----------+--------+-----+----+------+
| |   Instance|      Alive|       Best|      Mean best| Exp so far|  W time|  rho|KenW|  Qvar|
+-+-----------+-----------+-----------+---------------+-----------+--------+-----+----+------+
|x|         26|       1024|       9309|  -0.8400000000|       1024|01:41:12|   NA|  NA|    NA|
|x|          4|       1024|       9309|  -0.7400000000|       2043|01:41:04|+0.18|0.59|0.8571|
|x|         15|       1024|      10167|  -0.4933333333|       3062|01:41:02|+0.18|0.45|0.8483|
|x|          1|       1024|       7759|  -0.5500000000|       4081|01:40:41|+0.16|0.37|0.8505|
|-|         12|        357|       9564|  -0.4880000000|       5100|01:40:42|-0.12|0.11|1.0838|
|=|         20|        357|       9564|  -0.5066666667|       5452|00:35:43|-0.07|0.11|1.0397|
|=|         24|        357|       9564|  -0.4857142857|       5804|00:35:37|-0.04|0.11|1.0191|
|=|         19|        357|       9564|  -0.4700000000|       6156|00:35:44|-0.03|0.10|1.0064|
|=|         13|        357|       9564|  -0.4488888889|       6508|00:35:38|-0.01|0.10|0.9973|
|=|          3|        357|       9547|  -0.4800000000|       6860|00:35:43|-0.00|0.10|0.9848|
|=|         21|        357|       9743|  -0.4581818182|       7212|00:35:34|+0.01|0.10|0.9757|
|-|          8|        151|       9564|  -0.4600000000|       7564|00:35:42|-0.05|0.04|1.0285|
|=|          5|        151|       9564|  -0.4615384615|       7710|00:15:05|-0.04|0.04|1.0163|
|=|          7|        151|       9564|  -0.4685714286|       7856|00:15:06|-0.03|0.04|1.0102|
|=|         11|        151|       7759|  -0.4666666667|       8002|00:14:58|-0.02|0.05|1.0018|
|=|          9|        151|       7759|  -0.4575000000|       8148|00:15:04|-0.01|0.05|0.9985|
|=|         23|        151|       7759|  -0.4517647059|       8294|00:15:00|-0.01|0.05|0.9928|
|=|         17|        151|       7759|  -0.4533333333|       8440|00:14:59|-0.01|0.05|0.9915|
|=|          6|        151|       7759|  -0.4484210526|       8586|00:14:57|-0.01|0.05|0.9914|
|=|         14|        151|       7759|  -0.4460000000|       8732|00:15:00|-0.00|0.05|0.9874|
|=|         22|        151|       7759|  -0.4552380952|       8878|00:15:02|+0.00|0.05|0.9837|
|=|         10|        151|       7759|  -0.4545454545|       9024|00:15:00|+0.01|0.05|0.9797|
|-|         16|         47|       7759|  -0.4486956522|       9170|00:15:09|-0.02|0.02|0.9976|
|=|          2|         47|       7759|  -0.4483333333|       9212|00:05:16|-0.02|0.02|0.9940|
|=|         25|         47|       7827|  -0.4384000000|       9254|00:05:43|-0.02|0.02|0.9922|
|=|         18|         47|       8867|  -0.4230769231|       9296|00:05:38|-0.02|0.02|0.9909|
|=|         27|         47|       7827|  -0.4281481481|       9343|00:05:51|-0.01|0.03|0.9880|
+-+-----------+-----------+-----------+---------------+-----------+--------+-----+----+------+
Best-so-far configuration:        7827    mean value:   -0.4281481481
Description of the best-so-far configuration:
     .ID. t0 t1   a0   a1  a2   r0   r1   r2 std .PARENT.
7827 7827  2  8 1.09 1.99 1.7 0.37 0.01 0.79   1     6396

# 2022-11-30 13:52:08 CET: Elite configurations (first number is the configuration ID; listed from best to worst according to the sum of ranks):
     t0 t1   a0   a1   a2   r0   r1   r2 std
7827  2  8 1.09 1.99 1.70 0.37 0.01 0.79   1
7759  2  8 1.04 1.94 1.70 0.35 0.05 0.85   1
8564  2  9 1.02 1.99 1.65 0.36 0.01 0.70   1
8867  2  9 1.02 1.96 1.90 0.41 0.04 0.77   1
9843  2 10 1.00 1.91 1.89 0.44 0.04 0.68   1
# 2022-11-30 13:52:08 CET: Iteration 11 of 11
# experimentsUsedSoFar: 73824
# remainingBudget: 26176
# currentBudget: 26176
# nbConfigurations: 939
# Markers:
     x No test is performed.
     c Configurations are discarded only due to capping.
     - The test is performed and some configurations are discarded.
     = The test is performed but no configuration is discarded.
     ! The test is performed and configurations could be discarded but elite configurations are preserved.
     . All alive configurations are elite and nothing is discarded

+-+-----------+-----------+-----------+---------------+-----------+--------+-----+----+------+
| |   Instance|      Alive|       Best|      Mean best| Exp so far|  W time|  rho|KenW|  Qvar|
+-+-----------+-----------+-----------+---------------+-----------+--------+-----+----+------+
|x|         28|        939|      10341|  -0.6800000000|        939|01:31:58|   NA|  NA|    NA|
|x|          1|        939|      10735|  -0.5800000000|       1873|01:31:47|+0.41|0.70|0.6340|
|x|          7|        939|      11111|  -0.5733333333|       2807|01:31:46|+0.39|0.59|0.6432|
|x|         14|        939|       7759|  -0.5100000000|       3741|01:31:51|+0.38|0.53|0.6545|
|-|         24|        266|       8564|  -0.4560000000|       4675|01:31:44|-0.08|0.14|1.0619|
|=|          2|        266|       8564|  -0.4533333333|       4936|00:26:47|-0.03|0.14|1.0179|
|=|         16|        266|      10418|  -0.4800000000|       5197|00:26:42|+0.00|0.14|0.9880|
|=|         26|        266|       8564|  -0.4650000000|       5458|00:26:46|+0.01|0.13|0.9894|
|-|         19|         93|       8564|  -0.4577777778|       5719|00:26:48|-0.07|0.05|1.0519|
|=|          4|         93|       8564|  -0.4680000000|       5807|00:09:00|-0.06|0.05|1.0393|
|=|         20|         93|       8564|  -0.4581818182|       5895|00:09:01|-0.04|0.05|1.0267|
|=|          3|         93|      10418|  -0.4700000000|       5983|00:09:07|-0.03|0.06|1.0143|
|=|         13|         93|      10418|  -0.4861538462|       6071|00:09:01|-0.02|0.06|0.9996|
|=|         18|         93|      10418|  -0.4742857143|       6159|00:09:06|-0.01|0.06|0.9981|
|=|         12|         93|      10418|  -0.4666666667|       6247|00:09:07|-0.01|0.06|0.9962|
|=|         27|         93|       8564|  -0.4350000000|       6335|00:09:05|-0.01|0.05|0.9969|
|=|         11|         93|       8564|  -0.4282352941|       6423|00:09:04|-0.00|0.06|0.9912|
|=|          6|         93|       8564|  -0.4266666667|       6511|00:09:06|+0.00|0.06|0.9858|
|=|          5|         93|       8564|  -0.4442105263|       6599|00:09:04|+0.01|0.06|0.9817|
|=|         22|         93|       8564|  -0.4540000000|       6687|00:09:04|+0.01|0.06|0.9752|
|=|         17|         93|       8564|  -0.4533333333|       6775|00:09:01|+0.01|0.06|0.9752|
|-|         10|         23|       8564|  -0.4490909091|       6863|00:09:02|-0.02|0.03|0.9721|
|=|          8|         23|       8564|  -0.4486956522|       6881|00:02:44|-0.01|0.03|0.9693|
|=|         15|         23|       8564|  -0.4433333333|       6899|00:02:42|-0.01|0.03|0.9674|
|=|         25|         23|       8564|  -0.4384000000|       6917|00:02:41|-0.01|0.03|0.9648|
|=|         21|         23|       8564|  -0.4400000000|       6935|00:02:43|-0.01|0.03|0.9631|
|=|          9|         23|       8564|  -0.4325925926|       6953|00:02:43|-0.01|0.03|0.9628|
|=|         23|         23|       8564|  -0.4257142857|       6971|00:02:44|-0.00|0.03|0.9619|
|=|         29|         23|       8564|  -0.4234482759|       6994|00:02:55|-0.01|0.03|0.9654|
+-+-----------+-----------+-----------+---------------+-----------+--------+-----+----+------+
Best-so-far configuration:        8564    mean value:   -0.4234482759
Description of the best-so-far configuration:
     .ID. t0 t1   a0   a1   a2   r0   r1  r2 std .PARENT.
8564 8564  2  9 1.02 1.99 1.65 0.36 0.01 0.7   1     7792

# 2022-12-01 01:35:54 CET: Elite configurations (first number is the configuration ID; listed from best to worst according to the sum of ranks):
      t0 t1   a0   a1   a2   r0   r1   r2 std
8564   2  9 1.02 1.99 1.65 0.36 0.01 0.70   1
7827   2  8 1.09 1.99 1.70 0.37 0.01 0.79   1
9843   2 10 1.00 1.91 1.89 0.44 0.04 0.68   1
11055  2  8 1.01 1.98 1.75 0.34 0.06 0.86   1
7759   2  8 1.04 1.94 1.70 0.35 0.05 0.85   1
# 2022-12-01 01:35:54 CET: Iteration 12 of 12
# experimentsUsedSoFar: 80818
# remainingBudget: 19182
# currentBudget: 19182
# nbConfigurations: 644
# Markers:
     x No test is performed.
     c Configurations are discarded only due to capping.
     - The test is performed and some configurations are discarded.
     = The test is performed but no configuration is discarded.
     ! The test is performed and configurations could be discarded but elite configurations are preserved.
     . All alive configurations are elite and nothing is discarded

+-+-----------+-----------+-----------+---------------+-----------+--------+-----+----+------+
| |   Instance|      Alive|       Best|      Mean best| Exp so far|  W time|  rho|KenW|  Qvar|
+-+-----------+-----------+-----------+---------------+-----------+--------+-----+----+------+
|x|         30|        644|      11309|  -0.8000000000|        644|01:04:27|   NA|  NA|    NA|
|x|         16|        644|      11248|  -0.6800000000|       1283|01:03:40|+0.24|0.62|0.7751|
|x|          9|        644|      11471|  -0.6133333333|       1922|01:03:11|+0.20|0.47|0.8175|
|x|          1|        644|      11446|  -0.5600000000|       2561|01:03:40|+0.21|0.41|0.8108|
|-|          8|        185|      11707|  -0.5360000000|       3200|01:03:24|-0.14|0.09|1.1087|
|=|         25|        185|      11707|  -0.5400000000|       3380|00:18:05|-0.08|0.10|1.0586|
|=|          7|        185|      11707|  -0.5085714286|       3560|00:18:09|-0.05|0.10|1.0278|
|=|          5|        185|      11707|  -0.4700000000|       3740|00:18:08|-0.03|0.10|1.0114|
|=|         21|        185|      11707|  -0.4755555556|       3920|00:18:11|-0.01|0.10|0.9979|
|=|         10|        185|      11707|  -0.4600000000|       4100|00:18:11|+0.00|0.10|0.9874|
|=|         17|        185|      11228|  -0.4545454545|       4280|00:18:12|+0.01|0.10|0.9815|
|=|         15|        185|       7759|  -0.4400000000|       4460|00:18:06|+0.01|0.09|0.9799|
