#------------------------------------------------------------------------------
# irace: An implementation in R of (Elitist) Iterated Racing
# Version: 3.4.1.9fcaeaf
# Copyright (C) 2010-2020
# Manuel Lopez-Ibanez     <manuel.lopez-ibanez@manchester.ac.uk>
# Jeremie Dubois-Lacoste  
# Leslie Perez Caceres    <leslie.perez.caceres@ulb.ac.be>
#
# This is free software, and you are welcome to redistribute it under certain
# conditions.  See the GNU General Public License for details. There is NO
# WARRANTY; not even for MERCHANTABILITY or FITNESS FOR A PARTICULAR PURPOSE.
#
# irace builds upon previous code from the race package:
#     race: Racing methods for the selection of the best
#     Copyright (C) 2003 Mauro Birattari
#------------------------------------------------------------------------------
# installed at: /home/asion/r_libs/irace
# called with: --exec-dir=./ --parallel 30 --mpi 1 --scenario scenario.txt
# 4 expression(s) specifying forbidden configurations read from '/home/asion/swarm_aggregation/tuning1/forbidden.txt'
# 2022-11-25 10:32:46 CET: Initialization
# Elitist race
# Elitist new instances: 1
# Elitist limit: 2
# nbIterations: 5
# minNbSurvival: 5
# nbParameters: 9
# seed: 311511810
# confidence level: 0.95
# budget: 1e+05
# mu: 5
# deterministic: FALSE

# 2022-11-25 10:32:46 CET: Iteration 1 of 5
# experimentsUsedSoFar: 0
# remainingBudget: 1e+05
# currentBudget: 20000
# nbConfigurations: 1024
# Markers:
     x No test is performed.
     c Configurations are discarded only due to capping.
     - The test is performed and some configurations are discarded.
     = The test is performed but no configuration is discarded.
     ! The test is performed and configurations could be discarded but elite configurations are preserved.
     . All alive configurations are elite and nothing is discarded

+-+-----------+-----------+-----------+---------------+-----------+--------+-----+----+------+
| |   Instance|      Alive|       Best|      Mean best| Exp so far|  W time|  rho|KenW|  Qvar|
+-+-----------+-----------+-----------+---------------+-----------+--------+-----+----+------+
|x|          1|       1024|         38|  -0.4000000000|       1024|01:38:45|   NA|  NA|    NA|
|x|          2|       1024|        423|  -0.2800000000|       2048|01:38:42|+0.03|0.51|0.9751|
|x|          3|       1024|        537|  -0.2666666667|       3072|01:38:41|+0.04|0.36|0.9456|
|x|          4|       1024|        741|  -0.2100000000|       4096|01:38:40|+0.04|0.28|0.9558|
|-|          5|        495|        440|  -0.2080000000|       5120|01:38:40|-0.14|0.09|1.1129|
|=|          6|        495|        496|  -0.2400000000|       5615|00:48:23|-0.09|0.09|1.0725|
|=|          7|        495|         85|  -0.2228571429|       6110|00:48:39|-0.06|0.09|1.0473|
+-+-----------+-----------+-----------+---------------+-----------+--------+-----+----+------+
Best-so-far configuration:          85    mean value:   -0.2228571429
Description of the best-so-far configuration:
   .ID. t0 t1   a0  a1   a2   r0   r1   r2 std .PARENT.
85   85  1  9 1.09 1.9 1.91 0.25 0.25 0.16   2       NA

# 2022-11-25 20:23:27 CET: Elite configurations (first number is the configuration ID; listed from best to worst according to the sum of ranks):
    t0 t1   a0   a1   a2   r0   r1   r2 std
85   1  9 1.09 1.90 1.91 0.25 0.25 0.16   2
151  3  7 1.48 1.67 1.66 0.63 0.90 0.44   5
496  1  6 1.47 1.96 1.25 0.18 0.94 0.37  18
258  4  7 1.56 1.31 1.78 0.17 0.35 0.30  10
571  2 10 1.32 1.87 1.40 0.46 0.52 0.28   8
# 2022-11-25 20:23:28 CET: Iteration 2 of 5
# experimentsUsedSoFar: 6110
# remainingBudget: 93890
# currentBudget: 23472
# nbConfigurations: 1024
# Markers:
     x No test is performed.
     c Configurations are discarded only due to capping.
     - The test is performed and some configurations are discarded.
     = The test is performed but no configuration is discarded.
     ! The test is performed and configurations could be discarded but elite configurations are preserved.
     . All alive configurations are elite and nothing is discarded

+-+-----------+-----------+-----------+---------------+-----------+--------+-----+----+------+
| |   Instance|      Alive|       Best|      Mean best| Exp so far|  W time|  rho|KenW|  Qvar|
+-+-----------+-----------+-----------+---------------+-----------+--------+-----+----+------+
|x|          8|       1024|       1937|  -0.6000000000|       1024|01:38:52|   NA|  NA|    NA|
|x|          4|       1024|       1937|  -0.4400000000|       2043|01:38:24|+0.08|0.54|0.9000|
|x|          7|       1024|       1140|  -0.4000000000|       3062|01:38:11|+0.07|0.38|0.9097|
|x|          1|       1024|       1140|  -0.3800000000|       4081|01:38:05|+0.08|0.31|0.8917|
|-|          5|        212|       1365|  -0.2800000000|       5100|01:39:03|-0.06|0.15|0.9983|
|=|          6|        212|       1464|  -0.3200000000|       5307|00:20:26|-0.02|0.15|0.9710|
|=|          2|        212|       1464|  -0.3371428571|       5514|00:20:24|+0.01|0.15|0.9527|
|-|          3|         44|       1464|  -0.3200000000|       5721|00:20:24|-0.05|0.09|0.9987|
|=|          9|         44|       1464|  -0.3333333333|       5765|00:05:49|-0.02|0.09|0.9710|
|=|         10|         44|       1464|  -0.3280000000|       5809|00:05:33|+0.01|0.11|0.9519|
+-+-----------+-----------+-----------+---------------+-----------+--------+-----+----+------+
Best-so-far configuration:        1464    mean value:   -0.3280000000
Description of the best-so-far configuration:
     .ID. t0 t1   a0   a1   a2   r0   r1   r2 std .PARENT.
1464 1464  2  9 1.04 1.88 1.96 0.02 0.24 0.26   1       85

# 2022-11-26 05:49:02 CET: Elite configurations (first number is the configuration ID; listed from best to worst according to the sum of ranks):
     t0 t1   a0   a1   a2   r0   r1   r2 std
1464  2  9 1.04 1.88 1.96 0.02 0.24 0.26   1
1106  2  6 1.08 1.94 1.96 0.06 0.33 0.55   1
1365  2  9 1.33 1.98 1.47 0.17 0.07 0.39   1
1123  2  7 1.18 1.92 1.98 0.10 0.02 0.31   2
1100  1  8 1.19 1.96 1.77 0.10 0.17 0.09   1
# 2022-11-26 05:49:02 CET: Iteration 3 of 5
# experimentsUsedSoFar: 11919
# remainingBudget: 88081
# currentBudget: 29360
# nbConfigurations: 1024
# Markers:
     x No test is performed.
     c Configurations are discarded only due to capping.
     - The test is performed and some configurations are discarded.
     = The test is performed but no configuration is discarded.
     ! The test is performed and configurations could be discarded but elite configurations are preserved.
     . All alive configurations are elite and nothing is discarded

+-+-----------+-----------+-----------+---------------+-----------+--------+-----+----+------+
| |   Instance|      Alive|       Best|      Mean best| Exp so far|  W time|  rho|KenW|  Qvar|
+-+-----------+-----------+-----------+---------------+-----------+--------+-----+----+------+
|x|         11|       1024|       2080|  -0.5600000000|       1024|01:40:16|   NA|  NA|    NA|
|x|          9|       1024|       3058|  -0.6000000000|       2043|01:40:00|+0.23|0.62|0.7880|
|x|          1|       1024|       2256|  -0.4533333333|       3062|01:39:32|+0.21|0.48|0.8002|
|x|          3|       1024|       2287|  -0.4200000000|       4081|01:39:40|+0.21|0.41|0.7994|
|-|          5|        263|       2779|  -0.4160000000|       5100|01:40:25|-0.07|0.14|1.0373|
|=|         10|        263|       2287|  -0.4000000000|       5358|00:26:19|-0.02|0.15|0.9982|
|=|          7|        263|       2759|  -0.3885714286|       5616|00:26:29|+0.01|0.15|0.9706|
|=|          4|        263|       2759|  -0.4150000000|       5874|00:26:18|+0.02|0.14|0.9563|
|-|          8|         64|       2759|  -0.4000000000|       6132|00:26:35|-0.05|0.07|1.0109|
|=|          2|         64|       2759|  -0.3960000000|       6191|00:06:04|-0.02|0.08|0.9985|
|=|          6|         64|       2410|  -0.4072727273|       6250|00:06:04|+0.00|0.09|0.9781|
|=|         12|         64|       2759|  -0.3866666667|       6314|00:07:55|+0.00|0.09|0.9801|
+-+-----------+-----------+-----------+---------------+-----------+--------+-----+----+------+
Best-so-far configuration:        2759    mean value:   -0.3866666667
Description of the best-so-far configuration:
     .ID. t0 t1   a0   a1 a2   r0   r1   r2 std .PARENT.
2759 2759  2  7 1.05 1.97  2 0.05 0.07 0.14   1     1123

# 2022-11-26 16:14:59 CET: Elite configurations (first number is the configuration ID; listed from best to worst according to the sum of ranks):
     t0 t1   a0   a1   a2   r0   r1   r2 std
2759  2  7 1.05 1.97 2.00 0.05 0.07 0.14   1
2410  2 10 1.01 1.90 1.88 0.06 0.20 0.26   1
2664  2  9 1.06 1.95 1.98 0.14 0.13 0.21   1
2200  2  6 1.11 1.97 1.88 0.06 0.31 0.60   1
2850  2  9 1.11 1.97 1.95 0.08 0.16 0.23   1
# 2022-11-26 16:14:59 CET: Iteration 4 of 5
# experimentsUsedSoFar: 18233
# remainingBudget: 81767
# currentBudget: 40883
# nbConfigurations: 1024
# Markers:
     x No test is performed.
     c Configurations are discarded only due to capping.
     - The test is performed and some configurations are discarded.
     = The test is performed but no configuration is discarded.
     ! The test is performed and configurations could be discarded but elite configurations are preserved.
     . All alive configurations are elite and nothing is discarded

+-+-----------+-----------+-----------+---------------+-----------+--------+-----+----+------+
| |   Instance|      Alive|       Best|      Mean best| Exp so far|  W time|  rho|KenW|  Qvar|
+-+-----------+-----------+-----------+---------------+-----------+--------+-----+----+------+
|x|         13|       1024|       3224|  -0.8000000000|       1024|01:41:04|   NA|  NA|    NA|
|x|          8|       1024|       2664|  -0.6000000000|       2043|01:40:46|+0.17|0.59|0.8481|
|x|          9|       1024|       3580|  -0.5066666667|       3062|01:40:46|+0.18|0.46|0.8410|
|x|          3|       1024|       3805|  -0.5000000000|       4081|01:40:52|+0.20|0.40|0.8275|
|-|          7|        322|       3805|  -0.4960000000|       5100|01:40:45|-0.11|0.11|1.0967|
|=|          2|        322|       3805|  -0.5000000000|       5417|00:32:34|-0.06|0.12|1.0495|
|=|          5|        322|       3355|  -0.4628571429|       5734|00:32:37|-0.05|0.10|1.0370|
|=|          6|        322|       3145|  -0.4800000000|       6051|00:32:37|-0.02|0.10|1.0155|
|=|         12|        322|       3580|  -0.4311111111|       6368|00:32:27|-0.01|0.10|1.0002|
|=|         10|        322|       3580|  -0.4600000000|       6685|00:32:30|+0.00|0.10|0.9940|
|-|          4|        176|       3580|  -0.4472727273|       7002|00:32:34|-0.05|0.05|1.0385|
|=|         11|        176|       3950|  -0.4566666667|       7173|00:17:47|-0.04|0.04|1.0325|
|=|          1|        176|       3278|  -0.4615384615|       7344|00:17:49|-0.04|0.04|1.0255|
|=|         14|        176|       3145|  -0.4485714286|       7520|00:17:55|-0.03|0.05|1.0185|
+-+-----------+-----------+-----------+---------------+-----------+--------+-----+----+------+
Best-so-far configuration:        3145    mean value:   -0.4485714286
Description of the best-so-far configuration:
     .ID. t0 t1   a0   a1   a2   r0   r1   r2 std .PARENT.
3145 3145  2 10 1.02 1.95 1.93 0.23 0.01 0.18   1     2664

# 2022-11-27 04:48:27 CET: Elite configurations (first number is the configuration ID; listed from best to worst according to the sum of ranks):
     t0 t1   a0   a1   a2   r0   r1   r2 std
3145  2 10 1.02 1.95 1.93 0.23 0.01 0.18   1
3653  2  7 1.06 1.96 1.98 0.04 0.02 0.11   1
3278  2  7 1.01 1.95 1.99 0.05 0.01 0.18   1
3187  2  8 1.12 1.94 1.88 0.12 0.12 0.33   1
3251  2  7 1.02 1.99 1.95 0.15 0.03 0.20   1
# 2022-11-27 04:48:27 CET: Iteration 5 of 5
# experimentsUsedSoFar: 25753
# remainingBudget: 74247
# currentBudget: 74247
# nbConfigurations: 1024
# Markers:
     x No test is performed.
     c Configurations are discarded only due to capping.
     - The test is performed and some configurations are discarded.
     = The test is performed but no configuration is discarded.
     ! The test is performed and configurations could be discarded but elite configurations are preserved.
     . All alive configurations are elite and nothing is discarded

+-+-----------+-----------+-----------+---------------+-----------+--------+-----+----+------+
| |   Instance|      Alive|       Best|      Mean best| Exp so far|  W time|  rho|KenW|  Qvar|
+-+-----------+-----------+-----------+---------------+-----------+--------+-----+----+------+
|x|         15|       1024|       4152|  -0.8800000000|       1024|01:41:14|   NA|  NA|    NA|
|x|         13|       1024|       4631|  -0.7000000000|       2043|01:40:26|+0.43|0.71|0.6375|
|x|          6|       1024|       4952|  -0.6000000000|       3062|01:40:56|+0.39|0.59|0.6714|
|x|         10|       1024|       4952|  -0.5900000000|       4081|01:40:35|+0.38|0.54|0.6649|
|-|          4|        221|       4952|  -0.5920000000|       5100|01:40:51|-0.11|0.11|1.0892|
|=|         12|        221|       4952|  -0.5666666667|       5316|00:22:41|-0.07|0.11|1.0540|
|=|          3|        221|       4952|  -0.5600000000|       5532|00:22:57|-0.05|0.10|1.0309|
|=|          2|        221|       4952|  -0.5250000000|       5748|00:22:58|-0.04|0.09|1.0234|
|=|          8|        221|       4952|  -0.4977777778|       5964|00:23:03|-0.02|0.09|1.0021|
|=|         11|        221|       4952|  -0.4920000000|       6180|00:22:46|-0.00|0.10|0.9865|
|=|          7|        221|       4083|  -0.5090909091|       6396|00:22:45|+0.00|0.09|0.9841|
|=|          9|        221|       4083|  -0.5100000000|       6612|00:22:57|+0.01|0.09|0.9796|
|-|          5|         93|       4083|  -0.5046153846|       6828|00:22:59|-0.05|0.03|1.0299|
|=|          1|         93|       4083|  -0.4914285714|       6916|00:09:07|-0.04|0.03|1.0213|
|=|         14|         93|       4785|  -0.4720000000|       7004|00:09:08|-0.04|0.03|1.0180|
|=|         16|         93|       4872|  -0.4750000000|       7097|00:10:42|-0.03|0.03|1.0152|
+-+-----------+-----------+-----------+---------------+-----------+--------+-----+----+------+
Best-so-far configuration:        4872    mean value:   -0.4750000000
Description of the best-so-far configuration:
     .ID. t0 t1   a0   a1   a2   r0   r1   r2 std .PARENT.
4872 4872  2  7 1.01 1.95 1.98 0.04 0.01 0.16   1     3278

# 2022-11-27 16:45:08 CET: Elite configurations (first number is the configuration ID; listed from best to worst according to the sum of ranks):
     t0 t1   a0   a1   a2   r0   r1   r2 std
4872  2  7 1.01 1.95 1.98 0.04 0.01 0.16   1
4785  2  7 1.01 1.95 1.97 0.02 0.02 0.19   1
4448  2  7 1.02 1.97 1.98 0.03 0.01 0.19   1
4417  2  7 1.02 1.91 1.99 0.04 0.02 0.16   1
4083  2  7 1.04 1.97 1.98 0.08 0.05 0.17   1
# 2022-11-27 16:45:08 CET: Iteration 6 of 6
# experimentsUsedSoFar: 32850
# remainingBudget: 67150
# currentBudget: 67150
# nbConfigurations: 1024
# Markers:
     x No test is performed.
     c Configurations are discarded only due to capping.
     - The test is performed and some configurations are discarded.
     = The test is performed but no configuration is discarded.
     ! The test is performed and configurations could be discarded but elite configurations are preserved.
     . All alive configurations are elite and nothing is discarded

+-+-----------+-----------+-----------+---------------+-----------+--------+-----+----+------+
| |   Instance|      Alive|       Best|      Mean best| Exp so far|  W time|  rho|KenW|  Qvar|
+-+-----------+-----------+-----------+---------------+-----------+--------+-----+----+------+
|x|         17|       1024|       5484|  -0.7600000000|       1024|01:41:15|   NA|  NA|    NA|
|x|         11|       1024|       5484|  -0.7200000000|       2043|01:41:07|+0.18|0.59|0.8397|
|x|          3|       1024|       5896|  -0.5866666667|       3062|01:41:10|+0.18|0.45|0.8479|
|x|         12|       1024|       5285|  -0.5700000000|       4081|01:41:07|+0.18|0.39|0.8414|
|-|          7|        351|       4448|  -0.5120000000|       5100|01:40:53|-0.11|0.11|1.0938|
|=|          2|        351|       4448|  -0.5133333333|       5446|00:35:29|-0.07|0.11|1.0550|
|=|          6|        351|       4448|  -0.5600000000|       5792|00:35:30|-0.04|0.11|1.0239|
|=|         15|        351|       4448|  -0.5350000000|       6138|00:35:27|-0.02|0.11|1.0071|
|=|         16|        351|       4448|  -0.5555555556|       6484|00:35:26|-0.01|0.11|0.9975|
|=|         13|        351|       4448|  -0.5280000000|       6830|00:35:32|+0.00|0.10|0.9904|
|-|          9|        112|       4448|  -0.5236363636|       7176|00:35:39|-0.05|0.04|1.0385|
|=|          1|        112|       5267|  -0.4966666667|       7283|00:11:47|-0.04|0.05|1.0247|
|=|         14|        112|       5267|  -0.4892307692|       7390|00:11:43|-0.03|0.05|1.0177|
|=|          4|        112|       5267|  -0.4771428571|       7497|00:11:38|-0.02|0.05|1.0107|
|=|         10|        112|       5267|  -0.4720000000|       7604|00:11:51|-0.02|0.05|1.0045|
|=|          8|        112|       4448|  -0.4925000000|       7711|00:11:47|-0.01|0.05|0.9966|
|=|          5|        112|       4448|  -0.4823529412|       7818|00:11:47|-0.00|0.06|0.9903|
|=|         18|        112|       4872|  -0.4822222222|       7930|00:11:56|+0.00|0.06|0.9888|
+-+-----------+-----------+-----------+---------------+-----------+--------+-----+----+------+
Best-so-far configuration:        4872    mean value:   -0.4822222222
Description of the best-so-far configuration:
     .ID. t0 t1   a0   a1   a2   r0   r1   r2 std .PARENT.
4872 4872  2  7 1.01 1.95 1.98 0.04 0.01 0.16   1     3278

# 2022-11-28 06:06:53 CET: Elite configurations (first number is the configuration ID; listed from best to worst according to the sum of ranks):
     t0 t1   a0   a1   a2   r0   r1   r2 std
4872  2  7 1.01 1.95 1.98 0.04 0.01 0.16   1
4448  2  7 1.02 1.97 1.98 0.03 0.01 0.19   1
5267  2  7 1.01 1.92 1.95 0.06 0.03 0.22   1
5492  2  7 1.00 1.95 1.97 0.01 0.00 0.15   1
6075  2  7 1.06 1.97 1.95 0.04 0.01 0.23   1
# 2022-11-28 06:06:53 CET: Iteration 7 of 7
# experimentsUsedSoFar: 40780
# remainingBudget: 59220
# currentBudget: 59220
# nbConfigurations: 1024
# Markers:
     x No test is performed.
     c Configurations are discarded only due to capping.
     - The test is performed and some configurations are discarded.
     = The test is performed but no configuration is discarded.
     ! The test is performed and configurations could be discarded but elite configurations are preserved.
     . All alive configurations are elite and nothing is discarded

+-+-----------+-----------+-----------+---------------+-----------+--------+-----+----+------+
| |   Instance|      Alive|       Best|      Mean best| Exp so far|  W time|  rho|KenW|  Qvar|
+-+-----------+-----------+-----------+---------------+-----------+--------+-----+----+------+
|x|         19|       1024|       6912|  -0.7600000000|       1024|01:40:37|   NA|  NA|    NA|
|x|         11|       1024|       4448|  -0.5200000000|       2043|01:40:07|+0.32|0.66|0.7205|
|x|         12|       1024|       4448|  -0.5200000000|       3062|01:39:50|+0.31|0.54|0.7085|
|x|         17|       1024|       4448|  -0.5000000000|       4081|01:39:58|+0.33|0.50|0.6975|
|-|          6|        205|       4448|  -0.5680000000|       5100|01:40:04|-0.05|0.16|1.0305|
|=|          5|        205|       4872|  -0.4866666667|       5300|00:20:55|-0.00|0.16|0.9834|
|=|          8|        205|       4872|  -0.5314285714|       5500|00:20:30|+0.02|0.16|0.9665|
|-|         14|         58|       4872|  -0.5100000000|       5700|00:20:46|-0.07|0.06|1.0479|
|=|         16|         58|       4448|  -0.5200000000|       5753|00:05:57|-0.05|0.07|1.0265|
|=|          3|         58|       4872|  -0.5160000000|       5806|00:05:56|-0.02|0.08|1.0015|
|=|          9|         58|       4448|  -0.5054545455|       5859|00:05:59|-0.01|0.08|0.9982|
|=|         18|         58|       4872|  -0.5100000000|       5912|00:05:54|-0.00|0.08|0.9859|
|=|          1|         58|       4872|  -0.4984615385|       5965|00:05:55|+0.00|0.08|0.9822|
|=|          7|         58|       4872|  -0.4914285714|       6018|00:05:55|+0.02|0.09|0.9681|
|=|         13|         58|       4872|  -0.4960000000|       6071|00:06:03|+0.02|0.09|0.9635|
|-|          2|         13|       4872|  -0.5050000000|       6124|00:05:58|-0.03|0.04|0.9261|
|=|         10|         13|       4872|  -0.4941176471|       6132|00:02:12|-0.02|0.04|0.9270|
|=|          4|         13|       4872|  -0.4911111111|       6140|00:02:12|-0.01|0.05|0.9132|
|=|         15|         13|       4872|  -0.4800000000|       6148|00:02:33|-0.01|0.04|0.9255|
|=|         20|         13|       5492|  -0.4640000000|       6161|00:02:33|-0.01|0.04|0.9215|
+-+-----------+-----------+-----------+---------------+-----------+--------+-----+----+------+
Best-so-far configuration:        5492    mean value:   -0.4640000000
Description of the best-so-far configuration:
     .ID. t0 t1 a0   a1   a2   r0 r1   r2 std .PARENT.
5492 5492  2  7  1 1.95 1.97 0.01  0 0.15   1     4417

# 2022-11-28 16:27:28 CET: Elite configurations (first number is the configuration ID; listed from best to worst according to the sum of ranks):
     t0 t1   a0   a1   a2   r0   r1   r2 std
5492  2  7 1.00 1.95 1.97 0.01 0.00 0.15   1
4872  2  7 1.01 1.95 1.98 0.04 0.01 0.16   1
4448  2  7 1.02 1.97 1.98 0.03 0.01 0.19   1
5267  2  7 1.01 1.92 1.95 0.06 0.03 0.22   1
6666  2  7 1.05 1.97 1.94 0.06 0.01 0.23   1
# 2022-11-28 16:27:28 CET: Iteration 8 of 8
# experimentsUsedSoFar: 46941
# remainingBudget: 53059
# currentBudget: 53059
# nbConfigurations: 1024
# Markers:
     x No test is performed.
     c Configurations are discarded only due to capping.
     - The test is performed and some configurations are discarded.
     = The test is performed but no configuration is discarded.
     ! The test is performed and configurations could be discarded but elite configurations are preserved.
     . All alive configurations are elite and nothing is discarded

+-+-----------+-----------+-----------+---------------+-----------+--------+-----+----+------+
| |   Instance|      Alive|       Best|      Mean best| Exp so far|  W time|  rho|KenW|  Qvar|
+-+-----------+-----------+-----------+---------------+-----------+--------+-----+----+------+
|x|         21|       1024|       7605|  -0.8000000000|       1024|01:41:26|   NA|  NA|    NA|
|x|          3|       1024|       8131|  -0.7000000000|       2043|01:41:17|+0.20|0.60|0.8159|
|x|         18|       1024|       8131|  -0.6133333333|       3062|01:41:17|+0.21|0.47|0.8139|
|x|         19|       1024|       7609|  -0.5200000000|       4081|01:40:57|+0.20|0.40|0.8172|
|-|          5|        275|       7609|  -0.5600000000|       5100|01:41:00|-0.12|0.10|1.1024|
|=|          9|        275|       7304|  -0.5533333333|       5370|00:27:09|-0.07|0.11|1.0594|
|=|         11|        275|       7304|  -0.5485714286|       5640|00:27:09|-0.04|0.11|1.0381|
|=|          7|        275|       7609|  -0.4900000000|       5910|00:27:14|-0.03|0.10|1.0280|
|=|         12|        275|       7304|  -0.5022222222|       6180|00:27:13|-0.01|0.10|1.0092|
|=|         17|        275|       5492|  -0.4760000000|       6450|00:27:08|+0.00|0.10|0.9956|
|=|         16|        275|       5492|  -0.4654545455|       6720|00:27:18|+0.01|0.10|0.9893|
|-|          4|        121|       5492|  -0.4800000000|       6990|00:27:15|-0.05|0.04|1.0403|
|=|          1|        121|       5492|  -0.4676923077|       7106|00:11:59|-0.04|0.04|1.0309|
|=|          6|        121|       4448|  -0.5028571429|       7222|00:12:00|-0.03|0.05|1.0191|
|=|          8|        121|       4448|  -0.4986666667|       7338|00:11:59|-0.02|0.04|1.0135|
|=|         20|        121|       5492|  -0.4775000000|       7454|00:11:59|-0.02|0.05|1.0068|
|=|         15|        121|       5492|  -0.4729411765|       7570|00:11:57|-0.01|0.05|1.0049|
|=|         10|        121|       5492|  -0.4755555556|       7686|00:11:56|-0.01|0.05|0.9999|
|=|         14|        121|       5492|  -0.4715789474|       7802|00:12:00|-0.01|0.05|0.9978|
|=|         13|        121|       5492|  -0.4760000000|       7918|00:11:55|-0.00|0.05|0.9957|
|=|          2|        121|       5492|  -0.4780952381|       8034|00:12:00|-0.00|0.04|0.9938|
|=|         22|        121|       5492|  -0.4781818182|       8155|00:13:13|-0.00|0.05|0.9910|
+-+-----------+-----------+-----------+---------------+-----------+--------+-----+----+------+
Best-so-far configuration:        5492    mean value:   -0.4781818182
Description of the best-so-far configuration:
     .ID. t0 t1 a0   a1   a2   r0 r1   r2 std .PARENT.
5492 5492  2  7  1 1.95 1.97 0.01  0 0.15   1     4417

# 2022-11-29 06:05:25 CET: Elite configurations (first number is the configuration ID; listed from best to worst according to the sum of ranks):
     t0 t1   a0   a1   a2   r0   r1   r2 std
5492  2  7 1.00 1.95 1.97 0.01 0.00 0.15   1
4872  2  7 1.01 1.95 1.98 0.04 0.01 0.16   1
5267  2  7 1.01 1.92 1.95 0.06 0.03 0.22   1
7440  2  8 1.05 1.99 1.95 0.02 0.02 0.21   1
7222  2  7 1.07 1.94 1.95 0.05 0.06 0.15   1
# 2022-11-29 06:05:25 CET: Iteration 9 of 9
# experimentsUsedSoFar: 55096
# remainingBudget: 44904
# currentBudget: 44904
# nbConfigurations: 1024
# Markers:
     x No test is performed.
     c Configurations are discarded only due to capping.
     - The test is performed and some configurations are discarded.
     = The test is performed but no configuration is discarded.
     ! The test is performed and configurations could be discarded but elite configurations are preserved.
     . All alive configurations are elite and nothing is discarded

+-+-----------+-----------+-----------+---------------+-----------+--------+-----+----+------+
| |   Instance|      Alive|       Best|      Mean best| Exp so far|  W time|  rho|KenW|  Qvar|
+-+-----------+-----------+-----------+---------------+-----------+--------+-----+----+------+
|x|         23|       1024|       9008|  -0.6800000000|       1024|01:40:35|   NA|  NA|    NA|
|x|          3|       1024|       8961|  -0.6400000000|       2043|01:40:13|+0.33|0.66|0.6948|
|x|          1|       1024|       9018|  -0.5733333333|       3062|01:39:43|+0.32|0.54|0.7083|
|x|         22|       1024|       8825|  -0.5100000000|       4081|01:40:05|+0.33|0.50|0.6984|
|-|         15|        232|       7440|  -0.4880000000|       5100|01:39:58|-0.07|0.14|1.0487|
|=|         14|        232|       7440|  -0.4733333333|       5327|00:23:33|-0.03|0.14|1.0163|
|=|          5|        232|       7440|  -0.4514285714|       5554|00:23:23|-0.00|0.14|0.9936|
|-|         11|        112|       7440|  -0.4350000000|       5781|00:23:29|-0.06|0.07|1.0451|
|=|          8|        112|       8456|  -0.4622222222|       5888|00:11:39|-0.04|0.08|1.0227|
|=|         10|        112|       8664|  -0.4360000000|       5995|00:11:47|-0.03|0.07|1.0127|
|=|          4|        112|       5492|  -0.4436363636|       6102|00:11:46|-0.02|0.07|1.0016|
|=|         19|        112|       5492|  -0.4400000000|       6209|00:11:52|-0.01|0.07|0.9915|
|=|         16|        112|       4872|  -0.4584615385|       6316|00:11:55|-0.00|0.07|0.9841|
|=|         20|        112|       5492|  -0.4542857143|       6423|00:11:43|+0.00|0.08|0.9774|
|=|         17|        112|       5492|  -0.4506666667|       6530|00:11:40|+0.01|0.08|0.9691|
|-|         13|         39|       5492|  -0.4575000000|       6637|00:11:40|-0.04|0.03|0.9999|
|=|          7|         39|       5492|  -0.4517647059|       6671|00:05:10|-0.03|0.03|0.9929|
|=|          6|         39|       5492|  -0.4466666667|       6705|00:05:14|-0.02|0.04|0.9829|
|=|         18|         39|       4872|  -0.4631578947|       6739|00:05:09|-0.01|0.04|0.9719|
|=|          2|         39|       4872|  -0.4720000000|       6773|00:05:11|+0.00|0.05|0.9635|
|=|         12|         39|       4872|  -0.4704761905|       6807|00:05:10|+0.01|0.06|0.9557|
|=|          9|         39|       5492|  -0.4545454545|       6841|00:05:29|+0.01|0.06|0.9523|
|=|         21|         39|       5492|  -0.4678260870|       6875|00:05:13|+0.01|0.05|0.9534|
|=|         24|         39|       5492|  -0.4583333333|       6914|00:05:14|+0.01|0.05|0.9554|
+-+-----------+-----------+-----------+---------------+-----------+--------+-----+----+------+
Best-so-far configuration:        5492    mean value:   -0.4583333333
Description of the best-so-far configuration:
     .ID. t0 t1 a0   a1   a2   r0 r1   r2 std .PARENT.
5492 5492  2  7  1 1.95 1.97 0.01  0 0.15   1     4417

# 2022-11-29 17:52:58 CET: Elite configurations (first number is the configuration ID; listed from best to worst according to the sum of ranks):
     t0 t1   a0   a1   a2   r0   r1   r2 std
5492  2  7 1.00 1.95 1.97 0.01 0.00 0.15   1
7440  2  8 1.05 1.99 1.95 0.02 0.02 0.21   1
5267  2  7 1.01 1.92 1.95 0.06 0.03 0.22   1
8594  2  7 1.02 1.96 1.96 0.06 0.03 0.16   1
4872  2  7 1.01 1.95 1.98 0.04 0.01 0.16   1
# 2022-11-29 17:52:58 CET: Iteration 10 of 10
# experimentsUsedSoFar: 62010
# remainingBudget: 37990
# currentBudget: 37990
# nbConfigurations: 1024
# Markers:
     x No test is performed.
     c Configurations are discarded only due to capping.
     - The test is performed and some configurations are discarded.
     = The test is performed but no configuration is discarded.
     ! The test is performed and configurations could be discarded but elite configurations are preserved.
     . All alive configurations are elite and nothing is discarded

+-+-----------+-----------+-----------+---------------+-----------+--------+-----+----+------+
| |   Instance|      Alive|       Best|      Mean best| Exp so far|  W time|  rho|KenW|  Qvar|
+-+-----------+-----------+-----------+---------------+-----------+--------+-----+----+------+
|x|         25|       1024|       9577|  -0.8000000000|       1024|01:41:26|   NA|  NA|    NA|
|x|         14|       1024|       9269|  -0.6800000000|       2043|01:40:43|+0.16|0.58|0.8360|
|x|         15|       1024|       8594|  -0.5733333333|       3062|01:41:02|+0.16|0.44|0.8561|
|x|          1|       1024|       9499|  -0.5800000000|       4081|01:40:42|+0.17|0.38|0.8475|
|-|         24|        360|       9798|  -0.5120000000|       5100|01:40:53|-0.12|0.10|1.1066|
|=|         12|        360|       7440|  -0.5133333333|       5455|00:35:49|-0.07|0.11|1.0580|
|=|         23|        360|       8594|  -0.5028571429|       5810|00:35:49|-0.04|0.11|1.0265|
|=|          7|        360|       8594|  -0.5200000000|       6165|00:36:00|-0.02|0.10|1.0114|
|=|         20|        360|       8594|  -0.5022222222|       6520|00:36:00|-0.01|0.10|0.9976|
|=|          3|        360|       7440|  -0.4720000000|       6875|00:35:51|+0.01|0.11|0.9874|
|-|         17|        139|       7440|  -0.4800000000|       7230|00:35:50|-0.06|0.04|1.0469|
|=|          5|        139|       7440|  -0.4666666667|       7364|00:14:44|-0.05|0.04|1.0394|
|=|          9|        139|       9561|  -0.4553846154|       7498|00:14:32|-0.04|0.04|1.0315|
|=|         10|        139|       9561|  -0.4542857143|       7632|00:14:38|-0.04|0.04|1.0284|
|=|          2|        139|       5267|  -0.4586666667|       7766|00:14:42|-0.03|0.04|1.0200|
|=|         18|        139|       5267|  -0.4575000000|       7900|00:14:47|-0.02|0.04|1.0146|
|=|          4|        139|       8594|  -0.4611764706|       8034|00:14:53|-0.02|0.04|1.0094|
|=|         13|        139|       8594|  -0.4644444444|       8168|00:14:41|-0.01|0.04|1.0036|
|=|         16|        139|       8594|  -0.4736842105|       8302|00:14:44|-0.01|0.04|0.9997|
|=|         21|        139|       5492|  -0.4700000000|       8436|00:14:31|-0.01|0.04|0.9964|
|=|         22|        139|       5492|  -0.4704761905|       8570|00:14:41|-0.00|0.04|0.9943|
|=|         11|        139|       9275|  -0.4672727273|       8704|00:14:54|-0.00|0.04|0.9930|
|=|          6|        139|       9275|  -0.4660869565|       8838|00:14:39|+0.00|0.04|0.9901|
|=|          8|        139|       9275|  -0.4633333333|       8972|00:14:45|+0.00|0.04|0.9886|
|=|         19|        139|       5492|  -0.4576000000|       9106|00:14:50|+0.00|0.04|0.9879|
|=|         26|        139|       9275|  -0.4538461538|       9245|00:14:53|+0.00|0.04|0.9877|
+-+-----------+-----------+-----------+---------------+-----------+--------+-----+----+------+
Best-so-far configuration:        9275    mean value:   -0.4538461538
Description of the best-so-far configuration:
     .ID. t0 t1   a0   a1   a2   r0   r1   r2 std .PARENT.
9275 9275  2  8 1.02 1.92 1.95 0.01 0.05 0.26   1     7440

# 2022-11-30 09:34:34 CET: Elite configurations (first number is the configuration ID; listed from best to worst according to the sum of ranks):
     t0 t1   a0   a1   a2   r0   r1   r2 std
9275  2  8 1.02 1.92 1.95 0.01 0.05 0.26   1
8594  2  7 1.02 1.96 1.96 0.06 0.03 0.16   1
5492  2  7 1.00 1.95 1.97 0.01 0.00 0.15   1
5267  2  7 1.01 1.92 1.95 0.06 0.03 0.22   1
9310  2  8 1.02 1.99 1.98 0.02 0.09 0.23   1
# 2022-11-30 09:34:34 CET: Iteration 11 of 11
# experimentsUsedSoFar: 71255
# remainingBudget: 28745
# currentBudget: 28745
# nbConfigurations: 1024
# Markers:
     x No test is performed.
     c Configurations are discarded only due to capping.
     - The test is performed and some configurations are discarded.
     = The test is performed but no configuration is discarded.
     ! The test is performed and configurations could be discarded but elite configurations are preserved.
     . All alive configurations are elite and nothing is discarded

+-+-----------+-----------+-----------+---------------+-----------+--------+-----+----+------+
| |   Instance|      Alive|       Best|      Mean best| Exp so far|  W time|  rho|KenW|  Qvar|
+-+-----------+-----------+-----------+---------------+-----------+--------+-----+----+------+
|x|         27|       1024|      10695|  -0.7600000000|       1024|01:41:00|   NA|  NA|    NA|
|x|          1|       1024|      10829|  -0.6200000000|       2043|01:40:39|+0.38|0.69|0.6831|
|x|         19|       1024|      10739|  -0.6000000000|       3062|01:40:50|+0.38|0.59|0.6666|
|x|          3|       1024|      10541|  -0.5300000000|       4081|01:40:36|+0.40|0.55|0.6458|
|-|         13|        298|      11206|  -0.4960000000|       5100|01:40:33|-0.09|0.13|1.0790|
|=|         12|        298|      11206|  -0.5000000000|       5393|00:29:53|-0.05|0.12|1.0459|
|=|          6|        298|      11206|  -0.5028571429|       5686|00:29:52|-0.04|0.11|1.0302|
|=|         16|        298|      11206|  -0.4800000000|       5979|00:29:57|-0.02|0.11|1.0144|
|=|         26|        298|      11206|  -0.4577777778|       6272|00:29:55|-0.00|0.11|0.9997|
|=|         24|        298|      11206|  -0.4680000000|       6565|00:30:03|+0.01|0.11|0.9840|
|-|         14|        185|      10911|  -0.4800000000|       6858|00:29:52|-0.06|0.04|1.0454|
|=|          8|        185|      11020|  -0.4600000000|       7038|00:18:17|-0.04|0.05|1.0309|
|=|         25|        185|      11086|  -0.4615384615|       7218|00:18:13|-0.03|0.05|1.0240|
|=|          9|        185|       9275|  -0.4800000000|       7398|00:18:14|-0.03|0.05|1.0170|
|=|         22|        185|       9275|  -0.4746666667|       7578|00:18:10|-0.02|0.05|1.0136|
|=|          7|        185|       9275|  -0.4675000000|       7758|00:18:12|-0.02|0.05|1.0100|
|=|         15|        185|       9275|  -0.4635294118|       7938|00:18:14|-0.01|0.04|1.0092|
|=|         11|        185|       9275|  -0.4800000000|       8118|00:18:08|-0.01|0.05|1.0025|
|=|         18|        185|       9275|  -0.4800000000|       8298|00:18:12|-0.00|0.05|0.9961|
|=|          4|        185|       9275|  -0.4800000000|       8478|00:18:13|+0.00|0.05|0.9916|
|=|         20|        185|       8594|  -0.4647619048|       8658|00:18:14|+0.00|0.05|0.9904|
|=|         23|        185|       8594|  -0.4672727273|       8838|00:18:14|+0.00|0.05|0.9898|
|=|         10|        185|       8594|  -0.4556521739|       9018|00:18:08|+0.00|0.05|0.9909|
|=|          2|        185|       8594|  -0.4566666667|       9198|00:18:12|+0.00|0.05|0.9899|
|=|         17|        185|      10254|  -0.4432000000|       9378|00:18:13|+0.00|0.04|0.9914|
|=|         21|        185|      10254|  -0.4523076923|       9558|00:18:11|+0.00|0.04|0.9901|
|=|          5|        185|      10254|  -0.4577777778|       9738|00:18:18|+0.01|0.04|0.9884|
|-|         28|         62|      10254|  -0.4542857143|       9923|00:19:49|-0.02|0.02|1.0018|
|=|         29|         62|      10254|  -0.4579310345|       9985|00:07:41|-0.01|0.02|0.9979|
|=|         30|         62|      10254|  -0.4573333333|      10047|00:07:55|-0.01|0.02|0.9958|
+-+-----------+-----------+-----------+---------------+-----------+--------+-----+----+------+
Best-so-far configuration:       10254    mean value:   -0.4573333333
Description of the best-so-far configuration:
       .ID. t0 t1   a0   a1 a2   r0   r1   r2 std .PARENT.
10254 10254  2  7 1.01 1.94  2 0.06 0.02 0.17   1     8594

# 2022-12-01 02:25:15 CET: Elite configurations (first number is the configuration ID; listed from best to worst according to the sum of ranks):
      t0 t1   a0   a1   a2   r0   r1   r2 std
10254  2  7 1.01 1.94 2.00 0.06 0.02 0.17   1
9275   2  8 1.02 1.92 1.95 0.01 0.05 0.26   1
8594   2  7 1.02 1.96 1.96 0.06 0.03 0.16   1
5267   2  7 1.01 1.92 1.95 0.06 0.03 0.22   1
11044  2  7 1.01 1.94 1.97 0.08 0.02 0.17   1
# 2022-12-01 02:25:16 CET: Iteration 12 of 12
# experimentsUsedSoFar: 81302
# remainingBudget: 18698
# currentBudget: 18698
# nbConfigurations: 608
# Markers:
     x No test is performed.
     c Configurations are discarded only due to capping.
     - The test is performed and some configurations are discarded.
     = The test is performed but no configuration is discarded.
     ! The test is performed and configurations could be discarded but elite configurations are preserved.
     . All alive configurations are elite and nothing is discarded

+-+-----------+-----------+-----------+---------------+-----------+--------+-----+----+------+
| |   Instance|      Alive|       Best|      Mean best| Exp so far|  W time|  rho|KenW|  Qvar|
+-+-----------+-----------+-----------+---------------+-----------+--------+-----+----+------+
|x|         31|        608|      11666|  -0.9200000000|        608|01:00:41|   NA|  NA|    NA|
|x|         20|        608|      11216|  -0.6400000000|       1211|01:00:00|+0.17|0.58|0.8093|
|x|          8|        608|      11770|  -0.5600000000|       1814|00:59:47|+0.19|0.46|0.8246|
|x|         19|        608|      11435|  -0.5100000000|       2417|00:59:52|+0.22|0.41|0.7934|
|-|         22|        222|      11770|  -0.5200000000|       3020|00:59:49|-0.12|0.11|1.0902|
|=|         24|        222|      11770|  -0.5200000000|       3237|00:22:48|-0.07|0.11|1.0505|
|=|         18|        222|      11770|  -0.4857142857|       3454|00:22:48|-0.04|0.11|1.0225|
|=|         13|        222|      11770|  -0.4700000000|       3671|00:22:58|-0.02|0.11|1.0114|
|=|         12|        222|      11686|  -0.4800000000|       3888|00:22:59|-0.00|0.11|0.9972|
|=|          1|        222|      11538|  -0.4840000000|       4105|00:22:58|+0.01|0.11|0.9864|
|=|         27|        222|      11463|  -0.4545454545|       4322|00:22:58|+0.01|0.10|0.9833|
|-|         30|        129|      11044|  -0.4433333333|       4539|00:22:58|-0.05|0.04|1.0388|
|=|         17|        129|      11463|  -0.4523076923|       4663|00:13:42|-0.04|0.04|1.0295|
|=|          9|        129|      11463|  -0.4571428571|       4787|00:13:53|-0.03|0.04|1.0203|
|=|         15|        129|      11463|  -0.4640000000|       4911|00:13:44|-0.02|0.05|1.0108|
|=|          6|        129|      11463|  -0.4675000000|       5035|00:13:53|-0.01|0.05|1.0022|
|=|         10|        129|      11463|  -0.4588235294|       5159|00:14:06|-0.01|0.05|1.0005|
|=|         21|        129|      11724|  -0.4844444444|       5283|00:13:47|-0.00|0.06|0.9944|
|=|         14|        129|      11463|  -0.4568421053|       5407|00:13:48|+0.00|0.05|0.9929|
|=|          3|        129|      11724|  -0.4740000000|       5531|00:13:49|-0.00|0.05|0.9928|
|=|          5|        129|      10254|  -0.4666666667|       5655|00:13:45|+0.00|0.05|0.9910|
|=|         29|        129|      10254|  -0.4709090909|       5779|00:13:53|+0.01|0.06|0.9842|
|-|          2|         26|      10254|  -0.4678260870|       5903|00:13:38|-0.01|0.03|0.9764|
|=|         16|         26|      10254|  -0.4716666667|       5924|00:02:47|-0.01|0.03|0.9702|
|=|         11|         26|      10254|  -0.4704000000|       5945|00:02:47|-0.01|0.03|0.9716|
|=|         28|         26|      10254|  -0.4661538462|       5966|00:02:50|-0.01|0.03|0.9714|
|=|         25|         26|      10254|  -0.4666666667|       5987|00:02:49|-0.01|0.03|0.9705|
|=|          7|         26|      10254|  -0.4614285714|       6008|00:02:46|-0.01|0.03|0.9684|
|=|         23|         26|      10254|  -0.4579310345|       6029|00:02:52|-0.00|0.03|0.9656|
|=|         26|         26|      10254|  -0.4533333333|       6050|00:02:50|-0.00|0.03|0.9661|
|=|          4|         26|      10254|  -0.4503225806|       6071|00:02:47|-0.00|0.03|0.9659|
|=|         32|         26|      10254|  -0.4475000000|       6097|00:02:55|-0.00|0.03|0.9681|
+-+-----------+-----------+-----------+---------------+-----------+--------+-----+----+------+
Best-so-far configuration:       10254    mean value:   -0.4475000000
Description of the best-so-far configuration:
       .ID. t0 t1   a0   a1 a2   r0   r1   r2 std .PARENT.
10254 10254  2  7 1.01 1.94  2 0.06 0.02 0.17   1     8594

# 2022-12-01 13:03:43 CET: Elite configurations (first number is the configuration ID; listed from best to worst according to the sum of ranks):
      t0 t1   a0   a1   a2   r0   r1   r2 std
10254  2  7 1.01 1.94 2.00 0.06 0.02 0.17   1
9275   2  8 1.02 1.92 1.95 0.01 0.05 0.26   1
8594   2  7 1.02 1.96 1.96 0.06 0.03 0.16   1
5267   2  7 1.01 1.92 1.95 0.06 0.03 0.22   1
11044  2  7 1.01 1.94 1.97 0.08 0.02 0.17   1
# 2022-12-01 13:03:44 CET: Iteration 13 of 13
# experimentsUsedSoFar: 87399
# remainingBudget: 12601
# currentBudget: 12601
# nbConfigurations: 386
# Markers:
     x No test is performed.
     c Configurations are discarded only due to capping.
     - The test is performed and some configurations are discarded.
     = The test is performed but no configuration is discarded.
     ! The test is performed and configurations could be discarded but elite configurations are preserved.
     . All alive configurations are elite and nothing is discarded

+-+-----------+-----------+-----------+---------------+-----------+--------+-----+----+------+
| |   Instance|      Alive|       Best|      Mean best| Exp so far|  W time|  rho|KenW|  Qvar|
+-+-----------+-----------+-----------+---------------+-----------+--------+-----+----+------+
|x|         33|        386|      12160|  -0.8000000000|        386|00:38:40|   NA|  NA|    NA|
|x|         31|        386|      11959|  -0.6400000000|        767|00:38:04|+0.44|0.72|0.5746|
|x|         13|        386|      11959|  -0.6533333333|       1148|00:38:20|+0.41|0.61|0.6293|
|x|         14|        386|      11843|  -0.5500000000|       1529|00:38:08|+0.40|0.55|0.6462|
|-|         22|        120|      12051|  -0.5360000000|       1910|00:38:01|-0.10|0.12|1.0691|
|=|         20|        120|      12051|  -0.5133333333|       2025|00:12:01|-0.06|0.12|1.0372|
|=|          3|        120|      12051|  -0.5028571429|       2140|00:11:57|-0.03|0.12|1.0193|
|=|         17|        120|      10254|  -0.4600000000|       2255|00:11:51|-0.01|0.12|0.9982|
|=|         29|        120|      10254|  -0.4711111111|       2370|00:12:03|-0.00|0.11|0.9937|
|=|         10|        120|      10254|  -0.4640000000|       2485|00:11:49|-0.00|0.10|0.9910|
|=|          5|        120|      10254|  -0.4763636364|       2600|00:12:06|+0.00|0.09|0.9827|
|=|         16|        120|      10254|  -0.4833333333|       2715|00:12:01|+0.02|0.10|0.9690|
|-|         32|         53|      10254|  -0.4738461538|       2830|00:11:55|-0.05|0.03|1.0230|
|=|          6|         53|      10254|  -0.4742857143|       2878|00:05:58|-0.04|0.03|1.0201|
|=|         19|         53|      10254|  -0.4720000000|       2926|00:05:57|-0.04|0.03|1.0106|
|=|         26|         53|      10254|  -0.4625000000|       2974|00:05:47|-0.03|0.03|1.0081|
|=|          7|         53|      10254|  -0.4541176471|       3022|00:05:43|-0.02|0.04|1.0047|
|=|          9|         53|      10254|  -0.4511111111|       3070|00:05:48|-0.02|0.04|1.0024|
|=|         11|         53|      10254|  -0.4505263158|       3118|00:05:46|-0.02|0.04|1.0007|
|=|         21|         53|      10254|  -0.4620000000|       3166|00:05:51|-0.01|0.04|0.9960|
|=|          1|         53|      10254|  -0.4552380952|       3214|00:05:46|-0.01|0.04|0.9922|
|=|         30|         53|      10254|  -0.4545454545|       3262|00:05:54|-0.00|0.04|0.9863|
|=|         28|         53|      10254|  -0.4504347826|       3310|00:05:50|-0.00|0.04|0.9829|
|=|          4|         53|      10254|  -0.4466666667|       3358|00:05:44|-0.00|0.04|0.9826|
|=|         12|         53|      10254|  -0.4512000000|       3406|00:05:47|+0.00|0.04|0.9824|
|=|          2|         53|      10254|  -0.4492307692|       3454|00:05:58|+0.00|0.04|0.9809|
|=|         24|         53|      10254|  -0.4414814815|       3502|00:05:57|-0.00|0.04|0.9825|
|=|         18|         53|      10254|  -0.4385714286|       3550|00:05:45|+0.00|0.04|0.9799|
|=|         25|         53|      10254|  -0.4400000000|       3598|00:05:54|+0.00|0.04|0.9763|
|=|         27|         53|      10254|  -0.4373333333|       3646|00:05:43|+0.00|0.04|0.9769|
|=|         23|         53|      10254|  -0.4348387097|       3694|00:05:45|+0.00|0.03|0.9780|
|=|         15|         53|      10254|  -0.4400000000|       3742|00:05:45|+0.00|0.03|0.9788|
|=|          8|         53|      10254|  -0.4496969697|       3790|00:05:49|+0.00|0.03|0.9780|
|=|         34|         53|      10254|  -0.4458823529|       3843|00:05:47|+0.00|0.03|0.9762|
+-+-----------+-----------+-----------+---------------+-----------+--------+-----+----+------+
Best-so-far configuration:       10254    mean value:   -0.4458823529
Description of the best-so-far configuration:
       .ID. t0 t1   a0   a1 a2   r0   r1   r2 std .PARENT.
10254 10254  2  7 1.01 1.94  2 0.06 0.02 0.17   1     8594

# 2022-12-01 19:53:17 CET: Elite configurations (first number is the configuration ID; listed from best to worst according to the sum of ranks):
      t0 t1   a0   a1   a2   r0   r1   r2 std
10254  2  7 1.01 1.94 2.00 0.06 0.02 0.17   1
9275   2  8 1.02 1.92 1.95 0.01 0.05 0.26   1
11044  2  7 1.01 1.94 1.97 0.08 0.02 0.17   1
8594   2  7 1.02 1.96 1.96 0.06 0.03 0.16   1
12051  2  7 1.01 1.93 1.99 0.07 0.01 0.19   1
# 2022-12-01 19:53:17 CET: Iteration 14 of 14
# experimentsUsedSoFar: 91242
# remainingBudget: 8758
# currentBudget: 8758
# nbConfigurations: 255
# Markers:
     x No test is performed.
     c Configurations are discarded only due to capping.
     - The test is performed and some configurations are discarded.
     = The test is performed but no configuration is discarded.
     ! The test is performed and configurations could be discarded but elite configurations are preserved.
     . All alive configurations are elite and nothing is discarded

+-+-----------+-----------+-----------+---------------+-----------+--------+-----+----+------+
| |   Instance|      Alive|       Best|      Mean best| Exp so far|  W time|  rho|KenW|  Qvar|
+-+-----------+-----------+-----------+---------------+-----------+--------+-----+----+------+
|x|         35|        255|      12302|  -0.7200000000|        255|00:26:18|   NA|  NA|    NA|
|x|         33|        255|      12264|  -0.5400000000|        505|00:25:57|+0.13|0.57|0.8987|
|x|         10|        255|      12234|  -0.4666666667|        755|00:25:59|+0.20|0.46|0.8320|
|x|         11|        255|      12234|  -0.4700000000|       1005|00:26:12|+0.15|0.37|0.8628|
|-|         21|         93|      12385|  -0.5200000000|       1255|00:26:12|-0.11|0.11|1.1006|
|=|          1|         93|      12385|  -0.4866666667|       1343|00:09:01|-0.07|0.11|1.0533|
|=|         19|         93|      12385|  -0.5028571429|       1431|00:09:01|-0.04|0.11|1.0331|
|=|         31|         93|      12385|  -0.5150000000|       1519|00:09:06|-0.01|0.12|0.9975|
|=|         29|         93|      12385|  -0.5111111111|       1607|00:09:06|+0.01|0.12|0.9781|
|-|         30|         39|      12385|  -0.5000000000|       1695|00:09:02|-0.04|0.07|1.0107|
|=|         23|         39|      12297|  -0.4872727273|       1729|00:05:17|-0.04|0.06|1.0120|
|=|         15|         39|      12385|  -0.5033333333|       1763|00:05:13|-0.04|0.05|1.0101|
|=|         25|         39|      12297|  -0.4676923077|       1797|00:05:32|-0.03|0.05|1.0051|
|=|         26|         39|      12297|  -0.4628571429|       1831|00:05:14|-0.02|0.05|1.0052|
|=|         18|         39|      12297|  -0.4586666667|       1865|00:05:12|-0.02|0.05|0.9984|
|=|         13|         39|      12297|  -0.4425000000|       1899|00:05:08|-0.01|0.06|0.9893|
|=|          3|         39|      12297|  -0.4329411765|       1933|00:05:10|-0.01|0.05|0.9904|
|=|         34|         39|       9275|  -0.4511111111|       1967|00:05:10|-0.01|0.05|0.9875|
|=|         27|         39|       9275|  -0.4442105263|       2001|00:05:10|-0.01|0.04|0.9899|
|=|         20|         39|      12199|  -0.4260000000|       2035|00:05:20|-0.01|0.04|0.9896|
|=|         22|         39|      12199|  -0.4342857143|       2069|00:05:16|-0.00|0.05|0.9820|
|=|         12|         39|      10254|  -0.4363636364|       2103|00:05:11|+0.00|0.05|0.9798|
|=|         16|         39|      10254|  -0.4417391304|       2137|00:05:16|+0.00|0.05|0.9769|
|=|          2|         39|      12385|  -0.4633333333|       2171|00:05:12|+0.01|0.05|0.9727|
|=|          4|         39|      12385|  -0.4624000000|       2205|00:05:11|+0.01|0.05|0.9684|
|=|         28|         39|      12385|  -0.4615384615|       2239|00:05:13|+0.02|0.05|0.9641|
|-|         14|         20|      12385|  -0.4622222222|       2273|00:05:15|-0.01|0.03|0.9605|
|=|          9|         20|      12385|  -0.4685714286|       2288|00:02:41|-0.00|0.03|0.9528|
|=|          8|         20|      12385|  -0.4606896552|       2303|00:02:41|-0.00|0.03|0.9509|
|=|          5|         20|      12385|  -0.4613333333|       2318|00:02:34|+0.00|0.03|0.9481|
|=|          6|         20|      10254|  -0.4529032258|       2333|00:02:41|+0.00|0.03|0.9476|
|=|          7|         20|      10254|  -0.4487500000|       2348|00:02:30|+0.00|0.03|0.9463|
|=|         17|         20|      10254|  -0.4484848485|       2363|00:02:41|+0.00|0.03|0.9446|
|=|         24|         20|      10254|  -0.4423529412|       2378|00:02:32|+0.00|0.03|0.9430|
|=|         32|         20|      10254|  -0.4400000000|       2393|00:02:42|+0.00|0.03|0.9437|
|=|         36|         20|      10254|  -0.4388888889|       2413|00:02:52|+0.00|0.03|0.9428|
+-+-----------+-----------+-----------+---------------+-----------+--------+-----+----+------+
Best-so-far configuration:       10254    mean value:   -0.4388888889
Description of the best-so-far configuration:
       .ID. t0 t1   a0   a1 a2   r0   r1   r2 std .PARENT.
10254 10254  2  7 1.01 1.94  2 0.06 0.02 0.17   1     8594

# 2022-12-02 00:42:27 CET: Elite configurations (first number is the configuration ID; listed from best to worst according to the sum of ranks):
      t0 t1   a0   a1   a2   r0   r1   r2 std
10254  2  7 1.01 1.94 2.00 0.06 0.02 0.17   1
12385  2  7 1.02 1.95 1.95 0.06 0.04 0.14   1
11044  2  7 1.01 1.94 1.97 0.08 0.02 0.17   1
12051  2  7 1.01 1.93 1.99 0.07 0.01 0.19   1
12199  2  7 1.03 1.90 1.98 0.02 0.00 0.19   1
# 2022-12-02 00:42:27 CET: Iteration 15 of 15
# experimentsUsedSoFar: 93655
# remainingBudget: 6345
# currentBudget: 6345
# nbConfigurations: 176
# Markers:
     x No test is performed.
     c Configurations are discarded only due to capping.
     - The test is performed and some configurations are discarded.
     = The test is performed but no configuration is discarded.
     ! The test is performed and configurations could be discarded but elite configurations are preserved.
     . All alive configurations are elite and nothing is discarded

+-+-----------+-----------+-----------+---------------+-----------+--------+-----+----+------+
| |   Instance|      Alive|       Best|      Mean best| Exp so far|  W time|  rho|KenW|  Qvar|
+-+-----------+-----------+-----------+---------------+-----------+--------+-----+----+------+
|x|         37|        176|      12545|  -0.7200000000|        176|00:17:57|   NA|  NA|    NA|
|x|         17|        176|      12545|  -0.6200000000|        347|00:17:36|+0.23|0.61|0.7860|
|x|         11|        176|      12453|  -0.5200000000|        518|00:17:47|+0.24|0.49|0.8052|
|x|         23|        176|      12572|  -0.4600000000|        689|00:17:39|+0.25|0.44|0.7670|
|-|         14|         68|      12572|  -0.4800000000|        860|00:17:48|-0.12|0.11|1.0590|
|=|          3|         68|      12526|  -0.5666666667|        923|00:08:05|-0.05|0.12|1.0029|
|=|         29|         68|      12526|  -0.5714285714|        986|00:07:53|-0.02|0.12|0.9774|
|=|         31|         68|      12526|  -0.5400000000|       1049|00:08:14|-0.02|0.11|0.9752|
|=|          6|         68|      12479|  -0.4622222222|       1112|00:08:12|-0.01|0.10|0.9766|
|=|         16|         68|      12569|  -0.4560000000|       1175|00:07:53|+0.00|0.10|0.9751|
|=|         20|         68|      12569|  -0.4800000000|       1238|00:08:06|+0.00|0.09|0.9775|
|=|         26|         68|      10254|  -0.4400000000|       1301|00:08:12|+0.00|0.09|0.9776|
|=|          8|         68|      10254|  -0.4646153846|       1364|00:08:03|+0.01|0.09|0.9740|
|=|         13|         68|      10254|  -0.4628571429|       1427|00:08:10|+0.02|0.09|0.9684|
|=|         24|         68|      12526|  -0.4773333333|       1490|00:07:55|+0.01|0.08|0.9717|
|-|          7|         40|      12051|  -0.4400000000|       1553|00:07:59|-0.02|0.04|0.9944|
|=|         27|         40|      12526|  -0.4729411765|       1588|00:05:11|-0.02|0.04|0.9920|
|=|         30|         40|      12542|  -0.4444444444|       1623|00:05:11|-0.01|0.04|0.9844|
|=|         12|         40|      12542|  -0.4526315789|       1658|00:05:11|-0.01|0.04|0.9808|
|=|         34|         40|      12542|  -0.4620000000|       1693|00:05:12|-0.01|0.04|0.9770|
|=|         25|         40|      12542|  -0.4609523810|       1728|00:05:31|-0.01|0.04|0.9748|
|=|         19|         40|      12542|  -0.4581818182|       1763|00:05:13|-0.00|0.04|0.9749|
|=|          1|         40|      12542|  -0.4695652174|       1798|00:05:10|+0.01|0.05|0.9669|
|=|         28|         40|      12526|  -0.4733333333|       1833|00:05:12|+0.01|0.05|0.9666|
|=|         15|         40|      12542|  -0.4608000000|       1868|00:05:11|+0.00|0.04|0.9693|
|=|          9|         40|      12542|  -0.4630769231|       1903|00:05:10|+0.00|0.04|0.9682|
|=|          4|         40|      12542|  -0.4577777778|       1938|00:05:08|+0.00|0.04|0.9713|
|=|          5|         40|      12542|  -0.4571428571|       1973|00:05:14|+0.00|0.04|0.9711|
|=|         10|         40|      12542|  -0.4537931034|       2008|00:05:10|+0.00|0.04|0.9696|
|=|         35|         40|      12542|  -0.4520000000|       2043|00:05:12|+0.01|0.04|0.9684|
|=|         33|         40|      12542|  -0.4451612903|       2078|00:05:19|+0.01|0.04|0.9688|
|=|         32|         40|      12542|  -0.4425000000|       2113|00:05:11|+0.01|0.04|0.9677|
|=|         21|         40|      10254|  -0.4387878788|       2148|00:05:14|+0.01|0.04|0.9682|
|=|         22|         40|      10254|  -0.4435294118|       2183|00:05:18|+0.01|0.04|0.9651|
|=|         18|         40|      10254|  -0.4411428571|       2218|00:05:08|+0.01|0.04|0.9646|
|-|         36|         17|      10254|  -0.4400000000|       2253|00:05:11|-0.01|0.02|0.9474|
|=|          2|         17|      10254|  -0.4389189189|       2265|00:02:13|-0.01|0.02|0.9473|
|=|         38|         17|      10254|  -0.4347368421|       2282|00:02:44|-0.01|0.02|0.9497|
+-+-----------+-----------+-----------+---------------+-----------+--------+-----+----+------+
Best-so-far configuration:       10254    mean value:   -0.4347368421
Description of the best-so-far configuration:
       .ID. t0 t1   a0   a1 a2   r0   r1   r2 std .PARENT.
10254 10254  2  7 1.01 1.94  2 0.06 0.02 0.17   1     8594

# 2022-12-02 05:29:36 CET: Elite configurations (first number is the configuration ID; listed from best to worst according to the sum of ranks):
      t0 t1   a0   a1   a2   r0   r1   r2 std
10254  2  7 1.01 1.94 2.00 0.06 0.02 0.17   1
12199  2  7 1.03 1.90 1.98 0.02 0.00 0.19   1
12385  2  7 1.02 1.95 1.95 0.06 0.04 0.14   1
12526  2  7 1.03 1.98 1.97 0.04 0.01 0.17   1
12542  2  7 1.00 1.99 1.99 0.02 0.05 0.17   1
# 2022-12-02 05:29:36 CET: Iteration 16 of 16
# experimentsUsedSoFar: 95937
# remainingBudget: 4063
# currentBudget: 4063
# nbConfigurations: 109
# Markers:
     x No test is performed.
     c Configurations are discarded only due to capping.
     - The test is performed and some configurations are discarded.
     = The test is performed but no configuration is discarded.
     ! The test is performed and configurations could be discarded but elite configurations are preserved.
     . All alive configurations are elite and nothing is discarded

+-+-----------+-----------+-----------+---------------+-----------+--------+-----+----+------+
| |   Instance|      Alive|       Best|      Mean best| Exp so far|  W time|  rho|KenW|  Qvar|
+-+-----------+-----------+-----------+---------------+-----------+--------+-----+----+------+
|x|         39|        109|      12703|  -0.7200000000|        109|00:11:46|   NA|  NA|    NA|
|x|          2|        109|      12718|  -0.6400000000|        213|00:11:41|+0.01|0.50|0.9330|
|x|         13|        109|      12526|  -0.5866666667|        317|00:11:45|+0.03|0.35|0.9448|
|x|          4|        109|      12631|  -0.5400000000|        421|00:11:46|+0.01|0.26|0.9591|
|=|         26|        109|      12631|  -0.5120000000|        525|00:11:38|+0.04|0.24|0.9464|
|=|         19|        109|      12652|  -0.4933333333|        629|00:11:42|+0.01|0.17|0.9904|
|=|         18|        109|      12631|  -0.4742857143|        733|00:11:36|-0.01|0.14|0.9982|
|=|         15|        109|      12631|  -0.4650000000|        837|00:11:50|+0.00|0.13|0.9893|
|=|         36|        109|      12631|  -0.4488888889|        941|00:11:42|+0.02|0.13|0.9792|
|=|          8|        109|      12631|  -0.4480000000|       1045|00:11:40|+0.01|0.11|0.9858|
|=|         21|        109|      10254|  -0.4836363636|       1149|00:11:41|+0.01|0.10|0.9791|
|=|         25|        109|      10254|  -0.4833333333|       1253|00:11:36|+0.01|0.10|0.9778|
|=|         24|        109|      12692|  -0.4430769231|       1357|00:11:34|+0.02|0.09|0.9733|
|-|         27|         64|      12659|  -0.4685714286|       1461|00:11:44|-0.03|0.05|1.0016|
|=|         29|         64|      12659|  -0.4640000000|       1520|00:06:05|-0.02|0.05|0.9925|
|=|         11|         64|      12659|  -0.4650000000|       1579|00:06:05|-0.01|0.05|0.9842|
|=|         33|         64|      12659|  -0.4635294118|       1638|00:06:03|-0.01|0.05|0.9803|
|=|         28|         64|      12631|  -0.4600000000|       1697|00:06:07|-0.01|0.05|0.9841|
|=|          6|         64|      12631|  -0.4652631579|       1756|00:06:08|-0.01|0.05|0.9859|
|=|          7|         64|      12631|  -0.4600000000|       1815|00:06:07|-0.00|0.05|0.9850|
|=|         10|         64|      12631|  -0.4533333333|       1874|00:06:06|-0.00|0.04|0.9854|
|=|         30|         64|      12631|  -0.4472727273|       1933|00:06:06|-0.00|0.04|0.9854|
|=|          3|         64|      12631|  -0.4452173913|       1992|00:06:03|-0.01|0.04|0.9867|
|=|         12|         64|      10254|  -0.4533333333|       2051|00:06:05|-0.00|0.04|0.9832|
|=|         34|         64|      10254|  -0.4480000000|       2110|00:06:07|-0.00|0.04|0.9827|
|=|         37|         64|      10254|  -0.4476923077|       2169|00:06:08|-0.00|0.04|0.9830|
|=|         31|         64|      10254|  -0.4400000000|       2228|00:06:04|-0.00|0.04|0.9840|
|=|         22|         64|      10254|  -0.4457142857|       2287|00:06:06|-0.00|0.03|0.9840|
|=|         20|         64|      10254|  -0.4482758621|       2346|00:06:04|+0.00|0.03|0.9815|
|=|         35|         64|      10254|  -0.4413333333|       2405|00:06:06|+0.00|0.03|0.9801|
|=|         38|         64|      12721|  -0.4361290323|       2464|00:06:03|+0.00|0.04|0.9777|
|=|         32|         64|      12526|  -0.4337500000|       2523|00:06:06|+0.00|0.03|0.9781|
|=|         14|         64|      12526|  -0.4400000000|       2582|00:06:05|+0.01|0.04|0.9766|
|=|          9|         64|      12526|  -0.4352941176|       2641|00:06:09|+0.00|0.03|0.9770|
|=|         23|         64|      12526|  -0.4422857143|       2700|00:06:05|+0.00|0.03|0.9764|
|=|          5|         64|      10254|  -0.4377777778|       2759|00:06:03|+0.01|0.03|0.9751|
