#------------------------------------------------------------------------------
# irace: An implementation in R of (Elitist) Iterated Racing
# Version: 3.5.6863679
# Copyright (C) 2010-2020
# Manuel Lopez-Ibanez     <manuel.lopez-ibanez@manchester.ac.uk>
# Jeremie Dubois-Lacoste  
# Leslie Perez Caceres    <leslie.perez.caceres@ulb.ac.be>
#
# This is free software, and you are welcome to redistribute it under certain
# conditions.  See the GNU General Public License for details. There is NO
# WARRANTY; not even for MERCHANTABILITY or FITNESS FOR A PARTICULAR PURPOSE.
#
# irace builds upon previous code from the race package:
#     race: Racing methods for the selection of the best
#     Copyright (C) 2003 Mauro Birattari
#------------------------------------------------------------------------------
# installed at: /home/asion/swarm_aggregation/tuning1/r_libs/irace
# called with: --exec-dir=./ --parallel 20 --mpi 1 --scenario scenario.txt
# 2022-11-22 16:34:20 CET: 4 expression(s) specifying forbidden configurations read from '/home/asion/swarm_aggregation/tuning1/forbidden.txt'
# 2022-11-22 16:34:21 CET: Initialization
# Elitist race
# Elitist new instances: 1
# Elitist limit: 2
# nbIterations: 5
# minNbSurvival: 5
# nbParameters: 9
# seed: 401284485
# confidence level: 0.95
# budget: 1e+05
# mu: 5
# deterministic: FALSE

# 2022-11-22 16:34:21 CET: Iteration 1 of 5
# experimentsUsedSoFar: 0
# remainingBudget: 1e+05
# currentBudget: 20000
# nbConfigurations: 1024
# Markers:
     x No test is performed.
     c Configurations are discarded only due to capping.
     - The test is performed and some configurations are discarded.
     = The test is performed but no configuration is discarded.
     ! The test is performed and configurations could be discarded but elite configurations are preserved.
     . All alive configurations are elite and nothing is discarded

+-+-----------+-----------+-----------+----------------+-----------+--------+-----+----+------+
| |   Instance|      Alive|       Best|       Mean best| Exp so far|  W time|  rho|KenW|  Qvar|
+-+-----------+-----------+-----------+----------------+-----------+--------+-----+----+------+
|x|          1|       1024|        304|   -0.3600000000|       1024|00:30:43|   NA|  NA|    NA|
|x|          2|       1024|        934|   -0.3000000000|       2048|00:31:08|+0.04|0.52|0.9885|
|x|          3|       1024|        233|   -0.2533333333|       3072|00:31:07|+0.05|0.37|0.9688|
|x|          4|       1024|        983|   -0.2200000000|       4096|00:31:07|+0.03|0.27|0.9797|
|-|          5|        305|        983|   -0.2400000000|       5120|00:31:06|-0.15|0.08|1.1220|
|=|          6|        305|        983|   -0.2266666667|       5425|00:09:29|-0.11|0.08|1.0813|
|=|          7|        305|        934|   -0.2285714286|       5730|00:09:29|-0.08|0.07|1.0629|
+-+-----------+-----------+-----------+----------------+-----------+--------+-----+----+------+
Best-so-far configuration:         934    mean value:    -0.2285714286
Description of the best-so-far configuration:
    .ID. t0 t1   a0   a1   a2   r0   r1   r2 std .PARENT.
934  934  4 10 1.63 1.93 1.52 0.95 0.03 0.77   2       NA

# 2022-11-22 19:28:37 CET: Elite configurations (first number is the configuration ID; listed from best to worst according to the sum of ranks):
    t0 t1   a0   a1   a2   r0   r1   r2 std
934  4 10 1.63 1.93 1.52 0.95 0.03 0.77   2
994  3  5 1.79 1.40 1.77 0.78 0.95 0.15  19
983  2  9 1.21 1.91 1.53 0.30 0.29 0.73   2
913  2  8 1.95 1.95 1.33 0.93 0.51 0.12  14
852  4  8 1.43 1.51 1.35 0.62 0.63 0.31  18
# 2022-11-22 19:28:37 CET: Iteration 2 of 5
# experimentsUsedSoFar: 5730
# remainingBudget: 94270
# currentBudget: 23567
# nbConfigurations: 1024
# Markers:
     x No test is performed.
     c Configurations are discarded only due to capping.
     - The test is performed and some configurations are discarded.
     = The test is performed but no configuration is discarded.
     ! The test is performed and configurations could be discarded but elite configurations are preserved.
     . All alive configurations are elite and nothing is discarded

+-+-----------+-----------+-----------+----------------+-----------+--------+-----+----+------+
| |   Instance|      Alive|       Best|       Mean best| Exp so far|  W time|  rho|KenW|  Qvar|
+-+-----------+-----------+-----------+----------------+-----------+--------+-----+----+------+
|x|          8|       1024|       1985|   -0.5600000000|       1024|00:31:12|   NA|  NA|    NA|
|x|          2|       1024|       1364|   -0.4800000000|       2043|00:31:07|+0.03|0.51|0.9187|
|x|          4|       1024|       1040|   -0.3066666667|       3062|00:31:06|+0.04|0.36|0.9277|
|x|          1|       1024|       1223|   -0.2700000000|       4081|00:31:04|+0.04|0.28|0.9357|
|-|          3|        228|       1223|   -0.2640000000|       5100|00:31:05|-0.12|0.11|1.0634|
|=|          6|        228|       1223|   -0.2533333333|       5323|00:07:09|-0.06|0.12|1.0147|
|=|          5|        228|       1223|   -0.2742857143|       5546|00:07:08|-0.03|0.12|0.9858|
|=|          7|        228|       1223|   -0.2800000000|       5769|00:07:09|-0.01|0.12|0.9670|
|=|          9|        228|       1223|   -0.2711111111|       5997|00:07:08|+0.01|0.12|0.9534|
+-+-----------+-----------+-----------+----------------+-----------+--------+-----+----+------+
Best-so-far configuration:        1223    mean value:    -0.2711111111
Description of the best-so-far configuration:
     .ID. t0 t1   a0   a1   a2   r0   r1   r2 std .PARENT.
1223 1223  2  9 1.02 1.78 1.59 0.01 0.16 0.47   1      983

# 2022-11-22 22:32:57 CET: Elite configurations (first number is the configuration ID; listed from best to worst according to the sum of ranks):
     t0 t1   a0   a1   a2   r0   r1   r2 std
1223  2  9 1.02 1.78 1.59 0.01 0.16 0.47   1
1040  3  6 1.05 1.96 1.62 0.13 0.16 0.72   1
1364  1 10 1.03 1.91 1.23 0.36 0.09 0.95   2
1935  1 10 1.09 1.88 1.93 0.35 0.37 0.62   1
1640  1  7 1.12 1.97 1.47 0.26 0.35 0.38   1
# 2022-11-22 22:32:57 CET: Iteration 3 of 5
# experimentsUsedSoFar: 11727
# remainingBudget: 88273
# currentBudget: 29424
# nbConfigurations: 1024
# Markers:
     x No test is performed.
     c Configurations are discarded only due to capping.
     - The test is performed and some configurations are discarded.
     = The test is performed but no configuration is discarded.
     ! The test is performed and configurations could be discarded but elite configurations are preserved.
     . All alive configurations are elite and nothing is discarded

+-+-----------+-----------+-----------+----------------+-----------+--------+-----+----+------+
| |   Instance|      Alive|       Best|       Mean best| Exp so far|  W time|  rho|KenW|  Qvar|
+-+-----------+-----------+-----------+----------------+-----------+--------+-----+----+------+
|x|         10|       1024|       2259|   -0.6800000000|       1024|00:31:36|   NA|  NA|    NA|
|x|          7|       1024|       2695|   -0.5400000000|       2043|00:31:30|+0.25|0.63|0.7461|
|x|          2|       1024|       2259|   -0.5333333333|       3062|00:31:29|+0.24|0.49|0.7604|
|x|          3|       1024|       2259|   -0.4800000000|       4081|00:31:30|+0.22|0.41|0.7845|
|-|          1|        224|       2988|   -0.4480000000|       5100|00:31:30|-0.05|0.16|0.9860|
|=|          8|        224|       2831|   -0.4200000000|       5319|00:06:55|-0.00|0.16|0.9497|
|=|          5|        224|       2259|   -0.4571428571|       5538|00:06:53|+0.03|0.17|0.9254|
|-|          6|         35|       2831|   -0.4150000000|       5757|00:06:54|+0.06|0.18|0.9049|
|-|          4|         24|       2831|   -0.4000000000|       5787|00:01:14|+0.09|0.19|0.8827|
|-|          9|         16|       2358|   -0.4400000000|       5806|00:00:38|-0.04|0.06|0.9721|
|=|         11|         16|       2358|   -0.4181818182|       5822|00:00:37|-0.05|0.05|0.9698|
|=|         12|         16|       2358|   -0.4200000000|       5838|00:00:36|-0.03|0.05|0.9564|
+-+-----------+-----------+-----------+----------------+-----------+--------+-----+----+------+
Best-so-far configuration:        2358    mean value:    -0.4200000000
Description of the best-so-far configuration:
     .ID. t0 t1   a0  a1   a2   r0   r1   r2 std .PARENT.
2358 2358  2 10 1.04 1.9 1.15 0.27 0.03 0.87   1     1364

# 2022-11-23 01:34:33 CET: Elite configurations (first number is the configuration ID; listed from best to worst according to the sum of ranks):
     t0 t1   a0   a1   a2   r0   r1   r2 std
2358  2 10 1.04 1.90 1.15 0.27 0.03 0.87   1
2831  2  7 1.03 1.98 1.55 0.03 0.03 0.76   1
2259  2  8 1.07 1.97 1.32 0.43 0.14 0.81   1
2312  2  8 1.04 1.95 1.28 0.33 0.06 0.81   1
2988  1  7 1.04 1.99 1.68 0.06 0.05 0.76   2
# 2022-11-23 01:34:33 CET: Iteration 4 of 5
# experimentsUsedSoFar: 17565
# remainingBudget: 82435
# currentBudget: 41217
# nbConfigurations: 1024
# Markers:
     x No test is performed.
     c Configurations are discarded only due to capping.
     - The test is performed and some configurations are discarded.
     = The test is performed but no configuration is discarded.
     ! The test is performed and configurations could be discarded but elite configurations are preserved.
     . All alive configurations are elite and nothing is discarded

+-+-----------+-----------+-----------+----------------+-----------+--------+-----+----+------+
| |   Instance|      Alive|       Best|       Mean best| Exp so far|  W time|  rho|KenW|  Qvar|
+-+-----------+-----------+-----------+----------------+-----------+--------+-----+----+------+
|x|         13|       1024|       3288|   -0.7200000000|       1024|00:31:55|   NA|  NA|    NA|
|x|          2|       1024|       3795|   -0.6200000000|       2043|00:32:01|+0.18|0.59|0.8323|
|x|          5|       1024|       4020|   -0.5200000000|       3062|00:32:01|+0.22|0.48|0.7991|
|x|         11|       1024|       3367|   -0.5500000000|       4081|00:31:59|+0.22|0.41|0.7995|
|-|          3|        256|       3367|   -0.5520000000|       5100|00:32:02|-0.12|0.11|1.1006|
|=|          7|        256|       3367|   -0.5200000000|       5351|00:08:09|-0.07|0.11|1.0599|
|=|         12|        256|       3367|   -0.4971428571|       5602|00:08:06|-0.04|0.11|1.0371|
|=|         10|        256|       3606|   -0.4750000000|       5853|00:08:07|-0.03|0.10|1.0186|
|=|          9|        256|       3606|   -0.4844444444|       6104|00:08:08|-0.01|0.10|1.0018|
|=|          4|        256|       3664|   -0.4600000000|       6355|00:08:07|-0.00|0.10|0.9972|
|=|          6|        256|       3664|   -0.4545454545|       6606|00:08:08|+0.01|0.10|0.9873|
|-|          8|        140|       3732|   -0.4433333333|       6857|00:08:07|-0.04|0.05|1.0221|
|=|          1|        140|       3732|   -0.4523076923|       6992|00:04:22|-0.03|0.05|1.0175|
|=|         14|        140|       3732|   -0.4457142857|       7132|00:04:29|-0.02|0.05|1.0118|
+-+-----------+-----------+-----------+----------------+-----------+--------+-----+----+------+
Best-so-far configuration:        3732    mean value:    -0.4457142857
Description of the best-so-far configuration:
     .ID. t0 t1   a0   a1   a2   r0   r1   r2 std .PARENT.
3732 3732  2  8 1.01 1.99 1.55 0.02 0.02 0.71   1     2831

# 2022-11-23 05:20:32 CET: Elite configurations (first number is the configuration ID; listed from best to worst according to the sum of ranks):
     t0 t1   a0   a1   a2   r0   r1   r2 std
3732  2  8 1.01 1.99 1.55 0.02 0.02 0.71   1
3606  2 10 1.02 1.92 1.19 0.26 0.03 0.96   1
3795  2  8 1.00 1.99 1.55 0.06 0.07 0.78   1
3664  2 10 1.06 1.97 1.14 0.24 0.00 0.80   1
3367  2 10 1.00 1.95 1.20 0.27 0.06 0.86   1
# 2022-11-23 05:20:32 CET: Iteration 5 of 5
# experimentsUsedSoFar: 24697
# remainingBudget: 75303
# currentBudget: 75303
# nbConfigurations: 1024
# Markers:
     x No test is performed.
     c Configurations are discarded only due to capping.
     - The test is performed and some configurations are discarded.
     = The test is performed but no configuration is discarded.
     ! The test is performed and configurations could be discarded but elite configurations are preserved.
     . All alive configurations are elite and nothing is discarded

+-+-----------+-----------+-----------+----------------+-----------+--------+-----+----+------+
| |   Instance|      Alive|       Best|       Mean best| Exp so far|  W time|  rho|KenW|  Qvar|
+-+-----------+-----------+-----------+----------------+-----------+--------+-----+----+------+
|x|         15|       1024|       5020|   -0.7600000000|       1024|00:31:57|   NA|  NA|    NA|
|x|         11|       1024|       5020|   -0.7000000000|       2043|00:32:00|+0.37|0.69|0.6563|
|x|         13|       1024|       4233|   -0.5466666667|       3062|00:31:58|+0.35|0.56|0.7008|
|x|          9|       1024|       4374|   -0.5000000000|       4081|00:31:57|+0.35|0.51|0.6956|
|-|          8|        338|       4227|   -0.5040000000|       5100|00:31:58|-0.11|0.11|1.0830|
|=|          4|        338|       4143|   -0.5200000000|       5433|00:10:43|-0.07|0.11|1.0467|
|=|          6|        338|       4143|   -0.5200000000|       5766|00:10:40|-0.04|0.11|1.0257|
|=|         12|        338|       4618|   -0.4600000000|       6099|00:10:40|-0.03|0.10|1.0188|
|=|          5|        338|       4693|   -0.4755555556|       6432|00:10:40|-0.01|0.10|1.0041|
|=|         10|        338|       4657|   -0.4400000000|       6765|00:10:37|-0.01|0.09|0.9996|
|=|          2|        338|       4657|   -0.4472727273|       7098|00:10:39|+0.00|0.09|0.9942|
|=|          3|        338|       4657|   -0.4400000000|       7431|00:10:41|+0.00|0.09|0.9933|
|=|          1|        338|       4657|   -0.4338461538|       7764|00:10:40|+0.01|0.09|0.9883|
|-|          7|        171|       4657|   -0.4314285714|       8097|00:10:38|-0.05|0.03|1.0363|
|=|         14|        171|       4657|   -0.4266666667|       8263|00:05:37|-0.04|0.03|1.0305|
|=|         16|        171|       4657|   -0.4375000000|       8434|00:05:37|-0.03|0.03|1.0239|
+-+-----------+-----------+-----------+----------------+-----------+--------+-----+----+------+
Best-so-far configuration:        4657    mean value:    -0.4375000000
Description of the best-so-far configuration:
     .ID. t0 t1   a0   a1   a2   r0   r1   r2 std .PARENT.
4657 4657  2 10 1.02 1.93 1.15 0.28 0.04 0.97   1     3606

# 2022-11-23 09:47:56 CET: Elite configurations (first number is the configuration ID; listed from best to worst according to the sum of ranks):
     t0 t1   a0   a1   a2   r0   r1   r2 std
4657  2 10 1.02 1.93 1.15 0.28 0.04 0.97   1
4930  2 10 1.04 1.91 1.19 0.31 0.02 0.91   1
4722  2  8 1.00 1.99 1.51 0.07 0.07 0.75   1
4318  2 10 1.00 1.95 1.15 0.31 0.04 0.87   1
4227  2 10 1.02 1.91 1.16 0.24 0.05 0.95   1
# 2022-11-23 09:47:56 CET: Iteration 6 of 6
# experimentsUsedSoFar: 33131
# remainingBudget: 66869
# currentBudget: 66869
# nbConfigurations: 1024
# Markers:
     x No test is performed.
     c Configurations are discarded only due to capping.
     - The test is performed and some configurations are discarded.
     = The test is performed but no configuration is discarded.
     ! The test is performed and configurations could be discarded but elite configurations are preserved.
     . All alive configurations are elite and nothing is discarded

+-+-----------+-----------+-----------+----------------+-----------+--------+-----+----+------+
| |   Instance|      Alive|       Best|       Mean best| Exp so far|  W time|  rho|KenW|  Qvar|
+-+-----------+-----------+-----------+----------------+-----------+--------+-----+----+------+
|x|         17|       1024|       5589|   -0.8000000000|       1024|00:32:02|   NA|  NA|    NA|
|x|         15|       1024|       5748|   -0.6600000000|       2043|00:31:59|+0.12|0.56|0.8889|
|x|          2|       1024|       5566|   -0.5200000000|       3062|00:32:03|+0.16|0.44|0.8606|
|x|         14|       1024|       5896|   -0.5400000000|       4081|00:31:59|+0.15|0.36|0.8683|
|-|          8|        271|       5566|   -0.5120000000|       5100|00:32:01|-0.12|0.11|1.1021|
|=|         11|        271|       5896|   -0.5000000000|       5366|00:08:44|-0.07|0.11|1.0571|
|=|         16|        271|       5896|   -0.4914285714|       5632|00:08:42|-0.03|0.12|1.0179|
|=|          7|        271|       5896|   -0.5000000000|       5898|00:08:41|+0.00|0.13|0.9898|
|-|          9|        124|       5953|   -0.4755555556|       6164|00:08:42|-0.06|0.06|1.0419|
|=|          6|        124|       5953|   -0.4920000000|       6283|00:03:47|-0.04|0.07|1.0230|
|=|          3|        124|       5953|   -0.4872727273|       6402|00:03:49|-0.03|0.06|1.0165|
|=|          4|        124|       5953|   -0.4700000000|       6521|00:03:50|-0.03|0.06|1.0140|
|=|         13|        124|       4227|   -0.4369230769|       6640|00:03:47|-0.02|0.06|1.0079|
|=|          5|        124|       4227|   -0.4314285714|       6759|00:03:47|-0.01|0.06|1.0026|
|=|          1|        124|       4227|   -0.4266666667|       6878|00:03:56|-0.01|0.06|1.0016|
|=|         12|        124|       4722|   -0.4575000000|       6997|00:03:47|-0.01|0.06|0.9980|
|=|         10|        124|       4722|   -0.4517647059|       7116|00:03:46|-0.00|0.05|0.9941|
|=|         18|        124|       4657|   -0.4311111111|       7240|00:04:20|-0.00|0.05|0.9921|
+-+-----------+-----------+-----------+----------------+-----------+--------+-----+----+------+
Best-so-far configuration:        4657    mean value:    -0.4311111111
Description of the best-so-far configuration:
     .ID. t0 t1   a0   a1   a2   r0   r1   r2 std .PARENT.
4657 4657  2 10 1.02 1.93 1.15 0.28 0.04 0.97   1     3606

# 2022-11-23 13:38:04 CET: Elite configurations (first number is the configuration ID; listed from best to worst according to the sum of ranks):
     t0 t1   a0   a1   a2   r0   r1   r2 std
4657  2 10 1.02 1.93 1.15 0.28 0.04 0.97   1
4722  2  8 1.00 1.99 1.51 0.07 0.07 0.75   1
5959  2 10 1.04 1.96 1.22 0.43 0.04 0.98   1
4930  2 10 1.04 1.91 1.19 0.31 0.02 0.91   1
4318  2 10 1.00 1.95 1.15 0.31 0.04 0.87   1
# 2022-11-23 13:38:04 CET: Iteration 7 of 7
# experimentsUsedSoFar: 40371
# remainingBudget: 59629
# currentBudget: 59629
# nbConfigurations: 1024
# Markers:
     x No test is performed.
     c Configurations are discarded only due to capping.
     - The test is performed and some configurations are discarded.
     = The test is performed but no configuration is discarded.
     ! The test is performed and configurations could be discarded but elite configurations are preserved.
     . All alive configurations are elite and nothing is discarded

+-+-----------+-----------+-----------+----------------+-----------+--------+-----+----+------+
| |   Instance|      Alive|       Best|       Mean best| Exp so far|  W time|  rho|KenW|  Qvar|
+-+-----------+-----------+-----------+----------------+-----------+--------+-----+----+------+
|x|         19|       1024|       6397|   -0.7200000000|       1024|00:31:49|   NA|  NA|    NA|
|x|          3|       1024|       4318|   -0.6600000000|       2043|00:31:48|+0.38|0.69|0.6764|
|x|          9|       1024|       7086|   -0.5600000000|       3062|00:31:53|+0.40|0.60|0.6713|
|x|         18|       1024|       5959|   -0.6400000000|       4081|00:31:54|+0.38|0.54|0.6747|
|-|          4|        226|       5959|   -0.6400000000|       5100|00:33:31|-0.09|0.12|1.0755|
|=|         12|        226|       5959|   -0.5800000000|       5321|00:07:50|-0.06|0.12|1.0462|
|=|         10|        226|       5959|   -0.6114285714|       5542|00:08:02|-0.02|0.12|1.0077|
|=|         13|        226|       5959|   -0.5900000000|       5763|00:07:55|-0.00|0.12|0.9969|
|=|         15|        226|       5959|   -0.5644444444|       5984|00:08:04|-0.00|0.11|0.9966|
|=|          6|        226|       5959|   -0.5560000000|       6205|00:08:14|+0.01|0.11|0.9804|
|-|          8|         78|       5959|   -0.5309090909|       6426|00:08:12|-0.06|0.04|1.0357|
|=|          7|         78|       5959|   -0.5266666667|       6499|00:02:47|-0.04|0.04|1.0265|
|=|         16|         78|       5959|   -0.5200000000|       6572|00:02:48|-0.04|0.04|1.0213|
|=|         11|         78|       5959|   -0.5085714286|       6645|00:02:48|-0.03|0.04|1.0174|
|=|          2|         78|       5959|   -0.4986666667|       6718|00:02:48|-0.03|0.04|1.0102|
|=|          5|         78|       5959|   -0.4900000000|       6791|00:02:49|-0.02|0.05|1.0023|
|=|          1|         78|       4657|   -0.4470588235|       6864|00:02:53|-0.02|0.04|1.0025|
|=|         14|         78|       4657|   -0.4422222222|       6937|00:02:46|-0.02|0.04|1.0005|
|=|         17|         78|       5959|   -0.4673684211|       7010|00:02:49|-0.01|0.04|0.9959|
|=|         20|         78|       5959|   -0.4620000000|       7088|00:02:55|-0.01|0.04|0.9950|
+-+-----------+-----------+-----------+----------------+-----------+--------+-----+----+------+
Best-so-far configuration:        5959    mean value:    -0.4620000000
Description of the best-so-far configuration:
     .ID. t0 t1   a0   a1   a2   r0   r1   r2 std .PARENT.
5959 5959  2 10 1.04 1.96 1.22 0.43 0.04 0.98   1     4930

# 2022-11-23 17:33:03 CET: Elite configurations (first number is the configuration ID; listed from best to worst according to the sum of ranks):
     t0 t1   a0   a1   a2   r0   r1   r2 std
5959  2 10 1.04 1.96 1.22 0.43 0.04 0.98   1
7086  2 10 1.01 1.92 1.14 0.33 0.01 0.85   1
4657  2 10 1.02 1.93 1.15 0.28 0.04 0.97   1
4722  2  8 1.00 1.99 1.51 0.07 0.07 0.75   1
6315  2 10 1.01 1.93 1.21 0.45 0.04 0.96   1
# 2022-11-23 17:33:04 CET: Iteration 8 of 8
# experimentsUsedSoFar: 47459
# remainingBudget: 52541
# currentBudget: 52541
# nbConfigurations: 1024
# Markers:
     x No test is performed.
     c Configurations are discarded only due to capping.
     - The test is performed and some configurations are discarded.
     = The test is performed but no configuration is discarded.
     ! The test is performed and configurations could be discarded but elite configurations are preserved.
     . All alive configurations are elite and nothing is discarded

+-+-----------+-----------+-----------+----------------+-----------+--------+-----+----+------+
| |   Instance|      Alive|       Best|       Mean best| Exp so far|  W time|  rho|KenW|  Qvar|
+-+-----------+-----------+-----------+----------------+-----------+--------+-----+----+------+
|x|         21|       1024|       4722|   -0.8000000000|       1024|00:35:20|   NA|  NA|    NA|
|x|         15|       1024|       8140|   -0.6400000000|       2043|00:35:46|+0.18|0.59|0.8371|
|x|         10|       1024|       8140|   -0.5866666667|       3062|00:35:22|+0.17|0.44|0.8475|
|x|          7|       1024|       7519|   -0.5600000000|       4081|00:35:49|+0.19|0.39|0.8285|
|-|          3|        265|       7618|   -0.5200000000|       5100|00:35:28|-0.11|0.11|1.1038|
|=|          8|        265|       7463|   -0.4733333333|       5360|00:09:21|-0.06|0.11|1.0565|
|=|          1|        265|       7380|   -0.4628571429|       5620|00:09:17|-0.05|0.10|1.0396|
|=|          5|        265|       7380|   -0.4600000000|       5880|00:09:32|-0.02|0.10|1.0176|
|=|         18|        265|       7380|   -0.4444444444|       6140|00:09:20|-0.02|0.10|1.0096|
|=|         20|        265|       7279|   -0.4240000000|       6400|00:09:08|-0.01|0.09|1.0015|
|=|         11|        265|       7086|   -0.4472727273|       6660|00:08:48|+0.01|0.10|0.9896|
|-|         17|        135|       7279|   -0.4233333333|       6920|00:08:18|-0.05|0.04|1.0370|
|=|          4|        135|       7086|   -0.4338461538|       7050|00:04:20|-0.04|0.04|1.0325|
|=|         19|        135|       7086|   -0.4485714286|       7180|00:04:23|-0.03|0.04|1.0256|
|=|         14|        135|       4722|   -0.4586666667|       7310|00:04:20|-0.03|0.04|1.0194|
|=|         16|        135|       4722|   -0.4550000000|       7440|00:04:22|-0.02|0.04|1.0161|
|=|         12|        135|       4722|   -0.4611764706|       7570|00:04:20|-0.02|0.04|1.0102|
|=|         13|        135|       4722|   -0.4600000000|       7700|00:04:16|-0.01|0.04|1.0073|
|=|          9|        135|       4722|   -0.4568421053|       7830|00:04:18|-0.01|0.04|1.0026|
|=|          6|        135|       4722|   -0.4580000000|       7960|00:04:16|-0.00|0.05|0.9957|
|=|          2|        135|       4722|   -0.4514285714|       8090|00:04:18|-0.00|0.04|0.9931|
|=|         22|        135|       4722|   -0.4618181818|       8225|00:04:18|+0.00|0.05|0.9873|
+-+-----------+-----------+-----------+----------------+-----------+--------+-----+----+------+
Best-so-far configuration:        4722    mean value:    -0.4618181818
Description of the best-so-far configuration:
     .ID. t0 t1 a0   a1   a2   r0   r1   r2 std .PARENT.
4722 4722  2  8  1 1.99 1.51 0.07 0.07 0.75   1     3795

# 2022-11-23 22:18:19 CET: Elite configurations (first number is the configuration ID; listed from best to worst according to the sum of ranks):
     t0 t1   a0   a1   a2   r0   r1   r2 std
4722  2  8 1.00 1.99 1.51 0.07 0.07 0.75   1
7086  2 10 1.01 1.92 1.14 0.33 0.01 0.85   1
5959  2 10 1.04 1.96 1.22 0.43 0.04 0.98   1
6315  2 10 1.01 1.93 1.21 0.45 0.04 0.96   1
4657  2 10 1.02 1.93 1.15 0.28 0.04 0.97   1
# 2022-11-23 22:18:19 CET: Iteration 9 of 9
# experimentsUsedSoFar: 55684
# remainingBudget: 44316
# currentBudget: 44316
# nbConfigurations: 1024
# Markers:
     x No test is performed.
     c Configurations are discarded only due to capping.
     - The test is performed and some configurations are discarded.
     = The test is performed but no configuration is discarded.
     ! The test is performed and configurations could be discarded but elite configurations are preserved.
     . All alive configurations are elite and nothing is discarded

+-+-----------+-----------+-----------+----------------+-----------+--------+-----+----+------+
| |   Instance|      Alive|       Best|       Mean best| Exp so far|  W time|  rho|KenW|  Qvar|
+-+-----------+-----------+-----------+----------------+-----------+--------+-----+----+------+
|x|         23|       1024|       8968|   -0.7600000000|       1024|00:31:55|   NA|  NA|    NA|
|x|         18|       1024|       5959|   -0.7000000000|       2043|00:31:50|+0.34|0.67|0.6903|
|x|         13|       1024|       5959|   -0.6133333333|       3062|00:31:48|+0.35|0.57|0.7038|
|x|          5|       1024|       9080|   -0.5100000000|       4081|00:33:35|+0.36|0.52|0.6968|
|-|          9|        292|       5959|   -0.6080000000|       5100|00:35:39|-0.10|0.12|1.0877|
|=|         20|        292|       8766|   -0.4933333333|       5387|00:10:08|-0.06|0.11|1.0498|
|=|         19|        292|       8766|   -0.4857142857|       5674|00:09:48|-0.04|0.11|1.0321|
|=|          4|        292|       5959|   -0.5550000000|       5961|00:10:26|-0.03|0.10|1.0180|
|=|         11|        292|       8766|   -0.4933333333|       6248|00:10:16|-0.01|0.10|1.0025|
|=|          7|        292|       8766|   -0.4840000000|       6535|00:10:16|+0.00|0.10|0.9933|
|=|         17|        292|       5959|   -0.5163636364|       6822|00:10:18|+0.00|0.10|0.9906|
|=|         21|        292|       5959|   -0.5000000000|       7109|00:10:20|+0.01|0.09|0.9869|
|-|          6|         59|       5959|   -0.4984615385|       7396|00:10:05|-0.04|0.04|1.0119|
|=|          1|         59|       4722|   -0.4857142857|       7450|00:02:01|-0.03|0.04|1.0030|
|=|         16|         59|       4722|   -0.4800000000|       7504|00:01:57|-0.02|0.05|0.9959|
|=|         10|         59|       5959|   -0.4975000000|       7558|00:01:56|-0.02|0.05|0.9908|
|=|         14|         59|       4722|   -0.4729411765|       7612|00:02:06|-0.02|0.04|0.9902|
|=|          8|         59|       4722|   -0.4733333333|       7666|00:02:11|-0.01|0.04|0.9894|
|=|         12|         59|       4722|   -0.4778947368|       7720|00:02:07|-0.01|0.04|0.9861|
|=|          3|         59|       4722|   -0.4660000000|       7774|00:02:08|-0.01|0.04|0.9856|
|=|          2|         59|       4722|   -0.4590476190|       7828|00:02:06|-0.01|0.04|0.9855|
|=|         22|         59|       4722|   -0.4690909091|       7882|00:02:10|-0.00|0.04|0.9829|
|=|         15|         59|       4722|   -0.4626086957|       7936|00:02:08|-0.01|0.04|0.9852|
|=|         24|         59|       4722|   -0.4750000000|       7995|00:02:08|-0.01|0.04|0.9828|
+-+-----------+-----------+-----------+----------------+-----------+--------+-----+----+------+
Best-so-far configuration:        4722    mean value:    -0.4750000000
Description of the best-so-far configuration:
     .ID. t0 t1 a0   a1   a2   r0   r1   r2 std .PARENT.
4722 4722  2  8  1 1.99 1.51 0.07 0.07 0.75   1     3795

# 2022-11-24 02:48:07 CET: Elite configurations (first number is the configuration ID; listed from best to worst according to the sum of ranks):
     t0 t1   a0   a1   a2   r0   r1   r2 std
4722  2  8 1.00 1.99 1.51 0.07 0.07 0.75   1
5959  2 10 1.04 1.96 1.22 0.43 0.04 0.98   1
8574  2 10 1.06 1.96 1.23 0.40 0.02 0.96   1
4657  2 10 1.02 1.93 1.15 0.28 0.04 0.97   1
7086  2 10 1.01 1.92 1.14 0.33 0.01 0.85   1
# 2022-11-24 02:48:07 CET: Iteration 10 of 10
# experimentsUsedSoFar: 63679
# remainingBudget: 36321
# currentBudget: 36321
# nbConfigurations: 1024
# Markers:
     x No test is performed.
     c Configurations are discarded only due to capping.
     - The test is performed and some configurations are discarded.
     = The test is performed but no configuration is discarded.
     ! The test is performed and configurations could be discarded but elite configurations are preserved.
     . All alive configurations are elite and nothing is discarded

+-+-----------+-----------+-----------+----------------+-----------+--------+-----+----+------+
| |   Instance|      Alive|       Best|       Mean best| Exp so far|  W time|  rho|KenW|  Qvar|
+-+-----------+-----------+-----------+----------------+-----------+--------+-----+----+------+
|x|         25|       1024|       9855|   -0.7600000000|       1024|00:36:13|   NA|  NA|    NA|
|x|         24|       1024|       9587|   -0.6200000000|       2043|00:35:29|+0.21|0.60|0.8155|
|x|         18|       1024|       8574|   -0.5333333333|       3062|00:35:43|+0.20|0.47|0.8201|
|x|          5|       1024|       9747|   -0.4900000000|       4081|00:35:24|+0.20|0.40|0.8184|
|-|         13|        337|       9587|   -0.5040000000|       5100|00:35:14|-0.09|0.13|1.0710|
|=|          8|        337|       9587|   -0.5133333333|       5432|00:11:23|-0.05|0.12|1.0374|
|=|         23|        337|       4657|   -0.4514285714|       5764|00:11:56|-0.03|0.12|1.0235|
|=|         22|        337|       9587|   -0.4800000000|       6096|00:11:43|-0.02|0.10|1.0155|
|=|         17|        337|       9587|   -0.4666666667|       6428|00:11:35|-0.02|0.10|1.0064|
|=|          1|        337|       9587|   -0.4960000000|       6760|00:11:54|-0.00|0.10|0.9951|
|=|          7|        337|       4722|   -0.5236363636|       7092|00:11:54|+0.01|0.10|0.9831|
|-|          9|         98|       4722|   -0.5133333333|       7424|00:11:34|-0.05|0.03|1.0276|
|=|         20|         98|       4722|   -0.5076923077|       7517|00:03:20|-0.04|0.04|1.0188|
|=|         12|         98|       4722|   -0.5114285714|       7610|00:03:15|-0.03|0.04|1.0123|
|=|         15|         98|       4722|   -0.4986666667|       7703|00:03:39|-0.03|0.04|1.0097|
|=|          4|         98|       4722|   -0.4825000000|       7796|00:03:37|-0.02|0.04|1.0048|
|=|         21|         98|       4722|   -0.5011764706|       7889|00:03:35|-0.02|0.04|0.9964|
|=|         11|         98|       4722|   -0.5000000000|       7982|00:03:33|-0.01|0.05|0.9918|
|=|          2|         98|       4722|   -0.4905263158|       8075|00:03:32|-0.01|0.04|0.9947|
|=|         10|         98|       4722|   -0.4840000000|       8168|00:03:32|-0.01|0.04|0.9935|
|=|         19|         98|       4722|   -0.4761904762|       8261|00:03:30|-0.01|0.04|0.9882|
|=|         14|         98|       4722|   -0.4763636364|       8354|00:03:35|-0.00|0.04|0.9844|
|=|          3|         98|       4722|   -0.4660869565|       8447|00:03:30|+0.00|0.05|0.9823|
|=|         16|         98|       4722|   -0.4633333333|       8540|00:03:32|+0.00|0.04|0.9825|
|=|          6|         98|       4722|   -0.4640000000|       8633|00:03:37|+0.00|0.04|0.9821|
|=|         26|         98|       4722|   -0.4630769231|       8731|00:03:35|+0.00|0.04|0.9813|
+-+-----------+-----------+-----------+----------------+-----------+--------+-----+----+------+
Best-so-far configuration:        4722    mean value:    -0.4630769231
Description of the best-so-far configuration:
     .ID. t0 t1 a0   a1   a2   r0   r1   r2 std .PARENT.
4722 4722  2  8  1 1.99 1.51 0.07 0.07 0.75   1     3795

# 2022-11-24 07:58:05 CET: Elite configurations (first number is the configuration ID; listed from best to worst according to the sum of ranks):
     t0 t1   a0   a1   a2   r0   r1   r2 std
4722  2  8 1.00 1.99 1.51 0.07 0.07 0.75   1
8574  2 10 1.06 1.96 1.23 0.40 0.02 0.96   1
9587  2  8 1.04 1.92 1.55 0.07 0.08 0.71   1
5959  2 10 1.04 1.96 1.22 0.43 0.04 0.98   1
4657  2 10 1.02 1.93 1.15 0.28 0.04 0.97   1
# 2022-11-24 07:58:06 CET: Iteration 11 of 11
# experimentsUsedSoFar: 72410
# remainingBudget: 27590
# currentBudget: 27590
# nbConfigurations: 1024
# Markers:
     x No test is performed.
     c Configurations are discarded only due to capping.
     - The test is performed and some configurations are discarded.
     = The test is performed but no configuration is discarded.
     ! The test is performed and configurations could be discarded but elite configurations are preserved.
     . All alive configurations are elite and nothing is discarded

+-+-----------+-----------+-----------+----------------+-----------+--------+-----+----+------+
| |   Instance|      Alive|       Best|       Mean best| Exp so far|  W time|  rho|KenW|  Qvar|
+-+-----------+-----------+-----------+----------------+-----------+--------+-----+----+------+
|x|         27|       1024|      10989|   -0.6800000000|       1024|00:35:21|   NA|  NA|    NA|
|x|         26|       1024|      10681|   -0.5800000000|       2043|00:35:36|+0.37|0.69|0.6699|
|x|         10|       1024|      10373|   -0.5066666667|       3062|00:35:00|+0.37|0.58|0.6765|
|x|          5|       1024|      10773|   -0.5200000000|       4081|00:35:35|+0.37|0.53|0.6836|
|-|          2|        299|      10773|   -0.5120000000|       5100|00:34:58|-0.12|0.11|1.1079|
|=|         11|        299|      10420|   -0.4600000000|       5394|00:10:30|-0.07|0.11|1.0644|
|=|          9|        299|      10420|   -0.4571428571|       5688|00:10:33|-0.04|0.11|1.0278|
|=|         20|        299|      10885|   -0.4450000000|       5982|00:10:31|-0.02|0.11|1.0085|
|=|         19|        299|      10600|   -0.4400000000|       6276|00:10:22|-0.00|0.11|0.9971|
|=|         18|        299|       5959|   -0.5120000000|       6570|00:10:22|-0.00|0.10|0.9904|
|=|         22|        299|       5959|   -0.4945454545|       6864|00:10:03|+0.00|0.09|0.9912|
|=|         21|        299|      10693|   -0.4500000000|       7158|00:09:22|+0.01|0.09|0.9856|
|-|         14|        100|      10693|   -0.4492307692|       7452|00:09:24|-0.04|0.04|1.0218|
|=|         25|        100|      10693|   -0.4457142857|       7547|00:03:07|-0.04|0.04|1.0189|
|=|         23|        100|       8574|   -0.4506666667|       7642|00:03:08|-0.03|0.04|1.0126|
|=|          8|        100|      10709|   -0.4550000000|       7737|00:03:07|-0.03|0.04|1.0104|
|=|          6|        100|      10709|   -0.4494117647|       7832|00:03:09|-0.03|0.03|1.0102|
|=|          7|        100|       5959|   -0.4688888889|       7927|00:03:06|-0.02|0.04|1.0056|
|=|         17|        100|       4722|   -0.4673684211|       8022|00:03:08|-0.02|0.03|1.0025|
|=|          1|        100|       4722|   -0.4720000000|       8117|00:03:07|-0.02|0.04|0.9994|
|=|         15|        100|       4722|   -0.4647619048|       8212|00:03:09|-0.01|0.04|0.9959|
|=|          4|        100|       4722|   -0.4545454545|       8307|00:03:07|-0.01|0.04|0.9923|
|=|         12|        100|       4722|   -0.4591304348|       8402|00:03:09|-0.01|0.04|0.9902|
|=|          3|        100|       5959|   -0.4566666667|       8497|00:03:09|-0.00|0.04|0.9878|
|=|         24|        100|       4722|   -0.4624000000|       8592|00:03:09|-0.00|0.04|0.9865|
|=|         16|        100|       4722|   -0.4600000000|       8687|00:03:09|-0.00|0.04|0.9872|
|=|         13|        100|       4722|   -0.4592592593|       8782|00:03:09|-0.00|0.04|0.9863|
|=|         28|        100|       4722|   -0.4542857143|       8882|00:03:12|+0.00|0.04|0.9846|
+-+-----------+-----------+-----------+----------------+-----------+--------+-----+----+------+
Best-so-far configuration:        4722    mean value:    -0.4542857143
Description of the best-so-far configuration:
     .ID. t0 t1 a0   a1   a2   r0   r1   r2 std .PARENT.
4722 4722  2  8  1 1.99 1.51 0.07 0.07 0.75   1     3795

# 2022-11-24 13:03:25 CET: Elite configurations (first number is the configuration ID; listed from best to worst according to the sum of ranks):
     t0 t1   a0   a1   a2   r0   r1   r2 std
4722  2  8 1.00 1.99 1.51 0.07 0.07 0.75   1
5959  2 10 1.04 1.96 1.22 0.43 0.04 0.98   1
4657  2 10 1.02 1.93 1.15 0.28 0.04 0.97   1
9587  2  8 1.04 1.92 1.55 0.07 0.08 0.71   1
8574  2 10 1.06 1.96 1.23 0.40 0.02 0.96   1
# 2022-11-24 13:03:26 CET: Iteration 12 of 12
# experimentsUsedSoFar: 81292
# remainingBudget: 18708
# currentBudget: 18708
# nbConfigurations: 649
# Markers:
     x No test is performed.
     c Configurations are discarded only due to capping.
     - The test is performed and some configurations are discarded.
     = The test is performed but no configuration is discarded.
     ! The test is performed and configurations could be discarded but elite configurations are preserved.
     . All alive configurations are elite and nothing is discarded

+-+-----------+-----------+-----------+----------------+-----------+--------+-----+----+------+
| |   Instance|      Alive|       Best|       Mean best| Exp so far|  W time|  rho|KenW|  Qvar|
+-+-----------+-----------+-----------+----------------+-----------+--------+-----+----+------+
|x|         29|        649|      11493|   -0.6800000000|        649|00:20:24|   NA|  NA|    NA|
|x|         16|        649|      11412|   -0.5600000000|       1293|00:20:18|+0.16|0.58|0.8491|
|x|         18|        649|      11838|   -0.5466666667|       1937|00:20:20|+0.19|0.46|0.8228|
|x|         12|        649|      11838|   -0.5200000000|       2581|00:20:19|+0.18|0.39|0.8292|
|-|         25|        240|      11772|   -0.5200000000|       3225|00:20:17|-0.11|0.11|1.0922|
|=|          4|        240|      11338|   -0.5000000000|       3460|00:07:31|-0.06|0.12|1.0385|
|=|         13|        240|      11378|   -0.4742857143|       3695|00:07:30|-0.03|0.12|1.0148|
|=|          2|        240|      11338|   -0.4850000000|       3930|00:07:31|-0.01|0.12|0.9966|
|=|         21|        240|      11378|   -0.4844444444|       4165|00:07:31|+0.00|0.12|0.9879|
|=|         15|        240|      11378|   -0.4760000000|       4400|00:07:32|+0.01|0.11|0.9846|
|=|         14|        240|      11378|   -0.4545454545|       4635|00:07:28|+0.01|0.10|0.9809|
|-|          8|        122|       4657|   -0.4333333333|       4870|00:07:30|-0.05|0.04|1.0394|
|=|         10|        122|       4657|   -0.4307692308|       4987|00:03:46|-0.05|0.03|1.0353|
|=|         11|        122|       4657|   -0.4314285714|       5104|00:03:46|-0.04|0.04|1.0263|
|=|         17|        122|      11378|   -0.4320000000|       5221|00:03:50|-0.04|0.03|1.0241|
|=|          5|        122|       4657|   -0.4200000000|       5338|00:03:47|-0.03|0.03|1.0194|
|=|          6|        122|       4657|   -0.4258823529|       5455|00:03:45|-0.03|0.03|1.0142|
|=|         22|        122|       4722|   -0.4488888889|       5572|00:03:53|-0.02|0.03|1.0085|
|=|         28|        122|       4657|   -0.4189473684|       5689|00:03:46|-0.02|0.03|1.0060|
|=|          7|        122|       4657|   -0.4180000000|       5806|00:03:46|-0.02|0.03|1.0049|
|=|          1|        122|       4722|   -0.4514285714|       5923|00:03:46|-0.01|0.03|1.0008|
|=|          3|        122|       4657|   -0.4127272727|       6040|00:03:47|-0.01|0.03|1.0002|
|=|          9|        122|       4657|   -0.4139130435|       6157|00:03:37|-0.01|0.04|0.9934|
|=|         26|        122|       9587|   -0.4383333333|       6274|00:03:44|-0.00|0.04|0.9916|
|=|         27|        122|       4657|   -0.4128000000|       6391|00:03:48|-0.00|0.04|0.9897|
|=|         20|        122|       4722|   -0.4369230769|       6508|00:03:48|-0.00|0.04|0.9897|
|=|         19|        122|       4722|   -0.4325925926|       6625|00:03:47|+0.00|0.04|0.9873|
|=|         24|        122|       4722|   -0.4442857143|       6742|00:03:49|+0.00|0.04|0.9855|
|=|         23|        122|       4722|   -0.4455172414|       6859|00:03:48|+0.00|0.04|0.9833|
|=|         30|        122|       4722|   -0.4386666667|       6981|00:04:19|+0.00|0.04|0.9845|
+-+-----------+-----------+-----------+----------------+-----------+--------+-----+----+------+
Best-so-far configuration:        4722    mean value:    -0.4386666667
Description of the best-so-far configuration:
     .ID. t0 t1 a0   a1   a2   r0   r1   r2 std .PARENT.
4722 4722  2  8  1 1.99 1.51 0.07 0.07 0.75   1     3795

# 2022-11-24 16:46:29 CET: Elite configurations (first number is the configuration ID; listed from best to worst according to the sum of ranks):
      t0 t1   a0   a1   a2   r0   r1   r2 std
4722   2  8 1.00 1.99 1.51 0.07 0.07 0.75   1
4657   2 10 1.02 1.93 1.15 0.28 0.04 0.97   1
5959   2 10 1.04 1.96 1.22 0.43 0.04 0.98   1
8574   2 10 1.06 1.96 1.23 0.40 0.02 0.96   1
11412  2  8 1.01 1.94 1.58 0.03 0.01 0.71   1
# 2022-11-24 16:46:29 CET: Iteration 13 of 13
# experimentsUsedSoFar: 88273
# remainingBudget: 11727
# currentBudget: 11727
# nbConfigurations: 383
# Markers:
     x No test is performed.
     c Configurations are discarded only due to capping.
     - The test is performed and some configurations are discarded.
     = The test is performed but no configuration is discarded.
     ! The test is performed and configurations could be discarded but elite configurations are preserved.
     . All alive configurations are elite and nothing is discarded

+-+-----------+-----------+-----------+----------------+-----------+--------+-----+----+------+
| |   Instance|      Alive|       Best|       Mean best| Exp so far|  W time|  rho|KenW|  Qvar|
+-+-----------+-----------+-----------+----------------+-----------+--------+-----+----+------+
|x|         31|        383|      12104|   -0.7600000000|        383|00:12:22|   NA|  NA|    NA|
|x|         28|        383|      12064|   -0.6400000000|        761|00:11:58|+0.19|0.60|0.8143|
|x|         26|        383|      12188|   -0.6000000000|       1139|00:11:59|+0.08|0.39|0.9265|
|x|         13|        383|      12188|   -0.6000000000|       1517|00:11:57|+0.08|0.31|0.9143|
|-|         29|        192|      12188|   -0.5360000000|       1895|00:11:55|-0.11|0.11|1.0876|
|=|         30|        192|      12188|   -0.5200000000|       2082|00:06:13|-0.08|0.10|1.0673|
|=|         12|        192|      12188|   -0.5085714286|       2269|00:06:12|-0.06|0.09|1.0504|
|=|         10|        192|      12188|   -0.4950000000|       2456|00:06:12|-0.03|0.10|1.0293|
|=|          2|        192|      12188|   -0.5155555556|       2643|00:06:14|-0.02|0.09|1.0178|
|=|         20|        192|      12188|   -0.5160000000|       2830|00:06:13|-0.01|0.09|1.0075|
|=|          1|        192|      12188|   -0.5018181818|       3017|00:06:12|-0.02|0.08|1.0105|
|=|         27|        192|      12188|   -0.4866666667|       3204|00:06:10|-0.00|0.08|0.9979|
|=|         23|        192|      12188|   -0.4861538462|       3391|00:06:11|+0.00|0.08|0.9910|
|=|         16|        192|      12188|   -0.4857142857|       3578|00:06:10|+0.01|0.08|0.9899|
|=|         14|        192|      12188|   -0.4773333333|       3765|00:06:10|+0.01|0.08|0.9862|
|=|          3|        192|      12188|   -0.4575000000|       3952|00:06:11|+0.01|0.07|0.9862|
|-|          6|         87|      12188|   -0.4541176471|       4139|00:06:08|-0.04|0.02|1.0226|
|=|         18|         87|      12188|   -0.4511111111|       4221|00:03:03|-0.03|0.03|1.0150|
|=|          4|         87|      12188|   -0.4442105263|       4303|00:03:02|-0.02|0.03|1.0098|
|=|         15|         87|      12043|   -0.4440000000|       4385|00:03:01|-0.02|0.03|1.0047|
|=|         11|         87|      12188|   -0.4361904762|       4467|00:03:03|-0.02|0.03|1.0038|
|=|         21|         87|       4657|   -0.4272727273|       4549|00:03:04|-0.02|0.03|1.0006|
|=|         19|         87|       4657|   -0.4260869565|       4631|00:03:04|-0.01|0.03|0.9970|
|=|         17|         87|      11978|   -0.4366666667|       4713|00:03:02|-0.01|0.03|0.9947|
|=|         24|         87|       4657|   -0.4144000000|       4795|00:03:03|-0.01|0.03|0.9924|
|=|          5|         87|       4657|   -0.4169230769|       4877|00:03:06|-0.00|0.03|0.9889|
|=|          7|         87|      11978|   -0.4325925926|       4959|00:03:02|-0.00|0.03|0.9881|
|=|         22|         87|      11978|   -0.4285714286|       5041|00:03:04|-0.00|0.03|0.9873|
|=|          8|         87|      11978|   -0.4303448276|       5123|00:03:03|-0.00|0.03|0.9837|
|=|         25|         87|      11978|   -0.4266666667|       5205|00:03:04|+0.00|0.03|0.9826|
|=|          9|         87|       4657|   -0.4116129032|       5287|00:03:04|+0.00|0.03|0.9819|
|=|         32|         87|       4657|   -0.4212500000|       5374|00:03:04|+0.00|0.03|0.9840|
+-+-----------+-----------+-----------+----------------+-----------+--------+-----+----+------+
Best-so-far configuration:        4657    mean value:    -0.4212500000
Description of the best-so-far configuration:
     .ID. t0 t1   a0   a1   a2   r0   r1   r2 std .PARENT.
4657 4657  2 10 1.02 1.93 1.15 0.28 0.04 0.97   1     3606

# 2022-11-24 19:47:03 CET: Elite configurations (first number is the configuration ID; listed from best to worst according to the sum of ranks):
      t0 t1   a0   a1   a2   r0   r1   r2 std
4657   2 10 1.02 1.93 1.15 0.28 0.04 0.97   1
12043  2  8 1.05 1.96 1.53 0.04 0.03 0.71   1
5959   2 10 1.04 1.96 1.22 0.43 0.04 0.98   1
11951  2 10 1.03 1.94 1.12 0.27 0.03 0.97   1
11978  2 10 1.00 1.95 1.15 0.29 0.03 0.98   1
# 2022-11-24 19:47:03 CET: Iteration 14 of 14
# experimentsUsedSoFar: 93647
# remainingBudget: 6353
# currentBudget: 6353
# nbConfigurations: 197
# Markers:
     x No test is performed.
     c Configurations are discarded only due to capping.
     - The test is performed and some configurations are discarded.
     = The test is performed but no configuration is discarded.
     ! The test is performed and configurations could be discarded but elite configurations are preserved.
     . All alive configurations are elite and nothing is discarded

+-+-----------+-----------+-----------+----------------+-----------+--------+-----+----+------+
| |   Instance|      Alive|       Best|       Mean best| Exp so far|  W time|  rho|KenW|  Qvar|
+-+-----------+-----------+-----------+----------------+-----------+--------+-----+----+------+
|x|         33|        197|      12367|   -0.7600000000|        197|00:06:18|   NA|  NA|    NA|
|x|          5|        197|      12350|   -0.6200000000|        389|00:06:12|+0.09|0.54|0.9189|
|x|         14|        197|      12428|   -0.5733333333|        581|00:06:12|+0.08|0.39|0.9123|
|x|         18|        197|      12428|   -0.5500000000|        773|00:06:14|+0.15|0.36|0.8580|
|-|         31|         57|      12428|   -0.5360000000|        965|00:06:12|-0.12|0.10|1.0946|
|=|         10|         57|      12428|   -0.5066666667|       1017|00:01:51|-0.06|0.12|1.0305|
|=|          9|         57|       5959|   -0.5885714286|       1069|00:01:52|-0.03|0.11|0.9898|
|=|         19|         57|       5959|   -0.5650000000|       1121|00:01:51|-0.02|0.11|0.9881|
|=|         17|         57|       5959|   -0.5466666667|       1173|00:01:51|-0.00|0.11|0.9735|
|=|         21|         57|       5959|   -0.5240000000|       1225|00:01:53|-0.00|0.10|0.9813|
|=|         25|         57|       5959|   -0.5090909091|       1277|00:01:51|+0.00|0.09|0.9743|
|=|          2|         57|      12316|   -0.4566666667|       1329|00:01:52|+0.01|0.09|0.9699|
|=|          7|         57|      12316|   -0.4615384615|       1381|00:01:51|+0.01|0.09|0.9684|
|=|         23|         57|       5959|   -0.5085714286|       1433|00:01:51|+0.02|0.09|0.9617|
|=|         24|         57|       5959|   -0.4960000000|       1485|00:01:53|+0.01|0.08|0.9711|
|=|         29|         57|       5959|   -0.4825000000|       1537|00:01:51|+0.01|0.07|0.9768|
|=|          8|         57|       5959|   -0.4705882353|       1589|00:01:52|+0.00|0.06|0.9791|
|=|          1|         57|      12043|   -0.4222222222|       1641|00:01:51|-0.00|0.05|0.9848|
|=|         32|         57|      12043|   -0.4252631579|       1693|00:01:51|+0.00|0.05|0.9808|
|=|          6|         57|       5959|   -0.4540000000|       1745|00:01:52|+0.01|0.06|0.9757|
|=|         27|         57|       5959|   -0.4571428571|       1797|00:01:51|+0.01|0.06|0.9698|
|=|          3|         57|       5959|   -0.4636363636|       1849|00:01:51|+0.02|0.06|0.9659|
|=|         28|         57|       5959|   -0.4573913043|       1901|00:01:52|+0.01|0.06|0.9686|
|=|         30|         57|       4657|   -0.4266666667|       1953|00:01:51|+0.01|0.05|0.9697|
|=|         22|         57|       4657|   -0.4176000000|       2005|00:01:51|+0.00|0.04|0.9773|
|=|         20|         57|       5959|   -0.4415384615|       2057|00:01:52|+0.01|0.04|0.9751|
|=|         15|         57|      12043|   -0.4222222222|       2109|00:01:52|+0.01|0.05|0.9718|
|-|         13|         25|      12043|   -0.4257142857|       2161|00:01:51|-0.02|0.02|0.9712|
|=|         11|         25|      12043|   -0.4206896552|       2181|00:00:38|-0.02|0.02|0.9730|
|=|          4|         25|      12043|   -0.4173333333|       2201|00:00:37|-0.01|0.02|0.9680|
|=|         12|         25|      12043|   -0.4180645161|       2221|00:00:36|-0.01|0.02|0.9692|
|=|         26|         25|      12043|   -0.4175000000|       2241|00:00:38|-0.01|0.02|0.9666|
|=|         16|         25|       4657|   -0.4193939394|       2261|00:00:38|-0.01|0.02|0.9651|
|=|         34|         25|       4657|   -0.4176470588|       2286|00:01:13|-0.01|0.02|0.9653|
+-+-----------+-----------+-----------+----------------+-----------+--------+-----+----+------+
Best-so-far configuration:        4657    mean value:    -0.4176470588
Description of the best-so-far configuration:
     .ID. t0 t1   a0   a1   a2   r0   r1   r2 std .PARENT.
4657 4657  2 10 1.02 1.93 1.15 0.28 0.04 0.97   1     3606

# 2022-11-24 21:05:37 CET: Elite configurations (first number is the configuration ID; listed from best to worst according to the sum of ranks):
      t0 t1   a0   a1   a2   r0   r1   r2 std
4657   2 10 1.02 1.93 1.15 0.28 0.04 0.97   1
12043  2  8 1.05 1.96 1.53 0.04 0.03 0.71   1
11951  2 10 1.03 1.94 1.12 0.27 0.03 0.97   1
12371  2 10 1.00 1.91 1.18 0.30 0.00 0.93   1
5959   2 10 1.04 1.96 1.22 0.43 0.04 0.98   1
# 2022-11-24 21:05:37 CET: Iteration 15 of 15
# experimentsUsedSoFar: 95933
# remainingBudget: 4067
# currentBudget: 4067
# nbConfigurations: 121
# Markers:
     x No test is performed.
     c Configurations are discarded only due to capping.
     - The test is performed and some configurations are discarded.
     = The test is performed but no configuration is discarded.
     ! The test is performed and configurations could be discarded but elite configurations are preserved.
     . All alive configurations are elite and nothing is discarded

+-+-----------+-----------+-----------+----------------+-----------+--------+-----+----+------+
| |   Instance|      Alive|       Best|       Mean best| Exp so far|  W time|  rho|KenW|  Qvar|
+-+-----------+-----------+-----------+----------------+-----------+--------+-----+----+------+
|x|         35|        121|      12535|   -0.7600000000|        121|00:04:17|   NA|  NA|    NA|
|x|          9|        121|      12530|   -0.5000000000|        237|00:03:44|+0.17|0.58|0.8115|
|x|         27|        121|      12501|   -0.5333333333|        353|00:03:45|+0.17|0.45|0.8383|
|x|         32|        121|       5959|   -0.5300000000|        469|00:03:44|+0.05|0.29|0.9487|
|-|         28|         64|      12535|   -0.5360000000|        585|00:03:45|-0.10|0.12|1.0612|
|=|          7|         64|      12487|   -0.5000000000|        644|00:01:55|-0.07|0.11|1.0346|
|=|         18|         64|       5959|   -0.5200000000|        703|00:01:51|-0.03|0.11|1.0031|
|=|         25|         64|      12371|   -0.4700000000|        762|00:01:54|-0.03|0.10|0.9961|
|=|         31|         64|      12445|   -0.4800000000|        821|00:01:52|-0.02|0.10|0.9891|
|=|         33|         64|       5959|   -0.5000000000|        880|00:01:51|-0.02|0.08|0.9948|
|=|          4|         64|       5959|   -0.5127272727|        939|00:01:55|-0.01|0.08|0.9801|
|=|         30|         64|       5959|   -0.4933333333|        998|00:01:51|-0.01|0.07|0.9829|
|=|          3|         64|       5959|   -0.5015384615|       1057|00:01:53|+0.00|0.08|0.9732|
|=|          6|         64|       5959|   -0.5000000000|       1116|00:01:53|+0.01|0.08|0.9640|
|=|         34|         64|       5959|   -0.4906666667|       1175|00:01:51|+0.01|0.07|0.9665|
|=|         17|         64|       5959|   -0.4850000000|       1234|00:02:03|+0.01|0.07|0.9634|
|=|         13|         64|       5959|   -0.4823529412|       1293|00:02:01|+0.02|0.07|0.9598|
|-|         19|         22|       5959|   -0.4777777778|       1352|00:01:51|-0.03|0.03|0.9726|
|=|         10|         22|       5959|   -0.4947368421|       1369|00:00:38|-0.02|0.04|0.9602|
|=|         14|         22|       5959|   -0.4900000000|       1386|00:00:38|-0.01|0.04|0.9583|
|=|         24|         22|       5959|   -0.4819047619|       1403|00:00:38|-0.01|0.03|0.9604|
|=|         22|         22|       5959|   -0.4745454545|       1420|00:00:36|-0.02|0.03|0.9675|
|=|          5|         22|       5959|   -0.4695652174|       1437|00:00:37|-0.02|0.03|0.9669|
|=|          8|         22|       5959|   -0.4616666667|       1454|00:00:38|-0.02|0.02|0.9685|
|=|         12|         22|       5959|   -0.4544000000|       1471|00:00:38|-0.02|0.02|0.9671|
|=|         21|         22|       5959|   -0.4492307692|       1488|00:00:48|-0.01|0.02|0.9658|
|=|         16|         22|       4657|   -0.4281481481|       1505|00:00:36|-0.01|0.02|0.9658|
|=|         29|         22|       4657|   -0.4200000000|       1522|00:00:38|-0.01|0.02|0.9667|
|=|         26|         22|       4657|   -0.4193103448|       1539|00:00:36|-0.01|0.02|0.9652|
|=|         11|         22|       4657|   -0.4200000000|       1556|00:00:36|-0.01|0.02|0.9643|
|=|          2|         22|       4657|   -0.4232258065|       1573|00:00:38|-0.01|0.02|0.9647|
|=|         20|         22|       4657|   -0.4187500000|       1590|00:00:36|-0.01|0.02|0.9631|
|=|         23|         22|       5959|   -0.4412121212|       1607|00:00:36|-0.01|0.02|0.9606|
|=|          1|         22|       4657|   -0.4152941176|       1624|00:00:50|-0.01|0.02|0.9631|
|=|         15|         22|       4657|   -0.4114285714|       1641|00:00:36|-0.01|0.02|0.9606|
|=|         36|         22|       4657|   -0.4088888889|       1663|00:01:11|-0.01|0.02|0.9594|
+-+-----------+-----------+-----------+----------------+-----------+--------+-----+----+------+
Best-so-far configuration:        4657    mean value:    -0.4088888889
Description of the best-so-far configuration:
     .ID. t0 t1   a0   a1   a2   r0   r1   r2 std .PARENT.
4657 4657  2 10 1.02 1.93 1.15 0.28 0.04 0.97   1     3606

# 2022-11-24 22:01:56 CET: Elite configurations (first number is the configuration ID; listed from best to worst according to the sum of ranks):
      t0 t1   a0   a1   a2   r0   r1   r2 std
4657   2 10 1.02 1.93 1.15 0.28 0.04 0.97   1
12371  2 10 1.00 1.91 1.18 0.30 0.00 0.93   1
5959   2 10 1.04 1.96 1.22 0.43 0.04 0.98   1
12043  2  8 1.05 1.96 1.53 0.04 0.03 0.71   1
11951  2 10 1.03 1.94 1.12 0.27 0.03 0.97   1
# 2022-11-24 22:01:57 CET: Iteration 16 of 16
# experimentsUsedSoFar: 97596
# remainingBudget: 2404
# currentBudget: 2404
# nbConfigurations: 69
# Markers:
     x No test is performed.
     c Configurations are discarded only due to capping.
     - The test is performed and some configurations are discarded.
     = The test is performed but no configuration is discarded.
     ! The test is performed and configurations could be discarded but elite configurations are preserved.
     . All alive configurations are elite and nothing is discarded

+-+-----------+-----------+-----------+----------------+-----------+--------+-----+----+------+
| |   Instance|      Alive|       Best|       Mean best| Exp so far|  W time|  rho|KenW|  Qvar|
+-+-----------+-----------+-----------+----------------+-----------+--------+-----+----+------+
|x|         37|         69|      12582|   -0.6800000000|         69|00:02:26|   NA|  NA|    NA|
|x|         30|         69|      12582|   -0.6400000000|        133|00:02:24|+0.17|0.59|0.7743|
|x|          2|         69|      12582|   -0.5866666667|        197|00:02:26|+0.13|0.42|0.8503|
|x|         17|         69|      12598|   -0.5600000000|        261|00:02:24|+0.09|0.32|0.9039|
|-|         18|         39|      12601|   -0.4880000000|        325|00:02:25|-0.09|0.13|1.0664|
|=|         15|         39|      12043|   -0.4933333333|        359|00:01:14|-0.08|0.10|1.0518|
|=|         32|         39|      12043|   -0.4914285714|        393|00:01:14|-0.05|0.10|1.0287|
|=|         14|         39|      12043|   -0.5000000000|        427|00:01:13|-0.02|0.11|0.9940|
|=|          4|         39|      12043|   -0.4800000000|        461|00:01:13|-0.02|0.09|0.9959|
|=|         33|         39|      12043|   -0.4680000000|        495|00:01:14|-0.01|0.09|0.9861|
|=|         19|         39|       5959|   -0.4545454545|        529|00:01:13|-0.01|0.08|0.9929|
|=|         21|         39|      12043|   -0.4400000000|        563|00:01:15|-0.01|0.08|0.9856|
|=|         31|         39|       5959|   -0.4430769231|        597|00:01:15|+0.00|0.08|0.9738|
|=|         29|         39|      12043|   -0.4285714286|        631|00:01:11|+0.00|0.07|0.9741|
|=|         24|         39|      12043|   -0.4320000000|        665|00:01:12|+0.02|0.08|0.9630|
|=|          1|         39|      12548|   -0.4350000000|        699|00:01:13|+0.01|0.07|0.9669|
|=|         20|         39|      12548|   -0.4376470588|        733|00:01:15|+0.01|0.07|0.9680|
|=|         35|         39|      12548|   -0.4311111111|        767|00:01:13|+0.00|0.06|0.9742|
|=|         12|         39|      12548|   -0.4294736842|        801|00:01:14|+0.00|0.05|0.9741|
|=|         11|         39|      12582|   -0.4300000000|        835|00:01:13|+0.01|0.06|0.9691|
|=|         16|         39|      12582|   -0.4323809524|        869|00:01:15|+0.01|0.06|0.9651|
|=|         27|         39|      12582|   -0.4254545455|        903|00:01:13|+0.02|0.06|0.9598|
|=|          9|         39|      12582|   -0.4295652174|        937|00:01:14|+0.02|0.06|0.9602|
|=|          7|         39|      12582|   -0.4233333333|        971|00:01:13|+0.01|0.05|0.9659|
|=|          8|         39|      12582|   -0.4368000000|       1005|00:01:15|+0.01|0.05|0.9602|
|=|          3|         39|      12582|   -0.4384615385|       1039|00:01:13|+0.01|0.05|0.9611|
|=|         26|         39|      12582|   -0.4429629630|       1073|00:01:15|+0.01|0.05|0.9601|
|-|         28|         11|      12582|   -0.4428571429|       1107|00:01:13|-0.01|0.03|0.9194|
|=|         34|         11|      12582|   -0.4386206897|       1113|00:00:36|-0.01|0.02|0.9199|
|=|         10|         11|      12582|   -0.4346666667|       1119|00:00:36|-0.01|0.03|0.9166|
|=|          6|         11|      12582|   -0.4322580645|       1125|00:00:35|-0.00|0.03|0.9137|
|=|         22|         11|       5959|   -0.4325000000|       1131|00:00:35|-0.01|0.03|0.9156|
|=|         23|         11|       5959|   -0.4400000000|       1137|00:00:36|-0.00|0.03|0.9116|
|=|         36|         11|       5959|   -0.4341176471|       1143|00:00:36|-0.01|0.02|0.9131|
|=|         25|         11|       5959|   -0.4320000000|       1149|00:00:35|-0.01|0.02|0.9126|
|=|         13|         11|       5959|   -0.4322222222|       1155|00:00:35|-0.00|0.03|0.9091|
|=|          5|         11|       4657|   -0.4054054054|       1161|00:00:36|-0.01|0.02|0.9117|
|=|         38|         11|      12371|   -0.4168421053|       1172|00:00:36|-0.01|0.02|0.9150|
+-+-----------+-----------+-----------+----------------+-----------+--------+-----+----+------+
Best-so-far configuration:       12371    mean value:    -0.4168421053
Description of the best-so-far configuration:
       .ID. t0 t1 a0   a1   a2  r0 r1   r2 std .PARENT.
12371 12371  2 10  1 1.91 1.18 0.3  0 0.93   1     4657

# 2022-11-24 22:48:27 CET: Elite configurations (first number is the configuration ID; listed from best to worst according to the sum of ranks):
      t0 t1   a0   a1   a2   r0   r1   r2 std
12371  2 10 1.00 1.91 1.18 0.30 0.00 0.93   1
4657   2 10 1.02 1.93 1.15 0.28 0.04 0.97   1
5959   2 10 1.04 1.96 1.22 0.43 0.04 0.98   1
12582  2 10 1.01 1.91 1.20 0.31 0.03 0.94   1
12043  2  8 1.05 1.96 1.53 0.04 0.03 0.71   1
# 2022-11-24 22:48:27 CET: Iteration 17 of 17
# experimentsUsedSoFar: 98768
# remainingBudget: 1232
# currentBudget: 1232
# nbConfigurations: 36
# Markers:
     x No test is performed.
     c Configurations are discarded only due to capping.
     - The test is performed and some configurations are discarded.
     = The test is performed but no configuration is discarded.
     ! The test is performed and configurations could be discarded but elite configurations are preserved.
     . All alive configurations are elite and nothing is discarded

+-+-----------+-----------+-----------+----------------+-----------+--------+-----+----+------+
| |   Instance|      Alive|       Best|       Mean best| Exp so far|  W time|  rho|KenW|  Qvar|
+-+-----------+-----------+-----------+----------------+-----------+--------+-----+----+------+
|x|         39|         36|      12043|   -0.7600000000|         36|00:01:13|   NA|  NA|    NA|
|x|          5|         36|      12619|   -0.5200000000|         67|00:01:14|-0.01|0.49|0.9751|
|x|         11|         36|      12612|   -0.4666666667|         98|00:01:12|-0.01|0.32|1.0080|
|x|          6|         36|      12612|   -0.4600000000|        129|00:01:14|+0.08|0.31|0.9193|
|=|         21|         36|      12609|   -0.4960000000|        160|00:01:12|+0.08|0.26|0.9029|
|-|         28|         24|      12609|   -0.4800000000|        191|00:01:14|-0.07|0.11|1.0223|
|=|         24|         24|      12609|   -0.4800000000|        210|00:00:36|-0.05|0.10|1.0098|
|=|         15|         24|      12616|   -0.4450000000|        229|00:00:41|-0.04|0.09|0.9951|
|=|         17|         24|      12616|   -0.4444444444|        248|00:00:38|-0.04|0.08|0.9897|
|=|         20|         24|      12616|   -0.4640000000|        267|00:00:38|-0.03|0.07|0.9859|
|=|         25|         24|      12616|   -0.4618181818|        286|00:00:36|-0.01|0.08|0.9685|
|=|         26|         24|      12616|   -0.4466666667|        305|00:00:37|-0.01|0.08|0.9664|
|=|          2|         24|      12616|   -0.4400000000|        324|00:00:38|+0.00|0.08|0.9609|
|=|         29|         24|      12371|   -0.4457142857|        343|00:00:39|+0.01|0.08|0.9562|
|=|          8|         24|      12043|   -0.4373333333|        362|00:00:36|+0.00|0.07|0.9602|
|=|         27|         24|      12043|   -0.4525000000|        381|00:00:38|+0.01|0.07|0.9539|
|=|         16|         24|      12043|   -0.4447058824|        400|00:00:39|+0.00|0.06|0.9573|
|=|          9|         24|      12043|   -0.4422222222|        419|00:00:37|+0.01|0.06|0.9568|
|=|         12|         24|      12043|   -0.4421052632|        438|00:00:36|+0.01|0.06|0.9505|
|=|         31|         24|       4657|   -0.4160000000|        457|00:00:38|+0.01|0.06|0.9496|
|=|         36|         24|      12371|   -0.4380952381|        476|00:00:42|+0.01|0.06|0.9491|
|=|          4|         24|      12371|   -0.4309090909|        495|00:00:37|+0.01|0.05|0.9515|
|=|         19|         24|       4657|   -0.4104347826|        514|00:00:37|+0.00|0.05|0.9556|
|=|         22|         24|       4657|   -0.4016666667|        533|00:00:38|+0.00|0.04|0.9576|
|=|         32|         24|       4657|   -0.4144000000|        552|00:00:37|+0.01|0.05|0.9492|
|=|         18|         24|       4657|   -0.4200000000|        571|00:00:37|+0.01|0.05|0.9475|
|=|         35|         24|       4657|   -0.4118518519|        590|00:00:45|+0.01|0.05|0.9488|
|=|          1|         24|       4657|   -0.4100000000|        609|00:00:37|+0.01|0.04|0.9504|
|=|         23|         24|      12582|   -0.4151724138|        628|00:00:37|+0.02|0.05|0.9444|
|-|         10|         18|       4657|   -0.4080000000|        647|00:00:38|-0.01|0.03|0.9469|
|=|         38|         18|      12371|   -0.4206451613|        660|00:00:35|-0.01|0.02|0.9520|
|=|         13|         18|      12371|   -0.4325000000|        673|00:00:36|-0.01|0.02|0.9473|
|=|         33|         18|      12371|   -0.4327272727|        686|00:00:37|-0.01|0.02|0.9444|
|=|          3|         18|      12371|   -0.4317647059|        699|00:00:36|-0.01|0.02|0.9431|
|=|          7|         18|      12371|   -0.4320000000|        712|00:00:37|-0.00|0.02|0.9421|
|=|         34|         18|      12371|   -0.4322222222|        725|00:00:37|-0.00|0.02|0.9419|
|=|         30|         18|      12371|   -0.4248648649|        738|00:00:36|-0.00|0.02|0.9417|
|=|         37|         18|      12371|   -0.4221052632|        751|00:00:37|-0.00|0.03|0.9398|
|=|         14|         18|      12371|   -0.4205128205|        764|00:00:36|+0.00|0.03|0.9384|
|=|         40|         18|      12371|   -0.4210000000|        782|00:00:37|-0.00|0.02|0.9405|
+-+-----------+-----------+-----------+----------------+-----------+--------+-----+----+------+
Best-so-far configuration:       12371    mean value:    -0.4210000000
Description of the best-so-far configuration:
       .ID. t0 t1 a0   a1   a2  r0 r1   r2 std .PARENT.
12371 12371  2 10  1 1.91 1.18 0.3  0 0.93   1     4657

# 2022-11-24 23:17:21 CET: Elite configurations (first number is the configuration ID; listed from best to worst according to the sum of ranks):
      t0 t1   a0   a1   a2   r0   r1   r2 std
12371  2 10 1.00 1.91 1.18 0.30 0.00 0.93   1
12582  2 10 1.01 1.91 1.20 0.31 0.03 0.94   1
12043  2  8 1.05 1.96 1.53 0.04 0.03 0.71   1
5959   2 10 1.04 1.96 1.22 0.43 0.04 0.98   1
4657   2 10 1.02 1.93 1.15 0.28 0.04 0.97   1
# 2022-11-24 23:17:21 CET: Iteration 18 of 18
# experimentsUsedSoFar: 99550
# remainingBudget: 450
# currentBudget: 450
# nbConfigurations: 15
# Markers:
     x No test is performed.
     c Configurations are discarded only due to capping.
     - The test is performed and some configurations are discarded.
     = The test is performed but no configuration is discarded.
     ! The test is performed and configurations could be discarded but elite configurations are preserved.
     . All alive configurations are elite and nothing is discarded

+-+-----------+-----------+-----------+----------------+-----------+--------+-----+----+------+
| |   Instance|      Alive|       Best|       Mean best| Exp so far|  W time|  rho|KenW|  Qvar|
+-+-----------+-----------+-----------+----------------+-----------+--------+-----+----+------+
|x|         41|         15|       5959|   -0.5200000000|         15|00:00:37|   NA|  NA|    NA|
|x|         20|         15|      12645|   -0.4800000000|         25|00:00:35|+0.15|0.57|0.9279|
|x|          5|         15|      12645|   -0.4533333333|         35|00:00:36|-0.09|0.27|1.0243|
|x|         13|         15|      12371|   -0.4900000000|         45|00:00:36|-0.14|0.14|1.0388|
|=|          4|         15|       5959|   -0.4640000000|         55|00:00:36|-0.03|0.18|0.9408|
|=|         12|         15|      12371|   -0.4600000000|         65|00:00:35|+0.01|0.18|0.9124|
|=|         10|         15|      12371|   -0.4914285714|         75|00:00:36|+0.06|0.20|0.8609|
|=|         22|         15|       5959|   -0.4650000000|         85|00:00:36|+0.00|0.13|0.9110|
|=|         32|         15|      12371|   -0.4533333333|         95|00:00:36|+0.01|0.12|0.9112|
|=|          1|         15|      12371|   -0.4400000000|        105|00:00:36|+0.01|0.11|0.9199|
|=|         31|         15|       5959|   -0.4327272727|        115|00:00:35|+0.03|0.12|0.9096|
|=|         27|         15|       5959|   -0.4400000000|        125|00:00:35|+0.04|0.12|0.8903|
|=|         26|         15|       5959|   -0.4369230769|        135|00:00:36|+0.05|0.13|0.8842|
|-|          6|         12|       5959|   -0.4400000000|        145|00:00:36|-0.03|0.04|0.9393|
|=|         34|         12|      12371|   -0.4426666667|        152|00:00:35|-0.02|0.05|0.9299|
|=|         23|         12|       5959|   -0.4500000000|        159|00:00:36|-0.01|0.06|0.9147|
|=|         39|         12|      12371|   -0.4494117647|        166|00:00:35|-0.01|0.05|0.9153|
|=|         29|         12|      12371|   -0.4511111111|        173|00:00:35|-0.01|0.05|0.9186|
|=|         37|         12|      12371|   -0.4442105263|        180|00:00:35|+0.00|0.05|0.9159|
|=|         40|         12|      12371|   -0.4440000000|        187|00:00:35|-0.00|0.05|0.9188|
|=|          9|         12|      12371|   -0.4514285714|        194|00:00:35|+0.01|0.06|0.9068|
|=|         24|         12|      12371|   -0.4436363636|        201|00:00:36|-0.00|0.04|0.9141|
|=|         11|         12|      12371|   -0.4365217391|        208|00:00:36|+0.00|0.05|0.9095|
|=|         17|         12|      12371|   -0.4400000000|        215|00:00:35|+0.01|0.05|0.9072|
|=|          7|         12|      12371|   -0.4400000000|        222|00:00:36|+0.01|0.05|0.8983|
|=|         38|         12|      12371|   -0.4384615385|        229|00:00:35|+0.01|0.05|0.9022|
|=|         15|         12|      12371|   -0.4414814815|        236|00:00:35|+0.01|0.05|0.9015|
|=|          8|         12|      12371|   -0.4400000000|        243|00:00:36|+0.01|0.05|0.8982|
|=|          2|         12|      12371|   -0.4358620690|        250|00:00:35|+0.02|0.05|0.8978|
|=|         30|         12|      12371|   -0.4266666667|        257|00:00:35|+0.02|0.05|0.8968|
|=|         19|         12|      12371|   -0.4180645161|        264|00:00:36|+0.01|0.04|0.9050|
|=|         36|         12|      12371|   -0.4237500000|        271|00:00:36|+0.00|0.04|0.9080|
|=|         33|         12|      12371|   -0.4242424242|        278|00:00:35|+0.01|0.04|0.9063|
|=|         18|         12|      12371|   -0.4294117647|        285|00:00:36|+0.01|0.04|0.9014|
|=|         28|         12|      12371|   -0.4308571429|        292|00:00:35|+0.01|0.04|0.9022|
|=|         21|         12|      12371|   -0.4266666667|        299|00:00:35|+0.01|0.04|0.9039|
|=|         25|         12|      12371|   -0.4291891892|        306|00:00:36|+0.01|0.04|0.9041|
|=|         14|         12|      12371|   -0.4273684211|        313|00:00:35|+0.01|0.04|0.9002|
|=|         35|         12|      12371|   -0.4246153846|        320|00:00:35|+0.01|0.04|0.9018|
|=|          3|         12|      12371|   -0.4240000000|        327|00:00:36|+0.01|0.04|0.9024|
|=|         16|         12|      12371|   -0.4185365854|        334|00:00:35|+0.01|0.03|0.9051|
|=|         42|         12|      12371|   -0.4142857143|        346|00:00:36|+0.01|0.03|0.9088|
+-+-----------+-----------+-----------+----------------+-----------+--------+-----+----+------+
Best-so-far configuration:       12371    mean value:    -0.4142857143
Description of the best-so-far configuration:
       .ID. t0 t1 a0   a1   a2  r0 r1   r2 std .PARENT.
12371 12371  2 10  1 1.91 1.18 0.3  0 0.93   1     4657

# 2022-11-24 23:42:36 CET: Elite configurations (first number is the configuration ID; listed from best to worst according to the sum of ranks):
      t0 t1   a0   a1   a2   r0   r1   r2 std
12371  2 10 1.00 1.91 1.18 0.30 0.00 0.93   1
12582  2 10 1.01 1.91 1.20 0.31 0.03 0.94   1
5959   2 10 1.04 1.96 1.22 0.43 0.04 0.98   1
12043  2  8 1.05 1.96 1.53 0.04 0.03 0.71   1
4657   2 10 1.02 1.93 1.15 0.28 0.04 0.97   1
# 2022-11-24 23:42:36 CET: Iteration 19 of 19
# experimentsUsedSoFar: 99896
# remainingBudget: 104
# currentBudget: 104
# nbConfigurations: 7
# Markers:
     x No test is performed.
     c Configurations are discarded only due to capping.
     - The test is performed and some configurations are discarded.
     = The test is performed but no configuration is discarded.
     ! The test is performed and configurations could be discarded but elite configurations are preserved.
     . All alive configurations are elite and nothing is discarded

+-+-----------+-----------+-----------+----------------+-----------+--------+-----+----+------+
| |   Instance|      Alive|       Best|       Mean best| Exp so far|  W time|  rho|KenW|  Qvar|
+-+-----------+-----------+-----------+----------------+-----------+--------+-----+----+------+
|x|         43|          7|      12582|   -0.4400000000|          7|00:00:36|   NA|  NA|    NA|
|x|         41|          7|       5959|   -0.4600000000|          9|00:00:34|+0.30|0.65|0.5677|
|x|         19|          7|       5959|   -0.4400000000|         11|00:00:35|+0.00|0.33|0.8375|
|x|         20|          7|       5959|   -0.4200000000|         13|00:00:35|-0.03|0.22|0.8767|
|=|         39|          7|       5959|   -0.3760000000|         15|00:00:34|-0.17|0.07|0.9503|
|=|         15|          7|      12043|   -0.4200000000|         17|00:00:35|-0.09|0.09|0.8986|
|=|         26|          7|      12371|   -0.4228571429|         19|00:00:34|-0.08|0.07|0.9003|
|=|         29|          7|      12371|   -0.4300000000|         21|00:00:34|-0.02|0.10|0.8633|
|=|         34|          7|      12371|   -0.4311111111|         23|00:00:34|+0.00|0.12|0.8521|
|=|         22|          7|      12371|   -0.4080000000|         25|00:00:34|+0.01|0.11|0.8496|
|=|         18|          7|      12371|   -0.4254545455|         27|00:00:34|+0.03|0.11|0.8441|
|=|         16|          7|      12043|   -0.4133333333|         29|00:00:34|-0.03|0.06|0.8774|
|=|          7|          7|       5959|   -0.4030769231|         31|00:00:34|-0.01|0.07|0.8604|
|=|         32|          7|      12371|   -0.4114285714|         33|00:00:34|-0.02|0.06|0.8668|
|=|         33|          7|       5959|   -0.4106666667|         35|00:00:34|+0.01|0.07|0.8448|
|=|         11|          7|       5959|   -0.4075000000|         37|00:00:34|-0.02|0.05|0.8664|
|=|         25|          7|      12371|   -0.4117647059|         39|00:00:34|-0.01|0.05|0.8534|
|=|         31|          7|       5959|   -0.4066666667|         41|00:00:34|-0.01|0.05|0.8546|
|=|         42|          7|       5959|   -0.3978947368|         43|00:00:34|-0.02|0.04|0.8590|
|=|         13|          7|      12371|   -0.4160000000|         45|00:00:34|-0.00|0.05|0.8520|
|=|         40|          7|      12371|   -0.4171428571|         47|00:00:33|-0.01|0.04|0.8631|
|=|         10|          7|      12371|   -0.4290909091|         49|00:00:34|+0.00|0.05|0.8506|
|=|          9|          7|      12371|   -0.4365217391|         51|00:00:34|+0.02|0.06|0.8373|
|=|         12|          7|      12371|   -0.4400000000|         53|00:00:34|+0.03|0.07|0.8318|
|=|         38|          7|      12371|   -0.4384000000|         55|00:00:34|+0.04|0.08|0.8228|
|-|         17|          5|      12371|   -0.4415384615|         57|00:00:34|+0.01|0.04|0.7882|
|.|         35|          5|      12371|   -0.4370370370|         57|00:00:00|+0.01|0.04|0.7903|
|.|          4|          5|      12371|   -0.4314285714|         57|00:00:00|+0.00|0.04|0.7923|
|.|         24|          5|      12371|   -0.4262068966|         57|00:00:00|-0.01|0.02|0.8030|
|.|         28|          5|      12371|   -0.4280000000|         57|00:00:00|-0.01|0.02|0.8071|
|.|          1|          5|      12371|   -0.4245161290|         57|00:00:00|-0.02|0.02|0.8097|
|.|         23|          5|      12371|   -0.4250000000|         57|00:00:00|-0.02|0.01|0.8078|
|.|         30|          5|      12371|   -0.4169696970|         57|00:00:00|-0.02|0.01|0.8133|
|.|          5|          5|      12371|   -0.4188235294|         57|00:00:00|-0.02|0.01|0.8124|
|.|         14|          5|      12371|   -0.4171428571|         57|00:00:00|-0.02|0.01|0.8143|
|.|          3|          5|      12371|   -0.4166666667|         57|00:00:00|-0.02|0.01|0.8116|
|.|          8|          5|      12371|   -0.4162162162|         57|00:00:00|-0.02|0.01|0.8135|
|.|         27|          5|      12371|   -0.4147368421|         57|00:00:00|-0.02|0.00|0.8149|
|.|         21|          5|      12371|   -0.4112820513|         57|00:00:00|-0.02|0.00|0.8177|
|.|         36|          5|      12371|   -0.4160000000|         57|00:00:00|-0.02|0.00|0.8156|
|.|          6|          5|      12371|   -0.4175609756|         57|00:00:00|-0.02|0.00|0.8136|
|.|          2|          5|      12371|   -0.4152380952|         57|00:00:00|-0.02|0.00|0.8161|
|.|         37|          5|      12371|   -0.4130232558|         57|00:00:00|-0.02|0.00|0.8164|
+-+-----------+-----------+-----------+----------------+-----------+--------+-----+----+------+
Best-so-far configuration:       12371    mean value:    -0.4130232558
Description of the best-so-far configuration:
       .ID. t0 t1 a0   a1   a2  r0 r1   r2 std .PARENT.
12371 12371  2 10  1 1.91 1.18 0.3  0 0.93   1     4657

# 2022-11-24 23:57:39 CET: Elite configurations (first number is the configuration ID; listed from best to worst according to the sum of ranks):
      t0 t1   a0   a1   a2   r0   r1   r2 std
12371  2 10 1.00 1.91 1.18 0.30 0.00 0.93   1
4657   2 10 1.02 1.93 1.15 0.28 0.04 0.97   1
5959   2 10 1.04 1.96 1.22 0.43 0.04 0.98   1
12582  2 10 1.01 1.91 1.20 0.31 0.03 0.94   1
12043  2  8 1.05 1.96 1.53 0.04 0.03 0.71   1
# 2022-11-24 23:57:39 CET: Stopped because there is not enough budget left to race more than the minimum (5)
# You may either increase the budget or set 'minNbSurvival' to a lower value
# Iteration: 20
# nbIterations: 20
# experimentsUsedSoFar: 99953
# timeUsed: 0
# remainingBudget: 47
# currentBudget: 47
# number of elites: 5
# nbConfigurations: 5
# Total CPU user time: 93580.37, CPU sys time: 84224.19, Wall-clock time: 199399.7
# Best configurations (first number is the configuration ID; listed from best to worst according to the sum of ranks):
      t0 t1   a0   a1   a2   r0   r1   r2 std
12371  2 10 1.00 1.91 1.18 0.30 0.00 0.93   1
4657   2 10 1.02 1.93 1.15 0.28 0.04 0.97   1
5959   2 10 1.04 1.96 1.22 0.43 0.04 0.98   1
12582  2 10 1.01 1.91 1.20 0.31 0.03 0.94   1
12043  2  8 1.05 1.96 1.53 0.04 0.03 0.71   1
# Best configurations as commandlines (first number is the configuration ID; same order as above):
12371  --t0 2 --t1 10 --a0 1 --a1 1.91 --a2 1.18 --r0 0.3 --r1 0 --r2 0.93 --std 1
4657   --t0 2 --t1 10 --a0 1.02 --a1 1.93 --a2 1.15 --r0 0.28 --r1 0.04 --r2 0.97 --std 1
5959   --t0 2 --t1 10 --a0 1.04 --a1 1.96 --a2 1.22 --r0 0.43 --r1 0.04 --r2 0.98 --std 1
12582  --t0 2 --t1 10 --a0 1.01 --a1 1.91 --a2 1.2 --r0 0.31 --r1 0.03 --r2 0.94 --std 1
12043  --t0 2 --t1 8 --a0 1.05 --a1 1.96 --a2 1.53 --r0 0.04 --r1 0.03 --r2 0.71 --std 1


# Testing of elite configurations: 1 
# Testing iteration configurations: FALSE 
# 2022-11-24 23:57:40 CET: No test instances, skip testing
