#------------------------------------------------------------------------------
# irace: An implementation in R of (Elitist) Iterated Racing
# Version: 3.5.6863679
# Copyright (C) 2010-2020
# Manuel Lopez-Ibanez     <manuel.lopez-ibanez@manchester.ac.uk>
# Jeremie Dubois-Lacoste  
# Leslie Perez Caceres    <leslie.perez.caceres@ulb.ac.be>
#
# This is free software, and you are welcome to redistribute it under certain
# conditions.  See the GNU General Public License for details. There is NO
# WARRANTY; not even for MERCHANTABILITY or FITNESS FOR A PARTICULAR PURPOSE.
#
# irace builds upon previous code from the race package:
#     race: Racing methods for the selection of the best
#     Copyright (C) 2003 Mauro Birattari
#------------------------------------------------------------------------------
# installed at: /home/asion/swarm_aggregation/tuning1/r_libs/irace
# called with: --exec-dir=./ --parallel 20 --mpi 1 --scenario scenario.txt
# 2022-11-22 16:11:52 CET: 4 expression(s) specifying forbidden configurations read from '/home/asion/swarm_aggregation/tuning1/forbidden.txt'
# 2022-11-22 16:11:53 CET: Initialization
# Elitist race
# Elitist new instances: 1
# Elitist limit: 2
# nbIterations: 5
# minNbSurvival: 5
# nbParameters: 9
# seed: 520531095
# confidence level: 0.95
# budget: 1e+05
# mu: 5
# deterministic: FALSE

# 2022-11-22 16:11:53 CET: Iteration 1 of 5
# experimentsUsedSoFar: 0
# remainingBudget: 1e+05
# currentBudget: 20000
# nbConfigurations: 1024
# Markers:
     x No test is performed.
     c Configurations are discarded only due to capping.
     - The test is performed and some configurations are discarded.
     = The test is performed but no configuration is discarded.
     ! The test is performed and configurations could be discarded but elite configurations are preserved.
     . All alive configurations are elite and nothing is discarded

+-+-----------+-----------+-----------+----------------+-----------+--------+-----+----+------+
| |   Instance|      Alive|       Best|       Mean best| Exp so far|  W time|  rho|KenW|  Qvar|
+-+-----------+-----------+-----------+----------------+-----------+--------+-----+----+------+
|x|          1|       1024|        737|   -0.4000000000|       1024|00:33:51|   NA|  NA|    NA|
|x|          2|       1024|        196|   -0.3200000000|       2048|00:35:20|+0.03|0.52|0.9465|
|x|          3|       1024|        378|   -0.2800000000|       3072|00:35:22|+0.02|0.35|0.9759|
|x|          4|       1024|        378|   -0.2900000000|       4096|00:35:23|+0.01|0.26|0.9827|
|=|          5|       1024|        378|   -0.2640000000|       5120|00:35:19|+0.01|0.21|0.9877|
|-|          6|        248|        232|   -0.2333333333|       6144|00:35:23|-0.12|0.07|1.0893|
|=|          7|        248|        232|   -0.2457142857|       6392|00:08:46|-0.08|0.07|1.0541|
|=|          8|        248|        232|   -0.2350000000|       6640|00:08:49|-0.06|0.07|1.0379|
+-+-----------+-----------+-----------+----------------+-----------+--------+-----+----+------+
Best-so-far configuration:         232    mean value:    -0.2350000000
Description of the best-so-far configuration:
    .ID. t0 t1   a0   a1   a2   r0   r1 r2 std .PARENT.
232  232  1  4 1.34 1.98 1.99 0.43 0.41  0   4       NA

# 2022-11-22 20:00:15 CET: Elite configurations (first number is the configuration ID; listed from best to worst according to the sum of ranks):
    t0 t1   a0   a1   a2   r0   r1   r2 std
232  1  4 1.34 1.98 1.99 0.43 0.41 0.00   4
63   3 10 1.21 1.73 1.03 0.46 0.73 0.66   9
378  1  4 1.50 1.75 1.64 0.78 0.91 0.84   8
820  2 10 1.49 1.92 1.07 0.52 0.10 0.91   2
826  1 10 1.03 1.90 1.34 0.77 0.26 0.31   9
# 2022-11-22 20:00:15 CET: Iteration 2 of 5
# experimentsUsedSoFar: 6640
# remainingBudget: 93360
# currentBudget: 23340
# nbConfigurations: 1024
# Markers:
     x No test is performed.
     c Configurations are discarded only due to capping.
     - The test is performed and some configurations are discarded.
     = The test is performed but no configuration is discarded.
     ! The test is performed and configurations could be discarded but elite configurations are preserved.
     . All alive configurations are elite and nothing is discarded

+-+-----------+-----------+-----------+----------------+-----------+--------+-----+----+------+
| |   Instance|      Alive|       Best|       Mean best| Exp so far|  W time|  rho|KenW|  Qvar|
+-+-----------+-----------+-----------+----------------+-----------+--------+-----+----+------+
|x|          9|       1024|       1640|   -0.4800000000|       1024|00:35:28|   NA|  NA|    NA|
|x|          4|       1024|       1267|   -0.3000000000|       2043|00:35:23|+0.01|0.50|0.9727|
|x|          6|       1024|       1640|   -0.4000000000|       3062|00:35:21|+0.04|0.36|0.9380|
|x|          8|       1024|       1640|   -0.3800000000|       4081|00:35:24|+0.05|0.29|0.9238|
|-|          5|        148|       1640|   -0.3680000000|       5100|00:35:21|-0.07|0.14|1.0129|
|=|          1|        148|       1640|   -0.3466666667|       5243|00:05:23|-0.02|0.15|0.9879|
|=|          3|        148|       1885|   -0.2628571429|       5386|00:05:24|-0.01|0.13|0.9758|
|=|          2|        148|       1885|   -0.2600000000|       5529|00:05:23|+0.01|0.14|0.9582|
|-|          7|         21|       1885|   -0.2755555556|       5672|00:05:18|-0.03|0.09|0.9708|
|=|         10|         21|       1885|   -0.2680000000|       5693|00:01:16|-0.01|0.09|0.9600|
|=|         11|         21|       1885|   -0.2581818182|       5714|00:01:17|+0.01|0.10|0.9430|
+-+-----------+-----------+-----------+----------------+-----------+--------+-----+----+------+
Best-so-far configuration:        1885    mean value:    -0.2581818182
Description of the best-so-far configuration:
     .ID. t0 t1   a0   a1   a2   r0   r1   r2 std .PARENT.
1885 1885  1  4 1.23 1.99 1.98 0.13 0.38 0.17   1      232

# 2022-11-22 23:21:33 CET: Elite configurations (first number is the configuration ID; listed from best to worst according to the sum of ranks):
     t0 t1   a0   a1   a2   r0   r1   r2 std
1885  1  4 1.23 1.99 1.98 0.13 0.38 0.17   1
1820  1  6 1.30 1.94 1.78 0.66 0.04 0.01   1
1640  2 10 1.09 1.97 1.37 0.77 0.32 0.04   1
1073  1  8 1.29 1.97 1.76 0.16 0.37 0.35   1
1099  1  8 1.27 1.92 1.17 0.68 0.16 0.65   1
# 2022-11-22 23:21:33 CET: Iteration 3 of 5
# experimentsUsedSoFar: 12354
# remainingBudget: 87646
# currentBudget: 29215
# nbConfigurations: 1024
# Markers:
     x No test is performed.
     c Configurations are discarded only due to capping.
     - The test is performed and some configurations are discarded.
     = The test is performed but no configuration is discarded.
     ! The test is performed and configurations could be discarded but elite configurations are preserved.
     . All alive configurations are elite and nothing is discarded

+-+-----------+-----------+-----------+----------------+-----------+--------+-----+----+------+
| |   Instance|      Alive|       Best|       Mean best| Exp so far|  W time|  rho|KenW|  Qvar|
+-+-----------+-----------+-----------+----------------+-----------+--------+-----+----+------+
|x|         12|       1024|       3051|   -0.6000000000|       1024|00:36:01|   NA|  NA|    NA|
|x|          4|       1024|       2848|   -0.4600000000|       2043|00:36:11|+0.11|0.56|0.8568|
|x|          7|       1024|       2596|   -0.4000000000|       3062|00:36:09|+0.14|0.43|0.8552|
|x|          2|       1024|       2081|   -0.3600000000|       4081|00:36:11|+0.15|0.36|0.8424|
|-|          9|        312|       2249|   -0.4080000000|       5100|00:36:10|-0.09|0.13|1.0510|
|=|          8|        312|       2972|   -0.3266666667|       5407|00:11:14|-0.04|0.13|1.0116|
|=|         11|        312|       2972|   -0.3257142857|       5714|00:11:15|-0.01|0.13|0.9920|
|=|          6|        312|       2477|   -0.3100000000|       6021|00:11:12|+0.01|0.13|0.9755|
|-|          3|        109|       2648|   -0.3422222222|       6328|00:11:14|-0.06|0.06|1.0454|
|=|          5|        109|       2648|   -0.3280000000|       6432|00:04:12|-0.05|0.06|1.0362|
|=|          1|        109|       2648|   -0.3236363636|       6536|00:04:10|-0.03|0.06|1.0262|
|=|         10|        109|       2280|   -0.3100000000|       6640|00:04:07|-0.03|0.06|1.0204|
|=|         13|        109|       2280|   -0.3076923077|       6749|00:04:12|-0.02|0.06|1.0094|
+-+-----------+-----------+-----------+----------------+-----------+--------+-----+----+------+
Best-so-far configuration:        2280    mean value:    -0.3076923077
Description of the best-so-far configuration:
     .ID. t0 t1  a0   a1   a2   r0  r1   r2 std .PARENT.
2280 2280  2  3 1.1 1.94 1.91 0.15 0.5 0.18   1     1885

# 2022-11-23 03:24:11 CET: Elite configurations (first number is the configuration ID; listed from best to worst according to the sum of ranks):
     t0 t1   a0   a1   a2   r0   r1   r2 std
2280  2  3 1.10 1.94 1.91 0.15 0.50 0.18   1
2884  2  5 1.12 1.95 1.84 0.09 0.46 0.15   1
2325  2  6 1.19 1.95 1.68 0.67 0.08 0.17   1
2805  2  6 1.27 1.98 1.59 0.40 0.10 0.16   1
2772  2  8 1.10 1.91 1.65 0.02 0.32 0.48   1
# 2022-11-23 03:24:11 CET: Iteration 4 of 5
# experimentsUsedSoFar: 19103
# remainingBudget: 80897
# currentBudget: 40448
# nbConfigurations: 1024
# Markers:
     x No test is performed.
     c Configurations are discarded only due to capping.
     - The test is performed and some configurations are discarded.
     = The test is performed but no configuration is discarded.
     ! The test is performed and configurations could be discarded but elite configurations are preserved.
     . All alive configurations are elite and nothing is discarded

+-+-----------+-----------+-----------+----------------+-----------+--------+-----+----+------+
| |   Instance|      Alive|       Best|       Mean best| Exp so far|  W time|  rho|KenW|  Qvar|
+-+-----------+-----------+-----------+----------------+-----------+--------+-----+----+------+
|x|         14|       1024|       2884|   -0.7200000000|       1024|00:36:20|   NA|  NA|    NA|
|x|          7|       1024|       3136|   -0.5600000000|       2043|00:36:25|+0.15|0.57|0.8728|
|x|          4|       1024|       3136|   -0.4933333333|       3062|00:36:24|+0.13|0.42|0.8909|
|x|          3|       1024|       3555|   -0.4000000000|       4081|00:36:24|+0.13|0.35|0.8824|
|-|         12|        258|       3744|   -0.4560000000|       5100|00:36:21|-0.11|0.11|1.0846|
|=|          1|        258|       3785|   -0.3866666667|       5353|00:09:13|-0.06|0.12|1.0407|
|=|          6|        258|       3785|   -0.3714285714|       5606|00:09:11|-0.03|0.12|1.0164|
|=|         10|        258|       3876|   -0.3850000000|       5859|00:09:14|-0.02|0.11|1.0048|
|=|         11|        258|       3142|   -0.3688888889|       6112|00:09:11|-0.01|0.11|0.9939|
|=|          8|        258|       3136|   -0.3920000000|       6365|00:09:10|+0.01|0.10|0.9856|
|=|         13|        258|       3136|   -0.3927272727|       6618|00:09:13|+0.01|0.10|0.9824|
|=|          9|        258|       3136|   -0.3866666667|       6871|00:09:07|+0.01|0.09|0.9807|
|-|          5|        102|       3136|   -0.3784615385|       7124|00:08:54|-0.05|0.03|1.0330|
|=|          2|        102|       3136|   -0.3657142857|       7221|00:03:25|-0.05|0.03|1.0289|
|=|         15|        102|       3744|   -0.3626666667|       7323|00:04:04|-0.04|0.03|1.0241|
+-+-----------+-----------+-----------+----------------+-----------+--------+-----+----+------+
Best-so-far configuration:        3744    mean value:    -0.3626666667
Description of the best-so-far configuration:
     .ID. t0 t1   a0   a1   a2   r0   r1   r2 std .PARENT.
3744 3744  2  7 1.04 1.95 1.67 0.06 0.31 0.45   1     2772

# 2022-11-23 07:47:12 CET: Elite configurations (first number is the configuration ID; listed from best to worst according to the sum of ranks):
     t0 t1   a0   a1   a2   r0   r1   r2 std
3744  2  7 1.04 1.95 1.67 0.06 0.31 0.45   1
3377  2  3 1.01 1.91 1.93 0.13 0.54 0.22   1
3136  2  3 1.05 1.96 1.84 0.11 0.44 0.15   1
3369  2  3 1.09 1.88 1.94 0.24 0.45 0.16   1
3785  2  3 1.07 1.98 1.92 0.17 0.47 0.23   1
# 2022-11-23 07:47:12 CET: Iteration 5 of 5
# experimentsUsedSoFar: 26426
# remainingBudget: 73574
# currentBudget: 73574
# nbConfigurations: 1024
# Markers:
     x No test is performed.
     c Configurations are discarded only due to capping.
     - The test is performed and some configurations are discarded.
     = The test is performed but no configuration is discarded.
     ! The test is performed and configurations could be discarded but elite configurations are preserved.
     . All alive configurations are elite and nothing is discarded

+-+-----------+-----------+-----------+----------------+-----------+--------+-----+----+------+
| |   Instance|      Alive|       Best|       Mean best| Exp so far|  W time|  rho|KenW|  Qvar|
+-+-----------+-----------+-----------+----------------+-----------+--------+-----+----+------+
|x|         16|       1024|       4476|   -0.7600000000|       1024|00:36:41|   NA|  NA|    NA|
|x|         13|       1024|       4447|   -0.6600000000|       2043|00:36:36|+0.10|0.55|0.9210|
|x|          4|       1024|       4095|   -0.6266666667|       3062|00:36:36|+0.07|0.38|0.9362|
|x|          1|       1024|       4095|   -0.5600000000|       4081|00:36:36|+0.07|0.30|0.9408|
|-|          6|        338|       4095|   -0.5280000000|       5100|00:36:36|-0.16|0.07|1.1355|
|=|         15|        338|       4095|   -0.5000000000|       5433|00:12:00|-0.10|0.08|1.0885|
|=|         11|        338|       5055|   -0.4571428571|       5766|00:12:00|-0.08|0.08|1.0630|
|=|          3|        338|       4095|   -0.4500000000|       6099|00:12:03|-0.06|0.08|1.0449|
|=|          9|        338|       4095|   -0.4311111111|       6432|00:11:59|-0.04|0.07|1.0317|
|=|          8|        338|       4382|   -0.3840000000|       6765|00:12:02|-0.03|0.07|1.0193|
|=|         14|        338|       4382|   -0.3927272727|       7098|00:12:02|-0.03|0.06|1.0196|
|=|          7|        338|       4382|   -0.3866666667|       7431|00:11:48|-0.02|0.06|1.0122|
|=|         10|        338|       4382|   -0.3784615385|       7764|00:11:54|-0.02|0.06|1.0080|
|=|          5|        338|       4382|   -0.3771428571|       8097|00:12:05|-0.01|0.06|1.0077|
|=|         12|        338|       4520|   -0.3893333333|       8430|00:12:03|-0.01|0.06|1.0036|
|=|          2|        338|       4672|   -0.3825000000|       8763|00:12:07|-0.00|0.06|1.0003|
|=|         17|        338|       4672|   -0.3858823529|       9101|00:12:24|-0.00|0.06|0.9998|
+-+-----------+-----------+-----------+----------------+-----------+--------+-----+----+------+
Best-so-far configuration:        4672    mean value:    -0.3858823529
Description of the best-so-far configuration:
     .ID. t0 t1 a0  a1   a2   r0   r1   r2 std .PARENT.
4672 4672  2  3  1 1.9 1.92 0.09 0.55 0.22   1     3377

# 2022-11-23 13:15:13 CET: Elite configurations (first number is the configuration ID; listed from best to worst according to the sum of ranks):
     t0 t1   a0   a1   a2   r0   r1   r2 std
4672  2  3 1.00 1.90 1.92 0.09 0.55 0.22   1
4520  2  3 1.01 1.91 1.93 0.11 0.53 0.20   1
4382  2  3 1.04 1.92 1.93 0.10 0.54 0.21   1
5055  2  3 1.03 1.90 1.94 0.10 0.52 0.24   1
5037  2  3 1.01 1.92 1.93 0.16 0.51 0.18   1
# 2022-11-23 13:15:13 CET: Iteration 6 of 6
# experimentsUsedSoFar: 35527
# remainingBudget: 64473
# currentBudget: 64473
# nbConfigurations: 1024
# Markers:
     x No test is performed.
     c Configurations are discarded only due to capping.
     - The test is performed and some configurations are discarded.
     = The test is performed but no configuration is discarded.
     ! The test is performed and configurations could be discarded but elite configurations are preserved.
     . All alive configurations are elite and nothing is discarded

+-+-----------+-----------+-----------+----------------+-----------+--------+-----+----+------+
| |   Instance|      Alive|       Best|       Mean best| Exp so far|  W time|  rho|KenW|  Qvar|
+-+-----------+-----------+-----------+----------------+-----------+--------+-----+----+------+
|x|         18|       1024|       5930|   -0.7600000000|       1024|00:36:32|   NA|  NA|    NA|
|x|          5|       1024|       6059|   -0.5600000000|       2043|00:36:25|+0.12|0.56|0.8851|
|x|          8|       1024|       5330|   -0.4800000000|       3062|00:36:25|+0.11|0.41|0.9044|
|x|         11|       1024|       5702|   -0.4300000000|       4081|00:36:18|+0.11|0.33|0.9025|
|-|         10|        422|       5460|   -0.4560000000|       5100|00:36:13|-0.12|0.10|1.1078|
|=|          3|        422|       5567|   -0.4400000000|       5517|00:15:05|-0.08|0.10|1.0645|
|=|          1|        422|       5985|   -0.4228571429|       5934|00:14:59|-0.05|0.10|1.0450|
|=|         13|        422|       5567|   -0.4250000000|       6351|00:14:43|-0.03|0.10|1.0276|
|=|          6|        422|       4672|   -0.3733333333|       6768|00:14:49|-0.02|0.10|1.0132|
|=|          4|        422|       5330|   -0.3880000000|       7185|00:15:12|-0.00|0.10|1.0028|
|=|         12|        422|       5546|   -0.3890909091|       7602|00:15:05|+0.00|0.09|0.9923|
|-|         14|        208|       5949|   -0.4066666667|       8019|00:15:02|-0.05|0.03|1.0403|
|=|          2|        208|       5949|   -0.4030769231|       8222|00:07:43|-0.04|0.04|1.0298|
|=|         15|        208|       5208|   -0.3828571429|       8425|00:07:41|-0.03|0.04|1.0208|
|=|          7|        208|       5037|   -0.3920000000|       8628|00:07:41|-0.02|0.05|1.0123|
|=|         16|        208|       5208|   -0.3775000000|       8831|00:07:40|-0.02|0.04|1.0126|
|=|         17|        208|       5208|   -0.3811764706|       9034|00:07:41|-0.01|0.05|1.0049|
|=|          9|        208|       5208|   -0.3800000000|       9237|00:07:43|-0.01|0.05|0.9988|
|=|         19|        208|       5208|   -0.3852631579|       9445|00:07:47|-0.00|0.05|0.9968|
+-+-----------+-----------+-----------+----------------+-----------+--------+-----+----+------+
Best-so-far configuration:        5208    mean value:    -0.3852631579
Description of the best-so-far configuration:
     .ID. t0 t1   a0   a1   a2   r0   r1   r2 std .PARENT.
5208 5208  2  3 1.02 1.89 1.94 0.11 0.48 0.18   1     4672

# 2022-11-23 18:56:39 CET: Elite configurations (first number is the configuration ID; listed from best to worst according to the sum of ranks):
     t0 t1   a0   a1   a2   r0   r1   r2 std
5208  2  3 1.02 1.89 1.94 0.11 0.48 0.18   1
4672  2  3 1.00 1.90 1.92 0.09 0.55 0.22   1
5037  2  3 1.01 1.92 1.93 0.16 0.51 0.18   1
4382  2  3 1.04 1.92 1.93 0.10 0.54 0.21   1
5055  2  3 1.03 1.90 1.94 0.10 0.52 0.24   1
# 2022-11-23 18:56:39 CET: Iteration 7 of 7
# experimentsUsedSoFar: 44972
# remainingBudget: 55028
# currentBudget: 55028
# nbConfigurations: 1024
# Markers:
     x No test is performed.
     c Configurations are discarded only due to capping.
     - The test is performed and some configurations are discarded.
     = The test is performed but no configuration is discarded.
     ! The test is performed and configurations could be discarded but elite configurations are preserved.
     . All alive configurations are elite and nothing is discarded

+-+-----------+-----------+-----------+----------------+-----------+--------+-----+----+------+
| |   Instance|      Alive|       Best|       Mean best| Exp so far|  W time|  rho|KenW|  Qvar|
+-+-----------+-----------+-----------+----------------+-----------+--------+-----+----+------+
|x|         20|       1024|       6316|   -0.6000000000|       1024|00:36:15|   NA|  NA|    NA|
|x|          6|       1024|       6448|   -0.6000000000|       2043|00:36:05|+0.20|0.60|0.7991|
|x|          2|       1024|       6147|   -0.5200000000|       3062|00:35:46|+0.21|0.47|0.7819|
|x|         11|       1024|       6735|   -0.4300000000|       4081|00:35:39|+0.22|0.41|0.7755|
|-|          5|        261|       6266|   -0.4080000000|       5100|00:35:53|-0.05|0.16|1.0226|
|=|          9|        261|       7078|   -0.4600000000|       5356|00:09:13|-0.01|0.16|0.9819|
|=|         14|        261|       7078|   -0.4628571429|       5612|00:09:19|+0.01|0.15|0.9704|
|-|          8|        105|       7078|   -0.4400000000|       5868|00:09:19|-0.07|0.06|1.0483|
|=|         19|        105|       6661|   -0.4355555556|       5968|00:03:40|-0.04|0.08|1.0169|
|=|          3|        105|       6661|   -0.4160000000|       6068|00:03:36|-0.03|0.08|1.0069|
|=|         12|        105|       7078|   -0.4109090909|       6168|00:03:45|-0.02|0.08|1.0003|
|=|          7|        105|       6754|   -0.3800000000|       6268|00:03:40|-0.02|0.07|0.9981|
|=|         18|        105|       6754|   -0.3753846154|       6368|00:03:38|-0.00|0.07|0.9865|
|=|         13|        105|       6754|   -0.3771428571|       6468|00:03:42|+0.00|0.07|0.9818|
|=|         10|        105|       6754|   -0.3760000000|       6568|00:03:41|+0.01|0.08|0.9751|
|=|         16|        105|       6754|   -0.3725000000|       6668|00:03:44|+0.01|0.07|0.9750|
|-|          1|         68|       5208|   -0.3717647059|       6768|00:03:37|-0.03|0.03|1.0112|
|=|          4|         68|       5208|   -0.3844444444|       6831|00:02:45|-0.02|0.03|1.0085|
|=|         15|         68|       5208|   -0.3789473684|       6894|00:02:45|-0.02|0.04|1.0019|
|=|         17|         68|       5208|   -0.3820000000|       6957|00:02:46|-0.01|0.04|0.9959|
|=|         21|         68|       5208|   -0.3752380952|       7025|00:02:48|-0.01|0.04|0.9923|
+-+-----------+-----------+-----------+----------------+-----------+--------+-----+----+------+
Best-so-far configuration:        5208    mean value:    -0.3752380952
Description of the best-so-far configuration:
     .ID. t0 t1   a0   a1   a2   r0   r1   r2 std .PARENT.
5208 5208  2  3 1.02 1.89 1.94 0.11 0.48 0.18   1     4672

# 2022-11-23 23:08:58 CET: Elite configurations (first number is the configuration ID; listed from best to worst according to the sum of ranks):
     t0 t1   a0   a1   a2   r0   r1   r2 std
5208  2  3 1.02 1.89 1.94 0.11 0.48 0.18   1
6735  2  3 1.02 1.86 1.92 0.03 0.42 0.16   1
4672  2  3 1.00 1.90 1.92 0.09 0.55 0.22   1
6754  2  3 1.05 1.93 1.94 0.04 0.52 0.24   1
5055  2  3 1.03 1.90 1.94 0.10 0.52 0.24   1
# 2022-11-23 23:08:58 CET: Iteration 8 of 8
# experimentsUsedSoFar: 51997
# remainingBudget: 48003
# currentBudget: 48003
# nbConfigurations: 1024
# Markers:
     x No test is performed.
     c Configurations are discarded only due to capping.
     - The test is performed and some configurations are discarded.
     = The test is performed but no configuration is discarded.
     ! The test is performed and configurations could be discarded but elite configurations are preserved.
     . All alive configurations are elite and nothing is discarded

+-+-----------+-----------+-----------+----------------+-----------+--------+-----+----+------+
| |   Instance|      Alive|       Best|       Mean best| Exp so far|  W time|  rho|KenW|  Qvar|
+-+-----------+-----------+-----------+----------------+-----------+--------+-----+----+------+
|x|         22|       1024|       7703|   -0.6800000000|       1024|00:36:18|   NA|  NA|    NA|
|x|          1|       1024|       8058|   -0.5800000000|       2043|00:36:23|+0.14|0.57|0.8662|
|x|          2|       1024|       8058|   -0.5333333333|       3062|00:36:12|+0.15|0.43|0.8601|
|x|         10|       1024|       8058|   -0.5400000000|       4081|00:36:10|+0.14|0.35|0.8652|
|-|          9|        217|       7223|   -0.5120000000|       5100|00:36:08|-0.11|0.11|1.0799|
|=|         21|        217|       7223|   -0.4733333333|       5312|00:07:48|-0.06|0.11|1.0375|
|=|         12|        217|       7694|   -0.4857142857|       5524|00:07:49|-0.03|0.11|1.0137|
|=|          6|        217|       7694|   -0.4700000000|       5736|00:07:45|-0.01|0.12|0.9849|
|=|         13|        217|       7953|   -0.4488888889|       5948|00:07:45|-0.00|0.11|0.9867|
|=|         20|        217|       8058|   -0.4360000000|       6160|00:07:46|+0.01|0.11|0.9743|
|-|          5|        100|       7694|   -0.4254545455|       6372|00:07:48|-0.05|0.04|1.0332|
|=|         15|        100|       7694|   -0.4300000000|       6467|00:03:29|-0.04|0.05|1.0230|
|=|         16|        100|       7953|   -0.4123076923|       6562|00:03:33|-0.04|0.04|1.0206|
|=|          4|        100|       7953|   -0.4200000000|       6657|00:03:34|-0.03|0.04|1.0156|
|=|          7|        100|       7953|   -0.4293333333|       6752|00:03:31|-0.02|0.05|1.0051|
|=|          3|        100|       7953|   -0.4325000000|       6847|00:03:30|-0.01|0.06|0.9957|
|=|          8|        100|       7953|   -0.4258823529|       6942|00:03:33|-0.00|0.05|0.9943|
|=|         11|        100|       7953|   -0.4288888889|       7037|00:03:33|-0.00|0.05|0.9911|
|=|         14|        100|       8058|   -0.4378947368|       7132|00:03:32|-0.00|0.05|0.9907|
|=|         17|        100|       7953|   -0.4200000000|       7227|00:03:33|+0.00|0.05|0.9877|
|=|         19|        100|       7953|   -0.4190476190|       7322|00:03:34|+0.01|0.05|0.9853|
|-|         18|         37|       7953|   -0.4127272727|       7417|00:03:34|-0.02|0.03|0.9924|
|=|         23|         37|       7989|   -0.4400000000|       7454|00:01:25|-0.01|0.03|0.9857|
|=|         24|         37|       7953|   -0.4066666667|       7491|00:01:23|-0.01|0.03|0.9856|
+-+-----------+-----------+-----------+----------------+-----------+--------+-----+----+------+
Best-so-far configuration:        7953    mean value:    -0.4066666667
Description of the best-so-far configuration:
     .ID. t0 t1 a0   a1   a2   r0  r1   r2 std .PARENT.
7953 7953  2  3  1 1.89 1.97 0.02 0.4 0.13   1     6735

# 2022-11-24 03:39:10 CET: Elite configurations (first number is the configuration ID; listed from best to worst according to the sum of ranks):
     t0 t1   a0   a1   a2   r0   r1   r2 std
7953  2  3 1.00 1.89 1.97 0.02 0.40 0.13   1
7989  2  3 1.02 1.83 1.90 0.06 0.43 0.10   1
8058  2  3 1.00 1.88 1.96 0.06 0.46 0.04   1
7694  2  3 1.02 1.81 1.93 0.04 0.37 0.05   1
7176  2  3 1.03 1.91 1.92 0.05 0.33 0.14   1
# 2022-11-24 03:39:10 CET: Iteration 9 of 9
# experimentsUsedSoFar: 59488
# remainingBudget: 40512
# currentBudget: 40512
# nbConfigurations: 1024
# Markers:
     x No test is performed.
     c Configurations are discarded only due to capping.
     - The test is performed and some configurations are discarded.
     = The test is performed but no configuration is discarded.
     ! The test is performed and configurations could be discarded but elite configurations are preserved.
     . All alive configurations are elite and nothing is discarded

+-+-----------+-----------+-----------+----------------+-----------+--------+-----+----+------+
| |   Instance|      Alive|       Best|       Mean best| Exp so far|  W time|  rho|KenW|  Qvar|
+-+-----------+-----------+-----------+----------------+-----------+--------+-----+----+------+
|x|         25|       1024|       8643|   -0.7600000000|       1024|00:36:11|   NA|  NA|    NA|
|x|         12|       1024|       8191|   -0.6400000000|       2043|00:35:53|+0.32|0.66|0.6993|
|x|          6|       1024|       9005|   -0.6266666667|       3062|00:36:05|+0.34|0.56|0.6767|
|x|          9|       1024|       8793|   -0.5000000000|       4081|00:36:04|+0.35|0.51|0.6701|
|-|         13|        264|       8191|   -0.5600000000|       5100|00:36:07|-0.10|0.12|1.0779|
|=|          3|        264|       7953|   -0.5066666667|       5359|00:09:30|-0.06|0.12|1.0438|
|=|         16|        264|       8422|   -0.4800000000|       5618|00:09:24|-0.03|0.12|1.0212|
|=|         22|        264|       8422|   -0.4850000000|       5877|00:09:28|-0.01|0.11|1.0033|
|=|          7|        264|       7953|   -0.4977777778|       6136|00:09:19|+0.00|0.11|0.9923|
|=|         18|        264|       7953|   -0.4760000000|       6395|00:09:26|+0.01|0.11|0.9855|
|-|          5|        114|       7953|   -0.4654545455|       6654|00:09:13|-0.06|0.03|1.0510|
|=|         14|        114|       7953|   -0.4566666667|       6763|00:04:14|-0.05|0.03|1.0405|
|=|          2|        114|       7989|   -0.4400000000|       6872|00:04:16|-0.05|0.03|1.0334|
|=|         20|        114|       7989|   -0.4485714286|       6981|00:04:16|-0.04|0.03|1.0274|
|=|          1|        114|       7989|   -0.4426666667|       7090|00:04:13|-0.03|0.04|1.0196|
|=|         17|        114|       8692|   -0.4175000000|       7199|00:04:16|-0.03|0.03|1.0170|
|=|         10|        114|       8058|   -0.4258823529|       7308|00:04:14|-0.03|0.04|1.0110|
|=|         23|        114|       7989|   -0.4311111111|       7417|00:04:15|-0.02|0.04|1.0083|
|=|          4|        114|       7953|   -0.4231578947|       7526|00:04:12|-0.02|0.04|1.0042|
|=|         19|        114|       7953|   -0.4220000000|       7635|00:04:04|-0.02|0.03|1.0027|
|=|         24|        114|       8995|   -0.4171428571|       7744|00:04:10|-0.01|0.04|1.0004|
|=|         11|        114|       8995|   -0.4181818182|       7853|00:04:12|-0.01|0.04|0.9976|
|=|         21|        114|       8995|   -0.4226086957|       7962|00:04:10|-0.01|0.04|0.9967|
|=|         15|        114|       7989|   -0.4433333333|       8071|00:04:08|-0.01|0.04|0.9949|
|=|          8|        114|       7989|   -0.4384000000|       8180|00:04:09|-0.00|0.04|0.9936|
|=|         26|        114|       8600|   -0.4153846154|       8294|00:04:12|-0.01|0.03|0.9958|
+-+-----------+-----------+-----------+----------------+-----------+--------+-----+----+------+
Best-so-far configuration:        8600    mean value:    -0.4153846154
Description of the best-so-far configuration:
     .ID. t0 t1   a0   a1   a2   r0   r1   r2 std .PARENT.
8600 8600  2  3 1.01 1.87 1.96 0.07 0.45 0.01   1     8058

# 2022-11-24 08:39:35 CET: Elite configurations (first number is the configuration ID; listed from best to worst according to the sum of ranks):
     t0 t1   a0   a1   a2   r0   r1   r2 std
8600  2  3 1.01 1.87 1.96 0.07 0.45 0.01   1
7989  2  3 1.02 1.83 1.90 0.06 0.43 0.10   1
7953  2  3 1.00 1.89 1.97 0.02 0.40 0.13   1
8531  2  3 1.01 1.90 1.95 0.08 0.45 0.04   1
8995  2  3 1.00 1.89 1.97 0.07 0.44 0.04   1
# 2022-11-24 08:39:35 CET: Iteration 10 of 10
# experimentsUsedSoFar: 67782
# remainingBudget: 32218
# currentBudget: 32218
# nbConfigurations: 1024
# Markers:
     x No test is performed.
     c Configurations are discarded only due to capping.
     - The test is performed and some configurations are discarded.
     = The test is performed but no configuration is discarded.
     ! The test is performed and configurations could be discarded but elite configurations are preserved.
     . All alive configurations are elite and nothing is discarded

+-+-----------+-----------+-----------+----------------+-----------+--------+-----+----+------+
| |   Instance|      Alive|       Best|       Mean best| Exp so far|  W time|  rho|KenW|  Qvar|
+-+-----------+-----------+-----------+----------------+-----------+--------+-----+----+------+
|x|         27|       1024|       9831|   -0.7200000000|       1024|00:36:21|   NA|  NA|    NA|
|x|          8|       1024|       9831|   -0.6200000000|       2043|00:36:25|+0.17|0.58|0.8450|
|x|         14|       1024|       8531|   -0.5600000000|       3062|00:36:21|+0.18|0.45|0.8406|
|x|         22|       1024|       8600|   -0.5200000000|       4081|00:36:19|+0.17|0.38|0.8475|
|-|         21|        253|      10142|   -0.5360000000|       5100|00:36:17|-0.11|0.11|1.0921|
|=|         11|        253|       8600|   -0.4800000000|       5348|00:09:07|-0.06|0.12|1.0454|
|=|         20|        253|       7989|   -0.4914285714|       5596|00:09:11|-0.02|0.12|1.0127|
|=|         24|        253|       8531|   -0.4550000000|       5844|00:09:06|-0.01|0.12|0.9988|
|=|         23|        253|       7989|   -0.4888888889|       6092|00:09:05|+0.01|0.12|0.9804|
|-|          3|         95|       7989|   -0.4920000000|       6340|00:09:06|-0.06|0.04|1.0424|
|=|          1|         95|       7989|   -0.4800000000|       6430|00:03:32|-0.05|0.04|1.0337|
|=|         13|         95|       7989|   -0.4800000000|       6520|00:03:32|-0.05|0.04|1.0292|
|=|         26|         95|       7989|   -0.4615384615|       6610|00:03:30|-0.04|0.04|1.0224|
|=|          9|         95|       7989|   -0.4628571429|       6700|00:03:31|-0.03|0.05|1.0134|
|=|         10|         95|       8600|   -0.4293333333|       6790|00:03:30|-0.02|0.05|1.0059|
|=|         17|         95|       8600|   -0.4375000000|       6880|00:03:31|-0.02|0.05|1.0013|
|=|         18|         95|       8600|   -0.4352941176|       6970|00:03:32|-0.01|0.05|0.9973|
|=|         25|         95|       8600|   -0.4444444444|       7060|00:03:27|-0.01|0.05|0.9950|
|=|          5|         95|       8600|   -0.4336842105|       7150|00:03:29|-0.01|0.05|0.9938|
|=|          2|         95|       8600|   -0.4360000000|       7240|00:03:28|-0.00|0.05|0.9909|
|=|         16|         95|       8600|   -0.4323809524|       7330|00:03:26|-0.00|0.05|0.9893|
|=|         12|         95|       8600|   -0.4290909091|       7420|00:03:33|-0.00|0.04|0.9884|
|=|          7|         95|       8531|   -0.4313043478|       7510|00:03:27|+0.00|0.04|0.9865|
|=|         19|         95|       8600|   -0.4266666667|       7600|00:03:21|+0.01|0.05|0.9807|
|=|          4|         95|       8531|   -0.4288000000|       7690|00:03:32|+0.01|0.05|0.9792|
|=|         15|         95|       8600|   -0.4246153846|       7780|00:03:28|+0.01|0.05|0.9786|
|=|          6|         95|       8600|   -0.4207407407|       7870|00:03:30|+0.01|0.05|0.9794|
|=|         28|         95|       8531|   -0.4185714286|       7965|00:03:31|+0.01|0.04|0.9815|
+-+-----------+-----------+-----------+----------------+-----------+--------+-----+----+------+
Best-so-far configuration:        8531    mean value:    -0.4185714286
Description of the best-so-far configuration:
     .ID. t0 t1   a0  a1   a2   r0   r1   r2 std .PARENT.
8531 8531  2  3 1.01 1.9 1.95 0.08 0.45 0.04   1     8058

# 2022-11-24 13:30:23 CET: Elite configurations (first number is the configuration ID; listed from best to worst according to the sum of ranks):
     t0 t1   a0   a1   a2   r0   r1   r2 std
8531  2  3 1.01 1.90 1.95 0.08 0.45 0.04   1
7989  2  3 1.02 1.83 1.90 0.06 0.43 0.10   1
8600  2  3 1.01 1.87 1.96 0.07 0.45 0.01   1
7953  2  3 1.00 1.89 1.97 0.02 0.40 0.13   1
9874  2  3 1.00 1.79 1.98 0.02 0.45 0.03   1
# 2022-11-24 13:30:24 CET: Iteration 11 of 11
# experimentsUsedSoFar: 75747
# remainingBudget: 24253
# currentBudget: 24253
# nbConfigurations: 841
# Markers:
     x No test is performed.
     c Configurations are discarded only due to capping.
     - The test is performed and some configurations are discarded.
     = The test is performed but no configuration is discarded.
     ! The test is performed and configurations could be discarded but elite configurations are preserved.
     . All alive configurations are elite and nothing is discarded

+-+-----------+-----------+-----------+----------------+-----------+--------+-----+----+------+
| |   Instance|      Alive|       Best|       Mean best| Exp so far|  W time|  rho|KenW|  Qvar|
+-+-----------+-----------+-----------+----------------+-----------+--------+-----+----+------+
|x|         29|        841|      10384|   -0.8000000000|        841|00:29:45|   NA|  NA|    NA|
|x|         23|        841|      10385|   -0.5400000000|       1677|00:29:42|+0.29|0.65|0.7829|
|x|         26|        841|      10398|   -0.5066666667|       2513|00:29:58|+0.32|0.54|0.7376|
|x|         13|        841|      10215|   -0.5100000000|       3349|00:29:54|+0.32|0.49|0.7330|
|-|         14|        306|      10787|   -0.5360000000|       4185|00:29:57|-0.10|0.12|1.0815|
|=|         11|        306|      10619|   -0.4933333333|       4486|00:11:11|-0.06|0.12|1.0412|
|=|          1|        306|      10619|   -0.4685714286|       4787|00:11:09|-0.04|0.11|1.0246|
|=|          3|        306|      10619|   -0.4450000000|       5088|00:11:13|-0.03|0.10|1.0185|
|=|         20|        306|      10515|   -0.4266666667|       5389|00:11:08|-0.01|0.10|1.0036|
|=|         28|        306|      10515|   -0.4400000000|       5690|00:11:05|-0.00|0.10|0.9977|
|=|         19|        306|      10515|   -0.4363636364|       5991|00:11:06|-0.00|0.09|0.9972|
|=|          2|        306|      10515|   -0.4600000000|       6292|00:11:10|+0.01|0.09|0.9878|
|=|          8|        306|      10557|   -0.4430769231|       6593|00:11:07|+0.01|0.09|0.9867|
|-|         22|        122|      10557|   -0.4457142857|       6894|00:11:08|-0.05|0.03|1.0340|
|=|         21|        122|      10557|   -0.4453333333|       7011|00:04:15|-0.04|0.03|1.0290|
|=|          7|        122|      10557|   -0.4400000000|       7128|00:04:13|-0.04|0.03|1.0261|
|=|         18|        122|       7989|   -0.4658823529|       7245|00:04:14|-0.03|0.03|1.0193|
|=|         24|        122|       7989|   -0.4533333333|       7362|00:04:13|-0.03|0.03|1.0153|
|=|         17|        122|      10557|   -0.4189473684|       7479|00:04:13|-0.02|0.03|1.0118|
|=|         12|        122|      10557|   -0.4180000000|       7596|00:04:12|-0.02|0.03|1.0084|
|=|          4|        122|      10557|   -0.4114285714|       7713|00:04:17|-0.02|0.03|1.0069|
|=|         25|        122|       7989|   -0.4381818182|       7830|00:04:16|-0.01|0.03|1.0029|
|=|         16|        122|      10557|   -0.4086956522|       7947|00:04:07|-0.01|0.03|1.0006|
|=|         27|        122|      10557|   -0.4133333333|       8064|00:04:07|-0.01|0.03|0.9988|
|=|          9|        122|       8531|   -0.4304000000|       8181|00:04:04|-0.01|0.03|0.9982|
|=|          6|        122|       8531|   -0.4276923077|       8298|00:04:08|-0.01|0.03|0.9965|
|=|         15|        122|       7989|   -0.4311111111|       8415|00:04:04|-0.01|0.03|0.9959|
|=|         10|        122|       8600|   -0.4142857143|       8532|00:04:10|-0.01|0.03|0.9957|
|=|          5|        122|      10557|   -0.4110344828|       8649|00:04:08|-0.00|0.03|0.9945|
|=|         30|        122|      10557|   -0.4066666667|       8771|00:04:48|-0.00|0.03|0.9939|
+-+-----------+-----------+-----------+----------------+-----------+--------+-----+----+------+
Best-so-far configuration:       10557    mean value:    -0.4066666667
Description of the best-so-far configuration:
       .ID. t0 t1 a0  a1   a2   r0   r1   r2 std .PARENT.
10557 10557  2  3  1 1.8 1.99 0.03 0.42 0.02   1     9874

# 2022-11-24 18:48:04 CET: Elite configurations (first number is the configuration ID; listed from best to worst according to the sum of ranks):
      t0 t1   a0   a1   a2   r0   r1   r2 std
10557  2  3 1.00 1.80 1.99 0.03 0.42 0.02   1
10357  2  3 1.02 1.80 1.99 0.04 0.47 0.04   1
7989   2  3 1.02 1.83 1.90 0.06 0.43 0.10   1
9874   2  3 1.00 1.79 1.98 0.02 0.45 0.03   1
8600   2  3 1.01 1.87 1.96 0.07 0.45 0.01   1
# 2022-11-24 18:48:05 CET: Iteration 12 of 12
# experimentsUsedSoFar: 84518
# remainingBudget: 15482
# currentBudget: 15482
# nbConfigurations: 504
# Markers:
     x No test is performed.
     c Configurations are discarded only due to capping.
     - The test is performed and some configurations are discarded.
     = The test is performed but no configuration is discarded.
     ! The test is performed and configurations could be discarded but elite configurations are preserved.
     . All alive configurations are elite and nothing is discarded

+-+-----------+-----------+-----------+----------------+-----------+--------+-----+----+------+
| |   Instance|      Alive|       Best|       Mean best| Exp so far|  W time|  rho|KenW|  Qvar|
+-+-----------+-----------+-----------+----------------+-----------+--------+-----+----+------+
|x|         31|        504|      11500|   -0.7600000000|        504|00:18:00|   NA|  NA|    NA|
|x|          5|        504|      11287|   -0.6600000000|       1003|00:18:00|+0.17|0.58|0.8308|
|x|         22|        504|      11287|   -0.5866666667|       1502|00:18:02|+0.16|0.44|0.8299|
|x|         30|        504|      11189|   -0.5400000000|       2001|00:18:00|+0.17|0.38|0.8392|
|-|         11|        199|      11182|   -0.4640000000|       2500|00:18:04|-0.10|0.12|1.0934|
|=|         29|        199|      11287|   -0.5066666667|       2694|00:07:03|-0.06|0.12|1.0530|
|=|         16|        199|      11464|   -0.4628571429|       2888|00:07:00|-0.04|0.11|1.0370|
|=|         12|        199|      10357|   -0.4350000000|       3082|00:06:59|-0.02|0.11|1.0140|
|=|          3|        199|      11352|   -0.4533333333|       3276|00:07:01|-0.01|0.10|1.0079|
|=|         13|        199|      11506|   -0.4360000000|       3470|00:06:53|-0.00|0.10|0.9972|
|=|         20|        199|      10557|   -0.4436363636|       3664|00:06:56|+0.01|0.10|0.9882|
|=|          6|        199|      10557|   -0.4400000000|       3858|00:06:50|+0.01|0.10|0.9805|
|-|         27|         77|      10557|   -0.4461538462|       4052|00:06:48|-0.05|0.03|1.0321|
|=|          9|         77|      10557|   -0.4314285714|       4124|00:02:43|-0.04|0.03|1.0307|
|=|         10|         77|      10357|   -0.4320000000|       4196|00:02:43|-0.03|0.03|1.0221|
|=|          7|         77|      10557|   -0.4225000000|       4268|00:02:40|-0.03|0.03|1.0208|
|=|          4|         77|      10357|   -0.4258823529|       4340|00:02:40|-0.03|0.03|1.0187|
|=|         21|         77|      10357|   -0.4377777778|       4412|00:02:34|-0.02|0.03|1.0113|
|=|          8|         77|      10357|   -0.4378947368|       4484|00:02:36|-0.02|0.03|1.0067|
|=|          1|         77|      10357|   -0.4340000000|       4556|00:02:44|-0.02|0.04|1.0037|
|=|         23|         77|      10357|   -0.4323809524|       4628|00:02:45|-0.01|0.04|1.0003|
|=|         26|         77|      10357|   -0.4254545455|       4700|00:02:46|-0.01|0.03|0.9988|
|=|         24|         77|      10357|   -0.4173913043|       4772|00:02:46|-0.01|0.03|0.9981|
|=|         15|         77|      10357|   -0.4200000000|       4844|00:02:42|-0.01|0.03|0.9941|
|=|         17|         77|       9874|   -0.4112000000|       4916|00:02:44|-0.00|0.04|0.9912|
|=|         25|         77|      10357|   -0.4246153846|       4988|00:02:43|+0.00|0.04|0.9857|
|=|         19|         77|      10357|   -0.4207407407|       5060|00:02:44|+0.00|0.04|0.9864|
|=|         14|         77|       8600|   -0.4157142857|       5132|00:02:48|+0.00|0.04|0.9853|
|=|         28|         77|      10357|   -0.4151724138|       5204|00:02:48|-0.00|0.03|0.9871|
|=|         18|         77|      10357|   -0.4160000000|       5276|00:02:50|+0.00|0.04|0.9836|
|=|          2|         77|      10357|   -0.4141935484|       5348|00:02:51|+0.01|0.04|0.9816|
|=|         32|         77|      10357|   -0.4125000000|       5425|00:02:52|+0.00|0.04|0.9825|
+-+-----------+-----------+-----------+----------------+-----------+--------+-----+----+------+
Best-so-far configuration:       10357    mean value:    -0.4125000000
Description of the best-so-far configuration:
       .ID. t0 t1   a0  a1   a2   r0   r1   r2 std .PARENT.
10357 10357  2  3 1.02 1.8 1.99 0.04 0.47 0.04   1     9874

# 2022-11-24 22:06:04 CET: Elite configurations (first number is the configuration ID; listed from best to worst according to the sum of ranks):
      t0 t1   a0   a1   a2   r0   r1   r2 std
10357  2  3 1.02 1.80 1.99 0.04 0.47 0.04   1
10557  2  3 1.00 1.80 1.99 0.03 0.42 0.02   1
11212  2  3 1.06 1.78 1.95 0.04 0.33 0.05   1
11387  2  3 1.02 1.82 1.97 0.01 0.38 0.02   1
8600   2  3 1.01 1.87 1.96 0.07 0.45 0.01   1
# 2022-11-24 22:06:05 CET: Iteration 13 of 13
# experimentsUsedSoFar: 89943
# remainingBudget: 10057
# currentBudget: 10057
# nbConfigurations: 309
# Markers:
     x No test is performed.
     c Configurations are discarded only due to capping.
     - The test is performed and some configurations are discarded.
     = The test is performed but no configuration is discarded.
     ! The test is performed and configurations could be discarded but elite configurations are preserved.
     . All alive configurations are elite and nothing is discarded

+-+-----------+-----------+-----------+----------------+-----------+--------+-----+----+------+
| |   Instance|      Alive|       Best|       Mean best| Exp so far|  W time|  rho|KenW|  Qvar|
+-+-----------+-----------+-----------+----------------+-----------+--------+-----+----+------+
|x|         33|        309|      11779|   -0.7200000000|        309|00:11:14|   NA|  NA|    NA|
|x|         23|        309|      10557|   -0.5600000000|        613|00:11:07|+0.07|0.53|0.9124|
|x|          5|        309|      10557|   -0.5866666667|        917|00:11:04|+0.05|0.37|0.9400|
|x|         14|        309|      11682|   -0.5400000000|       1221|00:11:06|+0.07|0.30|0.9242|
|-|          3|        107|      10557|   -0.5280000000|       1525|00:11:05|-0.11|0.11|1.0899|
|=|         30|        107|      11594|   -0.5133333333|       1627|00:04:04|-0.06|0.12|1.0342|
|=|         25|        107|      11814|   -0.4685714286|       1729|00:04:08|-0.04|0.11|1.0193|
|=|          9|        107|      11565|   -0.4500000000|       1831|00:04:06|-0.03|0.10|1.0184|
|=|         18|        107|      11722|   -0.5022222222|       1933|00:04:05|-0.03|0.09|1.0120|
|=|          2|        107|      11722|   -0.4840000000|       2035|00:04:08|-0.02|0.08|1.0083|
|=|         15|        107|      11722|   -0.4727272727|       2137|00:04:05|-0.01|0.08|0.9984|
|=|         32|        107|      11722|   -0.4633333333|       2239|00:04:04|-0.00|0.08|0.9947|
|=|         13|        107|      11833|   -0.4338461538|       2341|00:04:09|+0.01|0.09|0.9831|
|=|         11|        107|      10357|   -0.4428571429|       2443|00:04:05|+0.02|0.09|0.9780|
|-|          4|         70|      11565|   -0.4266666667|       2545|00:04:03|-0.03|0.04|1.0134|
|=|          8|         70|      11565|   -0.4450000000|       2610|00:02:47|-0.03|0.04|1.0100|
|=|         21|         70|      10357|   -0.4541176471|       2675|00:02:40|-0.03|0.03|1.0099|
|=|         24|         70|      11565|   -0.4377777778|       2740|00:02:46|-0.03|0.03|1.0100|
|=|         19|         70|      10357|   -0.4357894737|       2805|00:02:44|-0.02|0.03|1.0065|
|=|         27|         70|      10357|   -0.4420000000|       2870|00:02:44|-0.02|0.03|1.0021|
|=|         10|         70|      10357|   -0.4419047619|       2935|00:02:46|-0.02|0.03|0.9983|
|=|          7|         70|      10357|   -0.4363636364|       3000|00:02:43|-0.01|0.03|0.9960|
|=|         26|         70|      10357|   -0.4295652174|       3065|00:02:47|-0.01|0.03|0.9966|
|=|         12|         70|      10357|   -0.4283333333|       3130|00:02:40|-0.01|0.03|0.9949|
|=|         28|         70|      10357|   -0.4256000000|       3195|00:02:46|-0.01|0.03|0.9935|
|=|         17|         70|      11722|   -0.4276923077|       3260|00:02:43|-0.01|0.03|0.9923|
|=|          1|         70|      10357|   -0.4148148148|       3325|00:02:42|-0.01|0.03|0.9951|
|=|         31|         70|      10357|   -0.4142857143|       3390|00:02:42|-0.01|0.03|0.9921|
|=|          6|         70|      10357|   -0.4165517241|       3455|00:02:42|-0.00|0.03|0.9879|
|=|         29|         70|      10357|   -0.4186666667|       3520|00:02:43|-0.00|0.03|0.9870|
|=|         16|         70|      10357|   -0.4154838710|       3585|00:02:41|+0.00|0.04|0.9842|
|=|         22|         70|      10357|   -0.4137500000|       3650|00:02:42|+0.01|0.04|0.9826|
|=|         20|         70|      10357|   -0.4096969697|       3715|00:02:42|+0.00|0.04|0.9827|
|=|         34|         70|      11552|   -0.4117647059|       3785|00:02:42|+0.01|0.03|0.9823|
+-+-----------+-----------+-----------+----------------+-----------+--------+-----+----+------+
Best-so-far configuration:       11552    mean value:    -0.4117647059
Description of the best-so-far configuration:
       .ID. t0 t1   a0   a1   a2   r0   r1   r2 std .PARENT.
11552 11552  2  3 1.03 1.76 1.94 0.05 0.38 0.07   1    11212

# 2022-11-25 00:34:43 CET: Elite configurations (first number is the configuration ID; listed from best to worst according to the sum of ranks):
      t0 t1   a0   a1   a2   r0   r1   r2 std
11552  2  3 1.03 1.76 1.94 0.05 0.38 0.07   1
10357  2  3 1.02 1.80 1.99 0.04 0.47 0.04   1
11212  2  3 1.06 1.78 1.95 0.04 0.33 0.05   1
11565  2  3 1.00 1.81 1.99 0.03 0.44 0.01   1
11606  2  3 1.01 1.80 1.97 0.05 0.37 0.05   1
# 2022-11-25 00:34:43 CET: Iteration 14 of 14
# experimentsUsedSoFar: 93728
# remainingBudget: 6272
# currentBudget: 6272
# nbConfigurations: 184
# Markers:
     x No test is performed.
     c Configurations are discarded only due to capping.
     - The test is performed and some configurations are discarded.
     = The test is performed but no configuration is discarded.
     ! The test is performed and configurations could be discarded but elite configurations are preserved.
     . All alive configurations are elite and nothing is discarded

+-+-----------+-----------+-----------+----------------+-----------+--------+-----+----+------+
| |   Instance|      Alive|       Best|       Mean best| Exp so far|  W time|  rho|KenW|  Qvar|
+-+-----------+-----------+-----------+----------------+-----------+--------+-----+----+------+
|x|         35|        184|      12007|   -0.8400000000|        184|00:06:50|   NA|  NA|    NA|
|x|         12|        184|      11552|   -0.5600000000|        363|00:06:15|+0.06|0.53|0.9478|
|x|          8|        184|      11901|   -0.4933333333|        542|00:06:23|+0.03|0.35|0.9714|
|x|          4|        184|      11859|   -0.4600000000|        721|00:06:25|+0.07|0.30|0.9310|
|=|          1|        184|      11859|   -0.4720000000|        900|00:06:33|+0.03|0.23|0.9555|
|=|         27|        184|      11978|   -0.4866666667|       1079|00:06:29|+0.03|0.19|0.9559|
|=|         13|        184|      11924|   -0.4400000000|       1258|00:06:30|+0.03|0.16|0.9670|
|=|          9|        184|      10357|   -0.4500000000|       1437|00:06:27|+0.02|0.14|0.9787|
|=|         30|        184|      10357|   -0.4444444444|       1616|00:06:22|+0.02|0.13|0.9751|
|=|         17|        184|      11861|   -0.4600000000|       1795|00:06:22|+0.02|0.11|0.9755|
|-|         15|         80|      11992|   -0.4690909091|       1974|00:06:22|-0.05|0.04|1.0368|
|=|          3|         80|      11992|   -0.4766666667|       2049|00:02:47|-0.04|0.05|1.0252|
|=|         34|         80|      11992|   -0.4615384615|       2124|00:02:48|-0.03|0.05|1.0181|
|=|         21|         80|      11992|   -0.4685714286|       2199|00:02:44|-0.02|0.05|1.0072|
|=|         14|         80|      11992|   -0.4586666667|       2274|00:02:50|-0.01|0.06|0.9972|
|=|         26|         80|      11992|   -0.4525000000|       2349|00:02:45|-0.01|0.06|0.9964|
|=|         24|         80|      11565|   -0.4329411765|       2424|00:02:43|-0.00|0.06|0.9930|
|=|         19|         80|      11890|   -0.4422222222|       2499|00:02:45|-0.00|0.05|0.9924|
|=|         33|         80|      11890|   -0.4421052632|       2574|00:02:43|-0.00|0.05|0.9888|
|=|         10|         80|      11890|   -0.4380000000|       2649|00:02:44|+0.00|0.05|0.9858|
|=|         29|         80|      11861|   -0.4380952381|       2724|00:02:43|+0.01|0.05|0.9827|
|=|         23|         80|      11861|   -0.4290909091|       2799|00:02:43|+0.00|0.05|0.9879|
|=|         32|         80|      11982|   -0.4243478261|       2874|00:02:44|+0.00|0.05|0.9868|
|=|         28|         80|      11982|   -0.4383333333|       2949|00:02:44|+0.00|0.04|0.9856|
|=|         31|         80|      11982|   -0.4416000000|       3024|00:02:43|+0.00|0.04|0.9831|
|=|         18|         80|      11982|   -0.4338461538|       3099|00:02:41|+0.00|0.04|0.9846|
|=|         11|         80|      11982|   -0.4281481481|       3174|00:02:41|+0.00|0.04|0.9858|
|=|          2|         80|      11982|   -0.4228571429|       3249|00:02:41|+0.00|0.04|0.9861|
|=|         20|         80|      11890|   -0.4289655172|       3324|00:02:41|+0.00|0.04|0.9865|
|=|          7|         80|      11890|   -0.4266666667|       3399|00:02:45|+0.00|0.03|0.9860|
|=|         22|         80|      11890|   -0.4296774194|       3474|00:02:47|+0.00|0.03|0.9854|
|=|          6|         80|      11890|   -0.4287500000|       3549|00:02:46|+0.00|0.03|0.9859|
|=|         16|         80|      11890|   -0.4254545455|       3624|00:02:49|-0.00|0.03|0.9877|
|=|          5|         80|      11890|   -0.4223529412|       3699|00:02:47|+0.00|0.03|0.9871|
|=|         25|         80|      11982|   -0.4148571429|       3774|00:02:44|+0.00|0.03|0.9852|
|=|         36|         80|      11552|   -0.4200000000|       3854|00:02:55|+0.00|0.03|0.9854|
+-+-----------+-----------+-----------+----------------+-----------+--------+-----+----+------+
Best-so-far configuration:       11552    mean value:    -0.4200000000
Description of the best-so-far configuration:
       .ID. t0 t1   a0   a1   a2   r0   r1   r2 std .PARENT.
11552 11552  2  3 1.03 1.76 1.94 0.05 0.38 0.07   1    11212

# 2022-11-25 02:54:45 CET: Elite configurations (first number is the configuration ID; listed from best to worst according to the sum of ranks):
      t0 t1   a0   a1   a2   r0   r1   r2 std
11552  2  3 1.03 1.76 1.94 0.05 0.38 0.07   1
11982  2  3 1.02 1.79 1.96 0.02 0.37 0.03   1
11890  2  3 1.00 1.80 1.98 0.06 0.35 0.01   1
11565  2  3 1.00 1.81 1.99 0.03 0.44 0.01   1
10357  2  3 1.02 1.80 1.99 0.04 0.47 0.04   1
# 2022-11-25 02:54:46 CET: Iteration 15 of 15
# experimentsUsedSoFar: 97582
# remainingBudget: 2418
# currentBudget: 2418
# nbConfigurations: 70
# Markers:
     x No test is performed.
     c Configurations are discarded only due to capping.
     - The test is performed and some configurations are discarded.
     = The test is performed but no configuration is discarded.
     ! The test is performed and configurations could be discarded but elite configurations are preserved.
     . All alive configurations are elite and nothing is discarded

+-+-----------+-----------+-----------+----------------+-----------+--------+-----+----+------+
| |   Instance|      Alive|       Best|       Mean best| Exp so far|  W time|  rho|KenW|  Qvar|
+-+-----------+-----------+-----------+----------------+-----------+--------+-----+----+------+
|x|         37|         70|      12038|   -0.6400000000|         70|00:02:45|   NA|  NA|    NA|
|x|         24|         70|      12025|   -0.5600000000|        135|00:02:41|+0.24|0.62|0.7674|
|x|         17|         70|      12057|   -0.5066666667|        200|00:02:42|+0.10|0.40|0.8902|
|x|          9|         70|      12057|   -0.4800000000|        265|00:02:41|+0.11|0.33|0.9014|
|-|         21|         41|      12057|   -0.4800000000|        330|00:02:43|-0.12|0.10|1.1040|
|=|         31|         41|      12030|   -0.4466666667|        366|00:01:23|-0.07|0.11|1.0629|
|=|         28|         41|      11982|   -0.4857142857|        402|00:01:21|-0.06|0.09|1.0352|
|=|         30|         41|      11982|   -0.4900000000|        438|00:01:23|-0.05|0.08|1.0181|
|=|         20|         41|      11982|   -0.4800000000|        474|00:01:23|-0.04|0.07|1.0102|
|=|         19|         41|      11982|   -0.4760000000|        510|00:01:21|-0.02|0.08|0.9913|
|=|         18|         41|      11982|   -0.4545454545|        546|00:01:22|-0.01|0.08|0.9857|
|=|          6|         41|      11982|   -0.4466666667|        582|00:01:22|-0.00|0.08|0.9790|
|=|         32|         41|      11982|   -0.4523076923|        618|00:01:21|+0.01|0.09|0.9627|
|=|         25|         41|      11982|   -0.4514285714|        654|00:01:22|+0.03|0.09|0.9533|
|=|         15|         41|      11982|   -0.4400000000|        690|00:01:22|+0.02|0.08|0.9638|
|=|          7|         41|      11982|   -0.4375000000|        726|00:01:21|+0.02|0.08|0.9634|
|=|         14|         41|      11982|   -0.4329411765|        762|00:01:21|+0.02|0.08|0.9629|
|-|         26|         30|      11982|   -0.4288888889|        798|00:01:23|-0.03|0.02|1.0015|
|=|          1|         30|      12057|   -0.4147368421|        823|00:01:16|-0.03|0.03|0.9950|
|=|         10|         30|      11982|   -0.4340000000|        848|00:01:19|-0.02|0.03|0.9907|
|=|         11|         30|      11552|   -0.4228571429|        873|00:01:17|-0.02|0.03|0.9866|
|=|         12|         30|      11552|   -0.4290909091|        898|00:01:15|-0.02|0.03|0.9846|
|=|         34|         30|      11552|   -0.4278260870|        923|00:01:16|-0.01|0.03|0.9796|
|=|         33|         30|      11552|   -0.4183333333|        948|00:01:17|-0.01|0.03|0.9783|
|=|         29|         30|      11552|   -0.4176000000|        973|00:01:15|-0.01|0.03|0.9762|
|=|         27|         30|      11552|   -0.4123076923|        998|00:01:17|-0.00|0.04|0.9708|
|=|          5|         30|      10357|   -0.4118518519|       1023|00:01:16|-0.00|0.03|0.9705|
|=|         23|         30|      10357|   -0.4114285714|       1048|00:01:15|-0.00|0.03|0.9705|
|=|         35|         30|      10357|   -0.4110344828|       1073|00:01:17|+0.00|0.04|0.9656|
|=|          2|         30|      11552|   -0.4133333333|       1098|00:01:16|+0.00|0.04|0.9641|
|=|         16|         30|      11552|   -0.4141935484|       1123|00:01:15|+0.00|0.04|0.9634|
|=|         36|         30|      11552|   -0.4187500000|       1148|00:01:17|+0.01|0.04|0.9610|
|=|          4|         30|      11552|   -0.4157575758|       1173|00:01:15|+0.00|0.03|0.9642|
|=|          3|         30|      11552|   -0.4235294118|       1198|00:01:15|+0.00|0.03|0.9629|
|=|          8|         30|      11552|   -0.4217142857|       1223|00:01:17|+0.00|0.03|0.9612|
|=|         13|         30|      11552|   -0.4155555556|       1248|00:01:15|+0.01|0.03|0.9617|
|=|         22|         30|      11552|   -0.4162162162|       1273|00:01:17|+0.01|0.03|0.9596|
|=|         38|         30|      11552|   -0.4168421053|       1303|00:01:20|+0.01|0.03|0.9585|
+-+-----------+-----------+-----------+----------------+-----------+--------+-----+----+------+
Best-so-far configuration:       11552    mean value:    -0.4168421053
Description of the best-so-far configuration:
       .ID. t0 t1   a0   a1   a2   r0   r1   r2 std .PARENT.
11552 11552  2  3 1.03 1.76 1.94 0.05 0.38 0.07   1    11212

# 2022-11-25 03:51:51 CET: Elite configurations (first number is the configuration ID; listed from best to worst according to the sum of ranks):
      t0 t1   a0   a1   a2   r0   r1   r2 std
11552  2  3 1.03 1.76 1.94 0.05 0.38 0.07   1
12028  2  3 1.01 1.83 1.95 0.04 0.37 0.01   1
11890  2  3 1.00 1.80 1.98 0.06 0.35 0.01   1
11565  2  3 1.00 1.81 1.99 0.03 0.44 0.01   1
11982  2  3 1.02 1.79 1.96 0.02 0.37 0.03   1
# 2022-11-25 03:51:52 CET: Iteration 16 of 16
# experimentsUsedSoFar: 98885
# remainingBudget: 1115
# currentBudget: 1115
# nbConfigurations: 33
# Markers:
     x No test is performed.
     c Configurations are discarded only due to capping.
     - The test is performed and some configurations are discarded.
     = The test is performed but no configuration is discarded.
     ! The test is performed and configurations could be discarded but elite configurations are preserved.
     . All alive configurations are elite and nothing is discarded

+-+-----------+-----------+-----------+----------------+-----------+--------+-----+----+------+
| |   Instance|      Alive|       Best|       Mean best| Exp so far|  W time|  rho|KenW|  Qvar|
+-+-----------+-----------+-----------+----------------+-----------+--------+-----+----+------+
|x|         39|         33|      12100|   -0.6800000000|         33|00:01:20|   NA|  NA|    NA|
|x|         38|         33|      12079|   -0.6000000000|         61|00:01:17|+0.21|0.61|0.8050|
|x|          6|         33|      11552|   -0.5466666667|         89|00:01:19|+0.01|0.34|0.9719|
|x|         33|         33|      12079|   -0.5000000000|        117|00:01:19|+0.06|0.29|0.9043|
|=|         24|         33|      11982|   -0.4800000000|        145|00:01:16|+0.05|0.24|0.8985|
|=|         26|         33|      11552|   -0.4733333333|        173|00:01:18|+0.05|0.21|0.9117|
|=|         14|         33|      12079|   -0.4685714286|        201|00:01:19|+0.05|0.19|0.9179|
|=|         13|         33|      12079|   -0.4700000000|        229|00:01:16|+0.06|0.17|0.9181|
|=|         34|         33|      12079|   -0.4533333333|        257|00:01:18|+0.03|0.14|0.9343|
|=|         16|         33|      11982|   -0.4400000000|        285|00:01:20|+0.02|0.12|0.9397|
|=|         36|         33|      11552|   -0.4363636364|        313|00:01:15|+0.01|0.10|0.9482|
|=|          1|         33|      11552|   -0.4400000000|        341|00:01:15|-0.00|0.08|0.9634|
|=|         17|         33|      11982|   -0.4215384615|        369|00:01:16|+0.00|0.08|0.9592|
|=|         32|         33|      11552|   -0.4342857143|        397|00:01:13|+0.01|0.08|0.9581|
|=|         21|         33|      11552|   -0.4346666667|        425|00:01:14|+0.01|0.08|0.9554|
|=|          8|         33|      11552|   -0.4300000000|        453|00:01:15|+0.01|0.07|0.9532|
|=|         31|         33|      11982|   -0.4282352941|        481|00:01:15|+0.02|0.08|0.9466|
|=|         11|         33|      11552|   -0.4355555556|        509|00:01:14|+0.03|0.08|0.9422|
|=|          2|         33|      11552|   -0.4378947368|        537|00:01:15|+0.02|0.07|0.9478|
|=|         12|         33|      11552|   -0.4440000000|        565|00:01:15|+0.02|0.07|0.9483|
|=|         27|         33|      11552|   -0.4361904762|        593|00:01:16|+0.02|0.06|0.9541|
|-|          3|         20|      11552|   -0.4472727273|        621|00:01:15|-0.02|0.02|0.9684|
|=|         25|         20|      11552|   -0.4452173913|        636|00:00:41|-0.02|0.02|0.9676|
|=|         30|         20|      11552|   -0.4516666667|        651|00:00:39|-0.01|0.03|0.9594|
|=|         37|         20|      11552|   -0.4448000000|        666|00:00:41|-0.01|0.03|0.9602|
|=|         22|         20|      11552|   -0.4446153846|        681|00:00:38|-0.01|0.03|0.9577|
|=|         19|         20|      11552|   -0.4400000000|        696|00:00:40|-0.01|0.03|0.9553|
|=|         35|         20|      11552|   -0.4442857143|        711|00:00:38|-0.01|0.03|0.9507|
|=|         15|         20|      11552|   -0.4400000000|        726|00:00:40|-0.01|0.03|0.9507|
|=|         18|         20|      11552|   -0.4373333333|        741|00:00:39|-0.00|0.03|0.9503|
|=|          7|         20|      11552|   -0.4322580645|        756|00:00:39|-0.01|0.03|0.9530|
|=|         10|         20|      11552|   -0.4300000000|        771|00:00:39|-0.01|0.02|0.9558|
|=|          9|         20|      11552|   -0.4303030303|        786|00:00:39|-0.01|0.02|0.9538|
|=|          4|         20|      11552|   -0.4270588235|        801|00:00:40|-0.01|0.02|0.9540|
|=|         23|         20|      11552|   -0.4217142857|        816|00:00:39|-0.01|0.02|0.9556|
|=|          5|         20|      11552|   -0.4211111111|        831|00:00:40|-0.01|0.02|0.9575|
|=|         20|         20|      11552|   -0.4205405405|        846|00:00:38|-0.01|0.02|0.9567|
|=|         29|         20|      11552|   -0.4200000000|        861|00:00:41|-0.00|0.02|0.9538|
|=|         28|         20|      11552|   -0.4174358974|        876|00:00:38|-0.00|0.02|0.9539|
|=|         40|         20|      11552|   -0.4150000000|        896|00:00:49|-0.00|0.02|0.9522|
+-+-----------+-----------+-----------+----------------+-----------+--------+-----+----+------+
Best-so-far configuration:       11552    mean value:    -0.4150000000
Description of the best-so-far configuration:
       .ID. t0 t1   a0   a1   a2   r0   r1   r2 std .PARENT.
11552 11552  2  3 1.03 1.76 1.94 0.05 0.38 0.07   1    11212

# 2022-11-25 04:32:11 CET: Elite configurations (first number is the configuration ID; listed from best to worst according to the sum of ranks):
      t0 t1   a0   a1   a2   r0   r1   r2 std
11552  2  3 1.03 1.76 1.94 0.05 0.38 0.07   1
11565  2  3 1.00 1.81 1.99 0.03 0.44 0.01   1
12028  2  3 1.01 1.83 1.95 0.04 0.37 0.01   1
12101  2  3 1.00 1.80 1.98 0.07 0.35 0.01   1
11982  2  3 1.02 1.79 1.96 0.02 0.37 0.03   1
# 2022-11-25 04:32:11 CET: Iteration 17 of 17
# experimentsUsedSoFar: 99781
# remainingBudget: 219
# currentBudget: 219
# nbConfigurations: 10
# Markers:
     x No test is performed.
     c Configurations are discarded only due to capping.
     - The test is performed and some configurations are discarded.
     = The test is performed but no configuration is discarded.
     ! The test is performed and configurations could be discarded but elite configurations are preserved.
     . All alive configurations are elite and nothing is discarded

+-+-----------+-----------+-----------+----------------+-----------+--------+-----+----+------+
| |   Instance|      Alive|       Best|       Mean best| Exp so far|  W time|  rho|KenW|  Qvar|
+-+-----------+-----------+-----------+----------------+-----------+--------+-----+----+------+
|x|         41|         10|      11552|   -0.4400000000|         10|00:00:37|   NA|  NA|    NA|
|x|         33|         10|      11982|   -0.4600000000|         15|00:00:38|-0.38|0.31|1.2483|
|x|         37|         10|      11565|   -0.4800000000|         20|00:00:36|-0.19|0.21|1.1470|
|x|         22|         10|      11565|   -0.4700000000|         25|00:00:37|-0.13|0.15|1.0463|
|=|         11|         10|      11565|   -0.4800000000|         30|00:00:35|-0.05|0.16|0.9596|
|=|          5|         10|      11565|   -0.4666666667|         35|00:00:36|-0.02|0.15|0.9611|
|=|          3|         10|      11565|   -0.4685714286|         40|00:00:36|+0.05|0.18|0.9028|
|=|         28|         10|      11565|   -0.4800000000|         45|00:00:36|+0.05|0.17|0.8861|
|=|         31|         10|      11565|   -0.4622222222|         50|00:00:35|+0.02|0.13|0.8993|
|=|         13|         10|      11565|   -0.4560000000|         55|00:00:35|+0.03|0.13|0.8854|
|=|         40|         10|      11565|   -0.4690909091|         60|00:00:36|+0.03|0.12|0.8901|
|=|         20|         10|      11565|   -0.4666666667|         65|00:00:36|+0.06|0.14|0.8766|
|=|         32|         10|      11565|   -0.4553846154|         70|00:00:35|+0.07|0.14|0.8715|
|=|         21|         10|      11565|   -0.4400000000|         75|00:00:36|+0.04|0.11|0.8876|
|=|         19|         10|      11565|   -0.4240000000|         80|00:00:37|+0.05|0.11|0.8768|
|-|         14|          8|      11565|   -0.4350000000|         85|00:00:36|-0.02|0.04|0.9120|
|=|          6|          8|      11565|   -0.4258823529|         88|00:00:35|-0.01|0.05|0.9040|
|=|          1|          8|      11565|   -0.4311111111|         91|00:00:36|+0.01|0.06|0.8920|
|=|          4|          8|      11565|   -0.4378947368|         94|00:00:35|+0.02|0.07|0.8838|
|=|          8|          8|      11565|   -0.4520000000|         97|00:00:36|+0.02|0.07|0.8755|
|=|         27|          8|      11565|   -0.4495238095|        100|00:00:36|+0.02|0.06|0.8798|
|=|          2|          8|      11565|   -0.4436363636|        103|00:00:35|+0.02|0.07|0.8737|
|=|         35|          8|      11565|   -0.4365217391|        106|00:00:35|+0.01|0.05|0.8803|
|=|         12|          8|      11565|   -0.4333333333|        109|00:00:35|+0.01|0.05|0.8766|
|=|         16|          8|      11565|   -0.4256000000|        112|00:00:35|+0.01|0.05|0.8752|
|=|         26|          8|      11565|   -0.4230769231|        115|00:00:35|+0.01|0.05|0.8716|
|=|         30|          8|      11565|   -0.4222222222|        118|00:00:35|+0.02|0.05|0.8675|
|=|         15|          8|      11565|   -0.4228571429|        121|00:00:35|+0.01|0.05|0.8692|
|=|         29|          8|      11565|   -0.4262068966|        124|00:00:35|+0.02|0.05|0.8643|
|=|         39|          8|      11565|   -0.4253333333|        127|00:00:35|+0.01|0.04|0.8691|
|=|         34|          8|      11565|   -0.4219354839|        130|00:00:35|+0.01|0.04|0.8667|
|=|         38|          8|      11565|   -0.4187500000|        133|00:00:34|+0.01|0.04|0.8695|
|=|         18|          8|      11552|   -0.4254545455|        136|00:00:36|-0.00|0.03|0.8769|
|=|          7|          8|      11552|   -0.4211764706|        139|00:00:35|-0.01|0.02|0.8826|
|=|         23|          8|      11552|   -0.4160000000|        142|00:00:35|-0.01|0.02|0.8842|
|=|         17|          8|      11565|   -0.4011111111|        145|00:00:35|-0.01|0.02|0.8836|
|=|          9|          8|      12028|   -0.4151351351|        148|00:00:36|-0.01|0.02|0.8822|
|=|         10|          8|      12028|   -0.4115789474|        151|00:00:35|-0.01|0.02|0.8806|
|=|         25|          8|      11565|   -0.4010256410|        154|00:00:35|-0.00|0.02|0.8768|
|=|         36|          8|      11565|   -0.4040000000|        157|00:00:34|+0.00|0.03|0.8733|
|=|         24|          8|      11565|   -0.4068292683|        160|00:00:35|+0.01|0.03|0.8679|
|=|         42|          8|      11565|   -0.4047619048|        168|00:00:36|+0.02|0.04|0.8643|
+-+-----------+-----------+-----------+----------------+-----------+--------+-----+----+------+
Best-so-far configuration:       11565    mean value:    -0.4047619048
Description of the best-so-far configuration:
       .ID. t0 t1 a0   a1   a2   r0   r1   r2 std .PARENT.
11565 11565  2  3  1 1.81 1.99 0.03 0.44 0.01   1    10557

# 2022-11-25 04:57:21 CET: Elite configurations (first number is the configuration ID; listed from best to worst according to the sum of ranks):
      t0 t1   a0   a1   a2   r0   r1   r2 std
11565  2  3 1.00 1.81 1.99 0.03 0.44 0.01   1
11552  2  3 1.03 1.76 1.94 0.05 0.38 0.07   1
12028  2  3 1.01 1.83 1.95 0.04 0.37 0.01   1
12101  2  3 1.00 1.80 1.98 0.07 0.35 0.01   1
11982  2  3 1.02 1.79 1.96 0.02 0.37 0.03   1
# 2022-11-25 04:57:21 CET: Iteration 18 of 18
# experimentsUsedSoFar: 99949
# remainingBudget: 51
# currentBudget: 51
# nbConfigurations: 6
# Markers:
     x No test is performed.
     c Configurations are discarded only due to capping.
     - The test is performed and some configurations are discarded.
     = The test is performed but no configuration is discarded.
     ! The test is performed and configurations could be discarded but elite configurations are preserved.
     . All alive configurations are elite and nothing is discarded

+-+-----------+-----------+-----------+----------------+-----------+--------+-----+----+------+
| |   Instance|      Alive|       Best|       Mean best| Exp so far|  W time|  rho|KenW|  Qvar|
+-+-----------+-----------+-----------+----------------+-----------+--------+-----+----+------+
|x|         43|          6|      11565|   -0.6400000000|          6|00:00:35|   NA|  NA|    NA|
|x|         30|          6|      11982|   -0.4400000000|          7|00:00:34|-0.75|0.12|1.4610|
|x|         26|          6|      11552|   -0.4533333333|          8|00:00:34|-0.07|0.28|0.9193|
|x|         39|          6|      11552|   -0.4500000000|          9|00:00:34|+0.19|0.39|0.7753|
|=|          7|          6|      11982|   -0.4560000000|         10|00:00:34|+0.10|0.28|0.7799|
|=|         27|          6|      12028|   -0.4733333333|         11|00:00:35|+0.04|0.20|0.7911|
|=|         33|          6|      12028|   -0.4571428571|         12|00:00:34|+0.05|0.19|0.7647|
|=|         38|          6|      12028|   -0.4600000000|         13|00:00:34|+0.01|0.13|0.7930|
|=|         29|          6|      12028|   -0.4711111111|         14|00:00:34|+0.02|0.13|0.7922|
|=|         41|          6|      12028|   -0.4520000000|         15|00:00:34|-0.02|0.08|0.8359|
|=|         17|          6|      11982|   -0.4545454545|         16|00:00:33|+0.01|0.10|0.8143|
|=|         13|          6|      11982|   -0.4600000000|         17|00:00:33|+0.06|0.14|0.7784|
|=|          3|          6|      11982|   -0.4584615385|         18|00:00:33|+0.05|0.13|0.7905|
|=|         24|          6|      11982|   -0.4628571429|         19|00:00:34|+0.07|0.13|0.7719|
|=|         15|          6|      11982|   -0.4506666667|         20|00:00:34|+0.04|0.10|0.7895|
|=|         18|          6|      11982|   -0.4375000000|         21|00:00:34|+0.05|0.11|0.7826|
|=|         37|          6|      11982|   -0.4305882353|         22|00:00:33|+0.07|0.12|0.7716|
|=|         42|          6|      12028|   -0.4222222222|         23|00:00:34|+0.03|0.08|0.8086|
|=|         28|          6|      11982|   -0.4378947368|         24|00:00:33|+0.05|0.10|0.7947|
|=|          5|          6|      11982|   -0.4320000000|         25|00:00:34|+0.06|0.11|0.7929|
|=|         23|          6|      11982|   -0.4400000000|         26|00:00:34|+0.05|0.10|0.7947|
|-|         32|          5|      11982|   -0.4436363636|         27|00:00:34|-0.04|0.01|0.8284|
|.|          9|          5|      11982|   -0.4434782609|         27|00:00:00|-0.03|0.01|0.8230|
|.|         21|          5|      11982|   -0.4333333333|         27|00:00:00|-0.03|0.01|0.8216|
|.|         22|          5|      11982|   -0.4320000000|         27|00:00:00|-0.03|0.01|0.8146|
|.|         14|          5|      11982|   -0.4292307692|         27|00:00:00|-0.03|0.01|0.8183|
|.|         35|          5|      11982|   -0.4251851852|         27|00:00:00|-0.03|0.01|0.8154|
|.|         11|          5|      11982|   -0.4200000000|         27|00:00:00|-0.02|0.01|0.8160|
|.|         10|          5|      11982|   -0.4275862069|         27|00:00:00|-0.03|0.01|0.8168|
|.|          2|          5|      11982|   -0.4226666667|         27|00:00:00|-0.03|0.01|0.8206|
|.|         40|          5|      11982|   -0.4167741935|         27|00:00:00|-0.03|0.01|0.8225|
|.|         34|          5|      11982|   -0.4162500000|         27|00:00:00|-0.03|0.01|0.8221|
|.|         20|          5|      11982|   -0.4157575758|         27|00:00:00|-0.03|0.00|0.8235|
|.|          1|          5|      11982|   -0.4129411765|         27|00:00:00|-0.02|0.01|0.8212|
|.|         16|          5|      11982|   -0.4114285714|         27|00:00:00|-0.02|0.01|0.8218|
|.|         31|          5|      11982|   -0.4144444444|         27|00:00:00|-0.03|0.00|0.8220|
|.|         36|          5|      11982|   -0.4064864865|         27|00:00:00|-0.02|0.01|0.8204|
|.|         12|          5|      11982|   -0.4000000000|         27|00:00:00|-0.02|0.01|0.8177|
|.|         19|          5|      11982|   -0.4010256410|         27|00:00:00|-0.02|0.01|0.8172|
|.|          4|          5|      11982|   -0.3980000000|         27|00:00:00|-0.02|0.01|0.8176|
|.|         25|          5|      11982|   -0.3990243902|         27|00:00:00|-0.02|0.01|0.8178|
|.|          8|          5|      11982|   -0.4028571429|         27|00:00:00|-0.02|0.01|0.8172|
|.|          6|          5|      11982|   -0.4018604651|         27|00:00:00|-0.02|0.01|0.8157|
+-+-----------+-----------+-----------+----------------+-----------+--------+-----+----+------+
Best-so-far configuration:       11552    mean value:    -0.4102325581
Description of the best-so-far configuration:
       .ID. t0 t1   a0   a1   a2   r0   r1   r2 std .PARENT.
11552 11552  2  3 1.03 1.76 1.94 0.05 0.38 0.07   1    11212

# 2022-11-25 05:10:00 CET: Elite configurations (first number is the configuration ID; listed from best to worst according to the sum of ranks):
      t0 t1   a0   a1   a2   r0   r1   r2 std
11552  2  3 1.03 1.76 1.94 0.05 0.38 0.07   1
11565  2  3 1.00 1.81 1.99 0.03 0.44 0.01   1
12028  2  3 1.01 1.83 1.95 0.04 0.37 0.01   1
12101  2  3 1.00 1.80 1.98 0.07 0.35 0.01   1
11982  2  3 1.02 1.79 1.96 0.02 0.37 0.03   1
# 2022-11-25 05:10:00 CET: Stopped because there is not enough budget left to race more than the minimum (5)
# You may either increase the budget or set 'minNbSurvival' to a lower value
# Iteration: 19
# nbIterations: 19
# experimentsUsedSoFar: 99976
# timeUsed: 0
# remainingBudget: 24
# currentBudget: 24
# number of elites: 5
# nbConfigurations: 5
# Total CPU user time: 83757.61, CPU sys time: 62223.22, Wall-clock time: 219487.8
# Best configurations (first number is the configuration ID; listed from best to worst according to the sum of ranks):
      t0 t1   a0   a1   a2   r0   r1   r2 std
11552  2  3 1.03 1.76 1.94 0.05 0.38 0.07   1
11565  2  3 1.00 1.81 1.99 0.03 0.44 0.01   1
12028  2  3 1.01 1.83 1.95 0.04 0.37 0.01   1
12101  2  3 1.00 1.80 1.98 0.07 0.35 0.01   1
11982  2  3 1.02 1.79 1.96 0.02 0.37 0.03   1
# Best configurations as commandlines (first number is the configuration ID; same order as above):
11552  --t0 2 --t1 3 --a0 1.03 --a1 1.76 --a2 1.94 --r0 0.05 --r1 0.38 --r2 0.07 --std 1
11565  --t0 2 --t1 3 --a0 1 --a1 1.81 --a2 1.99 --r0 0.03 --r1 0.44 --r2 0.01 --std 1
12028  --t0 2 --t1 3 --a0 1.01 --a1 1.83 --a2 1.95 --r0 0.04 --r1 0.37 --r2 0.01 --std 1
12101  --t0 2 --t1 3 --a0 1 --a1 1.8 --a2 1.98 --r0 0.07 --r1 0.35 --r2 0.01 --std 1
11982  --t0 2 --t1 3 --a0 1.02 --a1 1.79 --a2 1.96 --r0 0.02 --r1 0.37 --r2 0.03 --std 1


# Testing of elite configurations: 1 
# Testing iteration configurations: FALSE 
# 2022-11-25 05:10:00 CET: No test instances, skip testing
