#------------------------------------------------------------------------------
# irace: An implementation in R of (Elitist) Iterated Racing
# Version: 3.5.6863679
# Copyright (C) 2010-2020
# Manuel Lopez-Ibanez     <manuel.lopez-ibanez@manchester.ac.uk>
# Jeremie Dubois-Lacoste  
# Leslie Perez Caceres    <leslie.perez.caceres@ulb.ac.be>
#
# This is free software, and you are welcome to redistribute it under certain
# conditions.  See the GNU General Public License for details. There is NO
# WARRANTY; not even for MERCHANTABILITY or FITNESS FOR A PARTICULAR PURPOSE.
#
# irace builds upon previous code from the race package:
#     race: Racing methods for the selection of the best
#     Copyright (C) 2003 Mauro Birattari
#------------------------------------------------------------------------------
# installed at: /home/asion/swarm_aggregation/tuning1/r_libs/irace
# called with: --exec-dir=./ --parallel 20 --mpi 1 --scenario scenario.txt
# 2022-11-22 16:40:10 CET: 4 expression(s) specifying forbidden configurations read from '/home/asion/swarm_aggregation/tuning1/forbidden.txt'
# 2022-11-22 16:40:11 CET: Initialization
# Elitist race
# Elitist new instances: 1
# Elitist limit: 2
# nbIterations: 5
# minNbSurvival: 5
# nbParameters: 9
# seed: 660184026
# confidence level: 0.95
# budget: 1e+05
# mu: 5
# deterministic: FALSE

# 2022-11-22 16:40:11 CET: Iteration 1 of 5
# experimentsUsedSoFar: 0
# remainingBudget: 1e+05
# currentBudget: 20000
# nbConfigurations: 1024
# Markers:
     x No test is performed.
     c Configurations are discarded only due to capping.
     - The test is performed and some configurations are discarded.
     = The test is performed but no configuration is discarded.
     ! The test is performed and configurations could be discarded but elite configurations are preserved.
     . All alive configurations are elite and nothing is discarded

+-+-----------+-----------+-----------+----------------+-----------+--------+-----+----+------+
| |   Instance|      Alive|       Best|       Mean best| Exp so far|  W time|  rho|KenW|  Qvar|
+-+-----------+-----------+-----------+----------------+-----------+--------+-----+----+------+
|x|          1|       1024|        568|   -0.4800000000|       1024|00:31:05|   NA|  NA|    NA|
|x|          2|       1024|        521|   -0.2800000000|       2048|00:31:02|+0.03|0.52|0.9584|
|x|          3|       1024|        997|   -0.2666666667|       3072|00:31:06|+0.03|0.35|0.9651|
|x|          4|       1024|        406|   -0.2700000000|       4096|00:31:06|+0.02|0.27|0.9694|
|-|          5|        266|         41|   -0.2560000000|       5120|00:31:03|-0.15|0.08|1.1125|
|=|          6|        266|        805|   -0.2466666667|       5386|00:08:18|-0.11|0.08|1.0836|
|=|          7|        266|        805|   -0.2514285714|       5652|00:08:18|-0.07|0.08|1.0548|
+-+-----------+-----------+-----------+----------------+-----------+--------+-----+----+------+
Best-so-far configuration:         805    mean value:    -0.2514285714
Description of the best-so-far configuration:
    .ID. t0 t1   a0   a1   a2   r0   r1   r2 std .PARENT.
805  805  1  9 1.05 1.95 1.29 0.52 0.28 0.56   2       NA

# 2022-11-22 19:32:17 CET: Elite configurations (first number is the configuration ID; listed from best to worst according to the sum of ranks):
    t0 t1   a0   a1   a2   r0   r1   r2 std
805  1  9 1.05 1.95 1.29 0.52 0.28 0.56   2
660  1  5 1.35 1.84 1.25 0.89 0.78 0.12   2
41   1  6 1.01 1.63 1.09 0.64 0.18 0.45   2
240  2  6 1.75 1.96 1.43 0.21 0.45 0.58  14
406  1  9 1.01 1.86 1.33 0.74 0.32 0.07  12
# 2022-11-22 19:32:17 CET: Iteration 2 of 5
# experimentsUsedSoFar: 5652
# remainingBudget: 94348
# currentBudget: 23587
# nbConfigurations: 1024
# Markers:
     x No test is performed.
     c Configurations are discarded only due to capping.
     - The test is performed and some configurations are discarded.
     = The test is performed but no configuration is discarded.
     ! The test is performed and configurations could be discarded but elite configurations are preserved.
     . All alive configurations are elite and nothing is discarded

+-+-----------+-----------+-----------+----------------+-----------+--------+-----+----+------+
| |   Instance|      Alive|       Best|       Mean best| Exp so far|  W time|  rho|KenW|  Qvar|
+-+-----------+-----------+-----------+----------------+-----------+--------+-----+----+------+
|x|          8|       1024|       1278|   -0.4000000000|       1024|00:31:14|   NA|  NA|    NA|
|x|          2|       1024|       1338|   -0.3200000000|       2043|00:31:11|+0.05|0.53|0.9517|
|x|          1|       1024|       1841|   -0.3066666667|       3062|00:31:07|+0.07|0.38|0.9155|
|x|          3|       1024|       1841|   -0.3000000000|       4081|00:31:07|+0.08|0.31|0.9068|
|-|          6|        213|       1841|   -0.2880000000|       5100|00:31:09|-0.10|0.12|1.0730|
|=|          7|        213|       1841|   -0.2933333333|       5308|00:06:37|-0.03|0.14|1.0074|
|=|          5|        213|       1841|   -0.2914285714|       5516|00:06:37|+0.01|0.15|0.9823|
|-|          4|         52|       1841|   -0.2800000000|       5724|00:06:37|-0.08|0.05|1.0526|
|=|          9|         52|       1841|   -0.2666666667|       5776|00:01:51|-0.07|0.05|1.0319|
|=|         10|         52|       1841|   -0.2680000000|       5828|00:01:51|-0.05|0.06|1.0195|
+-+-----------+-----------+-----------+----------------+-----------+--------+-----+----+------+
Best-so-far configuration:        1841    mean value:    -0.2680000000
Description of the best-so-far configuration:
     .ID. t0 t1   a0   a1   a2   r0   r1   r2 std .PARENT.
1841 1841  2  9 1.09 1.92 1.19 0.41 0.19 0.45   1      805

# 2022-11-22 22:31:51 CET: Elite configurations (first number is the configuration ID; listed from best to worst according to the sum of ranks):
     t0 t1   a0   a1   a2   r0   r1   r2 std
1841  2  9 1.09 1.92 1.19 0.41 0.19 0.45   1
1289  2 10 1.12 1.94 1.25 0.08 0.16 0.90   2
1249  1 10 1.03 1.97 1.52 0.13 0.13 0.47   1
1582  1  7 1.03 1.90 1.66 0.58 0.32 0.34   1
1447  2  7 1.06 1.98 1.43 0.56 0.20 0.45   2
# 2022-11-22 22:31:51 CET: Iteration 3 of 5
# experimentsUsedSoFar: 11480
# remainingBudget: 88520
# currentBudget: 29506
# nbConfigurations: 1024
# Markers:
     x No test is performed.
     c Configurations are discarded only due to capping.
     - The test is performed and some configurations are discarded.
     = The test is performed but no configuration is discarded.
     ! The test is performed and configurations could be discarded but elite configurations are preserved.
     . All alive configurations are elite and nothing is discarded

+-+-----------+-----------+-----------+----------------+-----------+--------+-----+----+------+
| |   Instance|      Alive|       Best|       Mean best| Exp so far|  W time|  rho|KenW|  Qvar|
+-+-----------+-----------+-----------+----------------+-----------+--------+-----+----+------+
|x|         11|       1024|       2461|   -0.7600000000|       1024|00:31:46|   NA|  NA|    NA|
|x|         10|       1024|       2838|   -0.5000000000|       2043|00:31:38|+0.19|0.60|0.8025|
|x|          9|       1024|       2461|   -0.5333333333|       3062|00:31:38|+0.21|0.47|0.7989|
|x|          1|       1024|       2461|   -0.4800000000|       4081|00:31:39|+0.21|0.41|0.8085|
|-|          8|        249|       2679|   -0.3920000000|       5100|00:31:39|-0.09|0.13|1.0630|
|=|          7|        249|       2114|   -0.3733333333|       5344|00:07:58|-0.04|0.13|1.0280|
|=|          4|        249|       2114|   -0.3600000000|       5588|00:08:00|-0.01|0.13|1.0002|
|-|          5|        110|       2860|   -0.3800000000|       5832|00:07:55|-0.07|0.07|1.0468|
|=|          6|        110|       2306|   -0.4000000000|       5937|00:03:41|-0.05|0.07|1.0271|
|=|          2|        110|       2306|   -0.4240000000|       6042|00:03:41|-0.02|0.08|1.0005|
|=|          3|        110|       2306|   -0.4327272727|       6147|00:03:42|-0.02|0.08|0.9908|
|=|         12|        110|       2306|   -0.4266666667|       6257|00:03:45|+0.00|0.08|0.9699|
+-+-----------+-----------+-----------+----------------+-----------+--------+-----+----+------+
Best-so-far configuration:        2306    mean value:    -0.4266666667
Description of the best-so-far configuration:
     .ID. t0 t1   a0   a1   a2   r0   r1   r2 std .PARENT.
2306 2306  2 10 1.03 1.98 1.33 0.23 0.11 0.83   1     1289

# 2022-11-23 01:49:07 CET: Elite configurations (first number is the configuration ID; listed from best to worst according to the sum of ranks):
     t0 t1   a0   a1   a2   r0   r1   r2 std
2306  2 10 1.03 1.98 1.33 0.23 0.11 0.83   1
2860  2 10 1.07 2.00 1.24 0.04 0.07 0.96   1
2114  2 10 1.06 1.95 1.14 0.09 0.07 0.92   1
2062  2 10 1.00 1.91 1.42 0.08 0.17 0.52   1
2106  1 10 1.04 1.92 1.35 0.24 0.14 0.55   1
# 2022-11-23 01:49:07 CET: Iteration 4 of 5
# experimentsUsedSoFar: 17737
# remainingBudget: 82263
# currentBudget: 41131
# nbConfigurations: 1024
# Markers:
     x No test is performed.
     c Configurations are discarded only due to capping.
     - The test is performed and some configurations are discarded.
     = The test is performed but no configuration is discarded.
     ! The test is performed and configurations could be discarded but elite configurations are preserved.
     . All alive configurations are elite and nothing is discarded

+-+-----------+-----------+-----------+----------------+-----------+--------+-----+----+------+
| |   Instance|      Alive|       Best|       Mean best| Exp so far|  W time|  rho|KenW|  Qvar|
+-+-----------+-----------+-----------+----------------+-----------+--------+-----+----+------+
|x|         13|       1024|       3348|   -0.8000000000|       1024|00:32:09|   NA|  NA|    NA|
|x|          3|       1024|       3300|   -0.6200000000|       2043|00:32:01|+0.13|0.57|0.8815|
|x|          9|       1024|       3379|   -0.6000000000|       3062|00:32:02|+0.18|0.45|0.8288|
|x|         12|       1024|       3903|   -0.5200000000|       4081|00:32:02|+0.18|0.38|0.8277|
|-|         11|        343|       3670|   -0.4880000000|       5100|00:31:59|-0.11|0.11|1.0878|
|=|          5|        343|       3300|   -0.4933333333|       5438|00:10:40|-0.06|0.12|1.0444|
|=|          1|        343|       3300|   -0.4742857143|       5776|00:10:44|-0.03|0.11|1.0192|
|=|          2|        343|       3689|   -0.4500000000|       6114|00:10:42|-0.00|0.12|0.9913|
|=|         10|        343|       3689|   -0.4444444444|       6452|00:10:42|+0.01|0.12|0.9796|
|-|          4|        156|       3926|   -0.4800000000|       6790|00:10:44|-0.06|0.04|1.0458|
|=|          7|        156|       3926|   -0.4654545455|       6941|00:05:01|-0.05|0.04|1.0395|
|=|          8|        156|       3827|   -0.4666666667|       7092|00:05:01|-0.04|0.04|1.0329|
|=|          6|        156|       3827|   -0.4676923077|       7243|00:05:00|-0.03|0.05|1.0225|
|=|         14|        156|       3926|   -0.4685714286|       7399|00:05:02|-0.03|0.05|1.0181|
+-+-----------+-----------+-----------+----------------+-----------+--------+-----+----+------+
Best-so-far configuration:        3926    mean value:    -0.4685714286
Description of the best-so-far configuration:
     .ID. t0 t1   a0   a1   a2   r0   r1   r2 std .PARENT.
3926 3926  2  9 1.05 1.99 1.22 0.11 0.01 0.93   1     2860

# 2022-11-23 05:43:13 CET: Elite configurations (first number is the configuration ID; listed from best to worst according to the sum of ranks):
     t0 t1   a0   a1   a2   r0   r1   r2 std
3926  2  9 1.05 1.99 1.22 0.11 0.01 0.93   1
3827  2 10 1.00 1.96 1.26 0.13 0.07 0.87   1
3667  2 10 1.00 1.97 1.20 0.04 0.07 0.90   1
3689  2 10 1.01 1.92 1.26 0.08 0.05 0.98   1
3981  2 10 1.01 1.98 1.23 0.03 0.07 0.97   1
# 2022-11-23 05:43:13 CET: Iteration 5 of 5
# experimentsUsedSoFar: 25136
# remainingBudget: 74864
# currentBudget: 74864
# nbConfigurations: 1024
# Markers:
     x No test is performed.
     c Configurations are discarded only due to capping.
     - The test is performed and some configurations are discarded.
     = The test is performed but no configuration is discarded.
     ! The test is performed and configurations could be discarded but elite configurations are preserved.
     . All alive configurations are elite and nothing is discarded

+-+-----------+-----------+-----------+----------------+-----------+--------+-----+----+------+
| |   Instance|      Alive|       Best|       Mean best| Exp so far|  W time|  rho|KenW|  Qvar|
+-+-----------+-----------+-----------+----------------+-----------+--------+-----+----+------+
|x|         15|       1024|       5024|   -0.9200000000|       1024|00:32:13|   NA|  NA|    NA|
|x|          9|       1024|       4280|   -0.6000000000|       2043|00:32:08|+0.32|0.66|0.7478|
|x|         11|       1024|       4361|   -0.5866666667|       3062|00:32:06|+0.34|0.56|0.7206|
|x|          1|       1024|       4580|   -0.5600000000|       4081|00:32:08|+0.34|0.51|0.7155|
|-|          8|        309|       4398|   -0.5280000000|       5100|00:32:00|-0.13|0.10|1.1210|
|=|         10|        309|       4580|   -0.5066666667|       5404|00:09:58|-0.09|0.09|1.0825|
|=|         13|        309|       4498|   -0.5085714286|       5708|00:09:58|-0.06|0.09|1.0505|
|=|          5|        309|       4653|   -0.4800000000|       6012|00:10:00|-0.04|0.09|1.0370|
|=|          6|        309|       4351|   -0.4800000000|       6316|00:09:59|-0.03|0.09|1.0271|
|=|          2|        309|       5074|   -0.4800000000|       6620|00:09:57|-0.02|0.09|1.0152|
|=|          4|        309|       4580|   -0.4690909091|       6924|00:09:58|-0.01|0.08|1.0066|
|=|         14|        309|       3926|   -0.4933333333|       7228|00:09:58|-0.00|0.08|1.0054|
|=|          3|        309|       3827|   -0.4800000000|       7532|00:09:56|-0.00|0.07|1.0033|
|=|          7|        309|       4580|   -0.4600000000|       7836|00:09:57|+0.00|0.07|1.0011|
|=|         12|        309|       4580|   -0.4693333333|       8140|00:09:59|+0.00|0.07|0.9973|
|=|         16|        309|       4580|   -0.4600000000|       8449|00:10:03|+0.01|0.07|0.9949|
+-+-----------+-----------+-----------+----------------+-----------+--------+-----+----+------+
Best-so-far configuration:        4580    mean value:    -0.4600000000
Description of the best-so-far configuration:
     .ID. t0 t1 a0   a1   a2   r0   r1   r2 std .PARENT.
4580 4580  2 10  1 1.96 1.26 0.11 0.09 0.87   1     3827

# 2022-11-23 10:13:55 CET: Elite configurations (first number is the configuration ID; listed from best to worst according to the sum of ranks):
     t0 t1   a0   a1   a2   r0   r1   r2 std
4580  2 10 1.00 1.96 1.26 0.11 0.09 0.87   1
3926  2  9 1.05 1.99 1.22 0.11 0.01 0.93   1
4834  2 10 1.00 1.95 1.23 0.09 0.07 0.96   1
4514  2 10 1.01 1.95 1.24 0.17 0.06 0.82   1
4437  2 10 1.01 1.98 1.18 0.03 0.07 0.95   1
# 2022-11-23 10:13:56 CET: Iteration 6 of 6
# experimentsUsedSoFar: 33585
# remainingBudget: 66415
# currentBudget: 66415
# nbConfigurations: 1024
# Markers:
     x No test is performed.
     c Configurations are discarded only due to capping.
     - The test is performed and some configurations are discarded.
     = The test is performed but no configuration is discarded.
     ! The test is performed and configurations could be discarded but elite configurations are preserved.
     . All alive configurations are elite and nothing is discarded

+-+-----------+-----------+-----------+----------------+-----------+--------+-----+----+------+
| |   Instance|      Alive|       Best|       Mean best| Exp so far|  W time|  rho|KenW|  Qvar|
+-+-----------+-----------+-----------+----------------+-----------+--------+-----+----+------+
|x|         17|       1024|       5124|   -0.7600000000|       1024|00:32:10|   NA|  NA|    NA|
|x|          1|       1024|       5498|   -0.6600000000|       2043|00:32:00|+0.12|0.56|0.8835|
|x|          6|       1024|       5620|   -0.5200000000|       3062|00:31:59|+0.15|0.43|0.8681|
|x|          8|       1024|       5194|   -0.5100000000|       4081|00:32:00|+0.15|0.36|0.8645|
|-|         12|        298|       5194|   -0.4960000000|       5100|00:31:51|-0.10|0.12|1.0795|
|=|         14|        298|       5419|   -0.4866666667|       5393|00:09:22|-0.06|0.12|1.0480|
|=|          5|        298|       5419|   -0.4571428571|       5686|00:09:22|-0.04|0.11|1.0363|
|=|          9|        298|       5194|   -0.4650000000|       5979|00:09:23|-0.02|0.11|1.0125|
|=|         10|        298|       3926|   -0.4533333333|       6272|00:09:22|+0.00|0.11|0.9940|
|=|          7|        298|       5364|   -0.4920000000|       6565|00:09:21|+0.01|0.11|0.9885|
|-|         16|        132|       5364|   -0.4872727273|       6858|00:09:25|-0.06|0.03|1.0475|
|=|          3|        132|       5364|   -0.4666666667|       6985|00:04:21|-0.05|0.04|1.0377|
|=|         11|        132|       5364|   -0.4646153846|       7112|00:04:22|-0.04|0.04|1.0288|
|=|          2|        132|       5364|   -0.4600000000|       7239|00:04:23|-0.03|0.04|1.0201|
|=|          4|        132|       5364|   -0.4746666667|       7366|00:04:22|-0.02|0.04|1.0135|
|=|         15|        132|       4580|   -0.4625000000|       7493|00:04:20|-0.02|0.05|1.0084|
|=|         13|        132|       4437|   -0.4611764706|       7620|00:04:22|-0.01|0.05|1.0018|
|=|         18|        132|       4437|   -0.4622222222|       7752|00:04:23|-0.01|0.05|0.9968|
+-+-----------+-----------+-----------+----------------+-----------+--------+-----+----+------+
Best-so-far configuration:        4437    mean value:    -0.4622222222
Description of the best-so-far configuration:
     .ID. t0 t1   a0   a1   a2   r0   r1   r2 std .PARENT.
4437 4437  2 10 1.01 1.98 1.18 0.03 0.07 0.95   1     3667

# 2022-11-23 14:21:09 CET: Elite configurations (first number is the configuration ID; listed from best to worst according to the sum of ranks):
     t0 t1   a0   a1   a2   r0   r1   r2 std
4437  2 10 1.01 1.98 1.18 0.03 0.07 0.95   1
5364  2  9 1.02 1.95 1.22 0.14 0.01 0.94   1
3926  2  9 1.05 1.99 1.22 0.11 0.01 0.93   1
4834  2 10 1.00 1.95 1.23 0.09 0.07 0.96   1
4580  2 10 1.00 1.96 1.26 0.11 0.09 0.87   1
# 2022-11-23 14:21:09 CET: Iteration 7 of 7
# experimentsUsedSoFar: 41337
# remainingBudget: 58663
# currentBudget: 58663
# nbConfigurations: 1024
# Markers:
     x No test is performed.
     c Configurations are discarded only due to capping.
     - The test is performed and some configurations are discarded.
     = The test is performed but no configuration is discarded.
     ! The test is performed and configurations could be discarded but elite configurations are preserved.
     . All alive configurations are elite and nothing is discarded

+-+-----------+-----------+-----------+----------------+-----------+--------+-----+----+------+
| |   Instance|      Alive|       Best|       Mean best| Exp so far|  W time|  rho|KenW|  Qvar|
+-+-----------+-----------+-----------+----------------+-----------+--------+-----+----+------+
|x|         19|       1024|       6719|   -0.8400000000|       1024|00:31:49|   NA|  NA|    NA|
|x|         18|       1024|       6898|   -0.6400000000|       2043|00:31:43|+0.36|0.68|0.6852|
|x|          1|       1024|       6147|   -0.5600000000|       3062|00:31:42|+0.38|0.58|0.6601|
|x|         14|       1024|       6898|   -0.5500000000|       4081|00:34:09|+0.38|0.53|0.6556|
|-|         17|        228|       6898|   -0.5440000000|       5100|00:34:38|-0.07|0.14|1.0495|
|=|         11|        228|       6374|   -0.4933333333|       5323|00:08:11|-0.02|0.15|1.0150|
|=|         10|        228|       6374|   -0.4685714286|       5546|00:08:15|+0.01|0.15|0.9869|
|-|          6|        118|       6898|   -0.4700000000|       5769|00:08:17|-0.07|0.06|1.0617|
|=|         13|        118|       4437|   -0.4933333333|       5882|00:04:12|-0.05|0.06|1.0367|
|=|          5|        118|       4437|   -0.4840000000|       5995|00:04:12|-0.04|0.07|1.0213|
|=|          9|        118|       5364|   -0.4836363636|       6108|00:04:14|-0.03|0.06|1.0167|
|=|         16|        118|       5364|   -0.4800000000|       6221|00:04:07|-0.02|0.06|1.0060|
|=|          4|        118|       5364|   -0.4953846154|       6334|00:04:02|-0.01|0.07|0.9959|
|=|         12|        118|       5364|   -0.4857142857|       6447|00:04:22|-0.00|0.07|0.9899|
|=|         15|        118|       5364|   -0.4693333333|       6560|00:04:14|+0.00|0.07|0.9834|
|=|          3|        118|       4437|   -0.4625000000|       6673|00:04:11|+0.00|0.06|0.9842|
|=|          7|        118|       4437|   -0.4611764706|       6786|00:04:19|+0.01|0.07|0.9766|
|-|          2|         45|       4437|   -0.4622222222|       6899|00:04:16|-0.03|0.03|1.0020|
|=|          8|         45|       5364|   -0.4568421053|       6939|00:01:27|-0.02|0.04|0.9935|
|=|         20|         45|       4437|   -0.4560000000|       6984|00:02:04|-0.02|0.03|0.9928|
+-+-----------+-----------+-----------+----------------+-----------+--------+-----+----+------+
Best-so-far configuration:        4437    mean value:    -0.4560000000
Description of the best-so-far configuration:
     .ID. t0 t1   a0   a1   a2   r0   r1   r2 std .PARENT.
4437 4437  2 10 1.01 1.98 1.18 0.03 0.07 0.95   1     3667

# 2022-11-23 18:15:59 CET: Elite configurations (first number is the configuration ID; listed from best to worst according to the sum of ranks):
     t0 t1   a0   a1   a2   r0   r1   r2 std
4437  2 10 1.01 1.98 1.18 0.03 0.07 0.95   1
6405  2 10 1.01 1.95 1.23 0.06 0.07 0.98   1
4834  2 10 1.00 1.95 1.23 0.09 0.07 0.96   1
3926  2  9 1.05 1.99 1.22 0.11 0.01 0.93   1
5364  2  9 1.02 1.95 1.22 0.14 0.01 0.94   1
# 2022-11-23 18:15:59 CET: Iteration 8 of 8
# experimentsUsedSoFar: 48321
# remainingBudget: 51679
# currentBudget: 51679
# nbConfigurations: 1024
# Markers:
     x No test is performed.
     c Configurations are discarded only due to capping.
     - The test is performed and some configurations are discarded.
     = The test is performed but no configuration is discarded.
     ! The test is performed and configurations could be discarded but elite configurations are preserved.
     . All alive configurations are elite and nothing is discarded

+-+-----------+-----------+-----------+----------------+-----------+--------+-----+----+------+
| |   Instance|      Alive|       Best|       Mean best| Exp so far|  W time|  rho|KenW|  Qvar|
+-+-----------+-----------+-----------+----------------+-----------+--------+-----+----+------+
|x|         21|       1024|       8020|   -0.8400000000|       1024|00:35:55|   NA|  NA|    NA|
|x|         18|       1024|       7181|   -0.6400000000|       2043|00:35:13|+0.46|0.73|0.6158|
|x|         14|       1024|       7181|   -0.5866666667|       3062|00:35:35|+0.47|0.65|0.5991|
|x|         15|       1024|       7181|   -0.5800000000|       4081|00:35:11|+0.48|0.61|0.5963|
|-|          4|        258|       3926|   -0.5360000000|       5100|00:35:26|-0.08|0.13|1.0661|
|=|         12|        258|       3926|   -0.5266666667|       5353|00:08:48|-0.03|0.14|1.0180|
|=|          9|        258|       3926|   -0.5314285714|       5606|00:08:12|-0.01|0.13|0.9975|
|=|          2|        258|       3926|   -0.5500000000|       5859|00:08:08|+0.01|0.13|0.9827|
|=|         11|        258|       3926|   -0.5244444444|       6112|00:08:06|+0.02|0.13|0.9754|
|-|          6|         51|       3926|   -0.5240000000|       6365|00:08:06|-0.07|0.04|1.0363|
|=|         17|         51|       3926|   -0.5090909091|       6411|00:01:50|-0.05|0.04|1.0225|
|=|         19|         51|       3926|   -0.4900000000|       6457|00:01:51|-0.04|0.04|1.0164|
|=|         20|         51|       3926|   -0.4830769231|       6503|00:01:51|-0.04|0.04|1.0114|
|=|          1|         51|       3926|   -0.4742857143|       6549|00:01:49|-0.03|0.04|1.0083|
|=|          3|         51|       4437|   -0.4506666667|       6595|00:01:50|-0.03|0.04|1.0047|
|=|          7|         51|       4437|   -0.4500000000|       6641|00:01:49|-0.02|0.04|1.0004|
|=|          8|         51|       4834|   -0.4682352941|       6687|00:01:50|-0.01|0.05|0.9902|
|=|         10|         51|       4437|   -0.4533333333|       6733|00:01:50|-0.00|0.05|0.9819|
|=|          5|         51|       4437|   -0.4505263158|       6779|00:01:51|-0.00|0.05|0.9807|
|=|         13|         51|       4437|   -0.4640000000|       6825|00:01:51|+0.00|0.05|0.9742|
|=|         16|         51|       4834|   -0.4723809524|       6871|00:01:50|+0.01|0.05|0.9729|
|=|         22|         51|       4437|   -0.4527272727|       6922|00:01:52|+0.01|0.05|0.9735|
+-+-----------+-----------+-----------+----------------+-----------+--------+-----+----+------+
Best-so-far configuration:        4437    mean value:    -0.4527272727
Description of the best-so-far configuration:
     .ID. t0 t1   a0   a1   a2   r0   r1   r2 std .PARENT.
4437 4437  2 10 1.01 1.98 1.18 0.03 0.07 0.95   1     3667

# 2022-11-23 22:17:16 CET: Elite configurations (first number is the configuration ID; listed from best to worst according to the sum of ranks):
     t0 t1   a0   a1   a2   r0   r1   r2 std
4437  2 10 1.01 1.98 1.18 0.03 0.07 0.95   1
4834  2 10 1.00 1.95 1.23 0.09 0.07 0.96   1
6405  2 10 1.01 1.95 1.23 0.06 0.07 0.98   1
3926  2  9 1.05 1.99 1.22 0.11 0.01 0.93   1
5364  2  9 1.02 1.95 1.22 0.14 0.01 0.94   1
# 2022-11-23 22:17:16 CET: Iteration 9 of 9
# experimentsUsedSoFar: 55243
# remainingBudget: 44757
# currentBudget: 44757
# nbConfigurations: 1024
# Markers:
     x No test is performed.
     c Configurations are discarded only due to capping.
     - The test is performed and some configurations are discarded.
     = The test is performed but no configuration is discarded.
     ! The test is performed and configurations could be discarded but elite configurations are preserved.
     . All alive configurations are elite and nothing is discarded

+-+-----------+-----------+-----------+----------------+-----------+--------+-----+----+------+
| |   Instance|      Alive|       Best|       Mean best| Exp so far|  W time|  rho|KenW|  Qvar|
+-+-----------+-----------+-----------+----------------+-----------+--------+-----+----+------+
|x|         23|       1024|       5364|   -0.8000000000|       1024|00:31:50|   NA|  NA|    NA|
|x|          1|       1024|       8455|   -0.6800000000|       2043|00:31:45|+0.41|0.71|0.6317|
|x|         19|       1024|       8257|   -0.5866666667|       3062|00:31:46|+0.41|0.61|0.6188|
|x|          8|       1024|       8323|   -0.5500000000|       4081|00:33:21|+0.40|0.55|0.6333|
|-|         13|        222|       8205|   -0.5760000000|       5100|00:35:32|-0.08|0.14|1.0427|
|=|         18|        222|       8323|   -0.5266666667|       5317|00:07:43|-0.02|0.15|0.9996|
|=|          3|        222|       8323|   -0.5200000000|       5534|00:07:25|+0.01|0.15|0.9746|
|=|          5|        222|       8664|   -0.5200000000|       5751|00:07:23|+0.02|0.14|0.9653|
|-|          9|         52|       8664|   -0.5066666667|       5968|00:08:04|-0.05|0.06|1.0273|
|=|         21|         52|       8664|   -0.4880000000|       6015|00:02:02|-0.04|0.06|1.0165|
|=|          6|         52|       4834|   -0.4872727273|       6062|00:02:07|-0.03|0.06|1.0055|
|=|         16|         52|       4834|   -0.5033333333|       6109|00:02:03|-0.03|0.05|1.0017|
|=|         12|         52|       4834|   -0.4861538462|       6156|00:02:07|-0.03|0.05|1.0032|
|=|         22|         52|       4834|   -0.4742857143|       6203|00:02:06|-0.03|0.05|0.9937|
|=|         15|         52|       4834|   -0.4800000000|       6250|00:02:02|-0.02|0.05|0.9892|
|=|          4|         52|       4834|   -0.4875000000|       6297|00:02:07|-0.01|0.05|0.9838|
|=|         17|         52|       4834|   -0.4776470588|       6344|00:02:04|-0.01|0.05|0.9825|
|=|         14|         52|       4834|   -0.4666666667|       6391|00:02:07|-0.00|0.05|0.9803|
|=|         20|         52|       4834|   -0.4673684211|       6438|00:02:02|-0.00|0.05|0.9785|
|=|          2|         52|       4834|   -0.4640000000|       6485|00:02:03|+0.00|0.05|0.9721|
|=|          7|         52|       4834|   -0.4647619048|       6532|00:02:07|+0.01|0.05|0.9698|
|=|         10|         52|       4437|   -0.4490909091|       6579|00:01:58|+0.01|0.06|0.9632|
|=|         11|         52|       4437|   -0.4539130435|       6626|00:02:07|+0.01|0.06|0.9618|
|=|         24|         52|       4834|   -0.4566666667|       6678|00:02:11|+0.01|0.05|0.9645|
+-+-----------+-----------+-----------+----------------+-----------+--------+-----+----+------+
Best-so-far configuration:        4834    mean value:    -0.4566666667
Description of the best-so-far configuration:
     .ID. t0 t1 a0   a1   a2   r0   r1   r2 std .PARENT.
4834 4834  2 10  1 1.95 1.23 0.09 0.07 0.96   1     3689

# 2022-11-24 02:03:43 CET: Elite configurations (first number is the configuration ID; listed from best to worst according to the sum of ranks):
     t0 t1   a0   a1   a2   r0   r1   r2 std
4834  2 10 1.00 1.95 1.23 0.09 0.07 0.96   1
4437  2 10 1.01 1.98 1.18 0.03 0.07 0.95   1
5364  2  9 1.02 1.95 1.22 0.14 0.01 0.94   1
3926  2  9 1.05 1.99 1.22 0.11 0.01 0.93   1
6405  2 10 1.01 1.95 1.23 0.06 0.07 0.98   1
# 2022-11-24 02:03:43 CET: Iteration 10 of 10
# experimentsUsedSoFar: 61921
# remainingBudget: 38079
# currentBudget: 38079
# nbConfigurations: 1024
# Markers:
     x No test is performed.
     c Configurations are discarded only due to capping.
     - The test is performed and some configurations are discarded.
     = The test is performed but no configuration is discarded.
     ! The test is performed and configurations could be discarded but elite configurations are preserved.
     . All alive configurations are elite and nothing is discarded

+-+-----------+-----------+-----------+----------------+-----------+--------+-----+----+------+
| |   Instance|      Alive|       Best|       Mean best| Exp so far|  W time|  rho|KenW|  Qvar|
+-+-----------+-----------+-----------+----------------+-----------+--------+-----+----+------+
|x|         25|       1024|       9372|   -0.7600000000|       1024|00:34:57|   NA|  NA|    NA|
|x|          6|       1024|       9635|   -0.6600000000|       2043|00:35:57|+0.21|0.60|0.8154|
|x|         12|       1024|       9902|   -0.5600000000|       3062|00:35:23|+0.20|0.47|0.8241|
|x|         18|       1024|       3926|   -0.5200000000|       4081|00:35:41|+0.21|0.41|0.8143|
|-|         10|        316|       4437|   -0.5200000000|       5100|00:35:18|-0.11|0.11|1.0941|
|=|         13|        316|       4437|   -0.5533333333|       5411|00:11:12|-0.07|0.11|1.0573|
|=|          4|        316|       3926|   -0.5257142857|       5722|00:11:09|-0.04|0.11|1.0280|
|=|         14|        316|       3926|   -0.5200000000|       6033|00:11:13|-0.02|0.10|1.0204|
|=|          8|        316|       3926|   -0.5111111111|       6344|00:11:03|-0.01|0.11|1.0021|
|=|         20|        316|       3926|   -0.5000000000|       6655|00:10:43|+0.01|0.11|0.9872|
|-|         15|         57|       3926|   -0.4981818182|       6966|00:11:04|-0.06|0.04|1.0341|
|=|         17|         57|       3926|   -0.4866666667|       7018|00:02:07|-0.05|0.04|1.0260|
|=|          2|         57|       3926|   -0.5015384615|       7070|00:02:06|-0.04|0.04|1.0129|
|=|         23|         57|       3926|   -0.4914285714|       7122|00:02:07|-0.03|0.04|1.0039|
|=|         22|         57|       4437|   -0.4853333333|       7174|00:02:05|-0.02|0.05|0.9950|
|=|         11|         57|       4437|   -0.4900000000|       7226|00:02:08|-0.01|0.05|0.9879|
|=|          1|         57|       4437|   -0.4800000000|       7278|00:02:05|-0.01|0.05|0.9865|
|=|         16|         57|       4437|   -0.4666666667|       7330|00:02:03|-0.01|0.05|0.9812|
|=|          5|         57|       3926|   -0.4589473684|       7382|00:02:03|-0.00|0.05|0.9801|
|=|          9|         57|       3926|   -0.4640000000|       7434|00:02:08|+0.00|0.05|0.9753|
|=|          7|         57|       5364|   -0.4780952381|       7486|00:02:02|+0.00|0.05|0.9733|
|=|         21|         57|       3926|   -0.4545454545|       7538|00:02:08|+0.01|0.05|0.9717|
|=|         19|         57|       4437|   -0.4504347826|       7590|00:02:02|+0.01|0.05|0.9732|
|=|          3|         57|       4437|   -0.4516666667|       7642|00:02:04|+0.01|0.05|0.9741|
|=|         24|         57|       4437|   -0.4416000000|       7694|00:02:07|+0.00|0.04|0.9773|
|=|         26|         57|       5364|   -0.4646153846|       7751|00:02:05|+0.00|0.04|0.9786|
+-+-----------+-----------+-----------+----------------+-----------+--------+-----+----+------+
Best-so-far configuration:        5364    mean value:    -0.4646153846
Description of the best-so-far configuration:
     .ID. t0 t1   a0   a1   a2   r0   r1   r2 std .PARENT.
5364 5364  2  9 1.02 1.95 1.22 0.14 0.01 0.94   1     3926

# 2022-11-24 06:39:17 CET: Elite configurations (first number is the configuration ID; listed from best to worst according to the sum of ranks):
     t0 t1   a0   a1   a2   r0   r1   r2 std
5364  2  9 1.02 1.95 1.22 0.14 0.01 0.94   1
4437  2 10 1.01 1.98 1.18 0.03 0.07 0.95   1
3926  2  9 1.05 1.99 1.22 0.11 0.01 0.93   1
4834  2 10 1.00 1.95 1.23 0.09 0.07 0.96   1
6405  2 10 1.01 1.95 1.23 0.06 0.07 0.98   1
# 2022-11-24 06:39:17 CET: Iteration 11 of 11
# experimentsUsedSoFar: 69672
# remainingBudget: 30328
# currentBudget: 30328
# nbConfigurations: 1024
# Markers:
     x No test is performed.
     c Configurations are discarded only due to capping.
     - The test is performed and some configurations are discarded.
     = The test is performed but no configuration is discarded.
     ! The test is performed and configurations could be discarded but elite configurations are preserved.
     . All alive configurations are elite and nothing is discarded

+-+-----------+-----------+-----------+----------------+-----------+--------+-----+----+------+
| |   Instance|      Alive|       Best|       Mean best| Exp so far|  W time|  rho|KenW|  Qvar|
+-+-----------+-----------+-----------+----------------+-----------+--------+-----+----+------+
|x|         27|       1024|      10388|   -0.7600000000|       1024|00:34:54|   NA|  NA|    NA|
|x|          6|       1024|      10854|   -0.7200000000|       2043|00:35:47|+0.37|0.69|0.6777|
|x|          8|       1024|      11084|   -0.6000000000|       3062|00:35:07|+0.39|0.60|0.6557|
|x|          9|       1024|      11104|   -0.5200000000|       4081|00:35:51|+0.39|0.54|0.6742|
|-|         19|        298|      10640|   -0.5600000000|       5100|00:35:04|-0.12|0.11|1.1016|
|=|         25|        298|      11119|   -0.5066666667|       5393|00:10:43|-0.07|0.11|1.0611|
|=|          1|        298|      11119|   -0.4914285714|       5686|00:10:44|-0.05|0.10|1.0444|
|=|         23|        298|      11119|   -0.4850000000|       5979|00:10:39|-0.03|0.10|1.0305|
|=|         20|        298|      11119|   -0.4800000000|       6272|00:10:47|-0.02|0.09|1.0237|
|=|         15|        298|      10386|   -0.4600000000|       6565|00:10:36|-0.01|0.09|1.0155|
|=|         16|        298|      10386|   -0.4654545455|       6858|00:10:09|-0.01|0.08|1.0063|
|=|         12|        298|      10386|   -0.4600000000|       7151|00:10:35|+0.00|0.09|0.9979|
|=|         18|        298|      10453|   -0.4707692308|       7444|00:10:38|+0.01|0.08|0.9935|
|-|         10|        195|       6405|   -0.4571428571|       7737|00:10:32|-0.04|0.03|1.0333|
|=|          5|        195|       6405|   -0.4560000000|       7927|00:06:56|-0.03|0.04|1.0264|
|=|          2|        195|      10453|   -0.4625000000|       8117|00:06:56|-0.03|0.04|1.0214|
|=|         21|        195|       3926|   -0.4470588235|       8307|00:06:50|-0.02|0.04|1.0191|
|=|         24|        195|      10453|   -0.4555555556|       8497|00:06:49|-0.02|0.03|1.0161|
|=|         14|        195|       3926|   -0.4421052632|       8687|00:06:53|-0.02|0.03|1.0145|
|=|         13|        195|       3926|   -0.4420000000|       8877|00:06:47|-0.01|0.04|1.0091|
|=|         11|        195|       3926|   -0.4361904762|       9067|00:06:24|-0.01|0.04|1.0057|
|=|          4|        195|       3926|   -0.4509090909|       9257|00:06:17|-0.01|0.04|1.0026|
|=|          7|        195|       3926|   -0.4452173913|       9447|00:06:15|-0.01|0.04|1.0016|
|=|          3|        195|       3926|   -0.4400000000|       9637|00:06:14|-0.01|0.03|1.0013|
|=|         17|        195|      10974|   -0.4400000000|       9827|00:06:14|-0.01|0.03|1.0000|
|=|         26|        195|      10974|   -0.4400000000|      10017|00:06:13|-0.00|0.04|0.9977|
|=|         22|        195|       5364|   -0.4592592593|      10207|00:06:14|-0.00|0.04|0.9960|
|=|         28|        195|       5364|   -0.4642857143|      10402|00:06:16|-0.00|0.03|0.9946|
+-+-----------+-----------+-----------+----------------+-----------+--------+-----+----+------+
Best-so-far configuration:        5364    mean value:    -0.4642857143
Description of the best-so-far configuration:
     .ID. t0 t1   a0   a1   a2   r0   r1   r2 std .PARENT.
5364 5364  2  9 1.02 1.95 1.22 0.14 0.01 0.94   1     3926

# 2022-11-24 12:43:20 CET: Elite configurations (first number is the configuration ID; listed from best to worst according to the sum of ranks):
      t0 t1   a0   a1   a2   r0   r1   r2 std
5364   2  9 1.02 1.95 1.22 0.14 0.01 0.94   1
4437   2 10 1.01 1.98 1.18 0.03 0.07 0.95   1
11159  2 10 1.01 1.98 1.20 0.03 0.07 0.94   1
10974  2 10 1.01 1.98 1.17 0.06 0.04 0.96   1
10378  2 10 1.01 1.98 1.22 0.11 0.10 0.99   1
# 2022-11-24 12:43:20 CET: Iteration 12 of 12
# experimentsUsedSoFar: 80074
# remainingBudget: 19926
# currentBudget: 19926
# nbConfigurations: 691
# Markers:
     x No test is performed.
     c Configurations are discarded only due to capping.
     - The test is performed and some configurations are discarded.
     = The test is performed but no configuration is discarded.
     ! The test is performed and configurations could be discarded but elite configurations are preserved.
     . All alive configurations are elite and nothing is discarded

+-+-----------+-----------+-----------+----------------+-----------+--------+-----+----+------+
| |   Instance|      Alive|       Best|       Mean best| Exp so far|  W time|  rho|KenW|  Qvar|
+-+-----------+-----------+-----------+----------------+-----------+--------+-----+----+------+
|x|         29|        691|      11856|   -0.8400000000|        691|00:21:42|   NA|  NA|    NA|
|x|         13|        691|      11592|   -0.7200000000|       1377|00:21:39|+0.19|0.60|0.8253|
|x|         16|        691|      10974|   -0.5466666667|       2063|00:21:37|+0.16|0.44|0.8331|
|x|          6|        691|      11808|   -0.5200000000|       2749|00:21:36|+0.17|0.37|0.8396|
|-|         19|        266|      11464|   -0.4640000000|       3435|00:21:39|-0.08|0.13|1.0698|
|=|         15|        266|      11423|   -0.5000000000|       3696|00:08:39|-0.04|0.13|1.0282|
|=|          1|        266|      11423|   -0.4914285714|       3957|00:08:36|-0.02|0.13|1.0098|
|=|         24|        266|      11423|   -0.4700000000|       4218|00:08:40|-0.00|0.12|0.9999|
|=|         10|        266|      11298|   -0.4577777778|       4479|00:08:39|+0.01|0.12|0.9904|
|=|         18|        266|      11808|   -0.4520000000|       4740|00:08:39|+0.01|0.11|0.9856|
|-|          7|        139|       5364|   -0.4727272727|       5001|00:08:38|-0.06|0.04|1.0438|
|=|         26|        139|      10974|   -0.4800000000|       5135|00:04:23|-0.04|0.05|1.0300|
|=|         12|        139|      10974|   -0.4769230769|       5269|00:04:23|-0.03|0.05|1.0233|
|=|         17|        139|       5364|   -0.4742857143|       5403|00:04:25|-0.02|0.05|1.0122|
|=|         28|        139|       5364|   -0.4826666667|       5537|00:04:23|-0.02|0.05|1.0053|
|=|          5|        139|       5364|   -0.4875000000|       5671|00:04:23|-0.01|0.05|0.9980|
|=|         22|        139|       5364|   -0.4870588235|       5805|00:04:24|-0.00|0.06|0.9960|
|=|          9|        139|       5364|   -0.4911111111|       5939|00:04:23|+0.00|0.06|0.9918|
|=|          2|        139|       5364|   -0.4863157895|       6073|00:04:24|+0.00|0.06|0.9891|
|=|         27|        139|       5364|   -0.4780000000|       6207|00:04:23|+0.00|0.05|0.9879|
|=|          8|        139|       5364|   -0.4819047619|       6341|00:04:22|+0.00|0.05|0.9884|
|=|          4|        139|       5364|   -0.4909090909|       6475|00:04:23|+0.01|0.05|0.9841|
|-|         25|         18|       5364|   -0.4904347826|       6609|00:04:23|-0.02|0.02|0.9615|
|=|         20|         18|       5364|   -0.4800000000|       6622|00:00:37|-0.02|0.02|0.9598|
|=|         11|         18|       5364|   -0.4784000000|       6635|00:00:37|-0.02|0.02|0.9606|
|=|          3|         18|       5364|   -0.4692307692|       6648|00:00:37|-0.02|0.02|0.9613|
|=|         21|         18|       5364|   -0.4592592593|       6661|00:00:36|-0.02|0.02|0.9638|
|=|         23|         18|       5364|   -0.4714285714|       6674|00:00:36|-0.02|0.02|0.9572|
|=|         14|         18|       5364|   -0.4648275862|       6687|00:00:37|-0.01|0.02|0.9543|
|=|         30|         18|       5364|   -0.4573333333|       6705|00:00:38|-0.02|0.02|0.9588|
+-+-----------+-----------+-----------+----------------+-----------+--------+-----+----+------+
Best-so-far configuration:        5364    mean value:    -0.4573333333
Description of the best-so-far configuration:
     .ID. t0 t1   a0   a1   a2   r0   r1   r2 std .PARENT.
5364 5364  2  9 1.02 1.95 1.22 0.14 0.01 0.94   1     3926

# 2022-11-24 16:20:43 CET: Elite configurations (first number is the configuration ID; listed from best to worst according to the sum of ranks):
      t0 t1   a0   a1   a2   r0   r1   r2 std
5364   2  9 1.02 1.95 1.22 0.14 0.01 0.94   1
4437   2 10 1.01 1.98 1.18 0.03 0.07 0.95   1
10974  2 10 1.01 1.98 1.17 0.06 0.04 0.96   1
10378  2 10 1.01 1.98 1.22 0.11 0.10 0.99   1
11159  2 10 1.01 1.98 1.20 0.03 0.07 0.94   1
# 2022-11-24 16:20:43 CET: Iteration 13 of 13
# experimentsUsedSoFar: 86779
# remainingBudget: 13221
# currentBudget: 13221
# nbConfigurations: 431
# Markers:
     x No test is performed.
     c Configurations are discarded only due to capping.
     - The test is performed and some configurations are discarded.
     = The test is performed but no configuration is discarded.
     ! The test is performed and configurations could be discarded but elite configurations are preserved.
     . All alive configurations are elite and nothing is discarded

+-+-----------+-----------+-----------+----------------+-----------+--------+-----+----+------+
| |   Instance|      Alive|       Best|       Mean best| Exp so far|  W time|  rho|KenW|  Qvar|
+-+-----------+-----------+-----------+----------------+-----------+--------+-----+----+------+
|x|         31|        431|      11971|   -0.7600000000|        431|00:13:44|   NA|  NA|    NA|
|x|         17|        431|      12156|   -0.6200000000|        857|00:13:41|+0.05|0.53|0.9550|
|x|          5|        431|      12285|   -0.5600000000|       1283|00:13:41|+0.02|0.34|0.9845|
|x|         25|        431|       5364|   -0.5300000000|       1709|00:13:40|+0.05|0.29|0.9550|
|-|         23|        158|       5364|   -0.5840000000|       2135|00:13:42|-0.15|0.08|1.1259|
|=|         30|        158|       5364|   -0.5266666667|       2288|00:05:02|-0.10|0.08|1.0828|
|=|         13|        158|       5364|   -0.5200000000|       2441|00:05:02|-0.07|0.09|1.0469|
|=|         18|        158|       5364|   -0.5100000000|       2594|00:05:02|-0.04|0.09|1.0271|
|=|         14|        158|      12176|   -0.4933333333|       2747|00:05:01|-0.04|0.08|1.0233|
|=|         12|        158|      12176|   -0.4920000000|       2900|00:05:00|-0.02|0.08|1.0122|
|=|         19|        158|      12176|   -0.4800000000|       3053|00:05:00|-0.01|0.08|1.0059|
|=|          3|        158|      12176|   -0.4833333333|       3206|00:05:01|-0.01|0.08|0.9998|
|=|          9|        158|      12176|   -0.4707692308|       3359|00:04:59|+0.00|0.08|0.9906|
|=|         28|        158|      12176|   -0.4657142857|       3512|00:04:59|+0.01|0.08|0.9802|
|=|          8|        158|       5364|   -0.4720000000|       3665|00:04:59|+0.01|0.08|0.9820|
|-|         20|         93|       4437|   -0.4650000000|       3818|00:05:00|-0.03|0.04|1.0120|
|=|         11|         93|       4437|   -0.4705882353|       3906|00:03:07|-0.03|0.03|1.0087|
|=|         16|         93|      10974|   -0.4555555556|       3994|00:03:05|-0.02|0.03|1.0094|
|=|         29|         93|      10974|   -0.4610526316|       4082|00:03:08|-0.02|0.03|1.0034|
|=|         22|         93|       5364|   -0.4580000000|       4170|00:03:05|-0.02|0.03|1.0022|
|=|         24|         93|       5364|   -0.4723809524|       4258|00:03:07|-0.02|0.03|1.0009|
|=|          6|         93|       5364|   -0.4745454545|       4346|00:03:05|-0.01|0.03|0.9998|
|=|         21|         93|       5364|   -0.4626086957|       4434|00:03:07|-0.02|0.03|1.0012|
|=|          2|         93|       5364|   -0.4600000000|       4522|00:03:05|-0.01|0.03|0.9976|
|=|          1|         93|       5364|   -0.4544000000|       4610|00:03:07|-0.01|0.03|0.9958|
|=|          7|         93|       5364|   -0.4538461538|       4698|00:03:04|-0.01|0.03|0.9950|
|=|         15|         93|      10974|   -0.4459259259|       4786|00:03:07|-0.01|0.03|0.9946|
|=|          4|         93|      10974|   -0.4471428571|       4874|00:03:06|-0.01|0.03|0.9928|
|=|         10|         93|       5364|   -0.4620689655|       4962|00:03:04|-0.00|0.03|0.9915|
|=|         26|         93|       5364|   -0.4613333333|       5050|00:03:04|-0.00|0.03|0.9895|
|=|         27|         93|       5364|   -0.4567741935|       5138|00:03:04|-0.00|0.03|0.9910|
|=|         32|         93|       5364|   -0.4600000000|       5231|00:03:06|-0.00|0.03|0.9895|
+-+-----------+-----------+-----------+----------------+-----------+--------+-----+----+------+
Best-so-far configuration:        5364    mean value:    -0.4600000000
Description of the best-so-far configuration:
     .ID. t0 t1   a0   a1   a2   r0   r1   r2 std .PARENT.
5364 5364  2  9 1.02 1.95 1.22 0.14 0.01 0.94   1     3926

# 2022-11-24 19:14:07 CET: Elite configurations (first number is the configuration ID; listed from best to worst according to the sum of ranks):
      t0 t1   a0   a1   a2   r0   r1   r2 std
5364   2  9 1.02 1.95 1.22 0.14 0.01 0.94   1
10974  2 10 1.01 1.98 1.17 0.06 0.04 0.96   1
10378  2 10 1.01 1.98 1.22 0.11 0.10 0.99   1
4437   2 10 1.01 1.98 1.18 0.03 0.07 0.95   1
12221  2 10 1.03 1.97 1.20 0.04 0.07 0.97   1
# 2022-11-24 19:14:08 CET: Iteration 14 of 14
# experimentsUsedSoFar: 92010
# remainingBudget: 7990
# currentBudget: 7990
# nbConfigurations: 246
# Markers:
     x No test is performed.
     c Configurations are discarded only due to capping.
     - The test is performed and some configurations are discarded.
     = The test is performed but no configuration is discarded.
     ! The test is performed and configurations could be discarded but elite configurations are preserved.
     . All alive configurations are elite and nothing is discarded

+-+-----------+-----------+-----------+----------------+-----------+--------+-----+----+------+
| |   Instance|      Alive|       Best|       Mean best| Exp so far|  W time|  rho|KenW|  Qvar|
+-+-----------+-----------+-----------+----------------+-----------+--------+-----+----+------+
|x|         33|        246|      12440|   -0.8000000000|        246|00:08:00|   NA|  NA|    NA|
|x|         27|        246|      12393|   -0.6000000000|        487|00:07:56|+0.07|0.53|0.9405|
|x|          8|        246|      12466|   -0.5733333333|        728|00:07:55|+0.08|0.39|0.9413|
|x|         11|        246|      12466|   -0.5800000000|        969|00:07:59|+0.11|0.33|0.9051|
|-|         18|        101|      12439|   -0.5200000000|       1210|00:08:00|-0.13|0.09|1.1156|
|=|         17|        101|      12439|   -0.5066666667|       1306|00:03:09|-0.07|0.11|1.0601|
|=|         20|        101|      12439|   -0.5028571429|       1402|00:03:08|-0.04|0.11|1.0250|
|=|         25|        101|      12439|   -0.4900000000|       1498|00:03:09|-0.03|0.10|1.0165|
|=|         16|        101|      12439|   -0.4622222222|       1594|00:03:08|-0.02|0.09|1.0052|
|=|         14|        101|      12439|   -0.4480000000|       1690|00:03:09|-0.01|0.09|1.0020|
|=|         13|        101|      10974|   -0.4800000000|       1786|00:03:06|-0.00|0.09|0.9938|
|=|          3|        101|      10974|   -0.4866666667|       1882|00:03:09|+0.00|0.08|0.9909|
|=|         24|        101|      10974|   -0.4707692308|       1978|00:03:07|-0.00|0.08|0.9916|
|=|          9|        101|      10974|   -0.4628571429|       2074|00:03:06|-0.00|0.07|0.9919|
|=|          7|        101|      10974|   -0.4666666667|       2170|00:03:06|+0.01|0.07|0.9870|
|=|          6|        101|      10974|   -0.4600000000|       2266|00:03:06|+0.01|0.07|0.9849|
|=|         19|        101|      10974|   -0.4541176471|       2362|00:03:06|+0.01|0.07|0.9865|
|=|          2|        101|      10974|   -0.4488888889|       2458|00:03:13|+0.01|0.06|0.9895|
|=|         23|        101|       5364|   -0.4652631579|       2554|00:03:06|+0.01|0.06|0.9890|
|=|          5|        101|       5364|   -0.4700000000|       2650|00:03:06|+0.01|0.06|0.9891|
|=|         31|        101|       5364|   -0.4685714286|       2746|00:03:07|+0.01|0.06|0.9854|
|-|         32|         43|       5364|   -0.4727272727|       2842|00:03:06|-0.02|0.02|1.0000|
|=|         10|         43|       5364|   -0.4817391304|       2880|00:01:13|-0.02|0.02|0.9964|
|=|         12|         43|       5364|   -0.4766666667|       2918|00:01:15|-0.02|0.03|0.9935|
|=|         22|         43|       5364|   -0.4768000000|       2956|00:01:15|-0.02|0.02|0.9929|
|=|         26|         43|       5364|   -0.4753846154|       2994|00:01:14|-0.01|0.03|0.9889|
|=|          1|         43|       5364|   -0.4696296296|       3032|00:01:15|-0.01|0.03|0.9866|
|=|         28|         43|       5364|   -0.4742857143|       3070|00:01:16|-0.00|0.03|0.9794|
|=|         21|         43|       5364|   -0.4648275862|       3108|00:01:14|-0.00|0.03|0.9803|
|=|         29|         43|       5364|   -0.4653333333|       3146|00:01:15|-0.00|0.03|0.9810|
|=|         30|         43|       5364|   -0.4580645161|       3184|00:01:15|-0.01|0.03|0.9828|
|=|          4|         43|       5364|   -0.4650000000|       3222|00:01:15|-0.00|0.03|0.9809|
|=|         15|         43|      10974|   -0.4412121212|       3260|00:01:15|-0.00|0.03|0.9815|
|=|         34|         43|       5364|   -0.4564705882|       3303|00:01:49|-0.00|0.03|0.9809|
+-+-----------+-----------+-----------+----------------+-----------+--------+-----+----+------+
Best-so-far configuration:        5364    mean value:    -0.4564705882
Description of the best-so-far configuration:
     .ID. t0 t1   a0   a1   a2   r0   r1   r2 std .PARENT.
5364 5364  2  9 1.02 1.95 1.22 0.14 0.01 0.94   1     3926

# 2022-11-24 21:02:57 CET: Elite configurations (first number is the configuration ID; listed from best to worst according to the sum of ranks):
      t0 t1   a0   a1   a2   r0   r1   r2 std
5364   2  9 1.02 1.95 1.22 0.14 0.01 0.94   1
10974  2 10 1.01 1.98 1.17 0.06 0.04 0.96   1
10378  2 10 1.01 1.98 1.22 0.11 0.10 0.99   1
4437   2 10 1.01 1.98 1.18 0.03 0.07 0.95   1
12517  2 10 1.00 1.97 1.25 0.11 0.10 0.98   1
# 2022-11-24 21:02:57 CET: Iteration 15 of 15
# experimentsUsedSoFar: 95313
# remainingBudget: 4687
# currentBudget: 4687
# nbConfigurations: 138
# Markers:
     x No test is performed.
     c Configurations are discarded only due to capping.
     - The test is performed and some configurations are discarded.
     = The test is performed but no configuration is discarded.
     ! The test is performed and configurations could be discarded but elite configurations are preserved.
     . All alive configurations are elite and nothing is discarded

+-+-----------+-----------+-----------+----------------+-----------+--------+-----+----+------+
| |   Instance|      Alive|       Best|       Mean best| Exp so far|  W time|  rho|KenW|  Qvar|
+-+-----------+-----------+-----------+----------------+-----------+--------+-----+----+------+
|x|         35|        138|       5364|   -0.7200000000|        138|00:04:21|   NA|  NA|    NA|
|x|         29|        138|      12591|   -0.7600000000|        271|00:04:22|+0.10|0.55|0.8341|
|x|         32|        138|      12568|   -0.6800000000|        404|00:04:22|+0.09|0.39|0.8561|
|x|         16|        138|       5364|   -0.5500000000|        537|00:04:22|+0.12|0.34|0.8789|
|-|         27|         88|      10378|   -0.5120000000|        670|00:04:22|-0.12|0.11|1.0913|
|=|         22|         88|       5364|   -0.5000000000|        753|00:03:04|-0.08|0.10|1.0648|
|=|          2|         88|      10378|   -0.5142857143|        836|00:03:04|-0.04|0.10|1.0382|
|=|          5|         88|       5364|   -0.4950000000|        919|00:03:04|-0.02|0.11|1.0141|
|=|         21|         88|      10378|   -0.4800000000|       1002|00:03:03|-0.02|0.10|1.0109|
|=|         34|         88|      10378|   -0.4720000000|       1085|00:03:04|-0.02|0.08|1.0143|
|=|          7|         88|      10378|   -0.4763636364|       1168|00:03:04|-0.01|0.08|1.0066|
|=|         19|         88|      10378|   -0.4833333333|       1251|00:03:03|+0.01|0.09|0.9868|
|=|         12|         88|      10378|   -0.4861538462|       1334|00:03:04|+0.02|0.09|0.9817|
|=|         11|         88|      10378|   -0.4657142857|       1417|00:03:00|+0.02|0.09|0.9793|
|-|         33|         52|      12675|   -0.4560000000|       1500|00:02:59|-0.04|0.03|1.0166|
|=|         17|         52|      10378|   -0.4525000000|       1547|00:01:48|-0.03|0.03|1.0121|
|=|         26|         52|      10378|   -0.4658823529|       1594|00:01:49|-0.03|0.03|1.0068|
|=|         28|         52|      10378|   -0.4666666667|       1641|00:01:49|-0.02|0.04|0.9996|
|=|         14|         52|      10378|   -0.4736842105|       1688|00:01:48|-0.02|0.04|0.9990|
|=|         15|         52|      10378|   -0.4640000000|       1735|00:01:50|-0.01|0.04|0.9960|
|=|          3|         52|      10378|   -0.4685714286|       1782|00:01:50|-0.01|0.04|0.9930|
|=|          8|         52|      10378|   -0.4654545455|       1829|00:01:49|-0.01|0.04|0.9900|
|=|          4|         52|      10378|   -0.4660869565|       1876|00:01:49|-0.00|0.04|0.9856|
|=|         18|         52|      10378|   -0.4633333333|       1923|00:01:49|+0.00|0.04|0.9807|
|=|         10|         52|      10378|   -0.4528000000|       1970|00:01:50|+0.00|0.04|0.9787|
|=|         23|         52|       5364|   -0.4692307692|       2017|00:01:49|+0.00|0.04|0.9742|
|=|         25|         52|       5364|   -0.4696296296|       2064|00:01:50|+0.01|0.04|0.9733|
|=|         13|         52|       5364|   -0.4700000000|       2111|00:01:49|+0.01|0.04|0.9704|
|=|         20|         52|      10974|   -0.4441379310|       2158|00:01:49|+0.01|0.04|0.9710|
|=|         31|         52|      10974|   -0.4480000000|       2205|00:01:49|+0.01|0.04|0.9712|
|-|          9|         18|      10974|   -0.4451612903|       2252|00:01:49|-0.00|0.03|0.9473|
|=|          1|         18|      10974|   -0.4475000000|       2265|00:00:36|-0.00|0.03|0.9471|
|=|         24|         18|       5364|   -0.4690909091|       2278|00:00:37|-0.00|0.03|0.9436|
|=|          6|         18|       5364|   -0.4705882353|       2291|00:00:36|+0.00|0.03|0.9402|
|=|         30|         18|       5364|   -0.4640000000|       2304|00:00:37|+0.00|0.03|0.9413|
|=|         36|         18|       5364|   -0.4644444444|       2322|00:00:37|+0.00|0.03|0.9405|
+-+-----------+-----------+-----------+----------------+-----------+--------+-----+----+------+
Best-so-far configuration:        5364    mean value:    -0.4644444444
Description of the best-so-far configuration:
     .ID. t0 t1   a0   a1   a2   r0   r1   r2 std .PARENT.
5364 5364  2  9 1.02 1.95 1.22 0.14 0.01 0.94   1     3926

# 2022-11-24 22:27:43 CET: Elite configurations (first number is the configuration ID; listed from best to worst according to the sum of ranks):
      t0 t1   a0   a1   a2   r0   r1   r2 std
5364   2  9 1.02 1.95 1.22 0.14 0.01 0.94   1
10974  2 10 1.01 1.98 1.17 0.06 0.04 0.96   1
10378  2 10 1.01 1.98 1.22 0.11 0.10 0.99   1
4437   2 10 1.01 1.98 1.18 0.03 0.07 0.95   1
12517  2 10 1.00 1.97 1.25 0.11 0.10 0.98   1
# 2022-11-24 22:27:43 CET: Iteration 16 of 16
# experimentsUsedSoFar: 97635
# remainingBudget: 2365
# currentBudget: 2365
# nbConfigurations: 68
# Markers:
     x No test is performed.
     c Configurations are discarded only due to capping.
     - The test is performed and some configurations are discarded.
     = The test is performed but no configuration is discarded.
     ! The test is performed and configurations could be discarded but elite configurations are preserved.
     . All alive configurations are elite and nothing is discarded

+-+-----------+-----------+-----------+----------------+-----------+--------+-----+----+------+
| |   Instance|      Alive|       Best|       Mean best| Exp so far|  W time|  rho|KenW|  Qvar|
+-+-----------+-----------+-----------+----------------+-----------+--------+-----+----+------+
|x|         37|         68|      12745|   -0.7200000000|         68|00:02:27|   NA|  NA|    NA|
|x|         23|         68|      12757|   -0.6200000000|        131|00:02:25|-0.06|0.47|0.9936|
|x|          4|         68|      12724|   -0.5333333333|        194|00:02:26|-0.11|0.26|1.0413|
|x|         20|         68|       4437|   -0.4700000000|        257|00:02:26|-0.03|0.23|0.9980|
|=|         15|         68|       4437|   -0.4720000000|        320|00:02:26|-0.01|0.19|0.9883|
|=|         36|         68|       4437|   -0.4733333333|        383|00:02:25|-0.00|0.17|0.9793|
|=|         16|         68|      10974|   -0.4571428571|        446|00:02:20|+0.00|0.15|0.9693|
|=|         19|         68|      10974|   -0.4450000000|        509|00:02:19|+0.00|0.13|0.9724|
|=|          2|         68|      10974|   -0.4355555556|        572|00:02:22|+0.02|0.12|0.9623|
|=|          6|         68|      12747|   -0.4480000000|        635|00:02:25|+0.02|0.12|0.9544|
|=|          5|         68|      12701|   -0.4618181818|        698|00:02:24|+0.02|0.11|0.9569|
|=|         30|         68|      12757|   -0.4600000000|        761|00:02:24|+0.02|0.10|0.9621|
|=|         27|         68|      12757|   -0.4584615385|        824|00:02:25|+0.02|0.10|0.9642|
|=|         29|         68|      12733|   -0.4428571429|        887|00:02:25|+0.01|0.09|0.9665|
|=|         22|         68|      12733|   -0.4400000000|        950|00:02:24|+0.01|0.08|0.9665|
|-|         31|         55|      10974|   -0.4225000000|       1013|00:02:24|-0.03|0.03|1.0093|
|=|          3|         55|      10974|   -0.4305882353|       1063|00:01:50|-0.03|0.03|1.0058|
|=|         33|         55|      10974|   -0.4333333333|       1113|00:01:50|-0.03|0.03|1.0063|
|=|         10|         55|      10974|   -0.4273684211|       1163|00:01:50|-0.02|0.03|1.0034|
|=|         24|         55|       5364|   -0.4540000000|       1213|00:01:48|-0.02|0.03|1.0015|
|=|         35|         55|       5364|   -0.4666666667|       1263|00:01:47|-0.02|0.03|0.9976|
|=|          9|         55|       5364|   -0.4709090909|       1313|00:01:49|-0.02|0.03|0.9948|
|=|         18|         55|       5364|   -0.4695652174|       1363|00:01:48|-0.01|0.03|0.9922|
|=|          1|         55|       5364|   -0.4633333333|       1413|00:01:47|-0.01|0.03|0.9918|
|=|         11|         55|      10974|   -0.4400000000|       1463|00:01:46|-0.01|0.03|0.9910|
|=|         12|         55|      10974|   -0.4400000000|       1513|00:01:47|-0.01|0.03|0.9893|
|=|         21|         55|      10974|   -0.4370370370|       1563|00:01:46|-0.01|0.03|0.9889|
|=|         26|         55|      10974|   -0.4371428571|       1613|00:01:46|-0.01|0.03|0.9870|
|=|          7|         55|      10974|   -0.4400000000|       1663|00:01:46|-0.00|0.03|0.9848|
|=|         28|         55|      10974|   -0.4373333333|       1713|00:01:46|-0.00|0.03|0.9814|
|=|         14|         55|      10974|   -0.4348387097|       1763|00:01:46|-0.00|0.03|0.9810|
|=|         25|         55|      10974|   -0.4387500000|       1813|00:01:46|+0.00|0.03|0.9807|
|=|         13|         55|      10974|   -0.4424242424|       1863|00:01:46|+0.00|0.03|0.9773|
|=|         17|         55|      10974|   -0.4423529412|       1913|00:01:46|+0.00|0.03|0.9768|
|=|         34|         55|      10974|   -0.4377142857|       1963|00:01:46|+0.00|0.03|0.9762|
|=|          8|         55|       5364|   -0.4566666667|       2013|00:01:46|+0.00|0.03|0.9778|
|=|         32|         55|       5364|   -0.4594594595|       2063|00:01:46|+0.00|0.03|0.9770|
|=|         38|         55|       5364|   -0.4557894737|       2118|00:01:46|+0.00|0.03|0.9767|
+-+-----------+-----------+-----------+----------------+-----------+--------+-----+----+------+
Best-so-far configuration:        5364    mean value:    -0.4557894737
Description of the best-so-far configuration:
     .ID. t0 t1   a0   a1   a2   r0   r1   r2 std .PARENT.
5364 5364  2  9 1.02 1.95 1.22 0.14 0.01 0.94   1     3926

# 2022-11-24 23:45:45 CET: Elite configurations (first number is the configuration ID; listed from best to worst according to the sum of ranks):
      t0 t1   a0   a1   a2   r0   r1   r2 std
5364   2  9 1.02 1.95 1.22 0.14 0.01 0.94   1
10974  2 10 1.01 1.98 1.17 0.06 0.04 0.96   1
4437   2 10 1.01 1.98 1.18 0.03 0.07 0.95   1
10378  2 10 1.01 1.98 1.22 0.11 0.10 0.99   1
12517  2 10 1.00 1.97 1.25 0.11 0.10 0.98   1
# 2022-11-24 23:45:45 CET: Iteration 17 of 17
# experimentsUsedSoFar: 99753
# remainingBudget: 247
# currentBudget: 247
# nbConfigurations: 11
# Markers:
     x No test is performed.
     c Configurations are discarded only due to capping.
     - The test is performed and some configurations are discarded.
     = The test is performed but no configuration is discarded.
     ! The test is performed and configurations could be discarded but elite configurations are preserved.
     . All alive configurations are elite and nothing is discarded

+-+-----------+-----------+-----------+----------------+-----------+--------+-----+----+------+
| |   Instance|      Alive|       Best|       Mean best| Exp so far|  W time|  rho|KenW|  Qvar|
+-+-----------+-----------+-----------+----------------+-----------+--------+-----+----+------+
|x|         39|         11|      10378|   -0.5200000000|         11|00:00:35|   NA|  NA|    NA|
|x|         10|         11|       5364|   -0.5800000000|         17|00:00:35|-0.10|0.45|0.9266|
|x|         18|         11|       5364|   -0.5333333333|         23|00:00:34|-0.06|0.29|0.9686|
|x|         15|         11|       4437|   -0.5000000000|         29|00:00:35|-0.14|0.15|1.0319|
|=|         11|         11|       4437|   -0.5120000000|         35|00:00:34|+0.02|0.21|0.9010|
|=|         16|         11|      10974|   -0.4800000000|         41|00:00:34|-0.04|0.14|0.9415|
|=|         13|         11|      10974|   -0.4914285714|         47|00:00:35|+0.05|0.18|0.8772|
|=|         29|         11|      10974|   -0.5000000000|         53|00:00:34|+0.08|0.19|0.8526|
|=|         36|         11|      10974|   -0.4888888889|         59|00:00:34|+0.08|0.18|0.8466|
|-|         20|          7|      10974|   -0.4840000000|         65|00:00:35|-0.04|0.06|0.9075|
|=|         26|          7|      10974|   -0.4800000000|         67|00:00:34|-0.04|0.05|0.9066|
|=|          1|          7|      10974|   -0.4833333333|         69|00:00:34|-0.02|0.07|0.8836|
|=|         23|          7|      10974|   -0.4769230769|         71|00:00:34|-0.02|0.06|0.8847|
|=|         28|          7|      10974|   -0.4685714286|         73|00:00:34|-0.01|0.06|0.8759|
|=|         33|          7|      10974|   -0.4693333333|         75|00:00:34|+0.00|0.07|0.8597|
|=|          8|          7|      10974|   -0.4600000000|         77|00:00:33|-0.00|0.06|0.8598|
|=|         38|          7|      10974|   -0.4517647059|         79|00:00:34|+0.01|0.07|0.8574|
|=|         17|          7|       5364|   -0.4711111111|         81|00:00:34|+0.03|0.08|0.8424|
|=|         27|          7|       5364|   -0.4631578947|         83|00:00:34|+0.02|0.07|0.8469|
|=|          4|          7|       5364|   -0.4740000000|         85|00:00:34|+0.04|0.08|0.8327|
|=|         34|          7|       5364|   -0.4704761905|         87|00:00:34|+0.04|0.08|0.8369|
|=|          6|          7|       5364|   -0.4727272727|         89|00:00:34|+0.04|0.09|0.8279|
|=|          5|          7|       5364|   -0.4765217391|         91|00:00:34|+0.05|0.09|0.8218|
|-|         37|          6|       5364|   -0.4683333333|         93|00:00:34|+0.01|0.05|0.8221|
|=|          3|          6|       5364|   -0.4592000000|         94|00:00:34|-0.00|0.04|0.8317|
|=|          9|          6|       5364|   -0.4630769231|         95|00:00:34|-0.00|0.04|0.8325|
|=|         19|          6|       5364|   -0.4607407407|         96|00:00:34|-0.01|0.03|0.8399|
|=|         14|          6|       5364|   -0.4542857143|         97|00:00:34|-0.00|0.03|0.8391|
|=|         25|          6|       5364|   -0.4551724138|         98|00:00:34|+0.00|0.04|0.8336|
|=|         31|          6|       5364|   -0.4546666667|         99|00:00:33|+0.00|0.04|0.8321|
|=|         35|          6|       5364|   -0.4632258065|        100|00:00:34|+0.01|0.04|0.8261|
|=|         12|          6|       5364|   -0.4600000000|        101|00:00:34|+0.01|0.04|0.8282|
|=|          2|          6|       5364|   -0.4581818182|        102|00:00:34|+0.01|0.04|0.8292|
|=|         24|          6|       5364|   -0.4670588235|        103|00:00:33|+0.01|0.04|0.8284|
|=|          7|          6|       5364|   -0.4662857143|        104|00:00:34|+0.02|0.04|0.8231|
|=|         22|          6|       5364|   -0.4666666667|        105|00:00:34|+0.02|0.05|0.8193|
|=|         32|          6|       5364|   -0.4691891892|        106|00:00:33|+0.02|0.05|0.8161|
|=|         30|          6|       5364|   -0.4631578947|        107|00:00:34|+0.02|0.04|0.8217|
|=|         21|          6|       5364|   -0.4564102564|        108|00:00:34|+0.01|0.04|0.8270|
|=|         40|          6|       5364|   -0.4530000000|        114|00:00:34|+0.01|0.03|0.8309|
+-+-----------+-----------+-----------+----------------+-----------+--------+-----+----+------+
Best-so-far configuration:        5364    mean value:    -0.4530000000
Description of the best-so-far configuration:
     .ID. t0 t1   a0   a1   a2   r0   r1   r2 std .PARENT.
5364 5364  2  9 1.02 1.95 1.22 0.14 0.01 0.94   1     3926

# 2022-11-25 00:08:48 CET: Elite configurations (first number is the configuration ID; listed from best to worst according to the sum of ranks):
      t0 t1   a0   a1   a2   r0   r1   r2 std
5364   2  9 1.02 1.95 1.22 0.14 0.01 0.94   1
4437   2 10 1.01 1.98 1.18 0.03 0.07 0.95   1
10378  2 10 1.01 1.98 1.22 0.11 0.10 0.99   1
10974  2 10 1.01 1.98 1.17 0.06 0.04 0.96   1
12517  2 10 1.00 1.97 1.25 0.11 0.10 0.98   1
# 2022-11-25 00:08:48 CET: Iteration 18 of 18
# experimentsUsedSoFar: 99867
# remainingBudget: 133
# currentBudget: 133
# nbConfigurations: 8
# Markers:
     x No test is performed.
     c Configurations are discarded only due to capping.
     - The test is performed and some configurations are discarded.
     = The test is performed but no configuration is discarded.
     ! The test is performed and configurations could be discarded but elite configurations are preserved.
     . All alive configurations are elite and nothing is discarded

+-+-----------+-----------+-----------+----------------+-----------+--------+-----+----+------+
| |   Instance|      Alive|       Best|       Mean best| Exp so far|  W time|  rho|KenW|  Qvar|
+-+-----------+-----------+-----------+----------------+-----------+--------+-----+----+------+
|x|         41|          8|       4437|   -0.7200000000|          8|00:00:34|   NA|  NA|    NA|
|x|         27|          8|      12770|   -0.5200000000|         11|00:00:34|-0.36|0.32|1.3030|
|x|         15|          8|      12517|   -0.4133333333|         14|00:00:34|-0.20|0.20|1.0543|
|x|         23|          8|       4437|   -0.4700000000|         17|00:00:34|-0.23|0.08|1.0662|
|=|         36|          8|       4437|   -0.4720000000|         20|00:00:34|-0.09|0.13|0.9308|
|=|         28|          8|       4437|   -0.5266666667|         23|00:00:34|+0.03|0.19|0.8242|
|=|          4|          8|      12770|   -0.4457142857|         26|00:00:34|+0.02|0.16|0.8234|
|=|         10|          8|       4437|   -0.5200000000|         29|00:00:34|+0.04|0.16|0.7718|
|=|          1|          8|       4437|   -0.4977777778|         32|00:00:34|+0.02|0.13|0.8067|
|=|         26|          8|       5364|   -0.4920000000|         35|00:00:34|+0.02|0.12|0.8287|
|=|         25|          8|       5364|   -0.4909090909|         38|00:00:43|+0.02|0.11|0.8329|
|=|         17|          8|       5364|   -0.5033333333|         41|00:00:34|+0.06|0.14|0.8053|
|=|         37|          8|       5364|   -0.4861538462|         44|00:00:34|+0.04|0.11|0.8124|
|=|          7|          8|       5364|   -0.4828571429|         47|00:00:34|+0.05|0.12|0.8024|
|-|         12|          6|       4437|   -0.4906666667|         50|00:00:34|-0.03|0.04|0.8123|
|=|         18|          6|       4437|   -0.4900000000|         51|00:00:33|-0.02|0.04|0.8051|
|=|         14|          6|       4437|   -0.4870588235|         52|00:00:34|-0.00|0.05|0.8001|
|=|          3|          6|       4437|   -0.4866666667|         53|00:00:34|-0.00|0.05|0.8103|
|=|          6|          6|       4437|   -0.4863157895|         54|00:00:33|+0.01|0.06|0.7962|
|=|         24|          6|       4437|   -0.4720000000|         55|00:00:33|-0.00|0.05|0.8128|
|=|          9|          6|       4437|   -0.4685714286|         56|00:00:34|-0.00|0.05|0.8195|
|=|         11|          6|       4437|   -0.4727272727|         57|00:00:34|-0.00|0.04|0.8195|
|=|          2|          6|       4437|   -0.4730434783|         58|00:00:33|+0.00|0.05|0.8151|
|=|         32|          6|       4437|   -0.4716666667|         59|00:00:34|+0.00|0.05|0.8143|
|=|         31|          6|       4437|   -0.4672000000|         60|00:00:34|-0.00|0.04|0.8229|
|=|          5|          6|       5364|   -0.4738461538|         61|00:00:34|-0.00|0.04|0.8176|
|=|         33|          6|       4437|   -0.4637037037|         62|00:00:33|+0.01|0.04|0.8069|
|=|         34|          6|       5364|   -0.4685714286|         63|00:00:34|+0.00|0.04|0.8175|
|=|         21|          6|       4437|   -0.4565517241|         64|00:00:34|+0.01|0.04|0.8155|
|=|         16|          6|       4437|   -0.4493333333|         65|00:00:35|+0.01|0.04|0.8151|
|=|         39|          6|       5364|   -0.4593548387|         66|00:00:34|+0.00|0.04|0.8183|
|=|          8|          6|       5364|   -0.4625000000|         67|00:00:34|+0.01|0.04|0.8162|
|=|         13|          6|       5364|   -0.4630303030|         68|00:00:34|+0.01|0.04|0.8093|
|=|         38|          6|       5364|   -0.4588235294|         69|00:00:34|+0.01|0.04|0.8115|
|=|         35|          6|       5364|   -0.4662857143|         70|00:00:34|+0.01|0.04|0.8093|
|=|         29|          6|       5364|   -0.4666666667|         71|00:00:34|+0.01|0.04|0.8129|
|=|         40|          6|       5364|   -0.4627027027|         72|00:00:33|+0.01|0.04|0.8159|
|=|         19|          6|       5364|   -0.4610526316|         73|00:00:33|+0.01|0.04|0.8170|
|=|         20|          6|       5364|   -0.4553846154|         74|00:00:34|+0.01|0.03|0.8234|
|=|         22|          6|       5364|   -0.4560000000|         75|00:00:34|+0.01|0.03|0.8206|
|=|         30|          6|       5364|   -0.4507317073|         76|00:00:34|+0.01|0.03|0.8220|
|=|         42|          6|      10378|   -0.4323809524|         82|00:00:35|+0.01|0.03|0.8228|
+-+-----------+-----------+-----------+----------------+-----------+--------+-----+----+------+
Best-so-far configuration:       10378    mean value:    -0.4323809524
Description of the best-so-far configuration:
       .ID. t0 t1   a0   a1   a2   r0  r1   r2 std .PARENT.
10378 10378  2 10 1.01 1.98 1.22 0.11 0.1 0.99   1     4834

# 2022-11-25 00:33:07 CET: Elite configurations (first number is the configuration ID; listed from best to worst according to the sum of ranks):
      t0 t1   a0   a1   a2   r0   r1   r2 std
10378  2 10 1.01 1.98 1.22 0.11 0.10 0.99   1
5364   2  9 1.02 1.95 1.22 0.14 0.01 0.94   1
4437   2 10 1.01 1.98 1.18 0.03 0.07 0.95   1
10974  2 10 1.01 1.98 1.17 0.06 0.04 0.96   1
12517  2 10 1.00 1.97 1.25 0.11 0.10 0.98   1
# 2022-11-25 00:33:07 CET: Iteration 19 of 19
# experimentsUsedSoFar: 99949
# remainingBudget: 51
# currentBudget: 51
# nbConfigurations: 6
# Markers:
     x No test is performed.
     c Configurations are discarded only due to capping.
     - The test is performed and some configurations are discarded.
     = The test is performed but no configuration is discarded.
     ! The test is performed and configurations could be discarded but elite configurations are preserved.
     . All alive configurations are elite and nothing is discarded

+-+-----------+-----------+-----------+----------------+-----------+--------+-----+----+------+
| |   Instance|      Alive|       Best|       Mean best| Exp so far|  W time|  rho|KenW|  Qvar|
+-+-----------+-----------+-----------+----------------+-----------+--------+-----+----+------+
|x|         43|          6|       5364|   -0.5200000000|          6|00:00:34|   NA|  NA|    NA|
|x|         21|          6|       4437|   -0.4600000000|          7|00:00:34|+0.06|0.53|1.0229|
|x|         11|          6|       4437|   -0.4933333333|          8|00:00:34|+0.33|0.55|0.8005|
|x|         24|          6|       4437|   -0.4200000000|          9|00:00:34|-0.09|0.19|1.0095|
|=|         42|          6|       4437|   -0.4080000000|         10|00:00:34|-0.09|0.13|0.9787|
|=|         20|          6|       4437|   -0.4200000000|         11|00:00:33|+0.02|0.18|0.8957|
|=|         37|          6|       4437|   -0.4400000000|         12|00:00:34|+0.07|0.20|0.8356|
|=|         33|          6|       4437|   -0.4400000000|         13|00:00:35|+0.08|0.19|0.8199|
|=|          3|          6|       4437|   -0.4444444444|         14|00:00:34|+0.08|0.18|0.7907|
|=|         14|          6|       4437|   -0.4440000000|         15|00:00:33|+0.08|0.18|0.7836|
|=|          1|          6|       4437|   -0.4327272727|         16|00:00:33|+0.08|0.16|0.7869|
|=|          9|          6|       4437|   -0.4300000000|         17|00:00:34|+0.05|0.13|0.8174|
|=|         15|          6|       4437|   -0.4338461538|         18|00:00:34|+0.07|0.14|0.7941|
|=|         39|          6|       4437|   -0.4314285714|         19|00:00:33|+0.06|0.13|0.8000|
|=|         23|          6|       4437|   -0.4346666667|         20|00:00:34|+0.04|0.11|0.8166|
|=|          8|          6|       4437|   -0.4275000000|         21|00:00:34|+0.05|0.11|0.8187|
|=|          4|          6|       4437|   -0.4235294118|         22|00:00:33|+0.06|0.11|0.8116|
|-|          2|          5|       4437|   -0.4266666667|         23|00:00:34|+0.00|0.06|0.8215|
|.|         13|          5|       4437|   -0.4421052632|         23|00:00:00|+0.01|0.06|0.8158|
|.|         22|          5|       4437|   -0.4420000000|         23|00:00:00|-0.01|0.04|0.8230|
|.|         38|          5|       4437|   -0.4438095238|         23|00:00:00|-0.01|0.04|0.8238|
|.|         19|          5|       4437|   -0.4381818182|         23|00:00:00|-0.01|0.03|0.8242|
|.|         27|          5|       4437|   -0.4278260870|         23|00:00:00|-0.02|0.02|0.8294|
|.|         40|          5|       4437|   -0.4283333333|         23|00:00:00|-0.02|0.03|0.8240|
|.|         34|          5|       4437|   -0.4240000000|         23|00:00:00|-0.02|0.02|0.8242|
|.|         28|          5|       4437|   -0.4384615385|         23|00:00:00|-0.01|0.03|0.8177|
|.|         32|          5|       4437|   -0.4385185185|         23|00:00:00|-0.01|0.03|0.8160|
|.|         26|          5|       4437|   -0.4371428571|         23|00:00:00|-0.01|0.03|0.8131|
|.|         12|          5|       4437|   -0.4427586207|         23|00:00:00|-0.00|0.03|0.8067|
|.|         17|          5|       4437|   -0.4440000000|         23|00:00:00|+0.01|0.04|0.8056|
|.|          6|          5|       4437|   -0.4451612903|         23|00:00:00|+0.01|0.04|0.8016|
|.|         31|          5|       4437|   -0.4425000000|         23|00:00:00|-0.00|0.03|0.8095|
|.|          5|          5|       4437|   -0.4412121212|         23|00:00:00|+0.01|0.04|0.8053|
|.|         18|          5|       4437|   -0.4423529412|         23|00:00:00|-0.00|0.03|0.8092|
|.|         25|          5|       4437|   -0.4411428571|         23|00:00:00|-0.01|0.02|0.8129|
|.|         41|          5|       4437|   -0.4488888889|         23|00:00:00|-0.00|0.02|0.8093|
|.|         35|          5|       4437|   -0.4464864865|         23|00:00:00|-0.01|0.02|0.8094|
|.|         36|          5|       4437|   -0.4473684211|         23|00:00:00|-0.00|0.03|0.8045|
|.|         10|          5|       4437|   -0.4523076923|         23|00:00:00|+0.00|0.03|0.8011|
|.|         29|          5|       4437|   -0.4470000000|         23|00:00:00|-0.00|0.02|0.8051|
|.|         30|          5|       4437|   -0.4429268293|         23|00:00:00|-0.01|0.02|0.8095|
|.|         16|          5|       4437|   -0.4380952381|         23|00:00:00|-0.01|0.01|0.8124|
|.|          7|          5|       4437|   -0.4381395349|         23|00:00:00|-0.01|0.01|0.8107|
+-+-----------+-----------+-----------+----------------+-----------+--------+-----+----+------+
Best-so-far configuration:        4437    mean value:    -0.4381395349
Description of the best-so-far configuration:
     .ID. t0 t1   a0   a1   a2   r0   r1   r2 std .PARENT.
4437 4437  2 10 1.01 1.98 1.18 0.03 0.07 0.95   1     3667

# 2022-11-25 00:43:26 CET: Elite configurations (first number is the configuration ID; listed from best to worst according to the sum of ranks):
      t0 t1   a0   a1   a2   r0   r1   r2 std
4437   2 10 1.01 1.98 1.18 0.03 0.07 0.95   1
5364   2  9 1.02 1.95 1.22 0.14 0.01 0.94   1
10378  2 10 1.01 1.98 1.22 0.11 0.10 0.99   1
10974  2 10 1.01 1.98 1.17 0.06 0.04 0.96   1
12517  2 10 1.00 1.97 1.25 0.11 0.10 0.98   1
# 2022-11-25 00:43:26 CET: Stopped because there is not enough budget left to race more than the minimum (5)
# You may either increase the budget or set 'minNbSurvival' to a lower value
# Iteration: 20
# nbIterations: 20
# experimentsUsedSoFar: 99972
# timeUsed: 0
# remainingBudget: 28
# currentBudget: 28
# number of elites: 5
# nbConfigurations: 5
# Total CPU user time: 94143.45, CPU sys time: 86433.81, Wall-clock time: 201795.6
# Best configurations (first number is the configuration ID; listed from best to worst according to the sum of ranks):
      t0 t1   a0   a1   a2   r0   r1   r2 std
4437   2 10 1.01 1.98 1.18 0.03 0.07 0.95   1
5364   2  9 1.02 1.95 1.22 0.14 0.01 0.94   1
10378  2 10 1.01 1.98 1.22 0.11 0.10 0.99   1
10974  2 10 1.01 1.98 1.17 0.06 0.04 0.96   1
12517  2 10 1.00 1.97 1.25 0.11 0.10 0.98   1
# Best configurations as commandlines (first number is the configuration ID; same order as above):
4437   --t0 2 --t1 10 --a0 1.01 --a1 1.98 --a2 1.18 --r0 0.03 --r1 0.07 --r2 0.95 --std 1
5364   --t0 2 --t1 9 --a0 1.02 --a1 1.95 --a2 1.22 --r0 0.14 --r1 0.01 --r2 0.94 --std 1
10378  --t0 2 --t1 10 --a0 1.01 --a1 1.98 --a2 1.22 --r0 0.11 --r1 0.1 --r2 0.99 --std 1
10974  --t0 2 --t1 10 --a0 1.01 --a1 1.98 --a2 1.17 --r0 0.06 --r1 0.04 --r2 0.96 --std 1
12517  --t0 2 --t1 10 --a0 1 --a1 1.97 --a2 1.25 --r0 0.11 --r1 0.1 --r2 0.98 --std 1


# Testing of elite configurations: 1 
# Testing iteration configurations: FALSE 
# 2022-11-25 00:43:26 CET: No test instances, skip testing
